[0.404s] Invoking command in '/home/kimdu/hanse/build/dynamixel_sdk': CMAKE_PREFIX_PATH=${CMAKE_PREFIX_PATH}:/home/kimdu/hanse/robot-repo-2/install/open_manipulator_x_teleop:/home/kimdu/hanse/robot-repo-2/install/ai_manipulation:/home/kimdu/hanse/install/open_manipulator_x_teleop:/home/kimdu/hanse/install/ai_manipulation:/home/kimdu/pinkbot/install/minibot_driving:/home/kimdu/pinkbot/install/mas_test:/opt/ros/humble /usr/bin/cmake --build /home/kimdu/hanse/build/dynamixel_sdk -- -j8 -l8
[0.462s] [100%] Built target dynamixel_sdk
[0.492s] Invoked command in '/home/kimdu/hanse/build/dynamixel_sdk' returned '0': CMAKE_PREFIX_PATH=${CMAKE_PREFIX_PATH}:/home/kimdu/hanse/robot-repo-2/install/open_manipulator_x_teleop:/home/kimdu/hanse/robot-repo-2/install/ai_manipulation:/home/kimdu/hanse/install/open_manipulator_x_teleop:/home/kimdu/hanse/install/ai_manipulation:/home/kimdu/pinkbot/install/minibot_driving:/home/kimdu/pinkbot/install/mas_test:/opt/ros/humble /usr/bin/cmake --build /home/kimdu/hanse/build/dynamixel_sdk -- -j8 -l8
[0.641s] Invoking command in '/home/kimdu/hanse/build/dynamixel_sdk': CMAKE_PREFIX_PATH=${CMAKE_PREFIX_PATH}:/home/kimdu/hanse/robot-repo-2/install/open_manipulator_x_teleop:/home/kimdu/hanse/robot-repo-2/install/ai_manipulation:/home/kimdu/hanse/install/open_manipulator_x_teleop:/home/kimdu/hanse/install/ai_manipulation:/home/kimdu/pinkbot/install/minibot_driving:/home/kimdu/pinkbot/install/mas_test:/opt/ros/humble /usr/bin/cmake --install /home/kimdu/hanse/build/dynamixel_sdk
[0.653s] -- Install configuration: ""
[0.653s] -- Up-to-date: /home/kimdu/hanse/install/dynamixel_sdk/include/
[0.654s] -- Up-to-date: /home/kimdu/hanse/install/dynamixel_sdk/include//dynamixel_sdk
[0.654s] -- Up-to-date: /home/kimdu/hanse/install/dynamixel_sdk/include//dynamixel_sdk/protocol2_packet_handler.h
[0.654s] -- Up-to-date: /home/kimdu/hanse/install/dynamixel_sdk/include//dynamixel_sdk/port_handler_mac.h
[0.654s] -- Up-to-date: /home/kimdu/hanse/install/dynamixel_sdk/include//dynamixel_sdk/port_handler.h
[0.654s] -- Up-to-date: /home/kimdu/hanse/install/dynamixel_sdk/include//dynamixel_sdk/port_handler_windows.h
[0.654s] -- Up-to-date: /home/kimdu/hanse/install/dynamixel_sdk/include//dynamixel_sdk/group_sync_write.h
[0.654s] -- Up-to-date: /home/kimdu/hanse/install/dynamixel_sdk/include//dynamixel_sdk/group_bulk_write.h
[0.654s] -- Up-to-date: /home/kimdu/hanse/install/dynamixel_sdk/include//dynamixel_sdk/group_sync_read.h
[0.654s] -- Up-to-date: /home/kimdu/hanse/install/dynamixel_sdk/include//dynamixel_sdk/protocol1_packet_handler.h
[0.654s] -- Up-to-date: /home/kimdu/hanse/install/dynamixel_sdk/include//dynamixel_sdk/group_bulk_read.h
[0.654s] -- Up-to-date: /home/kimdu/hanse/install/dynamixel_sdk/include//dynamixel_sdk/packet_handler.h
[0.654s] -- Up-to-date: /home/kimdu/hanse/install/dynamixel_sdk/include//dynamixel_sdk/port_handler_arduino.h
[0.654s] -- Up-to-date: /home/kimdu/hanse/install/dynamixel_sdk/include//dynamixel_sdk/port_handler_linux.h
[0.654s] -- Up-to-date: /home/kimdu/hanse/install/dynamixel_sdk/include//dynamixel_sdk/dynamixel_sdk.h
[0.655s] -- Up-to-date: /home/kimdu/hanse/install/dynamixel_sdk/lib/libdynamixel_sdk.so
[0.655s] -- Up-to-date: /home/kimdu/hanse/install/dynamixel_sdk/share/dynamixel_sdk/environment/library_path.sh
[0.655s] -- Up-to-date: /home/kimdu/hanse/install/dynamixel_sdk/share/dynamixel_sdk/environment/library_path.dsv
[0.655s] -- Up-to-date: /home/kimdu/hanse/install/dynamixel_sdk/share/ament_index/resource_index/package_run_dependencies/dynamixel_sdk
[0.655s] -- Up-to-date: /home/kimdu/hanse/install/dynamixel_sdk/share/ament_index/resource_index/parent_prefix_path/dynamixel_sdk
[0.655s] -- Up-to-date: /home/kimdu/hanse/install/dynamixel_sdk/share/dynamixel_sdk/environment/ament_prefix_path.sh
[0.655s] -- Up-to-date: /home/kimdu/hanse/install/dynamixel_sdk/share/dynamixel_sdk/environment/ament_prefix_path.dsv
[0.655s] -- Up-to-date: /home/kimdu/hanse/install/dynamixel_sdk/share/dynamixel_sdk/environment/path.sh
[0.655s] -- Up-to-date: /home/kimdu/hanse/install/dynamixel_sdk/share/dynamixel_sdk/environment/path.dsv
[0.655s] -- Up-to-date: /home/kimdu/hanse/install/dynamixel_sdk/share/dynamixel_sdk/local_setup.bash
[0.655s] -- Up-to-date: /home/kimdu/hanse/install/dynamixel_sdk/share/dynamixel_sdk/local_setup.sh
[0.655s] -- Up-to-date: /home/kimdu/hanse/install/dynamixel_sdk/share/dynamixel_sdk/local_setup.zsh
[0.655s] -- Up-to-date: /home/kimdu/hanse/install/dynamixel_sdk/share/dynamixel_sdk/local_setup.dsv
[0.655s] -- Installing: /home/kimdu/hanse/install/dynamixel_sdk/share/dynamixel_sdk/package.dsv
[0.655s] -- Up-to-date: /home/kimdu/hanse/install/dynamixel_sdk/share/ament_index/resource_index/packages/dynamixel_sdk
[0.656s] -- Up-to-date: /home/kimdu/hanse/install/dynamixel_sdk/share/dynamixel_sdk/cmake/ament_cmake_export_include_directories-extras.cmake
[0.656s] -- Up-to-date: /home/kimdu/hanse/install/dynamixel_sdk/share/dynamixel_sdk/cmake/ament_cmake_export_libraries-extras.cmake
[0.656s] -- Up-to-date: /home/kimdu/hanse/install/dynamixel_sdk/share/dynamixel_sdk/cmake/dynamixel_sdkConfig.cmake
[0.656s] -- Up-to-date: /home/kimdu/hanse/install/dynamixel_sdk/share/dynamixel_sdk/cmake/dynamixel_sdkConfig-version.cmake
[0.656s] -- Up-to-date: /home/kimdu/hanse/install/dynamixel_sdk/share/dynamixel_sdk/package.xml
[0.974s] Invoked command in '/home/kimdu/hanse/build/dynamixel_sdk' returned '0': CMAKE_PREFIX_PATH=${CMAKE_PREFIX_PATH}:/home/kimdu/hanse/robot-repo-2/install/open_manipulator_x_teleop:/home/kimdu/hanse/robot-repo-2/install/ai_manipulation:/home/kimdu/hanse/install/open_manipulator_x_teleop:/home/kimdu/hanse/install/ai_manipulation:/home/kimdu/pinkbot/install/minibot_driving:/home/kimdu/pinkbot/install/mas_test:/opt/ros/humble /usr/bin/cmake --install /home/kimdu/hanse/build/dynamixel_sdk
