[0.022s] Invoking command in '/home/sechan/colcon_ws/build/open_manipulator_x_description': CMAKE_PREFIX_PATH=${CMAKE_PREFIX_PATH}:/home/sechan/colcon_ws/install/open_manipulator_x_teleop:/opt/ros/humble /usr/bin/cmake /home/sechan/colcon_ws/src/open_manipulator/open_manipulator_x_description -DAMENT_CMAKE_SYMLINK_INSTALL=1 -DCMAKE_INSTALL_PREFIX=/home/sechan/colcon_ws/install/open_manipulator_x_description
[0.085s] -- The C compiler identification is GNU 11.4.0
[0.157s] -- The CXX compiler identification is GNU 11.4.0
[0.167s] -- Detecting C compiler ABI info
[0.237s] -- Detecting C compiler ABI info - done
[0.247s] -- Check for working C compiler: /usr/bin/cc - skipped
[0.247s] -- Detecting C compile features
[0.248s] -- Detecting C compile features - done
[0.250s] -- Detecting CXX compiler ABI info
[0.355s] -- Detecting CXX compiler ABI info - done
[0.371s] -- Check for working CXX compiler: /usr/bin/c++ - skipped
[0.371s] -- Detecting CXX compile features
[0.372s] -- Detecting CXX compile features - done
[0.375s] -- Found ament_cmake: 1.3.5 (/opt/ros/humble/share/ament_cmake/cmake)
[0.612s] -- Found Python3: /usr/bin/python3.10 (found version "3.10.12") found components: Interpreter 
[0.690s] -- Override CMake install command with custom implementation using symlinks instead of copying resources
[0.791s] -- Configuring done
[0.794s] -- Generating done
[0.795s] -- Build files have been written to: /home/sechan/colcon_ws/build/open_manipulator_x_description
[0.801s] Invoked command in '/home/sechan/colcon_ws/build/open_manipulator_x_description' returned '0': CMAKE_PREFIX_PATH=${CMAKE_PREFIX_PATH}:/home/sechan/colcon_ws/install/open_manipulator_x_teleop:/opt/ros/humble /usr/bin/cmake /home/sechan/colcon_ws/src/open_manipulator/open_manipulator_x_description -DAMENT_CMAKE_SYMLINK_INSTALL=1 -DCMAKE_INSTALL_PREFIX=/home/sechan/colcon_ws/install/open_manipulator_x_description
[0.802s] Invoking command in '/home/sechan/colcon_ws/build/open_manipulator_x_description': CMAKE_PREFIX_PATH=${CMAKE_PREFIX_PATH}:/home/sechan/colcon_ws/install/open_manipulator_x_teleop:/opt/ros/humble /usr/bin/cmake --build /home/sechan/colcon_ws/build/open_manipulator_x_description -- -j8 -l8
[0.862s] Invoked command in '/home/sechan/colcon_ws/build/open_manipulator_x_description' returned '0': CMAKE_PREFIX_PATH=${CMAKE_PREFIX_PATH}:/home/sechan/colcon_ws/install/open_manipulator_x_teleop:/opt/ros/humble /usr/bin/cmake --build /home/sechan/colcon_ws/build/open_manipulator_x_description -- -j8 -l8
[1.131s] Invoking command in '/home/sechan/colcon_ws/build/open_manipulator_x_description': CMAKE_PREFIX_PATH=${CMAKE_PREFIX_PATH}:/home/sechan/colcon_ws/install/open_manipulator_x_teleop:/opt/ros/humble /usr/bin/cmake --install /home/sechan/colcon_ws/build/open_manipulator_x_description
[1.144s] -- Install configuration: ""
[1.144s] -- Execute custom install script
[1.144s] -- Symlinking: /home/sechan/colcon_ws/install/open_manipulator_x_description/share/open_manipulator_x_description/launch/.DS_Store
[1.157s] -- Symlinking: /home/sechan/colcon_ws/install/open_manipulator_x_description/share/open_manipulator_x_description/launch/open_manipulator_x_rviz.launch.py
[1.171s] -- Symlinking: /home/sechan/colcon_ws/install/open_manipulator_x_description/share/open_manipulator_x_description/meshes/chain_link1.stl
[1.195s] -- Symlinking: /home/sechan/colcon_ws/install/open_manipulator_x_description/share/open_manipulator_x_description/meshes/chain_link2.stl
[1.203s] -- Symlinking: /home/sechan/colcon_ws/install/open_manipulator_x_description/share/open_manipulator_x_description/meshes/chain_link3.stl
[1.218s] -- Symlinking: /home/sechan/colcon_ws/install/open_manipulator_x_description/share/open_manipulator_x_description/meshes/chain_link4.stl
[1.232s] -- Symlinking: /home/sechan/colcon_ws/install/open_manipulator_x_description/share/open_manipulator_x_description/meshes/chain_link5.stl
[1.247s] -- Symlinking: /home/sechan/colcon_ws/install/open_manipulator_x_description/share/open_manipulator_x_description/meshes/chain_link_grip_l.stl
[1.263s] -- Symlinking: /home/sechan/colcon_ws/install/open_manipulator_x_description/share/open_manipulator_x_description/meshes/chain_link_grip_r.stl
[1.278s] -- Symlinking: /home/sechan/colcon_ws/install/open_manipulator_x_description/share/open_manipulator_x_description/rviz/open_manipulator_x.rviz
[1.295s] -- Symlinking: /home/sechan/colcon_ws/install/open_manipulator_x_description/share/open_manipulator_x_description/urdf/materials.xacro
[1.312s] -- Symlinking: /home/sechan/colcon_ws/install/open_manipulator_x_description/share/open_manipulator_x_description/urdf/open_manipulator_x.gazebo.xacro
[1.334s] -- Symlinking: /home/sechan/colcon_ws/install/open_manipulator_x_description/share/open_manipulator_x_description/urdf/open_manipulator_x.transmission.xacro
[1.348s] -- Symlinking: /home/sechan/colcon_ws/install/open_manipulator_x_description/share/open_manipulator_x_description/urdf/open_manipulator_x.urdf.xacro
[1.364s] -- Symlinking: /home/sechan/colcon_ws/install/open_manipulator_x_description/share/open_manipulator_x_description/urdf/open_manipulator_x_robot.urdf.xacro
[1.380s] -- Symlinking: /home/sechan/colcon_ws/install/open_manipulator_x_description/share/ament_index/resource_index/package_run_dependencies/open_manipulator_x_description
[1.395s] -- Symlinking: /home/sechan/colcon_ws/install/open_manipulator_x_description/share/ament_index/resource_index/parent_prefix_path/open_manipulator_x_description
[1.421s] -- Symlinking: /home/sechan/colcon_ws/install/open_manipulator_x_description/share/open_manipulator_x_description/environment/ament_prefix_path.sh
[1.443s] -- Symlinking: /home/sechan/colcon_ws/install/open_manipulator_x_description/share/open_manipulator_x_description/environment/ament_prefix_path.dsv
[1.465s] -- Symlinking: /home/sechan/colcon_ws/install/open_manipulator_x_description/share/open_manipulator_x_description/environment/path.sh
[1.485s] -- Symlinking: /home/sechan/colcon_ws/install/open_manipulator_x_description/share/open_manipulator_x_description/environment/path.dsv
[1.504s] -- Symlinking: /home/sechan/colcon_ws/install/open_manipulator_x_description/share/open_manipulator_x_description/local_setup.bash
[1.528s] -- Symlinking: /home/sechan/colcon_ws/install/open_manipulator_x_description/share/open_manipulator_x_description/local_setup.sh
[1.557s] -- Symlinking: /home/sechan/colcon_ws/install/open_manipulator_x_description/share/open_manipulator_x_description/local_setup.zsh
[1.570s] -- Symlinking: /home/sechan/colcon_ws/install/open_manipulator_x_description/share/open_manipulator_x_description/local_setup.dsv
[1.581s] -- Symlinking: /home/sechan/colcon_ws/install/open_manipulator_x_description/share/open_manipulator_x_description/package.dsv
[1.591s] -- Symlinking: /home/sechan/colcon_ws/install/open_manipulator_x_description/share/ament_index/resource_index/packages/open_manipulator_x_description
[1.601s] -- Symlinking: /home/sechan/colcon_ws/install/open_manipulator_x_description/share/open_manipulator_x_description/cmake/open_manipulator_x_descriptionConfig.cmake
[1.612s] -- Symlinking: /home/sechan/colcon_ws/install/open_manipulator_x_description/share/open_manipulator_x_description/cmake/open_manipulator_x_descriptionConfig-version.cmake
[1.623s] -- Symlinking: /home/sechan/colcon_ws/install/open_manipulator_x_description/share/open_manipulator_x_description/package.xml
[1.637s] Invoked command in '/home/sechan/colcon_ws/build/open_manipulator_x_description' returned '0': CMAKE_PREFIX_PATH=${CMAKE_PREFIX_PATH}:/home/sechan/colcon_ws/install/open_manipulator_x_teleop:/opt/ros/humble /usr/bin/cmake --install /home/sechan/colcon_ws/build/open_manipulator_x_description
