[0.034s] Invoking command in '/home/sechan/colcon_ws/build/dynamixel_sdk': CMAKE_PREFIX_PATH=${CMAKE_PREFIX_PATH}:/home/sechan/colcon_ws/install/open_manipulator_x_teleop:/opt/ros/humble /usr/bin/cmake /home/sechan/colcon_ws/src/DynamixelSDK/dynamixel_sdk -DAMENT_CMAKE_SYMLINK_INSTALL=1 -DCMAKE_INSTALL_PREFIX=/home/sechan/colcon_ws/install/dynamixel_sdk
[0.093s] -- The C compiler identification is GNU 11.4.0
[0.152s] -- The CXX compiler identification is GNU 11.4.0
[0.161s] -- Detecting C compiler ABI info
[0.237s] -- Detecting C compiler ABI info - done
[0.246s] -- Check for working C compiler: /usr/bin/cc - skipped
[0.247s] -- Detecting C compile features
[0.247s] -- Detecting C compile features - done
[0.251s] -- Detecting CXX compiler ABI info
[0.345s] -- Detecting CXX compiler ABI info - done
[0.358s] -- Check for working CXX compiler: /usr/bin/c++ - skipped
[0.358s] -- Detecting CXX compile features
[0.359s] -- Detecting CXX compile features - done
[0.361s] -- Found ament_cmake: 1.3.5 (/opt/ros/humble/share/ament_cmake/cmake)
[0.580s] -- Found Python3: /usr/bin/python3.10 (found version "3.10.12") found components: Interpreter 
[0.664s] -- Override CMake install command with custom implementation using symlinks instead of copying resources
[0.781s] -- Configuring done
[0.786s] -- Generating done
[0.787s] -- Build files have been written to: /home/sechan/colcon_ws/build/dynamixel_sdk
[0.791s] Invoked command in '/home/sechan/colcon_ws/build/dynamixel_sdk' returned '0': CMAKE_PREFIX_PATH=${CMAKE_PREFIX_PATH}:/home/sechan/colcon_ws/install/open_manipulator_x_teleop:/opt/ros/humble /usr/bin/cmake /home/sechan/colcon_ws/src/DynamixelSDK/dynamixel_sdk -DAMENT_CMAKE_SYMLINK_INSTALL=1 -DCMAKE_INSTALL_PREFIX=/home/sechan/colcon_ws/install/dynamixel_sdk
[0.793s] Invoking command in '/home/sechan/colcon_ws/build/dynamixel_sdk': CMAKE_PREFIX_PATH=${CMAKE_PREFIX_PATH}:/home/sechan/colcon_ws/install/open_manipulator_x_teleop:/opt/ros/humble /usr/bin/cmake --build /home/sechan/colcon_ws/build/dynamixel_sdk -- -j8 -l8
[0.853s] [ 10%] [32mBuilding CXX object CMakeFiles/dynamixel_sdk.dir/src/dynamixel_sdk/protocol1_packet_handler.cpp.o[0m
[0.853s] [ 20%] [32mBuilding CXX object CMakeFiles/dynamixel_sdk.dir/src/dynamixel_sdk/group_sync_read.cpp.o[0m
[0.853s] [ 30%] [32mBuilding CXX object CMakeFiles/dynamixel_sdk.dir/src/dynamixel_sdk/protocol2_packet_handler.cpp.o[0m
[0.854s] [ 40%] [32mBuilding CXX object CMakeFiles/dynamixel_sdk.dir/src/dynamixel_sdk/packet_handler.cpp.o[0m
[0.863s] [ 50%] [32mBuilding CXX object CMakeFiles/dynamixel_sdk.dir/src/dynamixel_sdk/group_bulk_read.cpp.o[0m
[0.867s] [ 60%] [32mBuilding CXX object CMakeFiles/dynamixel_sdk.dir/src/dynamixel_sdk/group_sync_write.cpp.o[0m
[0.871s] [ 70%] [32mBuilding CXX object CMakeFiles/dynamixel_sdk.dir/src/dynamixel_sdk/group_bulk_write.cpp.o[0m
[0.944s] [ 80%] [32mBuilding CXX object CMakeFiles/dynamixel_sdk.dir/src/dynamixel_sdk/port_handler.cpp.o[0m
[1.027s] [ 90%] [32mBuilding CXX object CMakeFiles/dynamixel_sdk.dir/src/dynamixel_sdk/port_handler_linux.cpp.o[0m
[1.701s] [100%] [32m[1mLinking CXX shared library libdynamixel_sdk.so[0m
[1.845s] [100%] Built target dynamixel_sdk
[1.858s] Invoked command in '/home/sechan/colcon_ws/build/dynamixel_sdk' returned '0': CMAKE_PREFIX_PATH=${CMAKE_PREFIX_PATH}:/home/sechan/colcon_ws/install/open_manipulator_x_teleop:/opt/ros/humble /usr/bin/cmake --build /home/sechan/colcon_ws/build/dynamixel_sdk -- -j8 -l8
[1.908s] Invoking command in '/home/sechan/colcon_ws/build/dynamixel_sdk': CMAKE_PREFIX_PATH=${CMAKE_PREFIX_PATH}:/home/sechan/colcon_ws/install/open_manipulator_x_teleop:/opt/ros/humble /usr/bin/cmake --install /home/sechan/colcon_ws/build/dynamixel_sdk
[1.915s] -- Install configuration: ""
[1.916s] -- Execute custom install script
[1.916s] -- Symlinking: /home/sechan/colcon_ws/install/dynamixel_sdk/include//dynamixel_sdk/dynamixel_sdk.h
[1.924s] -- Symlinking: /home/sechan/colcon_ws/install/dynamixel_sdk/include//dynamixel_sdk/group_bulk_read.h
[1.933s] -- Symlinking: /home/sechan/colcon_ws/install/dynamixel_sdk/include//dynamixel_sdk/group_bulk_write.h
[1.941s] -- Symlinking: /home/sechan/colcon_ws/install/dynamixel_sdk/include//dynamixel_sdk/group_sync_read.h
[1.949s] -- Symlinking: /home/sechan/colcon_ws/install/dynamixel_sdk/include//dynamixel_sdk/group_sync_write.h
[1.958s] -- Symlinking: /home/sechan/colcon_ws/install/dynamixel_sdk/include//dynamixel_sdk/packet_handler.h
[1.966s] -- Symlinking: /home/sechan/colcon_ws/install/dynamixel_sdk/include//dynamixel_sdk/port_handler.h
[1.974s] -- Symlinking: /home/sechan/colcon_ws/install/dynamixel_sdk/include//dynamixel_sdk/port_handler_arduino.h
[1.983s] -- Symlinking: /home/sechan/colcon_ws/install/dynamixel_sdk/include//dynamixel_sdk/port_handler_linux.h
[1.991s] -- Symlinking: /home/sechan/colcon_ws/install/dynamixel_sdk/include//dynamixel_sdk/port_handler_mac.h
[1.999s] -- Symlinking: /home/sechan/colcon_ws/install/dynamixel_sdk/include//dynamixel_sdk/port_handler_windows.h
[2.007s] -- Symlinking: /home/sechan/colcon_ws/install/dynamixel_sdk/include//dynamixel_sdk/protocol1_packet_handler.h
[2.015s] -- Symlinking: /home/sechan/colcon_ws/install/dynamixel_sdk/include//dynamixel_sdk/protocol2_packet_handler.h
[2.023s] -- Symlinking: /home/sechan/colcon_ws/install/dynamixel_sdk/lib/libdynamixel_sdk.so
[2.032s] -- Symlinking: /home/sechan/colcon_ws/install/dynamixel_sdk/share/dynamixel_sdk/environment/library_path.sh
[2.045s] -- Symlinking: /home/sechan/colcon_ws/install/dynamixel_sdk/share/dynamixel_sdk/environment/library_path.dsv
[2.055s] -- Symlinking: /home/sechan/colcon_ws/install/dynamixel_sdk/share/ament_index/resource_index/package_run_dependencies/dynamixel_sdk
[2.064s] -- Symlinking: /home/sechan/colcon_ws/install/dynamixel_sdk/share/ament_index/resource_index/parent_prefix_path/dynamixel_sdk
[2.073s] -- Symlinking: /home/sechan/colcon_ws/install/dynamixel_sdk/share/dynamixel_sdk/environment/ament_prefix_path.sh
[2.082s] -- Symlinking: /home/sechan/colcon_ws/install/dynamixel_sdk/share/dynamixel_sdk/environment/ament_prefix_path.dsv
[2.090s] -- Symlinking: /home/sechan/colcon_ws/install/dynamixel_sdk/share/dynamixel_sdk/environment/path.sh
[2.098s] -- Symlinking: /home/sechan/colcon_ws/install/dynamixel_sdk/share/dynamixel_sdk/environment/path.dsv
[2.107s] -- Symlinking: /home/sechan/colcon_ws/install/dynamixel_sdk/share/dynamixel_sdk/local_setup.bash
[2.115s] -- Symlinking: /home/sechan/colcon_ws/install/dynamixel_sdk/share/dynamixel_sdk/local_setup.sh
[2.123s] -- Symlinking: /home/sechan/colcon_ws/install/dynamixel_sdk/share/dynamixel_sdk/local_setup.zsh
[2.131s] -- Symlinking: /home/sechan/colcon_ws/install/dynamixel_sdk/share/dynamixel_sdk/local_setup.dsv
[2.140s] -- Symlinking: /home/sechan/colcon_ws/install/dynamixel_sdk/share/dynamixel_sdk/package.dsv
[2.148s] -- Symlinking: /home/sechan/colcon_ws/install/dynamixel_sdk/share/ament_index/resource_index/packages/dynamixel_sdk
[2.159s] -- Symlinking: /home/sechan/colcon_ws/install/dynamixel_sdk/share/dynamixel_sdk/cmake/ament_cmake_export_include_directories-extras.cmake
[2.169s] -- Symlinking: /home/sechan/colcon_ws/install/dynamixel_sdk/share/dynamixel_sdk/cmake/ament_cmake_export_libraries-extras.cmake
[2.177s] -- Symlinking: /home/sechan/colcon_ws/install/dynamixel_sdk/share/dynamixel_sdk/cmake/dynamixel_sdkConfig.cmake
[2.185s] -- Symlinking: /home/sechan/colcon_ws/install/dynamixel_sdk/share/dynamixel_sdk/cmake/dynamixel_sdkConfig-version.cmake
[2.197s] -- Symlinking: /home/sechan/colcon_ws/install/dynamixel_sdk/share/dynamixel_sdk/package.xml
[2.210s] Invoked command in '/home/sechan/colcon_ws/build/dynamixel_sdk' returned '0': CMAKE_PREFIX_PATH=${CMAKE_PREFIX_PATH}:/home/sechan/colcon_ws/install/open_manipulator_x_teleop:/opt/ros/humble /usr/bin/cmake --install /home/sechan/colcon_ws/build/dynamixel_sdk
