[1.002s] Invoking command in '/home/hanse/git_ws/final_project/src/ai_manipulation': AMENT_PREFIX_PATH=/home/hanse/git_ws/final_project/install/open_manipulator_msgs:${AMENT_PREFIX_PATH} CMAKE_PREFIX_PATH=/home/hanse/git_ws/final_project/install/open_manipulator_msgs:${CMAKE_PREFIX_PATH} LD_LIBRARY_PATH=/home/hanse/git_ws/final_project/install/open_manipulator_msgs/lib:/usr/local/cuda-11.7/lib64:/home/hanse/Final_project/manipulator_deep/IoT-repo-3/install/open_manipulator_x_libs/lib:/home/hanse/Final_project/manipulator_deep/IoT-repo-3/install/robotis_manipulator/lib:/home/hanse/Final_project/manipulator_deep/IoT-repo-3/install/open_manipulator_msgs/lib:/home/hanse/Final_project/manipulator_deep/IoT-repo-3/install/dynamixel_workbench_toolbox/lib:/home/hanse/Final_project/manipulator_deep/IoT-repo-3/install/dynamixel_sdk_custom_interfaces/lib:/home/hanse/Final_project/manipulator_deep/IoT-repo-3/install/dynamixel_sdk/lib:/usr/lib/x86_64-linux-gnu/gazebo-11/plugins:/opt/ros/humble/opt/rviz_ogre_vendor/lib:/opt/ros/humble/lib/x86_64-linux-gnu:/opt/ros/humble/lib:/usr/local/cuda-11.7/lib64:/usr/local/cuda-11.7/lib64/:/usr/local/cuda-11.7/lib64/ PYTHONPATH=/home/hanse/git_ws/final_project/build/ai_manipulation/prefix_override:/home/hanse/git_ws/final_project/install/ai_manipulation/lib/python3.10/site-packages:/home/hanse/git_ws/final_project/install/open_manipulator_msgs/local/lib/python3.10/dist-packages:${PYTHONPATH} /usr/bin/python3 setup.py egg_info --egg-base ../../build/ai_manipulation build --build-base /home/hanse/git_ws/final_project/build/ai_manipulation/build install --record /home/hanse/git_ws/final_project/build/ai_manipulation/install.log --single-version-externally-managed
[1.203s] running egg_info
[1.203s] creating ../../build/ai_manipulation/ai_manipulation.egg-info
[1.203s] writing ../../build/ai_manipulation/ai_manipulation.egg-info/PKG-INFO
[1.203s] writing dependency_links to ../../build/ai_manipulation/ai_manipulation.egg-info/dependency_links.txt
[1.203s] writing entry points to ../../build/ai_manipulation/ai_manipulation.egg-info/entry_points.txt
[1.204s] writing requirements to ../../build/ai_manipulation/ai_manipulation.egg-info/requires.txt
[1.204s] writing top-level names to ../../build/ai_manipulation/ai_manipulation.egg-info/top_level.txt
[1.204s] writing manifest file '../../build/ai_manipulation/ai_manipulation.egg-info/SOURCES.txt'
[1.206s] reading manifest file '../../build/ai_manipulation/ai_manipulation.egg-info/SOURCES.txt'
[1.207s] writing manifest file '../../build/ai_manipulation/ai_manipulation.egg-info/SOURCES.txt'
[1.207s] running build
[1.207s] running build_py
[1.207s] creating /home/hanse/git_ws/final_project/build/ai_manipulation/build
[1.207s] creating /home/hanse/git_ws/final_project/build/ai_manipulation/build/lib
[1.207s] creating /home/hanse/git_ws/final_project/build/ai_manipulation/build/lib/ai_manipulation
[1.208s] copying ai_manipulation/__init__.py -> /home/hanse/git_ws/final_project/build/ai_manipulation/build/lib/ai_manipulation
[1.208s] creating /home/hanse/git_ws/final_project/build/ai_manipulation/build/lib/ai_manipulation/script
[1.208s] copying ai_manipulation/script/run_my_model.py -> /home/hanse/git_ws/final_project/build/ai_manipulation/build/lib/ai_manipulation/script
[1.208s] copying ai_manipulation/script/six_dxl_model.py -> /home/hanse/git_ws/final_project/build/ai_manipulation/build/lib/ai_manipulation/script
[1.208s] copying ai_manipulation/script/z_value.py -> /home/hanse/git_ws/final_project/build/ai_manipulation/build/lib/ai_manipulation/script
[1.208s] copying ai_manipulation/script/six_dxl_run.py -> /home/hanse/git_ws/final_project/build/ai_manipulation/build/lib/ai_manipulation/script
[1.208s] copying ai_manipulation/script/make_my_model.py -> /home/hanse/git_ws/final_project/build/ai_manipulation/build/lib/ai_manipulation/script
[1.208s] copying ai_manipulation/script/test_seokwon.py -> /home/hanse/git_ws/final_project/build/ai_manipulation/build/lib/ai_manipulation/script
[1.208s] copying ai_manipulation/script/testing.py -> /home/hanse/git_ws/final_project/build/ai_manipulation/build/lib/ai_manipulation/script
[1.208s] copying ai_manipulation/script/__init__.py -> /home/hanse/git_ws/final_project/build/ai_manipulation/build/lib/ai_manipulation/script
[1.208s] copying ai_manipulation/script/linear.py -> /home/hanse/git_ws/final_project/build/ai_manipulation/build/lib/ai_manipulation/script
[1.209s] creating /home/hanse/git_ws/final_project/build/ai_manipulation/build/lib/ai_manipulation/utils
[1.209s] copying ai_manipulation/utils/calibration_matrix.npy -> /home/hanse/git_ws/final_project/build/ai_manipulation/build/lib/ai_manipulation/utils
[1.209s] copying ai_manipulation/utils/export.py -> /home/hanse/git_ws/final_project/build/ai_manipulation/build/lib/ai_manipulation/utils
[1.209s] copying ai_manipulation/utils/best.pt -> /home/hanse/git_ws/final_project/build/ai_manipulation/build/lib/ai_manipulation/utils
[1.220s] copying ai_manipulation/utils/best_last.pt -> /home/hanse/git_ws/final_project/build/ai_manipulation/build/lib/ai_manipulation/utils
[1.230s] copying ai_manipulation/utils/distortion_coefficients.npy -> /home/hanse/git_ws/final_project/build/ai_manipulation/build/lib/ai_manipulation/utils
[1.230s] copying ai_manipulation/utils/best_1.pt -> /home/hanse/git_ws/final_project/build/ai_manipulation/build/lib/ai_manipulation/utils
[1.241s] creating /home/hanse/git_ws/final_project/build/ai_manipulation/build/lib/ai_manipulation/utils/models
[1.241s] copying ai_manipulation/utils/models/yolov5n.yaml -> /home/hanse/git_ws/final_project/build/ai_manipulation/build/lib/ai_manipulation/utils/models
[1.241s] copying ai_manipulation/utils/models/tf.py -> /home/hanse/git_ws/final_project/build/ai_manipulation/build/lib/ai_manipulation/utils/models
[1.241s] copying ai_manipulation/utils/models/common.py -> /home/hanse/git_ws/final_project/build/ai_manipulation/build/lib/ai_manipulation/utils/models
[1.241s] copying ai_manipulation/utils/models/yolov5s.yaml -> /home/hanse/git_ws/final_project/build/ai_manipulation/build/lib/ai_manipulation/utils/models
[1.241s] copying ai_manipulation/utils/models/yolov5l.yaml -> /home/hanse/git_ws/final_project/build/ai_manipulation/build/lib/ai_manipulation/utils/models
[1.241s] copying ai_manipulation/utils/models/yolov5x.yaml -> /home/hanse/git_ws/final_project/build/ai_manipulation/build/lib/ai_manipulation/utils/models
[1.242s] copying ai_manipulation/utils/models/experimental.py -> /home/hanse/git_ws/final_project/build/ai_manipulation/build/lib/ai_manipulation/utils/models
[1.242s] copying ai_manipulation/utils/models/yolov3-spp.yaml -> /home/hanse/git_ws/final_project/build/ai_manipulation/build/lib/ai_manipulation/utils/models
[1.242s] copying ai_manipulation/utils/models/yolov3-tiny.yaml -> /home/hanse/git_ws/final_project/build/ai_manipulation/build/lib/ai_manipulation/utils/models
[1.242s] copying ai_manipulation/utils/models/yolov5m.yaml -> /home/hanse/git_ws/final_project/build/ai_manipulation/build/lib/ai_manipulation/utils/models
[1.242s] copying ai_manipulation/utils/models/__init__.py -> /home/hanse/git_ws/final_project/build/ai_manipulation/build/lib/ai_manipulation/utils/models
[1.242s] copying ai_manipulation/utils/models/yolo.py -> /home/hanse/git_ws/final_project/build/ai_manipulation/build/lib/ai_manipulation/utils/models
[1.242s] copying ai_manipulation/utils/models/yolov3.yaml -> /home/hanse/git_ws/final_project/build/ai_manipulation/build/lib/ai_manipulation/utils/models
[1.242s] creating /home/hanse/git_ws/final_project/build/ai_manipulation/build/lib/ai_manipulation/utils/utils
[1.242s] copying ai_manipulation/utils/utils/plots.py -> /home/hanse/git_ws/final_project/build/ai_manipulation/build/lib/ai_manipulation/utils/utils
[1.242s] copying ai_manipulation/utils/utils/metrics.py -> /home/hanse/git_ws/final_project/build/ai_manipulation/build/lib/ai_manipulation/utils/utils
[1.242s] copying ai_manipulation/utils/utils/autobatch.py -> /home/hanse/git_ws/final_project/build/ai_manipulation/build/lib/ai_manipulation/utils/utils
[1.243s] copying ai_manipulation/utils/utils/utils.py -> /home/hanse/git_ws/final_project/build/ai_manipulation/build/lib/ai_manipulation/utils/utils
[1.243s] copying ai_manipulation/utils/utils/activations.py -> /home/hanse/git_ws/final_project/build/ai_manipulation/build/lib/ai_manipulation/utils/utils
[1.243s] copying ai_manipulation/utils/utils/dataloaders.py -> /home/hanse/git_ws/final_project/build/ai_manipulation/build/lib/ai_manipulation/utils/utils
[1.243s] copying ai_manipulation/utils/utils/callbacks.py -> /home/hanse/git_ws/final_project/build/ai_manipulation/build/lib/ai_manipulation/utils/utils
[1.243s] copying ai_manipulation/utils/utils/downloads.py -> /home/hanse/git_ws/final_project/build/ai_manipulation/build/lib/ai_manipulation/utils/utils
[1.243s] copying ai_manipulation/utils/utils/torch_utils.py -> /home/hanse/git_ws/final_project/build/ai_manipulation/build/lib/ai_manipulation/utils/utils
[1.243s] copying ai_manipulation/utils/utils/triton.py -> /home/hanse/git_ws/final_project/build/ai_manipulation/build/lib/ai_manipulation/utils/utils
[1.244s] copying ai_manipulation/utils/utils/loss.py -> /home/hanse/git_ws/final_project/build/ai_manipulation/build/lib/ai_manipulation/utils/utils
[1.244s] copying ai_manipulation/utils/utils/augmentations.py -> /home/hanse/git_ws/final_project/build/ai_manipulation/build/lib/ai_manipulation/utils/utils
[1.244s] copying ai_manipulation/utils/utils/autoanchor.py -> /home/hanse/git_ws/final_project/build/ai_manipulation/build/lib/ai_manipulation/utils/utils
[1.244s] copying ai_manipulation/utils/utils/__init__.py -> /home/hanse/git_ws/final_project/build/ai_manipulation/build/lib/ai_manipulation/utils/utils
[1.244s] copying ai_manipulation/utils/utils/general.py -> /home/hanse/git_ws/final_project/build/ai_manipulation/build/lib/ai_manipulation/utils/utils
[1.244s] running install
[1.244s] /usr/lib/python3/dist-packages/setuptools/command/install.py:34: SetuptoolsDeprecationWarning: setup.py install is deprecated. Use build and pip and other standards-based tools.
[1.244s]   warnings.warn(
[1.244s] running install_lib
[1.245s] creating /home/hanse/git_ws/final_project/install/ai_manipulation/lib/python3.10/site-packages/ai_manipulation
[1.246s] creating /home/hanse/git_ws/final_project/install/ai_manipulation/lib/python3.10/site-packages/ai_manipulation/utils
[1.246s] copying /home/hanse/git_ws/final_project/build/ai_manipulation/build/lib/ai_manipulation/utils/calibration_matrix.npy -> /home/hanse/git_ws/final_project/install/ai_manipulation/lib/python3.10/site-packages/ai_manipulation/utils
[1.246s] creating /home/hanse/git_ws/final_project/install/ai_manipulation/lib/python3.10/site-packages/ai_manipulation/utils/models
[1.246s] copying /home/hanse/git_ws/final_project/build/ai_manipulation/build/lib/ai_manipulation/utils/models/yolov5n.yaml -> /home/hanse/git_ws/final_project/install/ai_manipulation/lib/python3.10/site-packages/ai_manipulation/utils/models
[1.246s] copying /home/hanse/git_ws/final_project/build/ai_manipulation/build/lib/ai_manipulation/utils/models/tf.py -> /home/hanse/git_ws/final_project/install/ai_manipulation/lib/python3.10/site-packages/ai_manipulation/utils/models
[1.246s] copying /home/hanse/git_ws/final_project/build/ai_manipulation/build/lib/ai_manipulation/utils/models/common.py -> /home/hanse/git_ws/final_project/install/ai_manipulation/lib/python3.10/site-packages/ai_manipulation/utils/models
[1.246s] copying /home/hanse/git_ws/final_project/build/ai_manipulation/build/lib/ai_manipulation/utils/models/yolov5s.yaml -> /home/hanse/git_ws/final_project/install/ai_manipulation/lib/python3.10/site-packages/ai_manipulation/utils/models
[1.246s] copying /home/hanse/git_ws/final_project/build/ai_manipulation/build/lib/ai_manipulation/utils/models/yolov5l.yaml -> /home/hanse/git_ws/final_project/install/ai_manipulation/lib/python3.10/site-packages/ai_manipulation/utils/models
[1.246s] copying /home/hanse/git_ws/final_project/build/ai_manipulation/build/lib/ai_manipulation/utils/models/yolov5x.yaml -> /home/hanse/git_ws/final_project/install/ai_manipulation/lib/python3.10/site-packages/ai_manipulation/utils/models
[1.246s] copying /home/hanse/git_ws/final_project/build/ai_manipulation/build/lib/ai_manipulation/utils/models/experimental.py -> /home/hanse/git_ws/final_project/install/ai_manipulation/lib/python3.10/site-packages/ai_manipulation/utils/models
[1.246s] copying /home/hanse/git_ws/final_project/build/ai_manipulation/build/lib/ai_manipulation/utils/models/yolov3-spp.yaml -> /home/hanse/git_ws/final_project/install/ai_manipulation/lib/python3.10/site-packages/ai_manipulation/utils/models
[1.246s] copying /home/hanse/git_ws/final_project/build/ai_manipulation/build/lib/ai_manipulation/utils/models/yolov3-tiny.yaml -> /home/hanse/git_ws/final_project/install/ai_manipulation/lib/python3.10/site-packages/ai_manipulation/utils/models
[1.246s] copying /home/hanse/git_ws/final_project/build/ai_manipulation/build/lib/ai_manipulation/utils/models/yolov5m.yaml -> /home/hanse/git_ws/final_project/install/ai_manipulation/lib/python3.10/site-packages/ai_manipulation/utils/models
[1.247s] copying /home/hanse/git_ws/final_project/build/ai_manipulation/build/lib/ai_manipulation/utils/models/__init__.py -> /home/hanse/git_ws/final_project/install/ai_manipulation/lib/python3.10/site-packages/ai_manipulation/utils/models
[1.247s] copying /home/hanse/git_ws/final_project/build/ai_manipulation/build/lib/ai_manipulation/utils/models/yolo.py -> /home/hanse/git_ws/final_project/install/ai_manipulation/lib/python3.10/site-packages/ai_manipulation/utils/models
[1.247s] copying /home/hanse/git_ws/final_project/build/ai_manipulation/build/lib/ai_manipulation/utils/models/yolov3.yaml -> /home/hanse/git_ws/final_project/install/ai_manipulation/lib/python3.10/site-packages/ai_manipulation/utils/models
[1.247s] copying /home/hanse/git_ws/final_project/build/ai_manipulation/build/lib/ai_manipulation/utils/export.py -> /home/hanse/git_ws/final_project/install/ai_manipulation/lib/python3.10/site-packages/ai_manipulation/utils
[1.247s] creating /home/hanse/git_ws/final_project/install/ai_manipulation/lib/python3.10/site-packages/ai_manipulation/utils/utils
[1.247s] copying /home/hanse/git_ws/final_project/build/ai_manipulation/build/lib/ai_manipulation/utils/utils/plots.py -> /home/hanse/git_ws/final_project/install/ai_manipulation/lib/python3.10/site-packages/ai_manipulation/utils/utils
[1.247s] copying /home/hanse/git_ws/final_project/build/ai_manipulation/build/lib/ai_manipulation/utils/utils/metrics.py -> /home/hanse/git_ws/final_project/install/ai_manipulation/lib/python3.10/site-packages/ai_manipulation/utils/utils
[1.247s] copying /home/hanse/git_ws/final_project/build/ai_manipulation/build/lib/ai_manipulation/utils/utils/autobatch.py -> /home/hanse/git_ws/final_project/install/ai_manipulation/lib/python3.10/site-packages/ai_manipulation/utils/utils
[1.247s] copying /home/hanse/git_ws/final_project/build/ai_manipulation/build/lib/ai_manipulation/utils/utils/utils.py -> /home/hanse/git_ws/final_project/install/ai_manipulation/lib/python3.10/site-packages/ai_manipulation/utils/utils
[1.247s] copying /home/hanse/git_ws/final_project/build/ai_manipulation/build/lib/ai_manipulation/utils/utils/activations.py -> /home/hanse/git_ws/final_project/install/ai_manipulation/lib/python3.10/site-packages/ai_manipulation/utils/utils
[1.247s] copying /home/hanse/git_ws/final_project/build/ai_manipulation/build/lib/ai_manipulation/utils/utils/dataloaders.py -> /home/hanse/git_ws/final_project/install/ai_manipulation/lib/python3.10/site-packages/ai_manipulation/utils/utils
[1.247s] copying /home/hanse/git_ws/final_project/build/ai_manipulation/build/lib/ai_manipulation/utils/utils/callbacks.py -> /home/hanse/git_ws/final_project/install/ai_manipulation/lib/python3.10/site-packages/ai_manipulation/utils/utils
[1.248s] copying /home/hanse/git_ws/final_project/build/ai_manipulation/build/lib/ai_manipulation/utils/utils/downloads.py -> /home/hanse/git_ws/final_project/install/ai_manipulation/lib/python3.10/site-packages/ai_manipulation/utils/utils
[1.248s] copying /home/hanse/git_ws/final_project/build/ai_manipulation/build/lib/ai_manipulation/utils/utils/torch_utils.py -> /home/hanse/git_ws/final_project/install/ai_manipulation/lib/python3.10/site-packages/ai_manipulation/utils/utils
[1.248s] copying /home/hanse/git_ws/final_project/build/ai_manipulation/build/lib/ai_manipulation/utils/utils/triton.py -> /home/hanse/git_ws/final_project/install/ai_manipulation/lib/python3.10/site-packages/ai_manipulation/utils/utils
[1.248s] copying /home/hanse/git_ws/final_project/build/ai_manipulation/build/lib/ai_manipulation/utils/utils/loss.py -> /home/hanse/git_ws/final_project/install/ai_manipulation/lib/python3.10/site-packages/ai_manipulation/utils/utils
[1.248s] copying /home/hanse/git_ws/final_project/build/ai_manipulation/build/lib/ai_manipulation/utils/utils/augmentations.py -> /home/hanse/git_ws/final_project/install/ai_manipulation/lib/python3.10/site-packages/ai_manipulation/utils/utils
[1.248s] copying /home/hanse/git_ws/final_project/build/ai_manipulation/build/lib/ai_manipulation/utils/utils/autoanchor.py -> /home/hanse/git_ws/final_project/install/ai_manipulation/lib/python3.10/site-packages/ai_manipulation/utils/utils
[1.248s] copying /home/hanse/git_ws/final_project/build/ai_manipulation/build/lib/ai_manipulation/utils/utils/__init__.py -> /home/hanse/git_ws/final_project/install/ai_manipulation/lib/python3.10/site-packages/ai_manipulation/utils/utils
[1.248s] copying /home/hanse/git_ws/final_project/build/ai_manipulation/build/lib/ai_manipulation/utils/utils/general.py -> /home/hanse/git_ws/final_project/install/ai_manipulation/lib/python3.10/site-packages/ai_manipulation/utils/utils
[1.248s] copying /home/hanse/git_ws/final_project/build/ai_manipulation/build/lib/ai_manipulation/utils/best.pt -> /home/hanse/git_ws/final_project/install/ai_manipulation/lib/python3.10/site-packages/ai_manipulation/utils
[1.257s] copying /home/hanse/git_ws/final_project/build/ai_manipulation/build/lib/ai_manipulation/utils/best_last.pt -> /home/hanse/git_ws/final_project/install/ai_manipulation/lib/python3.10/site-packages/ai_manipulation/utils
[1.267s] copying /home/hanse/git_ws/final_project/build/ai_manipulation/build/lib/ai_manipulation/utils/distortion_coefficients.npy -> /home/hanse/git_ws/final_project/install/ai_manipulation/lib/python3.10/site-packages/ai_manipulation/utils
[1.267s] copying /home/hanse/git_ws/final_project/build/ai_manipulation/build/lib/ai_manipulation/utils/best_1.pt -> /home/hanse/git_ws/final_project/install/ai_manipulation/lib/python3.10/site-packages/ai_manipulation/utils
[1.276s] creating /home/hanse/git_ws/final_project/install/ai_manipulation/lib/python3.10/site-packages/ai_manipulation/script
[1.276s] copying /home/hanse/git_ws/final_project/build/ai_manipulation/build/lib/ai_manipulation/script/run_my_model.py -> /home/hanse/git_ws/final_project/install/ai_manipulation/lib/python3.10/site-packages/ai_manipulation/script
[1.276s] copying /home/hanse/git_ws/final_project/build/ai_manipulation/build/lib/ai_manipulation/script/six_dxl_model.py -> /home/hanse/git_ws/final_project/install/ai_manipulation/lib/python3.10/site-packages/ai_manipulation/script
[1.277s] copying /home/hanse/git_ws/final_project/build/ai_manipulation/build/lib/ai_manipulation/script/z_value.py -> /home/hanse/git_ws/final_project/install/ai_manipulation/lib/python3.10/site-packages/ai_manipulation/script
[1.277s] copying /home/hanse/git_ws/final_project/build/ai_manipulation/build/lib/ai_manipulation/script/six_dxl_run.py -> /home/hanse/git_ws/final_project/install/ai_manipulation/lib/python3.10/site-packages/ai_manipulation/script
[1.277s] copying /home/hanse/git_ws/final_project/build/ai_manipulation/build/lib/ai_manipulation/script/make_my_model.py -> /home/hanse/git_ws/final_project/install/ai_manipulation/lib/python3.10/site-packages/ai_manipulation/script
[1.277s] copying /home/hanse/git_ws/final_project/build/ai_manipulation/build/lib/ai_manipulation/script/test_seokwon.py -> /home/hanse/git_ws/final_project/install/ai_manipulation/lib/python3.10/site-packages/ai_manipulation/script
[1.277s] copying /home/hanse/git_ws/final_project/build/ai_manipulation/build/lib/ai_manipulation/script/testing.py -> /home/hanse/git_ws/final_project/install/ai_manipulation/lib/python3.10/site-packages/ai_manipulation/script
[1.277s] copying /home/hanse/git_ws/final_project/build/ai_manipulation/build/lib/ai_manipulation/script/__init__.py -> /home/hanse/git_ws/final_project/install/ai_manipulation/lib/python3.10/site-packages/ai_manipulation/script
[1.277s] copying /home/hanse/git_ws/final_project/build/ai_manipulation/build/lib/ai_manipulation/script/linear.py -> /home/hanse/git_ws/final_project/install/ai_manipulation/lib/python3.10/site-packages/ai_manipulation/script
[1.277s] copying /home/hanse/git_ws/final_project/build/ai_manipulation/build/lib/ai_manipulation/__init__.py -> /home/hanse/git_ws/final_project/install/ai_manipulation/lib/python3.10/site-packages/ai_manipulation
[1.277s] byte-compiling /home/hanse/git_ws/final_project/install/ai_manipulation/lib/python3.10/site-packages/ai_manipulation/utils/models/tf.py to tf.cpython-310.pyc
[1.281s] byte-compiling /home/hanse/git_ws/final_project/install/ai_manipulation/lib/python3.10/site-packages/ai_manipulation/utils/models/common.py to common.cpython-310.pyc
[1.288s] byte-compiling /home/hanse/git_ws/final_project/install/ai_manipulation/lib/python3.10/site-packages/ai_manipulation/utils/models/experimental.py to experimental.cpython-310.pyc
[1.288s] byte-compiling /home/hanse/git_ws/final_project/install/ai_manipulation/lib/python3.10/site-packages/ai_manipulation/utils/models/__init__.py to __init__.cpython-310.pyc
[1.289s] byte-compiling /home/hanse/git_ws/final_project/install/ai_manipulation/lib/python3.10/site-packages/ai_manipulation/utils/models/yolo.py to yolo.cpython-310.pyc
[1.307s] byte-compiling /home/hanse/git_ws/final_project/install/ai_manipulation/lib/python3.10/site-packages/ai_manipulation/utils/export.py to export.cpython-310.pyc
[1.308s] byte-compiling /home/hanse/git_ws/final_project/install/ai_manipulation/lib/python3.10/site-packages/ai_manipulation/utils/utils/plots.py to plots.cpython-310.pyc
[1.308s] byte-compiling /home/hanse/git_ws/final_project/install/ai_manipulation/lib/python3.10/site-packages/ai_manipulation/utils/utils/metrics.py to metrics.cpython-310.pyc
[1.308s] byte-compiling /home/hanse/git_ws/final_project/install/ai_manipulation/lib/python3.10/site-packages/ai_manipulation/utils/utils/autobatch.py to autobatch.cpython-310.pyc
[1.309s] byte-compiling /home/hanse/git_ws/final_project/install/ai_manipulation/lib/python3.10/site-packages/ai_manipulation/utils/utils/utils.py to utils.cpython-310.pyc
[1.309s] byte-compiling /home/hanse/git_ws/final_project/install/ai_manipulation/lib/python3.10/site-packages/ai_manipulation/utils/utils/activations.py to activations.cpython-310.pyc
[1.309s] byte-compiling /home/hanse/git_ws/final_project/install/ai_manipulation/lib/python3.10/site-packages/ai_manipulation/utils/utils/dataloaders.py to dataloaders.cpython-310.pyc
[1.312s] byte-compiling /home/hanse/git_ws/final_project/install/ai_manipulation/lib/python3.10/site-packages/ai_manipulation/utils/utils/callbacks.py to callbacks.cpython-310.pyc
[1.313s] byte-compiling /home/hanse/git_ws/final_project/install/ai_manipulation/lib/python3.10/site-packages/ai_manipulation/utils/utils/downloads.py to downloads.cpython-310.pyc
[1.313s] byte-compiling /home/hanse/git_ws/final_project/install/ai_manipulation/lib/python3.10/site-packages/ai_manipulation/utils/utils/torch_utils.py to torch_utils.cpython-310.pyc
[1.316s] byte-compiling /home/hanse/git_ws/final_project/install/ai_manipulation/lib/python3.10/site-packages/ai_manipulation/utils/utils/triton.py to triton.cpython-310.pyc
[1.316s] byte-compiling /home/hanse/git_ws/final_project/install/ai_manipulation/lib/python3.10/site-packages/ai_manipulation/utils/utils/loss.py to loss.cpython-310.pyc
[1.318s] byte-compiling /home/hanse/git_ws/final_project/install/ai_manipulation/lib/python3.10/site-packages/ai_manipulation/utils/utils/augmentations.py to augmentations.cpython-310.pyc
[1.320s] byte-compiling /home/hanse/git_ws/final_project/install/ai_manipulation/lib/python3.10/site-packages/ai_manipulation/utils/utils/autoanchor.py to autoanchor.cpython-310.pyc
[1.321s] byte-compiling /home/hanse/git_ws/final_project/install/ai_manipulation/lib/python3.10/site-packages/ai_manipulation/utils/utils/__init__.py to __init__.cpython-310.pyc
[1.321s] byte-compiling /home/hanse/git_ws/final_project/install/ai_manipulation/lib/python3.10/site-packages/ai_manipulation/utils/utils/general.py to general.cpython-310.pyc
[1.330s] byte-compiling /home/hanse/git_ws/final_project/install/ai_manipulation/lib/python3.10/site-packages/ai_manipulation/script/run_my_model.py to run_my_model.cpython-310.pyc
[1.331s] byte-compiling /home/hanse/git_ws/final_project/install/ai_manipulation/lib/python3.10/site-packages/ai_manipulation/script/six_dxl_model.py to six_dxl_model.cpython-310.pyc
[1.333s] byte-compiling /home/hanse/git_ws/final_project/install/ai_manipulation/lib/python3.10/site-packages/ai_manipulation/script/z_value.py to z_value.cpython-310.pyc
[1.333s] byte-compiling /home/hanse/git_ws/final_project/install/ai_manipulation/lib/python3.10/site-packages/ai_manipulation/script/six_dxl_run.py to six_dxl_run.cpython-310.pyc
[1.335s] byte-compiling /home/hanse/git_ws/final_project/install/ai_manipulation/lib/python3.10/site-packages/ai_manipulation/script/make_my_model.py to make_my_model.cpython-310.pyc
[1.338s] byte-compiling /home/hanse/git_ws/final_project/install/ai_manipulation/lib/python3.10/site-packages/ai_manipulation/script/test_seokwon.py to test_seokwon.cpython-310.pyc
[1.340s] byte-compiling /home/hanse/git_ws/final_project/install/ai_manipulation/lib/python3.10/site-packages/ai_manipulation/script/testing.py to testing.cpython-310.pyc
[1.340s] byte-compiling /home/hanse/git_ws/final_project/install/ai_manipulation/lib/python3.10/site-packages/ai_manipulation/script/__init__.py to __init__.cpython-310.pyc
[1.340s] byte-compiling /home/hanse/git_ws/final_project/install/ai_manipulation/lib/python3.10/site-packages/ai_manipulation/script/linear.py to linear.cpython-310.pyc
[1.340s] byte-compiling /home/hanse/git_ws/final_project/install/ai_manipulation/lib/python3.10/site-packages/ai_manipulation/__init__.py to __init__.cpython-310.pyc
[1.340s] running install_data
[1.341s] creating /home/hanse/git_ws/final_project/install/ai_manipulation/share/ament_index
[1.341s] creating /home/hanse/git_ws/final_project/install/ai_manipulation/share/ament_index/resource_index
[1.341s] creating /home/hanse/git_ws/final_project/install/ai_manipulation/share/ament_index/resource_index/packages
[1.341s] copying resource/ai_manipulation -> /home/hanse/git_ws/final_project/install/ai_manipulation/share/ament_index/resource_index/packages
[1.341s] copying package.xml -> /home/hanse/git_ws/final_project/install/ai_manipulation/share/ai_manipulation
[1.341s] running install_egg_info
[1.342s] Copying ../../build/ai_manipulation/ai_manipulation.egg-info to /home/hanse/git_ws/final_project/install/ai_manipulation/lib/python3.10/site-packages/ai_manipulation-0.0.0-py3.10.egg-info
[1.343s] running install_scripts
[1.358s] Installing make_my_model script to /home/hanse/git_ws/final_project/install/ai_manipulation/lib/ai_manipulation
[1.358s] Installing run_my_model script to /home/hanse/git_ws/final_project/install/ai_manipulation/lib/ai_manipulation
[1.358s] Installing six_dxl_model script to /home/hanse/git_ws/final_project/install/ai_manipulation/lib/ai_manipulation
[1.358s] Installing six_dxl_run script to /home/hanse/git_ws/final_project/install/ai_manipulation/lib/ai_manipulation
[1.358s] Installing test_seokwon script to /home/hanse/git_ws/final_project/install/ai_manipulation/lib/ai_manipulation
[1.358s] Installing testing script to /home/hanse/git_ws/final_project/install/ai_manipulation/lib/ai_manipulation
[1.358s] writing list of installed files to '/home/hanse/git_ws/final_project/build/ai_manipulation/install.log'
[1.381s] Invoked command in '/home/hanse/git_ws/final_project/src/ai_manipulation' returned '0': AMENT_PREFIX_PATH=/home/hanse/git_ws/final_project/install/open_manipulator_msgs:${AMENT_PREFIX_PATH} CMAKE_PREFIX_PATH=/home/hanse/git_ws/final_project/install/open_manipulator_msgs:${CMAKE_PREFIX_PATH} LD_LIBRARY_PATH=/home/hanse/git_ws/final_project/install/open_manipulator_msgs/lib:/usr/local/cuda-11.7/lib64:/home/hanse/Final_project/manipulator_deep/IoT-repo-3/install/open_manipulator_x_libs/lib:/home/hanse/Final_project/manipulator_deep/IoT-repo-3/install/robotis_manipulator/lib:/home/hanse/Final_project/manipulator_deep/IoT-repo-3/install/open_manipulator_msgs/lib:/home/hanse/Final_project/manipulator_deep/IoT-repo-3/install/dynamixel_workbench_toolbox/lib:/home/hanse/Final_project/manipulator_deep/IoT-repo-3/install/dynamixel_sdk_custom_interfaces/lib:/home/hanse/Final_project/manipulator_deep/IoT-repo-3/install/dynamixel_sdk/lib:/usr/lib/x86_64-linux-gnu/gazebo-11/plugins:/opt/ros/humble/opt/rviz_ogre_vendor/lib:/opt/ros/humble/lib/x86_64-linux-gnu:/opt/ros/humble/lib:/usr/local/cuda-11.7/lib64:/usr/local/cuda-11.7/lib64/:/usr/local/cuda-11.7/lib64/ PYTHONPATH=/home/hanse/git_ws/final_project/build/ai_manipulation/prefix_override:/home/hanse/git_ws/final_project/install/ai_manipulation/lib/python3.10/site-packages:/home/hanse/git_ws/final_project/install/open_manipulator_msgs/local/lib/python3.10/dist-packages:${PYTHONPATH} /usr/bin/python3 setup.py egg_info --egg-base ../../build/ai_manipulation build --build-base /home/hanse/git_ws/final_project/build/ai_manipulation/build install --record /home/hanse/git_ws/final_project/build/ai_manipulation/install.log --single-version-externally-managed
