/home/kimdu/hanse/install/ai_manipulation/lib/python3.10/site-packages/ai_manipulation/__init__.py
/home/kimdu/hanse/install/ai_manipulation/lib/python3.10/site-packages/ai_manipulation/script/six_dxl_model.py
/home/kimdu/hanse/install/ai_manipulation/lib/python3.10/site-packages/ai_manipulation/script/make_my_model.py
/home/kimdu/hanse/install/ai_manipulation/lib/python3.10/site-packages/ai_manipulation/script/linear.py
/home/kimdu/hanse/install/ai_manipulation/lib/python3.10/site-packages/ai_manipulation/script/run_my_model.py
/home/kimdu/hanse/install/ai_manipulation/lib/python3.10/site-packages/ai_manipulation/script/shoe_drop_point_gen.py
/home/kimdu/hanse/install/ai_manipulation/lib/python3.10/site-packages/ai_manipulation/script/test_seokwon.py
/home/kimdu/hanse/install/ai_manipulation/lib/python3.10/site-packages/ai_manipulation/script/__init__.py
/home/kimdu/hanse/install/ai_manipulation/lib/python3.10/site-packages/ai_manipulation/script/six_dxl_run.py
/home/kimdu/hanse/install/ai_manipulation/lib/python3.10/site-packages/ai_manipulation/script/testing.py
/home/kimdu/hanse/install/ai_manipulation/lib/python3.10/site-packages/ai_manipulation/script/media.py
/home/kimdu/hanse/install/ai_manipulation/lib/python3.10/site-packages/ai_manipulation/script/z_value.py
/home/kimdu/hanse/install/ai_manipulation/lib/python3.10/site-packages/ai_manipulation/utils/best_1(기존 신발).pt
/home/kimdu/hanse/install/ai_manipulation/lib/python3.10/site-packages/ai_manipulation/utils/best_shoe.pt
/home/kimdu/hanse/install/ai_manipulation/lib/python3.10/site-packages/ai_manipulation/utils/best_3(신발 모형 200개).pt
/home/kimdu/hanse/install/ai_manipulation/lib/python3.10/site-packages/ai_manipulation/utils/best_2(신발 모형(망한거)).pt
/home/kimdu/hanse/install/ai_manipulation/lib/python3.10/site-packages/ai_manipulation/utils/best.pt
/home/kimdu/hanse/install/ai_manipulation/lib/python3.10/site-packages/ai_manipulation/utils/calibration_matrix.npy
/home/kimdu/hanse/install/ai_manipulation/lib/python3.10/site-packages/ai_manipulation/utils/export.py
/home/kimdu/hanse/install/ai_manipulation/lib/python3.10/site-packages/ai_manipulation/utils/distortion_coefficients.npy
/home/kimdu/hanse/install/ai_manipulation/lib/python3.10/site-packages/ai_manipulation/utils/best_last.pt
/home/kimdu/hanse/install/ai_manipulation/lib/python3.10/site-packages/ai_manipulation/utils/models/common.py
/home/kimdu/hanse/install/ai_manipulation/lib/python3.10/site-packages/ai_manipulation/utils/models/yolov3-spp.yaml
/home/kimdu/hanse/install/ai_manipulation/lib/python3.10/site-packages/ai_manipulation/utils/models/tf.py
/home/kimdu/hanse/install/ai_manipulation/lib/python3.10/site-packages/ai_manipulation/utils/models/yolo.py
/home/kimdu/hanse/install/ai_manipulation/lib/python3.10/site-packages/ai_manipulation/utils/models/yolov3.yaml
/home/kimdu/hanse/install/ai_manipulation/lib/python3.10/site-packages/ai_manipulation/utils/models/experimental.py
/home/kimdu/hanse/install/ai_manipulation/lib/python3.10/site-packages/ai_manipulation/utils/models/yolov3-tiny.yaml
/home/kimdu/hanse/install/ai_manipulation/lib/python3.10/site-packages/ai_manipulation/utils/models/yolov5m.yaml
/home/kimdu/hanse/install/ai_manipulation/lib/python3.10/site-packages/ai_manipulation/utils/models/yolov5x.yaml
/home/kimdu/hanse/install/ai_manipulation/lib/python3.10/site-packages/ai_manipulation/utils/models/__init__.py
/home/kimdu/hanse/install/ai_manipulation/lib/python3.10/site-packages/ai_manipulation/utils/models/yolov5s.yaml
/home/kimdu/hanse/install/ai_manipulation/lib/python3.10/site-packages/ai_manipulation/utils/models/yolov5l.yaml
/home/kimdu/hanse/install/ai_manipulation/lib/python3.10/site-packages/ai_manipulation/utils/models/yolov5n.yaml
/home/kimdu/hanse/install/ai_manipulation/lib/python3.10/site-packages/ai_manipulation/utils/utils/metrics.py
/home/kimdu/hanse/install/ai_manipulation/lib/python3.10/site-packages/ai_manipulation/utils/utils/plots.py
/home/kimdu/hanse/install/ai_manipulation/lib/python3.10/site-packages/ai_manipulation/utils/utils/loss.py
/home/kimdu/hanse/install/ai_manipulation/lib/python3.10/site-packages/ai_manipulation/utils/utils/augmentations.py
/home/kimdu/hanse/install/ai_manipulation/lib/python3.10/site-packages/ai_manipulation/utils/utils/general.py
/home/kimdu/hanse/install/ai_manipulation/lib/python3.10/site-packages/ai_manipulation/utils/utils/torch_utils.py
/home/kimdu/hanse/install/ai_manipulation/lib/python3.10/site-packages/ai_manipulation/utils/utils/__init__.py
/home/kimdu/hanse/install/ai_manipulation/lib/python3.10/site-packages/ai_manipulation/utils/utils/dataloaders.py
/home/kimdu/hanse/install/ai_manipulation/lib/python3.10/site-packages/ai_manipulation/utils/utils/callbacks.py
/home/kimdu/hanse/install/ai_manipulation/lib/python3.10/site-packages/ai_manipulation/utils/utils/autobatch.py
/home/kimdu/hanse/install/ai_manipulation/lib/python3.10/site-packages/ai_manipulation/utils/utils/activations.py
/home/kimdu/hanse/install/ai_manipulation/lib/python3.10/site-packages/ai_manipulation/utils/utils/triton.py
/home/kimdu/hanse/install/ai_manipulation/lib/python3.10/site-packages/ai_manipulation/utils/utils/utils.py
/home/kimdu/hanse/install/ai_manipulation/lib/python3.10/site-packages/ai_manipulation/utils/utils/autoanchor.py
/home/kimdu/hanse/install/ai_manipulation/lib/python3.10/site-packages/ai_manipulation/utils/utils/downloads.py
/home/kimdu/hanse/install/ai_manipulation/lib/python3.10/site-packages/ai_manipulation/__pycache__/__init__.cpython-310.pyc
/home/kimdu/hanse/install/ai_manipulation/lib/python3.10/site-packages/ai_manipulation/script/__pycache__/six_dxl_model.cpython-310.pyc
/home/kimdu/hanse/install/ai_manipulation/lib/python3.10/site-packages/ai_manipulation/script/__pycache__/make_my_model.cpython-310.pyc
/home/kimdu/hanse/install/ai_manipulation/lib/python3.10/site-packages/ai_manipulation/script/__pycache__/linear.cpython-310.pyc
/home/kimdu/hanse/install/ai_manipulation/lib/python3.10/site-packages/ai_manipulation/script/__pycache__/run_my_model.cpython-310.pyc
/home/kimdu/hanse/install/ai_manipulation/lib/python3.10/site-packages/ai_manipulation/script/__pycache__/shoe_drop_point_gen.cpython-310.pyc
/home/kimdu/hanse/install/ai_manipulation/lib/python3.10/site-packages/ai_manipulation/script/__pycache__/test_seokwon.cpython-310.pyc
/home/kimdu/hanse/install/ai_manipulation/lib/python3.10/site-packages/ai_manipulation/script/__pycache__/__init__.cpython-310.pyc
/home/kimdu/hanse/install/ai_manipulation/lib/python3.10/site-packages/ai_manipulation/script/__pycache__/six_dxl_run.cpython-310.pyc
/home/kimdu/hanse/install/ai_manipulation/lib/python3.10/site-packages/ai_manipulation/script/__pycache__/testing.cpython-310.pyc
/home/kimdu/hanse/install/ai_manipulation/lib/python3.10/site-packages/ai_manipulation/script/__pycache__/media.cpython-310.pyc
/home/kimdu/hanse/install/ai_manipulation/lib/python3.10/site-packages/ai_manipulation/script/__pycache__/z_value.cpython-310.pyc
/home/kimdu/hanse/install/ai_manipulation/lib/python3.10/site-packages/ai_manipulation/utils/__pycache__/export.cpython-310.pyc
/home/kimdu/hanse/install/ai_manipulation/lib/python3.10/site-packages/ai_manipulation/utils/models/__pycache__/common.cpython-310.pyc
/home/kimdu/hanse/install/ai_manipulation/lib/python3.10/site-packages/ai_manipulation/utils/models/__pycache__/tf.cpython-310.pyc
/home/kimdu/hanse/install/ai_manipulation/lib/python3.10/site-packages/ai_manipulation/utils/models/__pycache__/yolo.cpython-310.pyc
/home/kimdu/hanse/install/ai_manipulation/lib/python3.10/site-packages/ai_manipulation/utils/models/__pycache__/experimental.cpython-310.pyc
/home/kimdu/hanse/install/ai_manipulation/lib/python3.10/site-packages/ai_manipulation/utils/models/__pycache__/__init__.cpython-310.pyc
/home/kimdu/hanse/install/ai_manipulation/lib/python3.10/site-packages/ai_manipulation/utils/utils/__pycache__/metrics.cpython-310.pyc
/home/kimdu/hanse/install/ai_manipulation/lib/python3.10/site-packages/ai_manipulation/utils/utils/__pycache__/plots.cpython-310.pyc
/home/kimdu/hanse/install/ai_manipulation/lib/python3.10/site-packages/ai_manipulation/utils/utils/__pycache__/loss.cpython-310.pyc
/home/kimdu/hanse/install/ai_manipulation/lib/python3.10/site-packages/ai_manipulation/utils/utils/__pycache__/augmentations.cpython-310.pyc
/home/kimdu/hanse/install/ai_manipulation/lib/python3.10/site-packages/ai_manipulation/utils/utils/__pycache__/general.cpython-310.pyc
/home/kimdu/hanse/install/ai_manipulation/lib/python3.10/site-packages/ai_manipulation/utils/utils/__pycache__/torch_utils.cpython-310.pyc
/home/kimdu/hanse/install/ai_manipulation/lib/python3.10/site-packages/ai_manipulation/utils/utils/__pycache__/__init__.cpython-310.pyc
/home/kimdu/hanse/install/ai_manipulation/lib/python3.10/site-packages/ai_manipulation/utils/utils/__pycache__/dataloaders.cpython-310.pyc
/home/kimdu/hanse/install/ai_manipulation/lib/python3.10/site-packages/ai_manipulation/utils/utils/__pycache__/callbacks.cpython-310.pyc
/home/kimdu/hanse/install/ai_manipulation/lib/python3.10/site-packages/ai_manipulation/utils/utils/__pycache__/autobatch.cpython-310.pyc
/home/kimdu/hanse/install/ai_manipulation/lib/python3.10/site-packages/ai_manipulation/utils/utils/__pycache__/activations.cpython-310.pyc
/home/kimdu/hanse/install/ai_manipulation/lib/python3.10/site-packages/ai_manipulation/utils/utils/__pycache__/triton.cpython-310.pyc
/home/kimdu/hanse/install/ai_manipulation/lib/python3.10/site-packages/ai_manipulation/utils/utils/__pycache__/utils.cpython-310.pyc
/home/kimdu/hanse/install/ai_manipulation/lib/python3.10/site-packages/ai_manipulation/utils/utils/__pycache__/autoanchor.cpython-310.pyc
/home/kimdu/hanse/install/ai_manipulation/lib/python3.10/site-packages/ai_manipulation/utils/utils/__pycache__/downloads.cpython-310.pyc
/home/kimdu/hanse/install/ai_manipulation/share/ament_index/resource_index/packages/ai_manipulation
/home/kimdu/hanse/install/ai_manipulation/share/ai_manipulation/package.xml
/home/kimdu/hanse/install/ai_manipulation/lib/python3.10/site-packages/ai_manipulation-0.0.0-py3.10.egg-info/top_level.txt
/home/kimdu/hanse/install/ai_manipulation/lib/python3.10/site-packages/ai_manipulation-0.0.0-py3.10.egg-info/requires.txt
/home/kimdu/hanse/install/ai_manipulation/lib/python3.10/site-packages/ai_manipulation-0.0.0-py3.10.egg-info/dependency_links.txt
/home/kimdu/hanse/install/ai_manipulation/lib/python3.10/site-packages/ai_manipulation-0.0.0-py3.10.egg-info/PKG-INFO
/home/kimdu/hanse/install/ai_manipulation/lib/python3.10/site-packages/ai_manipulation-0.0.0-py3.10.egg-info/entry_points.txt
/home/kimdu/hanse/install/ai_manipulation/lib/python3.10/site-packages/ai_manipulation-0.0.0-py3.10.egg-info/zip-safe
/home/kimdu/hanse/install/ai_manipulation/lib/python3.10/site-packages/ai_manipulation-0.0.0-py3.10.egg-info/SOURCES.txt
/home/kimdu/hanse/install/ai_manipulation/lib/ai_manipulation/make_my_model
/home/kimdu/hanse/install/ai_manipulation/lib/ai_manipulation/run_my_model
/home/kimdu/hanse/install/ai_manipulation/lib/ai_manipulation/shoe_drop_point_gen
/home/kimdu/hanse/install/ai_manipulation/lib/ai_manipulation/six_dxl_model
/home/kimdu/hanse/install/ai_manipulation/lib/ai_manipulation/six_dxl_run
/home/kimdu/hanse/install/ai_manipulation/lib/ai_manipulation/test_seokwon
/home/kimdu/hanse/install/ai_manipulation/lib/ai_manipulation/testing
