[1.672s] Invoking command in '/home/hanse/git_ws/final_project/src/open_manipulator/open_manipulator_x_teleop': CMAKE_PREFIX_PATH=/home/hanse/git_ws/final_project/install/open_manipulator_msgs:/home/hanse/git_ws/final_project/install/open_manipulator:/home/hanse/git_ws/final_project/install/open_manipulator_x_controller:/home/hanse/git_ws/final_project/install/open_manipulator_x_libs:/home/hanse/git_ws/final_project/install/robotis_manipulator:/home/hanse/git_ws/final_project/install/open_manipulator_x_description:/home/hanse/git_ws/final_project/install/dynamixel_workbench:/home/hanse/git_ws/final_project/install/dynamixel_workbench_toolbox:/home/hanse/git_ws/final_project/install/dynamixel_sdk_examples:/home/hanse/git_ws/final_project/install/dynamixel_sdk_custom_interfaces:/home/hanse/git_ws/final_project/install/dynamixel_sdk:/home/hanse/git_ws/final_project/install/cmake_modules LD_LIBRARY_PATH=/home/hanse/git_ws/final_project/install/open_manipulator_msgs/lib:/home/hanse/git_ws/final_project/install/open_manipulator_x_libs/lib:/home/hanse/git_ws/final_project/install/robotis_manipulator/lib:/home/hanse/git_ws/final_project/install/dynamixel_workbench_toolbox/lib:/home/hanse/git_ws/final_project/install/dynamixel_sdk_custom_interfaces/lib:/home/hanse/git_ws/final_project/install/dynamixel_sdk/lib:/usr/local/cuda-11.7/lib64:/usr/lib/x86_64-linux-gnu/gazebo-11/plugins:/opt/ros/humble/opt/rviz_ogre_vendor/lib:/opt/ros/humble/lib/x86_64-linux-gnu:/opt/ros/humble/lib:/usr/local/cuda-11.7/lib64:/usr/local/cuda-11.7/lib64/:/usr/local/cuda-11.7/lib64/ PYTHONPATH=/home/hanse/git_ws/final_project/build/open_manipulator_x_teleop/prefix_override:/home/hanse/git_ws/final_project/install/open_manipulator_x_teleop/lib/python3.10/site-packages:${PYTHONPATH} /usr/bin/python3 setup.py egg_info --egg-base ../../../build/open_manipulator_x_teleop build --build-base /home/hanse/git_ws/final_project/build/open_manipulator_x_teleop/build install --record /home/hanse/git_ws/final_project/build/open_manipulator_x_teleop/install.log --single-version-externally-managed
[1.902s] running egg_info
[1.917s] writing ../../../build/open_manipulator_x_teleop/open_manipulator_x_teleop.egg-info/PKG-INFO
[1.918s] writing dependency_links to ../../../build/open_manipulator_x_teleop/open_manipulator_x_teleop.egg-info/dependency_links.txt
[1.918s] writing entry points to ../../../build/open_manipulator_x_teleop/open_manipulator_x_teleop.egg-info/entry_points.txt
[1.918s] writing requirements to ../../../build/open_manipulator_x_teleop/open_manipulator_x_teleop.egg-info/requires.txt
[1.918s] writing top-level names to ../../../build/open_manipulator_x_teleop/open_manipulator_x_teleop.egg-info/top_level.txt
[1.964s] reading manifest file '../../../build/open_manipulator_x_teleop/open_manipulator_x_teleop.egg-info/SOURCES.txt'
[1.965s] writing manifest file '../../../build/open_manipulator_x_teleop/open_manipulator_x_teleop.egg-info/SOURCES.txt'
[1.965s] running build
[1.965s] running build_py
[1.966s] /home/hanse/.local/lib/python3.10/site-packages/setuptools/_distutils/cmd.py:66: SetuptoolsDeprecationWarning: setup.py install is deprecated.
[1.966s] !!
[1.966s] 
[1.966s]         ********************************************************************************
[1.966s]         Please avoid running ``setup.py`` directly.
[1.966s]         Instead, use pypa/build, pypa/installer or other
[1.966s]         standards-based tools.
[1.967s] 
[1.967s]         See https://blog.ganssle.io/articles/2021/10/setup-py-deprecated.html for details.
[1.967s]         ********************************************************************************
[1.967s] 
[1.967s] !!
[1.967s]   self.initialize_options()
[1.967s] running install
[1.973s] running install_lib
[1.998s] running install_data
[2.021s] running install_egg_info
[2.044s] removing '/home/hanse/git_ws/final_project/install/open_manipulator_x_teleop/lib/python3.10/site-packages/open_manipulator_x_teleop-2.3.0-py3.10.egg-info' (and everything under it)
[2.044s] Copying ../../../build/open_manipulator_x_teleop/open_manipulator_x_teleop.egg-info to /home/hanse/git_ws/final_project/install/open_manipulator_x_teleop/lib/python3.10/site-packages/open_manipulator_x_teleop-2.3.0-py3.10.egg-info
[2.045s] running install_scripts
[2.248s] Installing make_my_model script to /home/hanse/git_ws/final_project/install/open_manipulator_x_teleop/lib/open_manipulator_x_teleop
[2.248s] Installing teleop_keyboard script to /home/hanse/git_ws/final_project/install/open_manipulator_x_teleop/lib/open_manipulator_x_teleop
[2.249s] writing list of installed files to '/home/hanse/git_ws/final_project/build/open_manipulator_x_teleop/install.log'
[2.273s] Invoked command in '/home/hanse/git_ws/final_project/src/open_manipulator/open_manipulator_x_teleop' returned '0': CMAKE_PREFIX_PATH=/home/hanse/git_ws/final_project/install/open_manipulator_msgs:/home/hanse/git_ws/final_project/install/open_manipulator:/home/hanse/git_ws/final_project/install/open_manipulator_x_controller:/home/hanse/git_ws/final_project/install/open_manipulator_x_libs:/home/hanse/git_ws/final_project/install/robotis_manipulator:/home/hanse/git_ws/final_project/install/open_manipulator_x_description:/home/hanse/git_ws/final_project/install/dynamixel_workbench:/home/hanse/git_ws/final_project/install/dynamixel_workbench_toolbox:/home/hanse/git_ws/final_project/install/dynamixel_sdk_examples:/home/hanse/git_ws/final_project/install/dynamixel_sdk_custom_interfaces:/home/hanse/git_ws/final_project/install/dynamixel_sdk:/home/hanse/git_ws/final_project/install/cmake_modules LD_LIBRARY_PATH=/home/hanse/git_ws/final_project/install/open_manipulator_msgs/lib:/home/hanse/git_ws/final_project/install/open_manipulator_x_libs/lib:/home/hanse/git_ws/final_project/install/robotis_manipulator/lib:/home/hanse/git_ws/final_project/install/dynamixel_workbench_toolbox/lib:/home/hanse/git_ws/final_project/install/dynamixel_sdk_custom_interfaces/lib:/home/hanse/git_ws/final_project/install/dynamixel_sdk/lib:/usr/local/cuda-11.7/lib64:/usr/lib/x86_64-linux-gnu/gazebo-11/plugins:/opt/ros/humble/opt/rviz_ogre_vendor/lib:/opt/ros/humble/lib/x86_64-linux-gnu:/opt/ros/humble/lib:/usr/local/cuda-11.7/lib64:/usr/local/cuda-11.7/lib64/:/usr/local/cuda-11.7/lib64/ PYTHONPATH=/home/hanse/git_ws/final_project/build/open_manipulator_x_teleop/prefix_override:/home/hanse/git_ws/final_project/install/open_manipulator_x_teleop/lib/python3.10/site-packages:${PYTHONPATH} /usr/bin/python3 setup.py egg_info --egg-base ../../../build/open_manipulator_x_teleop build --build-base /home/hanse/git_ws/final_project/build/open_manipulator_x_teleop/build install --record /home/hanse/git_ws/final_project/build/open_manipulator_x_teleop/install.log --single-version-externally-managed
