[0.059s] Invoking command in '/home/sechan/colcon_ws/build/robotis_manipulator': CMAKE_PREFIX_PATH=/home/sechan/colcon_ws/install/cmake_modules:/home/sechan/colcon_ws/install/open_manipulator:/home/sechan/colcon_ws/install/open_manipulator_x_controller:/home/sechan/colcon_ws/install/open_manipulator_x_libs:/home/sechan/colcon_ws/install/robotis_manipulator:/home/sechan/colcon_ws/install/open_manipulator_x_description:/home/sechan/colcon_ws/install/open_manipulator_msgs:/home/sechan/colcon_ws/install/dynamixel_workbench:/home/sechan/colcon_ws/install/dynamixel_workbench_toolbox:/home/sechan/colcon_ws/install/dynamixel_sdk_examples:/home/sechan/colcon_ws/install/dynamixel_sdk_custom_interfaces:/home/sechan/colcon_ws/install/dynamixel_sdk:/home/sechan/colcon_ws/install/open_manipulator_x_teleop:/opt/ros/humble /usr/bin/cmake --build /home/sechan/colcon_ws/build/robotis_manipulator -- -j8 -l8
[0.136s] [35m[1mConsolidate compiler generated dependencies of target robotis_manipulator[0m
[0.175s] [100%] Built target robotis_manipulator
[0.190s] Invoked command in '/home/sechan/colcon_ws/build/robotis_manipulator' returned '0': CMAKE_PREFIX_PATH=/home/sechan/colcon_ws/install/cmake_modules:/home/sechan/colcon_ws/install/open_manipulator:/home/sechan/colcon_ws/install/open_manipulator_x_controller:/home/sechan/colcon_ws/install/open_manipulator_x_libs:/home/sechan/colcon_ws/install/robotis_manipulator:/home/sechan/colcon_ws/install/open_manipulator_x_description:/home/sechan/colcon_ws/install/open_manipulator_msgs:/home/sechan/colcon_ws/install/dynamixel_workbench:/home/sechan/colcon_ws/install/dynamixel_workbench_toolbox:/home/sechan/colcon_ws/install/dynamixel_sdk_examples:/home/sechan/colcon_ws/install/dynamixel_sdk_custom_interfaces:/home/sechan/colcon_ws/install/dynamixel_sdk:/home/sechan/colcon_ws/install/open_manipulator_x_teleop:/opt/ros/humble /usr/bin/cmake --build /home/sechan/colcon_ws/build/robotis_manipulator -- -j8 -l8
[0.234s] Invoking command in '/home/sechan/colcon_ws/build/robotis_manipulator': CMAKE_PREFIX_PATH=/home/sechan/colcon_ws/install/cmake_modules:/home/sechan/colcon_ws/install/open_manipulator:/home/sechan/colcon_ws/install/open_manipulator_x_controller:/home/sechan/colcon_ws/install/open_manipulator_x_libs:/home/sechan/colcon_ws/install/robotis_manipulator:/home/sechan/colcon_ws/install/open_manipulator_x_description:/home/sechan/colcon_ws/install/open_manipulator_msgs:/home/sechan/colcon_ws/install/dynamixel_workbench:/home/sechan/colcon_ws/install/dynamixel_workbench_toolbox:/home/sechan/colcon_ws/install/dynamixel_sdk_examples:/home/sechan/colcon_ws/install/dynamixel_sdk_custom_interfaces:/home/sechan/colcon_ws/install/dynamixel_sdk:/home/sechan/colcon_ws/install/open_manipulator_x_teleop:/opt/ros/humble /usr/bin/cmake --install /home/sechan/colcon_ws/build/robotis_manipulator
[0.243s] -- Install configuration: ""
[0.244s] -- Execute custom install script
[0.244s] -- Up-to-date symlink: /home/sechan/colcon_ws/install/robotis_manipulator/lib/librobotis_manipulator.so
[0.245s] -- Up-to-date symlink: /home/sechan/colcon_ws/install/robotis_manipulator/include//robotis_manipulator/robotis_manipulator.h
[0.245s] -- Up-to-date symlink: /home/sechan/colcon_ws/install/robotis_manipulator/include//robotis_manipulator/robotis_manipulator_common.h
[0.245s] -- Up-to-date symlink: /home/sechan/colcon_ws/install/robotis_manipulator/include//robotis_manipulator/robotis_manipulator_log.h
[0.245s] -- Up-to-date symlink: /home/sechan/colcon_ws/install/robotis_manipulator/include//robotis_manipulator/robotis_manipulator_manager.h
[0.246s] -- Up-to-date symlink: /home/sechan/colcon_ws/install/robotis_manipulator/include//robotis_manipulator/robotis_manipulator_math.h
[0.246s] -- Up-to-date symlink: /home/sechan/colcon_ws/install/robotis_manipulator/include//robotis_manipulator/robotis_manipulator_trajectory_generator.h
[0.246s] -- Up-to-date symlink: /home/sechan/colcon_ws/install/robotis_manipulator/share/robotis_manipulator/environment/library_path.sh
[0.246s] -- Up-to-date symlink: /home/sechan/colcon_ws/install/robotis_manipulator/share/robotis_manipulator/environment/library_path.dsv
[0.246s] -- Up-to-date symlink: /home/sechan/colcon_ws/install/robotis_manipulator/share/ament_index/resource_index/package_run_dependencies/robotis_manipulator
[0.247s] -- Up-to-date symlink: /home/sechan/colcon_ws/install/robotis_manipulator/share/ament_index/resource_index/parent_prefix_path/robotis_manipulator
[0.247s] -- Up-to-date symlink: /home/sechan/colcon_ws/install/robotis_manipulator/share/robotis_manipulator/environment/ament_prefix_path.sh
[0.247s] -- Up-to-date symlink: /home/sechan/colcon_ws/install/robotis_manipulator/share/robotis_manipulator/environment/ament_prefix_path.dsv
[0.247s] -- Up-to-date symlink: /home/sechan/colcon_ws/install/robotis_manipulator/share/robotis_manipulator/environment/path.sh
[0.248s] -- Up-to-date symlink: /home/sechan/colcon_ws/install/robotis_manipulator/share/robotis_manipulator/environment/path.dsv
[0.248s] -- Up-to-date symlink: /home/sechan/colcon_ws/install/robotis_manipulator/share/robotis_manipulator/local_setup.bash
[0.248s] -- Up-to-date symlink: /home/sechan/colcon_ws/install/robotis_manipulator/share/robotis_manipulator/local_setup.sh
[0.248s] -- Up-to-date symlink: /home/sechan/colcon_ws/install/robotis_manipulator/share/robotis_manipulator/local_setup.zsh
[0.248s] -- Up-to-date symlink: /home/sechan/colcon_ws/install/robotis_manipulator/share/robotis_manipulator/local_setup.dsv
[0.249s] -- Symlinking: /home/sechan/colcon_ws/install/robotis_manipulator/share/robotis_manipulator/package.dsv
[0.260s] -- Up-to-date symlink: /home/sechan/colcon_ws/install/robotis_manipulator/share/ament_index/resource_index/packages/robotis_manipulator
[0.260s] -- Up-to-date symlink: /home/sechan/colcon_ws/install/robotis_manipulator/share/robotis_manipulator/cmake/ament_cmake_export_include_directories-extras.cmake
[0.261s] -- Up-to-date symlink: /home/sechan/colcon_ws/install/robotis_manipulator/share/robotis_manipulator/cmake/ament_cmake_export_dependencies-extras.cmake
[0.263s] -- Up-to-date symlink: /home/sechan/colcon_ws/install/robotis_manipulator/share/robotis_manipulator/cmake/ament_cmake_export_libraries-extras.cmake
[0.263s] -- Up-to-date symlink: /home/sechan/colcon_ws/install/robotis_manipulator/share/robotis_manipulator/cmake/robotis_manipulatorConfig.cmake
[0.263s] -- Up-to-date symlink: /home/sechan/colcon_ws/install/robotis_manipulator/share/robotis_manipulator/cmake/robotis_manipulatorConfig-version.cmake
[0.264s] -- Up-to-date symlink: /home/sechan/colcon_ws/install/robotis_manipulator/share/robotis_manipulator/package.xml
[0.278s] Invoked command in '/home/sechan/colcon_ws/build/robotis_manipulator' returned '0': CMAKE_PREFIX_PATH=/home/sechan/colcon_ws/install/cmake_modules:/home/sechan/colcon_ws/install/open_manipulator:/home/sechan/colcon_ws/install/open_manipulator_x_controller:/home/sechan/colcon_ws/install/open_manipulator_x_libs:/home/sechan/colcon_ws/install/robotis_manipulator:/home/sechan/colcon_ws/install/open_manipulator_x_description:/home/sechan/colcon_ws/install/open_manipulator_msgs:/home/sechan/colcon_ws/install/dynamixel_workbench:/home/sechan/colcon_ws/install/dynamixel_workbench_toolbox:/home/sechan/colcon_ws/install/dynamixel_sdk_examples:/home/sechan/colcon_ws/install/dynamixel_sdk_custom_interfaces:/home/sechan/colcon_ws/install/dynamixel_sdk:/home/sechan/colcon_ws/install/open_manipulator_x_teleop:/opt/ros/humble /usr/bin/cmake --install /home/sechan/colcon_ws/build/robotis_manipulator
