[  0%] Built target open_manipulator_msgs_generate_messages_cpp
[  0%] Built target open_manipulator_msgs_generate_messages_lisp
[  0%] Built target rosgraph_msgs_generate_messages_cpp
[  0%] Built target geometry_msgs_generate_messages_eus
[  0%] Built target open_manipulator_msgs_generate_messages_eus
[  0%] Built target open_manipulator_msgs_generate_messages_py
[  0%] Built target rosgraph_msgs_generate_messages_eus
[  0%] Built target roscpp_generate_messages_nodejs
[  0%] Built target std_msgs_generate_messages_eus
[  0%] Built target geometry_msgs_generate_messages_cpp
[  0%] Built target geometry_msgs_generate_messages_lisp
[  0%] Built target geometry_msgs_generate_messages_py
[  0%] Built target geometry_msgs_generate_messages_nodejs
[  0%] Built target sensor_msgs_generate_messages_py
[  0%] Built target roscpp_generate_messages_eus
[  0%] Built target sensor_msgs_generate_messages_lisp
[  0%] Built target sensor_msgs_generate_messages_nodejs
[  0%] Built target roscpp_generate_messages_cpp
[  0%] Built target roscpp_generate_messages_py
[  0%] Built target std_msgs_generate_messages_lisp
[  0%] Built target rosgraph_msgs_generate_messages_lisp
[  0%] Built target rosgraph_msgs_generate_messages_py
[  0%] Built target sensor_msgs_generate_messages_eus
[  0%] Built target roscpp_generate_messages_lisp
[  0%] Built target rosgraph_msgs_generate_messages_nodejs
[  0%] Built target std_msgs_generate_messages_nodejs
[  0%] Built target open_manipulator_msgs_generate_messages_nodejs
[  0%] Built target std_msgs_generate_messages_cpp
[  0%] Built target sensor_msgs_generate_messages_cpp
[  0%] Built target std_msgs_generate_messages_py
[35m[1mScanning dependencies of target open_manipulator_teleop_keyboard[0m
[35m[1mScanning dependencies of target open_manipulator_teleop_joystick[0m
[ 50%] [32mBuilding CXX object CMakeFiles/open_manipulator_teleop_keyboard.dir/src/open_manipulator_teleop_keyboard.cpp.o[0m
[ 50%] [32mBuilding CXX object CMakeFiles/open_manipulator_teleop_joystick.dir/src/open_manipulator_teleop_joystick.cpp.o[0m
[01m[K/home/wang/catkin_ws/src/open_manipulator/open_manipulator_teleop/src/open_manipulator_teleop_keyboard.cpp:[m[K In member function ‘[01m[Kvoid OpenManipulatorTeleop::printText()[m[K’:
[01m[K/home/wang/catkin_ws/src/open_manipulator/open_manipulator_teleop/src/open_manipulator_teleop_keyboard.cpp:183:10:[m[K [01;35m[Kwarning: [m[Ktoo many arguments for format [[01;35m[K-Wformat-extra-args[m[K]
  183 |   printf([01;35m[K"Present Joint Angle J1: %.3lf J2: %.3lf J3: %.3lf J4: %.3lf\n"[m[K,
      |          [01;35m[K^~~~~~~~~~~~~~~~~~~~~~~~~~~~~~~~~~~~~~~~~~~~~~~~~~~~~~~~~~~~~~~[m[K
[ 75%] [32m[1mLinking CXX executable /home/wang/catkin_ws/devel/.private/open_manipulator_teleop/lib/open_manipulator_teleop/open_manipulator_teleop_keyboard[0m
[ 75%] Built target open_manipulator_teleop_keyboard
[100%] [32m[1mLinking CXX executable /home/wang/catkin_ws/devel/.private/open_manipulator_teleop/lib/open_manipulator_teleop/open_manipulator_teleop_joystick[0m
[100%] Built target open_manipulator_teleop_joystick
