[0.367s] Invoking command in '/home/hanse/git_ws/final_project/build/open_manipulator_x_libs': AMENT_PREFIX_PATH=/home/hanse/git_ws/final_project/install/robotis_manipulator:/home/hanse/git_ws/final_project/install/dynamixel_workbench_toolbox:/home/hanse/git_ws/final_project/install/dynamixel_sdk:/home/hanse/git_ws/final_project/install/cmake_modules:${AMENT_PREFIX_PATH} CMAKE_PREFIX_PATH=/home/hanse/git_ws/final_project/install/robotis_manipulator:/home/hanse/git_ws/final_project/install/dynamixel_workbench_toolbox:/home/hanse/git_ws/final_project/install/dynamixel_sdk:/home/hanse/git_ws/final_project/install/cmake_modules:/opt/ros/humble LD_LIBRARY_PATH=/home/hanse/git_ws/final_project/install/robotis_manipulator/lib:/home/hanse/git_ws/final_project/install/dynamixel_workbench_toolbox/lib:/home/hanse/git_ws/final_project/install/dynamixel_sdk/lib:/usr/lib/x86_64-linux-gnu/gazebo-11/plugins:/opt/ros/humble/opt/rviz_ogre_vendor/lib:/opt/ros/humble/lib/x86_64-linux-gnu:/opt/ros/humble/lib:/usr/local/cuda-11.7/lib64:/usr/local/cuda-11.7/lib64/ PS1=\[\e]0;\u@\h: \w\a\]${debian_chroot:+($debian_chroot)}\[\033[01;32m\]\u@\h\[\033[00m\]:\[\033[01;34m\]\w\[\033[00m\]\$ /home/hanse/.local/bin/cmake --build /home/hanse/git_ws/final_project/build/open_manipulator_x_libs -- -j8 -l8
[0.420s] [100%] Built target open_manipulator_x_libs
[0.855s] Invoked command in '/home/hanse/git_ws/final_project/build/open_manipulator_x_libs' returned '0': AMENT_PREFIX_PATH=/home/hanse/git_ws/final_project/install/robotis_manipulator:/home/hanse/git_ws/final_project/install/dynamixel_workbench_toolbox:/home/hanse/git_ws/final_project/install/dynamixel_sdk:/home/hanse/git_ws/final_project/install/cmake_modules:${AMENT_PREFIX_PATH} CMAKE_PREFIX_PATH=/home/hanse/git_ws/final_project/install/robotis_manipulator:/home/hanse/git_ws/final_project/install/dynamixel_workbench_toolbox:/home/hanse/git_ws/final_project/install/dynamixel_sdk:/home/hanse/git_ws/final_project/install/cmake_modules:/opt/ros/humble LD_LIBRARY_PATH=/home/hanse/git_ws/final_project/install/robotis_manipulator/lib:/home/hanse/git_ws/final_project/install/dynamixel_workbench_toolbox/lib:/home/hanse/git_ws/final_project/install/dynamixel_sdk/lib:/usr/lib/x86_64-linux-gnu/gazebo-11/plugins:/opt/ros/humble/opt/rviz_ogre_vendor/lib:/opt/ros/humble/lib/x86_64-linux-gnu:/opt/ros/humble/lib:/usr/local/cuda-11.7/lib64:/usr/local/cuda-11.7/lib64/ PS1=\[\e]0;\u@\h: \w\a\]${debian_chroot:+($debian_chroot)}\[\033[01;32m\]\u@\h\[\033[00m\]:\[\033[01;34m\]\w\[\033[00m\]\$ /home/hanse/.local/bin/cmake --build /home/hanse/git_ws/final_project/build/open_manipulator_x_libs -- -j8 -l8
[0.976s] Invoking command in '/home/hanse/git_ws/final_project/build/open_manipulator_x_libs': AMENT_PREFIX_PATH=/home/hanse/git_ws/final_project/install/robotis_manipulator:/home/hanse/git_ws/final_project/install/dynamixel_workbench_toolbox:/home/hanse/git_ws/final_project/install/dynamixel_sdk:/home/hanse/git_ws/final_project/install/cmake_modules:${AMENT_PREFIX_PATH} CMAKE_PREFIX_PATH=/home/hanse/git_ws/final_project/install/robotis_manipulator:/home/hanse/git_ws/final_project/install/dynamixel_workbench_toolbox:/home/hanse/git_ws/final_project/install/dynamixel_sdk:/home/hanse/git_ws/final_project/install/cmake_modules:/opt/ros/humble LD_LIBRARY_PATH=/home/hanse/git_ws/final_project/install/robotis_manipulator/lib:/home/hanse/git_ws/final_project/install/dynamixel_workbench_toolbox/lib:/home/hanse/git_ws/final_project/install/dynamixel_sdk/lib:/usr/lib/x86_64-linux-gnu/gazebo-11/plugins:/opt/ros/humble/opt/rviz_ogre_vendor/lib:/opt/ros/humble/lib/x86_64-linux-gnu:/opt/ros/humble/lib:/usr/local/cuda-11.7/lib64:/usr/local/cuda-11.7/lib64/ PS1=\[\e]0;\u@\h: \w\a\]${debian_chroot:+($debian_chroot)}\[\033[01;32m\]\u@\h\[\033[00m\]:\[\033[01;34m\]\w\[\033[00m\]\$ /home/hanse/.local/bin/cmake --install /home/hanse/git_ws/final_project/build/open_manipulator_x_libs
[1.007s] -- Install configuration: ""
[1.008s] -- Up-to-date: /home/hanse/git_ws/final_project/install/open_manipulator_x_libs/lib/libopen_manipulator_x_libs.so
[1.008s] -- Up-to-date: /home/hanse/git_ws/final_project/install/open_manipulator_x_libs/include/
[1.009s] -- Up-to-date: /home/hanse/git_ws/final_project/install/open_manipulator_x_libs/include//open_manipulator_x_libs
[1.009s] -- Up-to-date: /home/hanse/git_ws/final_project/install/open_manipulator_x_libs/include//open_manipulator_x_libs/custom_trajectory.hpp
[1.009s] -- Up-to-date: /home/hanse/git_ws/final_project/install/open_manipulator_x_libs/include//open_manipulator_x_libs/kinematics.hpp
[1.009s] -- Up-to-date: /home/hanse/git_ws/final_project/install/open_manipulator_x_libs/include//open_manipulator_x_libs/dynamixel.hpp
[1.009s] -- Up-to-date: /home/hanse/git_ws/final_project/install/open_manipulator_x_libs/include//open_manipulator_x_libs/open_manipulator_x.hpp
[1.009s] -- Up-to-date: /home/hanse/git_ws/final_project/install/open_manipulator_x_libs/share/open_manipulator_x_libs/environment/library_path.sh
[1.009s] -- Up-to-date: /home/hanse/git_ws/final_project/install/open_manipulator_x_libs/share/open_manipulator_x_libs/environment/library_path.dsv
[1.009s] -- Up-to-date: /home/hanse/git_ws/final_project/install/open_manipulator_x_libs/share/ament_index/resource_index/package_run_dependencies/open_manipulator_x_libs
[1.009s] -- Up-to-date: /home/hanse/git_ws/final_project/install/open_manipulator_x_libs/share/ament_index/resource_index/parent_prefix_path/open_manipulator_x_libs
[1.009s] -- Up-to-date: /home/hanse/git_ws/final_project/install/open_manipulator_x_libs/share/open_manipulator_x_libs/environment/ament_prefix_path.sh
[1.009s] -- Up-to-date: /home/hanse/git_ws/final_project/install/open_manipulator_x_libs/share/open_manipulator_x_libs/environment/ament_prefix_path.dsv
[1.010s] -- Up-to-date: /home/hanse/git_ws/final_project/install/open_manipulator_x_libs/share/open_manipulator_x_libs/environment/path.sh
[1.010s] -- Up-to-date: /home/hanse/git_ws/final_project/install/open_manipulator_x_libs/share/open_manipulator_x_libs/environment/path.dsv
[1.010s] -- Up-to-date: /home/hanse/git_ws/final_project/install/open_manipulator_x_libs/share/open_manipulator_x_libs/local_setup.bash
[1.010s] -- Up-to-date: /home/hanse/git_ws/final_project/install/open_manipulator_x_libs/share/open_manipulator_x_libs/local_setup.sh
[1.010s] -- Up-to-date: /home/hanse/git_ws/final_project/install/open_manipulator_x_libs/share/open_manipulator_x_libs/local_setup.zsh
[1.010s] -- Up-to-date: /home/hanse/git_ws/final_project/install/open_manipulator_x_libs/share/open_manipulator_x_libs/local_setup.dsv
[1.010s] -- Installing: /home/hanse/git_ws/final_project/install/open_manipulator_x_libs/share/open_manipulator_x_libs/package.dsv
[1.010s] -- Up-to-date: /home/hanse/git_ws/final_project/install/open_manipulator_x_libs/share/ament_index/resource_index/packages/open_manipulator_x_libs
[1.010s] -- Up-to-date: /home/hanse/git_ws/final_project/install/open_manipulator_x_libs/share/open_manipulator_x_libs/cmake/ament_cmake_export_include_directories-extras.cmake
[1.010s] -- Up-to-date: /home/hanse/git_ws/final_project/install/open_manipulator_x_libs/share/open_manipulator_x_libs/cmake/ament_cmake_export_dependencies-extras.cmake
[1.010s] -- Up-to-date: /home/hanse/git_ws/final_project/install/open_manipulator_x_libs/share/open_manipulator_x_libs/cmake/ament_cmake_export_libraries-extras.cmake
[1.010s] -- Up-to-date: /home/hanse/git_ws/final_project/install/open_manipulator_x_libs/share/open_manipulator_x_libs/cmake/open_manipulator_x_libsConfig.cmake
[1.011s] -- Up-to-date: /home/hanse/git_ws/final_project/install/open_manipulator_x_libs/share/open_manipulator_x_libs/cmake/open_manipulator_x_libsConfig-version.cmake
[1.011s] -- Up-to-date: /home/hanse/git_ws/final_project/install/open_manipulator_x_libs/share/open_manipulator_x_libs/package.xml
[1.188s] Invoked command in '/home/hanse/git_ws/final_project/build/open_manipulator_x_libs' returned '0': AMENT_PREFIX_PATH=/home/hanse/git_ws/final_project/install/robotis_manipulator:/home/hanse/git_ws/final_project/install/dynamixel_workbench_toolbox:/home/hanse/git_ws/final_project/install/dynamixel_sdk:/home/hanse/git_ws/final_project/install/cmake_modules:${AMENT_PREFIX_PATH} CMAKE_PREFIX_PATH=/home/hanse/git_ws/final_project/install/robotis_manipulator:/home/hanse/git_ws/final_project/install/dynamixel_workbench_toolbox:/home/hanse/git_ws/final_project/install/dynamixel_sdk:/home/hanse/git_ws/final_project/install/cmake_modules:/opt/ros/humble LD_LIBRARY_PATH=/home/hanse/git_ws/final_project/install/robotis_manipulator/lib:/home/hanse/git_ws/final_project/install/dynamixel_workbench_toolbox/lib:/home/hanse/git_ws/final_project/install/dynamixel_sdk/lib:/usr/lib/x86_64-linux-gnu/gazebo-11/plugins:/opt/ros/humble/opt/rviz_ogre_vendor/lib:/opt/ros/humble/lib/x86_64-linux-gnu:/opt/ros/humble/lib:/usr/local/cuda-11.7/lib64:/usr/local/cuda-11.7/lib64/ PS1=\[\e]0;\u@\h: \w\a\]${debian_chroot:+($debian_chroot)}\[\033[01;32m\]\u@\h\[\033[00m\]:\[\033[01;34m\]\w\[\033[00m\]\$ /home/hanse/.local/bin/cmake --install /home/hanse/git_ws/final_project/build/open_manipulator_x_libs
