[0.249s] Invoking command in '/home/kimdu/hanse/build/open_manipulator_msgs': CMAKE_PREFIX_PATH=${CMAKE_PREFIX_PATH}:/home/kimdu/hanse/install/open_manipulator_x_teleop:/home/kimdu/hanse/install/ai_manipulation:/home/kimdu/pinkbot/install/minibot_driving:/home/kimdu/pinkbot/install/mas_test:/opt/ros/humble /usr/bin/cmake --build /home/kimdu/hanse/build/open_manipulator_msgs -- -j8 -l8
[0.299s] [ 11%] Built target open_manipulator_msgs__rosidl_generator_c
[0.299s] [ 12%] Built target open_manipulator_msgs__cpp
[0.316s] [ 12%] Built target ament_cmake_python_copy_open_manipulator_msgs
[0.350s] [ 24%] Built target open_manipulator_msgs__rosidl_typesupport_fastrtps_cpp
[0.355s] [ 35%] Built target open_manipulator_msgs__rosidl_typesupport_fastrtps_c
[0.356s] [ 47%] Built target open_manipulator_msgs__rosidl_typesupport_introspection_c
[0.370s] [ 58%] Built target open_manipulator_msgs__rosidl_typesupport_c
[0.384s] [ 70%] Built target open_manipulator_msgs__rosidl_typesupport_cpp
[0.385s] [ 82%] Built target open_manipulator_msgs__rosidl_typesupport_introspection_cpp
[0.410s] [ 82%] Built target open_manipulator_msgs
[0.431s] [ 83%] Built target open_manipulator_msgs__py
[0.458s] [ 93%] Built target open_manipulator_msgs__rosidl_generator_py
[0.487s] [ 96%] Built target open_manipulator_msgs__rosidl_typesupport_fastrtps_c__pyext
[0.488s] [ 97%] Built target open_manipulator_msgs__rosidl_typesupport_introspection_c__pyext
[0.499s] [100%] Built target open_manipulator_msgs__rosidl_typesupport_c__pyext
[0.614s] running egg_info
[0.615s] writing open_manipulator_msgs.egg-info/PKG-INFO
[0.615s] writing dependency_links to open_manipulator_msgs.egg-info/dependency_links.txt
[0.615s] writing top-level names to open_manipulator_msgs.egg-info/top_level.txt
[0.617s] reading manifest file 'open_manipulator_msgs.egg-info/SOURCES.txt'
[0.617s] writing manifest file 'open_manipulator_msgs.egg-info/SOURCES.txt'
[0.640s] [100%] Built target ament_cmake_python_build_open_manipulator_msgs_egg
[0.804s] Invoked command in '/home/kimdu/hanse/build/open_manipulator_msgs' returned '0': CMAKE_PREFIX_PATH=${CMAKE_PREFIX_PATH}:/home/kimdu/hanse/install/open_manipulator_x_teleop:/home/kimdu/hanse/install/ai_manipulation:/home/kimdu/pinkbot/install/minibot_driving:/home/kimdu/pinkbot/install/mas_test:/opt/ros/humble /usr/bin/cmake --build /home/kimdu/hanse/build/open_manipulator_msgs -- -j8 -l8
[1.003s] Invoking command in '/home/kimdu/hanse/build/open_manipulator_msgs': CMAKE_PREFIX_PATH=${CMAKE_PREFIX_PATH}:/home/kimdu/hanse/install/open_manipulator_x_teleop:/home/kimdu/hanse/install/ai_manipulation:/home/kimdu/pinkbot/install/minibot_driving:/home/kimdu/pinkbot/install/mas_test:/opt/ros/humble /usr/bin/cmake --install /home/kimdu/hanse/build/open_manipulator_msgs
[1.013s] -- Install configuration: ""
[1.014s] -- Up-to-date: /home/kimdu/hanse/install/open_manipulator_msgs/share/ament_index/resource_index/rosidl_interfaces/open_manipulator_msgs
[1.014s] -- Up-to-date: /home/kimdu/hanse/install/open_manipulator_msgs/include/open_manipulator_msgs/open_manipulator_msgs
[1.014s] -- Up-to-date: /home/kimdu/hanse/install/open_manipulator_msgs/include/open_manipulator_msgs/open_manipulator_msgs/msg
[1.014s] -- Up-to-date: /home/kimdu/hanse/install/open_manipulator_msgs/include/open_manipulator_msgs/open_manipulator_msgs/msg/open_manipulator_state.h
[1.014s] -- Up-to-date: /home/kimdu/hanse/install/open_manipulator_msgs/include/open_manipulator_msgs/open_manipulator_msgs/msg/kinematics_pose.h
[1.014s] -- Up-to-date: /home/kimdu/hanse/install/open_manipulator_msgs/include/open_manipulator_msgs/open_manipulator_msgs/msg/rosidl_generator_c__visibility_control.h
[1.014s] -- Up-to-date: /home/kimdu/hanse/install/open_manipulator_msgs/include/open_manipulator_msgs/open_manipulator_msgs/msg/joint_position.h
[1.014s] -- Up-to-date: /home/kimdu/hanse/install/open_manipulator_msgs/include/open_manipulator_msgs/open_manipulator_msgs/msg/detail
[1.015s] -- Up-to-date: /home/kimdu/hanse/install/open_manipulator_msgs/include/open_manipulator_msgs/open_manipulator_msgs/msg/detail/kinematics_pose__functions.c
[1.015s] -- Up-to-date: /home/kimdu/hanse/install/open_manipulator_msgs/include/open_manipulator_msgs/open_manipulator_msgs/msg/detail/joint_position__functions.h
[1.015s] -- Up-to-date: /home/kimdu/hanse/install/open_manipulator_msgs/include/open_manipulator_msgs/open_manipulator_msgs/msg/detail/open_manipulator_state__struct.h
[1.015s] -- Up-to-date: /home/kimdu/hanse/install/open_manipulator_msgs/include/open_manipulator_msgs/open_manipulator_msgs/msg/detail/kinematics_pose__type_support.h
[1.015s] -- Up-to-date: /home/kimdu/hanse/install/open_manipulator_msgs/include/open_manipulator_msgs/open_manipulator_msgs/msg/detail/kinematics_pose__functions.h
[1.015s] -- Up-to-date: /home/kimdu/hanse/install/open_manipulator_msgs/include/open_manipulator_msgs/open_manipulator_msgs/msg/detail/joint_position__struct.h
[1.015s] -- Up-to-date: /home/kimdu/hanse/install/open_manipulator_msgs/include/open_manipulator_msgs/open_manipulator_msgs/msg/detail/open_manipulator_state__functions.c
[1.017s] -- Up-to-date: /home/kimdu/hanse/install/open_manipulator_msgs/include/open_manipulator_msgs/open_manipulator_msgs/msg/detail/open_manipulator_state__functions.h
[1.018s] -- Up-to-date: /home/kimdu/hanse/install/open_manipulator_msgs/include/open_manipulator_msgs/open_manipulator_msgs/msg/detail/kinematics_pose__struct.h
[1.018s] -- Up-to-date: /home/kimdu/hanse/install/open_manipulator_msgs/include/open_manipulator_msgs/open_manipulator_msgs/msg/detail/open_manipulator_state__type_support.h
[1.018s] -- Up-to-date: /home/kimdu/hanse/install/open_manipulator_msgs/include/open_manipulator_msgs/open_manipulator_msgs/msg/detail/joint_position__type_support.h
[1.019s] -- Up-to-date: /home/kimdu/hanse/install/open_manipulator_msgs/include/open_manipulator_msgs/open_manipulator_msgs/msg/detail/joint_position__functions.c
[1.019s] -- Up-to-date: /home/kimdu/hanse/install/open_manipulator_msgs/include/open_manipulator_msgs/open_manipulator_msgs/srv
[1.019s] -- Up-to-date: /home/kimdu/hanse/install/open_manipulator_msgs/include/open_manipulator_msgs/open_manipulator_msgs/srv/set_actuator_state.h
[1.019s] -- Up-to-date: /home/kimdu/hanse/install/open_manipulator_msgs/include/open_manipulator_msgs/open_manipulator_msgs/srv/get_joint_position.h
[1.022s] -- Up-to-date: /home/kimdu/hanse/install/open_manipulator_msgs/include/open_manipulator_msgs/open_manipulator_msgs/srv/set_drawing_trajectory.h
[1.022s] -- Up-to-date: /home/kimdu/hanse/install/open_manipulator_msgs/include/open_manipulator_msgs/open_manipulator_msgs/srv/set_joint_position.h
[1.022s] -- Up-to-date: /home/kimdu/hanse/install/open_manipulator_msgs/include/open_manipulator_msgs/open_manipulator_msgs/srv/get_kinematics_pose.h
[1.022s] -- Up-to-date: /home/kimdu/hanse/install/open_manipulator_msgs/include/open_manipulator_msgs/open_manipulator_msgs/srv/detail
[1.022s] -- Up-to-date: /home/kimdu/hanse/install/open_manipulator_msgs/include/open_manipulator_msgs/open_manipulator_msgs/srv/detail/set_joint_position__functions.h
[1.022s] -- Up-to-date: /home/kimdu/hanse/install/open_manipulator_msgs/include/open_manipulator_msgs/open_manipulator_msgs/srv/detail/set_kinematics_pose__functions.h
[1.023s] -- Up-to-date: /home/kimdu/hanse/install/open_manipulator_msgs/include/open_manipulator_msgs/open_manipulator_msgs/srv/detail/set_kinematics_pose__functions.c
[1.023s] -- Up-to-date: /home/kimdu/hanse/install/open_manipulator_msgs/include/open_manipulator_msgs/open_manipulator_msgs/srv/detail/set_drawing_trajectory__struct.h
[1.023s] -- Up-to-date: /home/kimdu/hanse/install/open_manipulator_msgs/include/open_manipulator_msgs/open_manipulator_msgs/srv/detail/set_drawing_trajectory__type_support.h
[1.023s] -- Up-to-date: /home/kimdu/hanse/install/open_manipulator_msgs/include/open_manipulator_msgs/open_manipulator_msgs/srv/detail/get_joint_position__functions.c
[1.023s] -- Up-to-date: /home/kimdu/hanse/install/open_manipulator_msgs/include/open_manipulator_msgs/open_manipulator_msgs/srv/detail/set_actuator_state__functions.c
[1.023s] -- Up-to-date: /home/kimdu/hanse/install/open_manipulator_msgs/include/open_manipulator_msgs/open_manipulator_msgs/srv/detail/get_kinematics_pose__functions.h
[1.023s] -- Up-to-date: /home/kimdu/hanse/install/open_manipulator_msgs/include/open_manipulator_msgs/open_manipulator_msgs/srv/detail/get_kinematics_pose__type_support.h
[1.023s] -- Up-to-date: /home/kimdu/hanse/install/open_manipulator_msgs/include/open_manipulator_msgs/open_manipulator_msgs/srv/detail/set_joint_position__struct.h
[1.023s] -- Up-to-date: /home/kimdu/hanse/install/open_manipulator_msgs/include/open_manipulator_msgs/open_manipulator_msgs/srv/detail/get_joint_position__struct.h
[1.023s] -- Up-to-date: /home/kimdu/hanse/install/open_manipulator_msgs/include/open_manipulator_msgs/open_manipulator_msgs/srv/detail/get_kinematics_pose__struct.h
[1.023s] -- Up-to-date: /home/kimdu/hanse/install/open_manipulator_msgs/include/open_manipulator_msgs/open_manipulator_msgs/srv/detail/set_actuator_state__type_support.h
[1.026s] -- Up-to-date: /home/kimdu/hanse/install/open_manipulator_msgs/include/open_manipulator_msgs/open_manipulator_msgs/srv/detail/set_actuator_state__functions.h
[1.026s] -- Up-to-date: /home/kimdu/hanse/install/open_manipulator_msgs/include/open_manipulator_msgs/open_manipulator_msgs/srv/detail/set_kinematics_pose__type_support.h
[1.026s] -- Up-to-date: /home/kimdu/hanse/install/open_manipulator_msgs/include/open_manipulator_msgs/open_manipulator_msgs/srv/detail/set_joint_position__type_support.h
[1.026s] -- Up-to-date: /home/kimdu/hanse/install/open_manipulator_msgs/include/open_manipulator_msgs/open_manipulator_msgs/srv/detail/set_drawing_trajectory__functions.c
[1.026s] -- Up-to-date: /home/kimdu/hanse/install/open_manipulator_msgs/include/open_manipulator_msgs/open_manipulator_msgs/srv/detail/get_joint_position__functions.h
[1.026s] -- Up-to-date: /home/kimdu/hanse/install/open_manipulator_msgs/include/open_manipulator_msgs/open_manipulator_msgs/srv/detail/set_actuator_state__struct.h
[1.026s] -- Up-to-date: /home/kimdu/hanse/install/open_manipulator_msgs/include/open_manipulator_msgs/open_manipulator_msgs/srv/detail/set_drawing_trajectory__functions.h
[1.026s] -- Up-to-date: /home/kimdu/hanse/install/open_manipulator_msgs/include/open_manipulator_msgs/open_manipulator_msgs/srv/detail/get_joint_position__type_support.h
[1.026s] -- Up-to-date: /home/kimdu/hanse/install/open_manipulator_msgs/include/open_manipulator_msgs/open_manipulator_msgs/srv/detail/set_kinematics_pose__struct.h
[1.026s] -- Up-to-date: /home/kimdu/hanse/install/open_manipulator_msgs/include/open_manipulator_msgs/open_manipulator_msgs/srv/detail/get_kinematics_pose__functions.c
[1.027s] -- Up-to-date: /home/kimdu/hanse/install/open_manipulator_msgs/include/open_manipulator_msgs/open_manipulator_msgs/srv/detail/set_joint_position__functions.c
[1.027s] -- Up-to-date: /home/kimdu/hanse/install/open_manipulator_msgs/include/open_manipulator_msgs/open_manipulator_msgs/srv/set_kinematics_pose.h
[1.027s] -- Up-to-date: /home/kimdu/hanse/install/open_manipulator_msgs/share/open_manipulator_msgs/environment/library_path.sh
[1.027s] -- Up-to-date: /home/kimdu/hanse/install/open_manipulator_msgs/share/open_manipulator_msgs/environment/library_path.dsv
[1.027s] -- Up-to-date: /home/kimdu/hanse/install/open_manipulator_msgs/lib/libopen_manipulator_msgs__rosidl_generator_c.so
[1.027s] -- Up-to-date: /home/kimdu/hanse/install/open_manipulator_msgs/include/open_manipulator_msgs/open_manipulator_msgs
[1.027s] -- Up-to-date: /home/kimdu/hanse/install/open_manipulator_msgs/include/open_manipulator_msgs/open_manipulator_msgs/msg
[1.027s] -- Up-to-date: /home/kimdu/hanse/install/open_manipulator_msgs/include/open_manipulator_msgs/open_manipulator_msgs/msg/rosidl_typesupport_fastrtps_c__visibility_control.h
[1.027s] -- Up-to-date: /home/kimdu/hanse/install/open_manipulator_msgs/include/open_manipulator_msgs/open_manipulator_msgs/msg/detail
[1.027s] -- Up-to-date: /home/kimdu/hanse/install/open_manipulator_msgs/include/open_manipulator_msgs/open_manipulator_msgs/msg/detail/kinematics_pose__rosidl_typesupport_fastrtps_c.h
[1.027s] -- Up-to-date: /home/kimdu/hanse/install/open_manipulator_msgs/include/open_manipulator_msgs/open_manipulator_msgs/msg/detail/joint_position__rosidl_typesupport_fastrtps_c.h
[1.027s] -- Up-to-date: /home/kimdu/hanse/install/open_manipulator_msgs/include/open_manipulator_msgs/open_manipulator_msgs/msg/detail/open_manipulator_state__rosidl_typesupport_fastrtps_c.h
[1.027s] -- Up-to-date: /home/kimdu/hanse/install/open_manipulator_msgs/include/open_manipulator_msgs/open_manipulator_msgs/srv
[1.043s] -- Up-to-date: /home/kimdu/hanse/install/open_manipulator_msgs/include/open_manipulator_msgs/open_manipulator_msgs/srv/detail
[1.043s] -- Up-to-date: /home/kimdu/hanse/install/open_manipulator_msgs/include/open_manipulator_msgs/open_manipulator_msgs/srv/detail/get_kinematics_pose__rosidl_typesupport_fastrtps_c.h
[1.043s] -- Up-to-date: /home/kimdu/hanse/install/open_manipulator_msgs/include/open_manipulator_msgs/open_manipulator_msgs/srv/detail/set_drawing_trajectory__rosidl_typesupport_fastrtps_c.h
[1.043s] -- Up-to-date: /home/kimdu/hanse/install/open_manipulator_msgs/include/open_manipulator_msgs/open_manipulator_msgs/srv/detail/set_actuator_state__rosidl_typesupport_fastrtps_c.h
[1.043s] -- Up-to-date: /home/kimdu/hanse/install/open_manipulator_msgs/include/open_manipulator_msgs/open_manipulator_msgs/srv/detail/get_joint_position__rosidl_typesupport_fastrtps_c.h
[1.043s] -- Up-to-date: /home/kimdu/hanse/install/open_manipulator_msgs/include/open_manipulator_msgs/open_manipulator_msgs/srv/detail/set_kinematics_pose__rosidl_typesupport_fastrtps_c.h
[1.043s] -- Up-to-date: /home/kimdu/hanse/install/open_manipulator_msgs/include/open_manipulator_msgs/open_manipulator_msgs/srv/detail/set_joint_position__rosidl_typesupport_fastrtps_c.h
[1.043s] -- Up-to-date: /home/kimdu/hanse/install/open_manipulator_msgs/lib/libopen_manipulator_msgs__rosidl_typesupport_fastrtps_c.so
[1.043s] -- Up-to-date: /home/kimdu/hanse/install/open_manipulator_msgs/include/open_manipulator_msgs/open_manipulator_msgs
[1.044s] -- Up-to-date: /home/kimdu/hanse/install/open_manipulator_msgs/include/open_manipulator_msgs/open_manipulator_msgs/msg
[1.044s] -- Up-to-date: /home/kimdu/hanse/install/open_manipulator_msgs/include/open_manipulator_msgs/open_manipulator_msgs/msg/open_manipulator_state.hpp
[1.044s] -- Up-to-date: /home/kimdu/hanse/install/open_manipulator_msgs/include/open_manipulator_msgs/open_manipulator_msgs/msg/kinematics_pose.hpp
[1.044s] -- Up-to-date: /home/kimdu/hanse/install/open_manipulator_msgs/include/open_manipulator_msgs/open_manipulator_msgs/msg/joint_position.hpp
[1.044s] -- Up-to-date: /home/kimdu/hanse/install/open_manipulator_msgs/include/open_manipulator_msgs/open_manipulator_msgs/msg/detail
[1.044s] -- Up-to-date: /home/kimdu/hanse/install/open_manipulator_msgs/include/open_manipulator_msgs/open_manipulator_msgs/msg/detail/joint_position__struct.hpp
[1.044s] -- Up-to-date: /home/kimdu/hanse/install/open_manipulator_msgs/include/open_manipulator_msgs/open_manipulator_msgs/msg/detail/kinematics_pose__traits.hpp
[1.044s] -- Up-to-date: /home/kimdu/hanse/install/open_manipulator_msgs/include/open_manipulator_msgs/open_manipulator_msgs/msg/detail/joint_position__traits.hpp
[1.044s] -- Up-to-date: /home/kimdu/hanse/install/open_manipulator_msgs/include/open_manipulator_msgs/open_manipulator_msgs/msg/detail/open_manipulator_state__builder.hpp
[1.044s] -- Up-to-date: /home/kimdu/hanse/install/open_manipulator_msgs/include/open_manipulator_msgs/open_manipulator_msgs/msg/detail/kinematics_pose__builder.hpp
[1.044s] -- Up-to-date: /home/kimdu/hanse/install/open_manipulator_msgs/include/open_manipulator_msgs/open_manipulator_msgs/msg/detail/joint_position__builder.hpp
[1.044s] -- Up-to-date: /home/kimdu/hanse/install/open_manipulator_msgs/include/open_manipulator_msgs/open_manipulator_msgs/msg/detail/open_manipulator_state__traits.hpp
[1.044s] -- Up-to-date: /home/kimdu/hanse/install/open_manipulator_msgs/include/open_manipulator_msgs/open_manipulator_msgs/msg/detail/kinematics_pose__struct.hpp
[1.044s] -- Up-to-date: /home/kimdu/hanse/install/open_manipulator_msgs/include/open_manipulator_msgs/open_manipulator_msgs/msg/detail/open_manipulator_state__struct.hpp
[1.044s] -- Up-to-date: /home/kimdu/hanse/install/open_manipulator_msgs/include/open_manipulator_msgs/open_manipulator_msgs/srv
[1.044s] -- Up-to-date: /home/kimdu/hanse/install/open_manipulator_msgs/include/open_manipulator_msgs/open_manipulator_msgs/srv/set_joint_position.hpp
[1.045s] -- Up-to-date: /home/kimdu/hanse/install/open_manipulator_msgs/include/open_manipulator_msgs/open_manipulator_msgs/srv/get_joint_position.hpp
[1.045s] -- Up-to-date: /home/kimdu/hanse/install/open_manipulator_msgs/include/open_manipulator_msgs/open_manipulator_msgs/srv/set_drawing_trajectory.hpp
[1.045s] -- Up-to-date: /home/kimdu/hanse/install/open_manipulator_msgs/include/open_manipulator_msgs/open_manipulator_msgs/srv/get_kinematics_pose.hpp
[1.045s] -- Up-to-date: /home/kimdu/hanse/install/open_manipulator_msgs/include/open_manipulator_msgs/open_manipulator_msgs/srv/detail
[1.045s] -- Up-to-date: /home/kimdu/hanse/install/open_manipulator_msgs/include/open_manipulator_msgs/open_manipulator_msgs/srv/detail/get_kinematics_pose__builder.hpp
[1.045s] -- Up-to-date: /home/kimdu/hanse/install/open_manipulator_msgs/include/open_manipulator_msgs/open_manipulator_msgs/srv/detail/get_joint_position__struct.hpp
[1.045s] -- Up-to-date: /home/kimdu/hanse/install/open_manipulator_msgs/include/open_manipulator_msgs/open_manipulator_msgs/srv/detail/set_kinematics_pose__builder.hpp
[1.045s] -- Up-to-date: /home/kimdu/hanse/install/open_manipulator_msgs/include/open_manipulator_msgs/open_manipulator_msgs/srv/detail/set_joint_position__struct.hpp
[1.045s] -- Up-to-date: /home/kimdu/hanse/install/open_manipulator_msgs/include/open_manipulator_msgs/open_manipulator_msgs/srv/detail/set_drawing_trajectory__struct.hpp
[1.045s] -- Up-to-date: /home/kimdu/hanse/install/open_manipulator_msgs/include/open_manipulator_msgs/open_manipulator_msgs/srv/detail/get_kinematics_pose__struct.hpp
[1.045s] -- Up-to-date: /home/kimdu/hanse/install/open_manipulator_msgs/include/open_manipulator_msgs/open_manipulator_msgs/srv/detail/set_joint_position__traits.hpp
[1.046s] -- Up-to-date: /home/kimdu/hanse/install/open_manipulator_msgs/include/open_manipulator_msgs/open_manipulator_msgs/srv/detail/set_drawing_trajectory__traits.hpp
[1.046s] -- Up-to-date: /home/kimdu/hanse/install/open_manipulator_msgs/include/open_manipulator_msgs/open_manipulator_msgs/srv/detail/set_kinematics_pose__traits.hpp
[1.046s] -- Up-to-date: /home/kimdu/hanse/install/open_manipulator_msgs/include/open_manipulator_msgs/open_manipulator_msgs/srv/detail/get_joint_position__builder.hpp
[1.046s] -- Up-to-date: /home/kimdu/hanse/install/open_manipulator_msgs/include/open_manipulator_msgs/open_manipulator_msgs/srv/detail/set_drawing_trajectory__builder.hpp
[1.046s] -- Up-to-date: /home/kimdu/hanse/install/open_manipulator_msgs/include/open_manipulator_msgs/open_manipulator_msgs/srv/detail/set_actuator_state__struct.hpp
[1.046s] -- Up-to-date: /home/kimdu/hanse/install/open_manipulator_msgs/include/open_manipulator_msgs/open_manipulator_msgs/srv/detail/set_joint_position__builder.hpp
[1.046s] -- Up-to-date: /home/kimdu/hanse/install/open_manipulator_msgs/include/open_manipulator_msgs/open_manipulator_msgs/srv/detail/set_actuator_state__builder.hpp
[1.046s] -- Up-to-date: /home/kimdu/hanse/install/open_manipulator_msgs/include/open_manipulator_msgs/open_manipulator_msgs/srv/detail/get_joint_position__traits.hpp
[1.046s] -- Up-to-date: /home/kimdu/hanse/install/open_manipulator_msgs/include/open_manipulator_msgs/open_manipulator_msgs/srv/detail/get_kinematics_pose__traits.hpp
[1.046s] -- Up-to-date: /home/kimdu/hanse/install/open_manipulator_msgs/include/open_manipulator_msgs/open_manipulator_msgs/srv/detail/set_actuator_state__traits.hpp
[1.046s] -- Up-to-date: /home/kimdu/hanse/install/open_manipulator_msgs/include/open_manipulator_msgs/open_manipulator_msgs/srv/detail/set_kinematics_pose__struct.hpp
[1.047s] -- Up-to-date: /home/kimdu/hanse/install/open_manipulator_msgs/include/open_manipulator_msgs/open_manipulator_msgs/srv/set_actuator_state.hpp
[1.047s] -- Up-to-date: /home/kimdu/hanse/install/open_manipulator_msgs/include/open_manipulator_msgs/open_manipulator_msgs/srv/set_kinematics_pose.hpp
[1.047s] -- Up-to-date: /home/kimdu/hanse/install/open_manipulator_msgs/include/open_manipulator_msgs/open_manipulator_msgs
[1.047s] -- Up-to-date: /home/kimdu/hanse/install/open_manipulator_msgs/include/open_manipulator_msgs/open_manipulator_msgs/msg
[1.047s] -- Up-to-date: /home/kimdu/hanse/install/open_manipulator_msgs/include/open_manipulator_msgs/open_manipulator_msgs/msg/rosidl_typesupport_fastrtps_cpp__visibility_control.h
[1.047s] -- Up-to-date: /home/kimdu/hanse/install/open_manipulator_msgs/include/open_manipulator_msgs/open_manipulator_msgs/msg/detail
[1.047s] -- Up-to-date: /home/kimdu/hanse/install/open_manipulator_msgs/include/open_manipulator_msgs/open_manipulator_msgs/msg/detail/open_manipulator_state__rosidl_typesupport_fastrtps_cpp.hpp
[1.047s] -- Up-to-date: /home/kimdu/hanse/install/open_manipulator_msgs/include/open_manipulator_msgs/open_manipulator_msgs/msg/detail/joint_position__rosidl_typesupport_fastrtps_cpp.hpp
[1.047s] -- Up-to-date: /home/kimdu/hanse/install/open_manipulator_msgs/include/open_manipulator_msgs/open_manipulator_msgs/msg/detail/dds_fastrtps
[1.047s] -- Up-to-date: /home/kimdu/hanse/install/open_manipulator_msgs/include/open_manipulator_msgs/open_manipulator_msgs/msg/detail/kinematics_pose__rosidl_typesupport_fastrtps_cpp.hpp
[1.049s] -- Up-to-date: /home/kimdu/hanse/install/open_manipulator_msgs/include/open_manipulator_msgs/open_manipulator_msgs/srv
[1.049s] -- Up-to-date: /home/kimdu/hanse/install/open_manipulator_msgs/include/open_manipulator_msgs/open_manipulator_msgs/srv/detail
[1.049s] -- Up-to-date: /home/kimdu/hanse/install/open_manipulator_msgs/include/open_manipulator_msgs/open_manipulator_msgs/srv/detail/get_joint_position__rosidl_typesupport_fastrtps_cpp.hpp
[1.049s] -- Up-to-date: /home/kimdu/hanse/install/open_manipulator_msgs/include/open_manipulator_msgs/open_manipulator_msgs/srv/detail/set_drawing_trajectory__rosidl_typesupport_fastrtps_cpp.hpp
[1.049s] -- Up-to-date: /home/kimdu/hanse/install/open_manipulator_msgs/include/open_manipulator_msgs/open_manipulator_msgs/srv/detail/set_kinematics_pose__rosidl_typesupport_fastrtps_cpp.hpp
[1.049s] -- Up-to-date: /home/kimdu/hanse/install/open_manipulator_msgs/include/open_manipulator_msgs/open_manipulator_msgs/srv/detail/dds_fastrtps
[1.049s] -- Up-to-date: /home/kimdu/hanse/install/open_manipulator_msgs/include/open_manipulator_msgs/open_manipulator_msgs/srv/detail/set_joint_position__rosidl_typesupport_fastrtps_cpp.hpp
[1.049s] -- Up-to-date: /home/kimdu/hanse/install/open_manipulator_msgs/include/open_manipulator_msgs/open_manipulator_msgs/srv/detail/set_actuator_state__rosidl_typesupport_fastrtps_cpp.hpp
[1.049s] -- Up-to-date: /home/kimdu/hanse/install/open_manipulator_msgs/include/open_manipulator_msgs/open_manipulator_msgs/srv/detail/get_kinematics_pose__rosidl_typesupport_fastrtps_cpp.hpp
[1.049s] -- Up-to-date: /home/kimdu/hanse/install/open_manipulator_msgs/lib/libopen_manipulator_msgs__rosidl_typesupport_fastrtps_cpp.so
[1.049s] -- Up-to-date: /home/kimdu/hanse/install/open_manipulator_msgs/include/open_manipulator_msgs/open_manipulator_msgs
[1.049s] -- Up-to-date: /home/kimdu/hanse/install/open_manipulator_msgs/include/open_manipulator_msgs/open_manipulator_msgs/msg
[1.050s] -- Up-to-date: /home/kimdu/hanse/install/open_manipulator_msgs/include/open_manipulator_msgs/open_manipulator_msgs/msg/rosidl_typesupport_introspection_c__visibility_control.h
[1.051s] -- Up-to-date: /home/kimdu/hanse/install/open_manipulator_msgs/include/open_manipulator_msgs/open_manipulator_msgs/msg/detail
[1.051s] -- Up-to-date: /home/kimdu/hanse/install/open_manipulator_msgs/include/open_manipulator_msgs/open_manipulator_msgs/msg/detail/open_manipulator_state__type_support.c
[1.051s] -- Up-to-date: /home/kimdu/hanse/install/open_manipulator_msgs/include/open_manipulator_msgs/open_manipulator_msgs/msg/detail/kinematics_pose__rosidl_typesupport_introspection_c.h
[1.051s] -- Up-to-date: /home/kimdu/hanse/install/open_manipulator_msgs/include/open_manipulator_msgs/open_manipulator_msgs/msg/detail/joint_position__type_support.c
[1.051s] -- Up-to-date: /home/kimdu/hanse/install/open_manipulator_msgs/include/open_manipulator_msgs/open_manipulator_msgs/msg/detail/kinematics_pose__type_support.c
[1.051s] -- Up-to-date: /home/kimdu/hanse/install/open_manipulator_msgs/include/open_manipulator_msgs/open_manipulator_msgs/msg/detail/joint_position__rosidl_typesupport_introspection_c.h
[1.051s] -- Up-to-date: /home/kimdu/hanse/install/open_manipulator_msgs/include/open_manipulator_msgs/open_manipulator_msgs/msg/detail/open_manipulator_state__rosidl_typesupport_introspection_c.h
[1.051s] -- Up-to-date: /home/kimdu/hanse/install/open_manipulator_msgs/include/open_manipulator_msgs/open_manipulator_msgs/srv
[1.051s] -- Up-to-date: /home/kimdu/hanse/install/open_manipulator_msgs/include/open_manipulator_msgs/open_manipulator_msgs/srv/detail
[1.051s] -- Up-to-date: /home/kimdu/hanse/install/open_manipulator_msgs/include/open_manipulator_msgs/open_manipulator_msgs/srv/detail/set_drawing_trajectory__type_support.c
[1.051s] -- Up-to-date: /home/kimdu/hanse/install/open_manipulator_msgs/include/open_manipulator_msgs/open_manipulator_msgs/srv/detail/get_joint_position__rosidl_typesupport_introspection_c.h
[1.051s] -- Up-to-date: /home/kimdu/hanse/install/open_manipulator_msgs/include/open_manipulator_msgs/open_manipulator_msgs/srv/detail/set_actuator_state__rosidl_typesupport_introspection_c.h
[1.051s] -- Up-to-date: /home/kimdu/hanse/install/open_manipulator_msgs/include/open_manipulator_msgs/open_manipulator_msgs/srv/detail/set_drawing_trajectory__rosidl_typesupport_introspection_c.h
[1.051s] -- Up-to-date: /home/kimdu/hanse/install/open_manipulator_msgs/include/open_manipulator_msgs/open_manipulator_msgs/srv/detail/set_kinematics_pose__type_support.c
[1.051s] -- Up-to-date: /home/kimdu/hanse/install/open_manipulator_msgs/include/open_manipulator_msgs/open_manipulator_msgs/srv/detail/get_joint_position__type_support.c
[1.051s] -- Up-to-date: /home/kimdu/hanse/install/open_manipulator_msgs/include/open_manipulator_msgs/open_manipulator_msgs/srv/detail/set_joint_position__rosidl_typesupport_introspection_c.h
[1.052s] -- Up-to-date: /home/kimdu/hanse/install/open_manipulator_msgs/include/open_manipulator_msgs/open_manipulator_msgs/srv/detail/set_joint_position__type_support.c
[1.052s] -- Up-to-date: /home/kimdu/hanse/install/open_manipulator_msgs/include/open_manipulator_msgs/open_manipulator_msgs/srv/detail/set_kinematics_pose__rosidl_typesupport_introspection_c.h
[1.052s] -- Up-to-date: /home/kimdu/hanse/install/open_manipulator_msgs/include/open_manipulator_msgs/open_manipulator_msgs/srv/detail/get_kinematics_pose__rosidl_typesupport_introspection_c.h
[1.052s] -- Up-to-date: /home/kimdu/hanse/install/open_manipulator_msgs/include/open_manipulator_msgs/open_manipulator_msgs/srv/detail/get_kinematics_pose__type_support.c
[1.052s] -- Up-to-date: /home/kimdu/hanse/install/open_manipulator_msgs/include/open_manipulator_msgs/open_manipulator_msgs/srv/detail/set_actuator_state__type_support.c
[1.052s] -- Up-to-date: /home/kimdu/hanse/install/open_manipulator_msgs/lib/libopen_manipulator_msgs__rosidl_typesupport_introspection_c.so
[1.052s] -- Up-to-date: /home/kimdu/hanse/install/open_manipulator_msgs/lib/libopen_manipulator_msgs__rosidl_typesupport_c.so
[1.052s] -- Up-to-date: /home/kimdu/hanse/install/open_manipulator_msgs/include/open_manipulator_msgs/open_manipulator_msgs
[1.052s] -- Up-to-date: /home/kimdu/hanse/install/open_manipulator_msgs/include/open_manipulator_msgs/open_manipulator_msgs/msg
[1.052s] -- Up-to-date: /home/kimdu/hanse/install/open_manipulator_msgs/include/open_manipulator_msgs/open_manipulator_msgs/msg/detail
[1.052s] -- Up-to-date: /home/kimdu/hanse/install/open_manipulator_msgs/include/open_manipulator_msgs/open_manipulator_msgs/msg/detail/kinematics_pose__rosidl_typesupport_introspection_cpp.hpp
[1.052s] -- Up-to-date: /home/kimdu/hanse/install/open_manipulator_msgs/include/open_manipulator_msgs/open_manipulator_msgs/msg/detail/open_manipulator_state__type_support.cpp
[1.052s] -- Up-to-date: /home/kimdu/hanse/install/open_manipulator_msgs/include/open_manipulator_msgs/open_manipulator_msgs/msg/detail/joint_position__type_support.cpp
[1.052s] -- Up-to-date: /home/kimdu/hanse/install/open_manipulator_msgs/include/open_manipulator_msgs/open_manipulator_msgs/msg/detail/joint_position__rosidl_typesupport_introspection_cpp.hpp
[1.052s] -- Up-to-date: /home/kimdu/hanse/install/open_manipulator_msgs/include/open_manipulator_msgs/open_manipulator_msgs/msg/detail/open_manipulator_state__rosidl_typesupport_introspection_cpp.hpp
[1.052s] -- Up-to-date: /home/kimdu/hanse/install/open_manipulator_msgs/include/open_manipulator_msgs/open_manipulator_msgs/msg/detail/kinematics_pose__type_support.cpp
[1.053s] -- Up-to-date: /home/kimdu/hanse/install/open_manipulator_msgs/include/open_manipulator_msgs/open_manipulator_msgs/srv
[1.053s] -- Up-to-date: /home/kimdu/hanse/install/open_manipulator_msgs/include/open_manipulator_msgs/open_manipulator_msgs/srv/detail
[1.053s] -- Up-to-date: /home/kimdu/hanse/install/open_manipulator_msgs/include/open_manipulator_msgs/open_manipulator_msgs/srv/detail/set_joint_position__type_support.cpp
[1.053s] -- Up-to-date: /home/kimdu/hanse/install/open_manipulator_msgs/include/open_manipulator_msgs/open_manipulator_msgs/srv/detail/get_kinematics_pose__type_support.cpp
[1.053s] -- Up-to-date: /home/kimdu/hanse/install/open_manipulator_msgs/include/open_manipulator_msgs/open_manipulator_msgs/srv/detail/set_actuator_state__type_support.cpp
[1.053s] -- Up-to-date: /home/kimdu/hanse/install/open_manipulator_msgs/include/open_manipulator_msgs/open_manipulator_msgs/srv/detail/set_drawing_trajectory__type_support.cpp
[1.053s] -- Up-to-date: /home/kimdu/hanse/install/open_manipulator_msgs/include/open_manipulator_msgs/open_manipulator_msgs/srv/detail/get_kinematics_pose__rosidl_typesupport_introspection_cpp.hpp
[1.053s] -- Up-to-date: /home/kimdu/hanse/install/open_manipulator_msgs/include/open_manipulator_msgs/open_manipulator_msgs/srv/detail/set_kinematics_pose__rosidl_typesupport_introspection_cpp.hpp
[1.053s] -- Up-to-date: /home/kimdu/hanse/install/open_manipulator_msgs/include/open_manipulator_msgs/open_manipulator_msgs/srv/detail/set_kinematics_pose__type_support.cpp
[1.053s] -- Up-to-date: /home/kimdu/hanse/install/open_manipulator_msgs/include/open_manipulator_msgs/open_manipulator_msgs/srv/detail/get_joint_position__rosidl_typesupport_introspection_cpp.hpp
[1.053s] -- Up-to-date: /home/kimdu/hanse/install/open_manipulator_msgs/include/open_manipulator_msgs/open_manipulator_msgs/srv/detail/set_joint_position__rosidl_typesupport_introspection_cpp.hpp
[1.053s] -- Up-to-date: /home/kimdu/hanse/install/open_manipulator_msgs/include/open_manipulator_msgs/open_manipulator_msgs/srv/detail/set_actuator_state__rosidl_typesupport_introspection_cpp.hpp
[1.053s] -- Up-to-date: /home/kimdu/hanse/install/open_manipulator_msgs/include/open_manipulator_msgs/open_manipulator_msgs/srv/detail/get_joint_position__type_support.cpp
[1.053s] -- Up-to-date: /home/kimdu/hanse/install/open_manipulator_msgs/include/open_manipulator_msgs/open_manipulator_msgs/srv/detail/set_drawing_trajectory__rosidl_typesupport_introspection_cpp.hpp
[1.053s] -- Up-to-date: /home/kimdu/hanse/install/open_manipulator_msgs/lib/libopen_manipulator_msgs__rosidl_typesupport_introspection_cpp.so
[1.053s] -- Up-to-date: /home/kimdu/hanse/install/open_manipulator_msgs/lib/libopen_manipulator_msgs__rosidl_typesupport_cpp.so
[1.054s] -- Up-to-date: /home/kimdu/hanse/install/open_manipulator_msgs/share/open_manipulator_msgs/environment/pythonpath.sh
[1.054s] -- Up-to-date: /home/kimdu/hanse/install/open_manipulator_msgs/share/open_manipulator_msgs/environment/pythonpath.dsv
[1.054s] -- Up-to-date: /home/kimdu/hanse/install/open_manipulator_msgs/local/lib/python3.10/dist-packages/open_manipulator_msgs-2.2.0-py3.10.egg-info
[1.054s] -- Installing: /home/kimdu/hanse/install/open_manipulator_msgs/local/lib/python3.10/dist-packages/open_manipulator_msgs-2.2.0-py3.10.egg-info/top_level.txt
[1.054s] -- Installing: /home/kimdu/hanse/install/open_manipulator_msgs/local/lib/python3.10/dist-packages/open_manipulator_msgs-2.2.0-py3.10.egg-info/dependency_links.txt
[1.054s] -- Installing: /home/kimdu/hanse/install/open_manipulator_msgs/local/lib/python3.10/dist-packages/open_manipulator_msgs-2.2.0-py3.10.egg-info/PKG-INFO
[1.054s] -- Installing: /home/kimdu/hanse/install/open_manipulator_msgs/local/lib/python3.10/dist-packages/open_manipulator_msgs-2.2.0-py3.10.egg-info/SOURCES.txt
[1.054s] -- Up-to-date: /home/kimdu/hanse/install/open_manipulator_msgs/local/lib/python3.10/dist-packages/open_manipulator_msgs
[1.054s] -- Up-to-date: /home/kimdu/hanse/install/open_manipulator_msgs/local/lib/python3.10/dist-packages/open_manipulator_msgs/open_manipulator_msgs_s__rosidl_typesupport_c.cpython-310-x86_64-linux-gnu.so
[1.054s] -- Up-to-date: /home/kimdu/hanse/install/open_manipulator_msgs/local/lib/python3.10/dist-packages/open_manipulator_msgs/_open_manipulator_msgs_s.ep.rosidl_typesupport_fastrtps_c.c
[1.054s] -- Up-to-date: /home/kimdu/hanse/install/open_manipulator_msgs/local/lib/python3.10/dist-packages/open_manipulator_msgs/open_manipulator_msgs_s__rosidl_typesupport_fastrtps_c.cpython-310-x86_64-linux-gnu.so
[1.054s] -- Up-to-date: /home/kimdu/hanse/install/open_manipulator_msgs/local/lib/python3.10/dist-packages/open_manipulator_msgs/__init__.py
[1.054s] -- Up-to-date: /home/kimdu/hanse/install/open_manipulator_msgs/local/lib/python3.10/dist-packages/open_manipulator_msgs/msg
[1.055s] -- Up-to-date: /home/kimdu/hanse/install/open_manipulator_msgs/local/lib/python3.10/dist-packages/open_manipulator_msgs/msg/_joint_position_s.c
[1.055s] -- Up-to-date: /home/kimdu/hanse/install/open_manipulator_msgs/local/lib/python3.10/dist-packages/open_manipulator_msgs/msg/_open_manipulator_state_s.c
[1.055s] -- Up-to-date: /home/kimdu/hanse/install/open_manipulator_msgs/local/lib/python3.10/dist-packages/open_manipulator_msgs/msg/_open_manipulator_state.py
[1.055s] -- Up-to-date: /home/kimdu/hanse/install/open_manipulator_msgs/local/lib/python3.10/dist-packages/open_manipulator_msgs/msg/_kinematics_pose.py
[1.055s] -- Up-to-date: /home/kimdu/hanse/install/open_manipulator_msgs/local/lib/python3.10/dist-packages/open_manipulator_msgs/msg/__init__.py
[1.055s] -- Up-to-date: /home/kimdu/hanse/install/open_manipulator_msgs/local/lib/python3.10/dist-packages/open_manipulator_msgs/msg/_kinematics_pose_s.c
[1.055s] -- Up-to-date: /home/kimdu/hanse/install/open_manipulator_msgs/local/lib/python3.10/dist-packages/open_manipulator_msgs/msg/_joint_position.py
[1.055s] -- Up-to-date: /home/kimdu/hanse/install/open_manipulator_msgs/local/lib/python3.10/dist-packages/open_manipulator_msgs/libopen_manipulator_msgs__rosidl_generator_py.so
[1.055s] -- Up-to-date: /home/kimdu/hanse/install/open_manipulator_msgs/local/lib/python3.10/dist-packages/open_manipulator_msgs/_open_manipulator_msgs_s.ep.rosidl_typesupport_c.c
[1.055s] -- Up-to-date: /home/kimdu/hanse/install/open_manipulator_msgs/local/lib/python3.10/dist-packages/open_manipulator_msgs/_open_manipulator_msgs_s.ep.rosidl_typesupport_introspection_c.c
[1.055s] -- Up-to-date: /home/kimdu/hanse/install/open_manipulator_msgs/local/lib/python3.10/dist-packages/open_manipulator_msgs/srv
[1.055s] -- Up-to-date: /home/kimdu/hanse/install/open_manipulator_msgs/local/lib/python3.10/dist-packages/open_manipulator_msgs/srv/_set_actuator_state_s.c
[1.055s] -- Up-to-date: /home/kimdu/hanse/install/open_manipulator_msgs/local/lib/python3.10/dist-packages/open_manipulator_msgs/srv/_get_kinematics_pose_s.c
[1.055s] -- Up-to-date: /home/kimdu/hanse/install/open_manipulator_msgs/local/lib/python3.10/dist-packages/open_manipulator_msgs/srv/_set_drawing_trajectory_s.c
[1.055s] -- Up-to-date: /home/kimdu/hanse/install/open_manipulator_msgs/local/lib/python3.10/dist-packages/open_manipulator_msgs/srv/_set_joint_position.py
[1.055s] -- Up-to-date: /home/kimdu/hanse/install/open_manipulator_msgs/local/lib/python3.10/dist-packages/open_manipulator_msgs/srv/_get_joint_position.py
[1.055s] -- Up-to-date: /home/kimdu/hanse/install/open_manipulator_msgs/local/lib/python3.10/dist-packages/open_manipulator_msgs/srv/_set_actuator_state.py
[1.056s] -- Up-to-date: /home/kimdu/hanse/install/open_manipulator_msgs/local/lib/python3.10/dist-packages/open_manipulator_msgs/srv/_set_joint_position_s.c
[1.056s] -- Up-to-date: /home/kimdu/hanse/install/open_manipulator_msgs/local/lib/python3.10/dist-packages/open_manipulator_msgs/srv/__init__.py
[1.056s] -- Up-to-date: /home/kimdu/hanse/install/open_manipulator_msgs/local/lib/python3.10/dist-packages/open_manipulator_msgs/srv/_set_kinematics_pose.py
[1.057s] -- Up-to-date: /home/kimdu/hanse/install/open_manipulator_msgs/local/lib/python3.10/dist-packages/open_manipulator_msgs/srv/_get_joint_position_s.c
[1.057s] -- Up-to-date: /home/kimdu/hanse/install/open_manipulator_msgs/local/lib/python3.10/dist-packages/open_manipulator_msgs/srv/_set_kinematics_pose_s.c
[1.057s] -- Up-to-date: /home/kimdu/hanse/install/open_manipulator_msgs/local/lib/python3.10/dist-packages/open_manipulator_msgs/srv/_set_drawing_trajectory.py
[1.057s] -- Up-to-date: /home/kimdu/hanse/install/open_manipulator_msgs/local/lib/python3.10/dist-packages/open_manipulator_msgs/srv/_get_kinematics_pose.py
[1.057s] -- Up-to-date: /home/kimdu/hanse/install/open_manipulator_msgs/local/lib/python3.10/dist-packages/open_manipulator_msgs/open_manipulator_msgs_s__rosidl_typesupport_introspection_c.cpython-310-x86_64-linux-gnu.so
[1.057s] Listing '/home/kimdu/hanse/install/open_manipulator_msgs/local/lib/python3.10/dist-packages/open_manipulator_msgs'...
[1.057s] Listing '/home/kimdu/hanse/install/open_manipulator_msgs/local/lib/python3.10/dist-packages/open_manipulator_msgs/msg'...
[1.057s] Listing '/home/kimdu/hanse/install/open_manipulator_msgs/local/lib/python3.10/dist-packages/open_manipulator_msgs/srv'...
[1.060s] -- Up-to-date: /home/kimdu/hanse/install/open_manipulator_msgs/local/lib/python3.10/dist-packages/open_manipulator_msgs/open_manipulator_msgs_s__rosidl_typesupport_fastrtps_c.cpython-310-x86_64-linux-gnu.so
[1.061s] -- Up-to-date: /home/kimdu/hanse/install/open_manipulator_msgs/local/lib/python3.10/dist-packages/open_manipulator_msgs/open_manipulator_msgs_s__rosidl_typesupport_introspection_c.cpython-310-x86_64-linux-gnu.so
[1.062s] -- Up-to-date: /home/kimdu/hanse/install/open_manipulator_msgs/local/lib/python3.10/dist-packages/open_manipulator_msgs/open_manipulator_msgs_s__rosidl_typesupport_c.cpython-310-x86_64-linux-gnu.so
[1.065s] -- Up-to-date: /home/kimdu/hanse/install/open_manipulator_msgs/lib/libopen_manipulator_msgs__rosidl_generator_py.so
[1.065s] -- Up-to-date: /home/kimdu/hanse/install/open_manipulator_msgs/share/open_manipulator_msgs/msg/JointPosition.idl
[1.065s] -- Up-to-date: /home/kimdu/hanse/install/open_manipulator_msgs/share/open_manipulator_msgs/msg/KinematicsPose.idl
[1.065s] -- Up-to-date: /home/kimdu/hanse/install/open_manipulator_msgs/share/open_manipulator_msgs/msg/OpenManipulatorState.idl
[1.065s] -- Up-to-date: /home/kimdu/hanse/install/open_manipulator_msgs/share/open_manipulator_msgs/srv/GetJointPosition.idl
[1.065s] -- Up-to-date: /home/kimdu/hanse/install/open_manipulator_msgs/share/open_manipulator_msgs/srv/GetKinematicsPose.idl
[1.066s] -- Up-to-date: /home/kimdu/hanse/install/open_manipulator_msgs/share/open_manipulator_msgs/srv/SetJointPosition.idl
[1.066s] -- Up-to-date: /home/kimdu/hanse/install/open_manipulator_msgs/share/open_manipulator_msgs/srv/SetKinematicsPose.idl
[1.074s] -- Up-to-date: /home/kimdu/hanse/install/open_manipulator_msgs/share/open_manipulator_msgs/srv/SetDrawingTrajectory.idl
[1.075s] -- Up-to-date: /home/kimdu/hanse/install/open_manipulator_msgs/share/open_manipulator_msgs/srv/SetActuatorState.idl
[1.075s] -- Up-to-date: /home/kimdu/hanse/install/open_manipulator_msgs/share/open_manipulator_msgs/msg/JointPosition.msg
[1.075s] -- Up-to-date: /home/kimdu/hanse/install/open_manipulator_msgs/share/open_manipulator_msgs/msg/KinematicsPose.msg
[1.075s] -- Up-to-date: /home/kimdu/hanse/install/open_manipulator_msgs/share/open_manipulator_msgs/msg/OpenManipulatorState.msg
[1.075s] -- Up-to-date: /home/kimdu/hanse/install/open_manipulator_msgs/share/open_manipulator_msgs/srv/GetJointPosition.srv
[1.075s] -- Up-to-date: /home/kimdu/hanse/install/open_manipulator_msgs/share/open_manipulator_msgs/srv/GetJointPosition_Request.msg
[1.077s] -- Up-to-date: /home/kimdu/hanse/install/open_manipulator_msgs/share/open_manipulator_msgs/srv/GetJointPosition_Response.msg
[1.077s] -- Up-to-date: /home/kimdu/hanse/install/open_manipulator_msgs/share/open_manipulator_msgs/srv/GetKinematicsPose.srv
[1.077s] -- Up-to-date: /home/kimdu/hanse/install/open_manipulator_msgs/share/open_manipulator_msgs/srv/GetKinematicsPose_Request.msg
[1.077s] -- Up-to-date: /home/kimdu/hanse/install/open_manipulator_msgs/share/open_manipulator_msgs/srv/GetKinematicsPose_Response.msg
[1.077s] -- Up-to-date: /home/kimdu/hanse/install/open_manipulator_msgs/share/open_manipulator_msgs/srv/SetJointPosition.srv
[1.077s] -- Up-to-date: /home/kimdu/hanse/install/open_manipulator_msgs/share/open_manipulator_msgs/srv/SetJointPosition_Request.msg
[1.077s] -- Up-to-date: /home/kimdu/hanse/install/open_manipulator_msgs/share/open_manipulator_msgs/srv/SetJointPosition_Response.msg
[1.077s] -- Up-to-date: /home/kimdu/hanse/install/open_manipulator_msgs/share/open_manipulator_msgs/srv/SetKinematicsPose.srv
[1.077s] -- Up-to-date: /home/kimdu/hanse/install/open_manipulator_msgs/share/open_manipulator_msgs/srv/SetKinematicsPose_Request.msg
[1.077s] -- Up-to-date: /home/kimdu/hanse/install/open_manipulator_msgs/share/open_manipulator_msgs/srv/SetKinematicsPose_Response.msg
[1.078s] -- Up-to-date: /home/kimdu/hanse/install/open_manipulator_msgs/share/open_manipulator_msgs/srv/SetDrawingTrajectory.srv
[1.078s] -- Up-to-date: /home/kimdu/hanse/install/open_manipulator_msgs/share/open_manipulator_msgs/srv/SetDrawingTrajectory_Request.msg
[1.078s] -- Up-to-date: /home/kimdu/hanse/install/open_manipulator_msgs/share/open_manipulator_msgs/srv/SetDrawingTrajectory_Response.msg
[1.078s] -- Up-to-date: /home/kimdu/hanse/install/open_manipulator_msgs/share/open_manipulator_msgs/srv/SetActuatorState.srv
[1.078s] -- Up-to-date: /home/kimdu/hanse/install/open_manipulator_msgs/share/open_manipulator_msgs/srv/SetActuatorState_Request.msg
[1.078s] -- Up-to-date: /home/kimdu/hanse/install/open_manipulator_msgs/share/open_manipulator_msgs/srv/SetActuatorState_Response.msg
[1.078s] -- Up-to-date: /home/kimdu/hanse/install/open_manipulator_msgs/share/ament_index/resource_index/package_run_dependencies/open_manipulator_msgs
[1.078s] -- Up-to-date: /home/kimdu/hanse/install/open_manipulator_msgs/share/ament_index/resource_index/parent_prefix_path/open_manipulator_msgs
[1.078s] -- Up-to-date: /home/kimdu/hanse/install/open_manipulator_msgs/share/open_manipulator_msgs/environment/ament_prefix_path.sh
[1.078s] -- Up-to-date: /home/kimdu/hanse/install/open_manipulator_msgs/share/open_manipulator_msgs/environment/ament_prefix_path.dsv
[1.078s] -- Up-to-date: /home/kimdu/hanse/install/open_manipulator_msgs/share/open_manipulator_msgs/environment/path.sh
[1.078s] -- Up-to-date: /home/kimdu/hanse/install/open_manipulator_msgs/share/open_manipulator_msgs/environment/path.dsv
[1.078s] -- Up-to-date: /home/kimdu/hanse/install/open_manipulator_msgs/share/open_manipulator_msgs/local_setup.bash
[1.078s] -- Up-to-date: /home/kimdu/hanse/install/open_manipulator_msgs/share/open_manipulator_msgs/local_setup.sh
[1.078s] -- Up-to-date: /home/kimdu/hanse/install/open_manipulator_msgs/share/open_manipulator_msgs/local_setup.zsh
[1.078s] -- Up-to-date: /home/kimdu/hanse/install/open_manipulator_msgs/share/open_manipulator_msgs/local_setup.dsv
[1.079s] -- Installing: /home/kimdu/hanse/install/open_manipulator_msgs/share/open_manipulator_msgs/package.dsv
[1.079s] -- Up-to-date: /home/kimdu/hanse/install/open_manipulator_msgs/share/ament_index/resource_index/packages/open_manipulator_msgs
[1.079s] -- Up-to-date: /home/kimdu/hanse/install/open_manipulator_msgs/share/open_manipulator_msgs/cmake/export_open_manipulator_msgs__rosidl_generator_cExport.cmake
[1.079s] -- Up-to-date: /home/kimdu/hanse/install/open_manipulator_msgs/share/open_manipulator_msgs/cmake/export_open_manipulator_msgs__rosidl_generator_cExport-noconfig.cmake
[1.079s] -- Up-to-date: /home/kimdu/hanse/install/open_manipulator_msgs/share/open_manipulator_msgs/cmake/export_open_manipulator_msgs__rosidl_typesupport_fastrtps_cExport.cmake
[1.079s] -- Up-to-date: /home/kimdu/hanse/install/open_manipulator_msgs/share/open_manipulator_msgs/cmake/export_open_manipulator_msgs__rosidl_typesupport_fastrtps_cExport-noconfig.cmake
[1.079s] -- Up-to-date: /home/kimdu/hanse/install/open_manipulator_msgs/share/open_manipulator_msgs/cmake/export_open_manipulator_msgs__rosidl_generator_cppExport.cmake
[1.079s] -- Up-to-date: /home/kimdu/hanse/install/open_manipulator_msgs/share/open_manipulator_msgs/cmake/export_open_manipulator_msgs__rosidl_typesupport_fastrtps_cppExport.cmake
[1.079s] -- Up-to-date: /home/kimdu/hanse/install/open_manipulator_msgs/share/open_manipulator_msgs/cmake/export_open_manipulator_msgs__rosidl_typesupport_fastrtps_cppExport-noconfig.cmake
[1.079s] -- Up-to-date: /home/kimdu/hanse/install/open_manipulator_msgs/share/open_manipulator_msgs/cmake/open_manipulator_msgs__rosidl_typesupport_introspection_cExport.cmake
[1.079s] -- Up-to-date: /home/kimdu/hanse/install/open_manipulator_msgs/share/open_manipulator_msgs/cmake/open_manipulator_msgs__rosidl_typesupport_introspection_cExport-noconfig.cmake
[1.079s] -- Up-to-date: /home/kimdu/hanse/install/open_manipulator_msgs/share/open_manipulator_msgs/cmake/open_manipulator_msgs__rosidl_typesupport_cExport.cmake
[1.079s] -- Up-to-date: /home/kimdu/hanse/install/open_manipulator_msgs/share/open_manipulator_msgs/cmake/open_manipulator_msgs__rosidl_typesupport_cExport-noconfig.cmake
[1.079s] -- Up-to-date: /home/kimdu/hanse/install/open_manipulator_msgs/share/open_manipulator_msgs/cmake/open_manipulator_msgs__rosidl_typesupport_introspection_cppExport.cmake
[1.079s] -- Up-to-date: /home/kimdu/hanse/install/open_manipulator_msgs/share/open_manipulator_msgs/cmake/open_manipulator_msgs__rosidl_typesupport_introspection_cppExport-noconfig.cmake
[1.079s] -- Up-to-date: /home/kimdu/hanse/install/open_manipulator_msgs/share/open_manipulator_msgs/cmake/open_manipulator_msgs__rosidl_typesupport_cppExport.cmake
[1.079s] -- Up-to-date: /home/kimdu/hanse/install/open_manipulator_msgs/share/open_manipulator_msgs/cmake/open_manipulator_msgs__rosidl_typesupport_cppExport-noconfig.cmake
[1.080s] -- Up-to-date: /home/kimdu/hanse/install/open_manipulator_msgs/share/open_manipulator_msgs/cmake/export_open_manipulator_msgs__rosidl_generator_pyExport.cmake
[1.080s] -- Up-to-date: /home/kimdu/hanse/install/open_manipulator_msgs/share/open_manipulator_msgs/cmake/export_open_manipulator_msgs__rosidl_generator_pyExport-noconfig.cmake
[1.080s] -- Up-to-date: /home/kimdu/hanse/install/open_manipulator_msgs/share/open_manipulator_msgs/cmake/rosidl_cmake-extras.cmake
[1.080s] -- Up-to-date: /home/kimdu/hanse/install/open_manipulator_msgs/share/open_manipulator_msgs/cmake/ament_cmake_export_dependencies-extras.cmake
[1.080s] -- Up-to-date: /home/kimdu/hanse/install/open_manipulator_msgs/share/open_manipulator_msgs/cmake/ament_cmake_export_include_directories-extras.cmake
[1.080s] -- Up-to-date: /home/kimdu/hanse/install/open_manipulator_msgs/share/open_manipulator_msgs/cmake/ament_cmake_export_libraries-extras.cmake
[1.080s] -- Up-to-date: /home/kimdu/hanse/install/open_manipulator_msgs/share/open_manipulator_msgs/cmake/ament_cmake_export_targets-extras.cmake
[1.080s] -- Up-to-date: /home/kimdu/hanse/install/open_manipulator_msgs/share/open_manipulator_msgs/cmake/rosidl_cmake_export_typesupport_targets-extras.cmake
[1.080s] -- Up-to-date: /home/kimdu/hanse/install/open_manipulator_msgs/share/open_manipulator_msgs/cmake/rosidl_cmake_export_typesupport_libraries-extras.cmake
[1.080s] -- Up-to-date: /home/kimdu/hanse/install/open_manipulator_msgs/share/open_manipulator_msgs/cmake/open_manipulator_msgsConfig.cmake
[1.080s] -- Up-to-date: /home/kimdu/hanse/install/open_manipulator_msgs/share/open_manipulator_msgs/cmake/open_manipulator_msgsConfig-version.cmake
[1.080s] -- Up-to-date: /home/kimdu/hanse/install/open_manipulator_msgs/share/open_manipulator_msgs/package.xml
[1.199s] Invoked command in '/home/kimdu/hanse/build/open_manipulator_msgs' returned '0': CMAKE_PREFIX_PATH=${CMAKE_PREFIX_PATH}:/home/kimdu/hanse/install/open_manipulator_x_teleop:/home/kimdu/hanse/install/ai_manipulation:/home/kimdu/pinkbot/install/minibot_driving:/home/kimdu/pinkbot/install/mas_test:/opt/ros/humble /usr/bin/cmake --install /home/kimdu/hanse/build/open_manipulator_msgs
