[0.128s] Invoking command in '/home/hanse/git_ws/final_project/build/open_manipulator_x_description': CMAKE_PREFIX_PATH=${CMAKE_PREFIX_PATH}:/home/hanse/git_ws/final_project/install/open_manipulator_x_teleop:/home/hanse/git_ws/final_project/install/ai_manipulation:/opt/ros/humble /home/hanse/.local/bin/cmake --build /home/hanse/git_ws/final_project/build/open_manipulator_x_description -- -j8 -l8
[0.229s] Invoked command in '/home/hanse/git_ws/final_project/build/open_manipulator_x_description' returned '0': CMAKE_PREFIX_PATH=${CMAKE_PREFIX_PATH}:/home/hanse/git_ws/final_project/install/open_manipulator_x_teleop:/home/hanse/git_ws/final_project/install/ai_manipulation:/opt/ros/humble /home/hanse/.local/bin/cmake --build /home/hanse/git_ws/final_project/build/open_manipulator_x_description -- -j8 -l8
[0.524s] Invoking command in '/home/hanse/git_ws/final_project/build/open_manipulator_x_description': CMAKE_PREFIX_PATH=${CMAKE_PREFIX_PATH}:/home/hanse/git_ws/final_project/install/open_manipulator_x_teleop:/home/hanse/git_ws/final_project/install/ai_manipulation:/opt/ros/humble /home/hanse/.local/bin/cmake --install /home/hanse/git_ws/final_project/build/open_manipulator_x_description
[0.607s] -- Install configuration: ""
[0.607s] -- Up-to-date: /home/hanse/git_ws/final_project/install/open_manipulator_x_description/share/open_manipulator_x_description/launch
[0.607s] -- Up-to-date: /home/hanse/git_ws/final_project/install/open_manipulator_x_description/share/open_manipulator_x_description/launch/.DS_Store
[0.607s] -- Up-to-date: /home/hanse/git_ws/final_project/install/open_manipulator_x_description/share/open_manipulator_x_description/launch/open_manipulator_x_rviz.launch.py
[0.608s] -- Up-to-date: /home/hanse/git_ws/final_project/install/open_manipulator_x_description/share/open_manipulator_x_description/meshes
[0.608s] -- Up-to-date: /home/hanse/git_ws/final_project/install/open_manipulator_x_description/share/open_manipulator_x_description/meshes/chain_link_grip_r.stl
[0.608s] -- Up-to-date: /home/hanse/git_ws/final_project/install/open_manipulator_x_description/share/open_manipulator_x_description/meshes/chain_link4.stl
[0.608s] -- Up-to-date: /home/hanse/git_ws/final_project/install/open_manipulator_x_description/share/open_manipulator_x_description/meshes/chain_link_grip_l.stl
[0.608s] -- Up-to-date: /home/hanse/git_ws/final_project/install/open_manipulator_x_description/share/open_manipulator_x_description/meshes/chain_link5.stl
[0.608s] -- Up-to-date: /home/hanse/git_ws/final_project/install/open_manipulator_x_description/share/open_manipulator_x_description/meshes/chain_link2.stl
[0.608s] -- Up-to-date: /home/hanse/git_ws/final_project/install/open_manipulator_x_description/share/open_manipulator_x_description/meshes/chain_link1.stl
[0.608s] -- Up-to-date: /home/hanse/git_ws/final_project/install/open_manipulator_x_description/share/open_manipulator_x_description/meshes/chain_link3.stl
[0.608s] -- Up-to-date: /home/hanse/git_ws/final_project/install/open_manipulator_x_description/share/open_manipulator_x_description/rviz
[0.609s] -- Up-to-date: /home/hanse/git_ws/final_project/install/open_manipulator_x_description/share/open_manipulator_x_description/rviz/open_manipulator_x.rviz
[0.609s] -- Up-to-date: /home/hanse/git_ws/final_project/install/open_manipulator_x_description/share/open_manipulator_x_description/urdf
[0.610s] -- Up-to-date: /home/hanse/git_ws/final_project/install/open_manipulator_x_description/share/open_manipulator_x_description/urdf/open_manipulator_x.transmission.xacro
[0.610s] -- Up-to-date: /home/hanse/git_ws/final_project/install/open_manipulator_x_description/share/open_manipulator_x_description/urdf/open_manipulator_x.gazebo.xacro
[0.610s] -- Up-to-date: /home/hanse/git_ws/final_project/install/open_manipulator_x_description/share/open_manipulator_x_description/urdf/open_manipulator_x_robot.urdf.xacro
[0.610s] -- Up-to-date: /home/hanse/git_ws/final_project/install/open_manipulator_x_description/share/open_manipulator_x_description/urdf/materials.xacro
[0.610s] -- Up-to-date: /home/hanse/git_ws/final_project/install/open_manipulator_x_description/share/open_manipulator_x_description/urdf/open_manipulator_x.urdf.xacro
[0.610s] -- Up-to-date: /home/hanse/git_ws/final_project/install/open_manipulator_x_description/share/ament_index/resource_index/package_run_dependencies/open_manipulator_x_description
[0.610s] -- Up-to-date: /home/hanse/git_ws/final_project/install/open_manipulator_x_description/share/ament_index/resource_index/parent_prefix_path/open_manipulator_x_description
[0.610s] -- Up-to-date: /home/hanse/git_ws/final_project/install/open_manipulator_x_description/share/open_manipulator_x_description/environment/ament_prefix_path.sh
[0.610s] -- Up-to-date: /home/hanse/git_ws/final_project/install/open_manipulator_x_description/share/open_manipulator_x_description/environment/ament_prefix_path.dsv
[0.610s] -- Up-to-date: /home/hanse/git_ws/final_project/install/open_manipulator_x_description/share/open_manipulator_x_description/environment/path.sh
[0.610s] -- Up-to-date: /home/hanse/git_ws/final_project/install/open_manipulator_x_description/share/open_manipulator_x_description/environment/path.dsv
[0.610s] -- Up-to-date: /home/hanse/git_ws/final_project/install/open_manipulator_x_description/share/open_manipulator_x_description/local_setup.bash
[0.610s] -- Up-to-date: /home/hanse/git_ws/final_project/install/open_manipulator_x_description/share/open_manipulator_x_description/local_setup.sh
[0.610s] -- Up-to-date: /home/hanse/git_ws/final_project/install/open_manipulator_x_description/share/open_manipulator_x_description/local_setup.zsh
[0.610s] -- Up-to-date: /home/hanse/git_ws/final_project/install/open_manipulator_x_description/share/open_manipulator_x_description/local_setup.dsv
[0.610s] -- Installing: /home/hanse/git_ws/final_project/install/open_manipulator_x_description/share/open_manipulator_x_description/package.dsv
[0.610s] -- Up-to-date: /home/hanse/git_ws/final_project/install/open_manipulator_x_description/share/ament_index/resource_index/packages/open_manipulator_x_description
[0.611s] -- Up-to-date: /home/hanse/git_ws/final_project/install/open_manipulator_x_description/share/open_manipulator_x_description/cmake/open_manipulator_x_descriptionConfig.cmake
[0.611s] -- Up-to-date: /home/hanse/git_ws/final_project/install/open_manipulator_x_description/share/open_manipulator_x_description/cmake/open_manipulator_x_descriptionConfig-version.cmake
[0.611s] -- Up-to-date: /home/hanse/git_ws/final_project/install/open_manipulator_x_description/share/open_manipulator_x_description/package.xml
[0.621s] Invoked command in '/home/hanse/git_ws/final_project/build/open_manipulator_x_description' returned '0': CMAKE_PREFIX_PATH=${CMAKE_PREFIX_PATH}:/home/hanse/git_ws/final_project/install/open_manipulator_x_teleop:/home/hanse/git_ws/final_project/install/ai_manipulation:/opt/ros/humble /home/hanse/.local/bin/cmake --install /home/hanse/git_ws/final_project/build/open_manipulator_x_description
