[0.209s] Invoking command in '/home/hanse/git_ws/final_project/build/dynamixel_sdk': CMAKE_PREFIX_PATH=${CMAKE_PREFIX_PATH}:/home/hanse/Final_project/manipulator_deep/IoT-repo-3/install/open_manipulator_x_teleop:/home/hanse/Final_project/manipulator_deep/IoT-repo-3/install/ai_manipulation:/opt/ros/humble /home/hanse/.local/bin/cmake /home/hanse/git_ws/final_project/src/DynamixelSDK/dynamixel_sdk -DCMAKE_INSTALL_PREFIX=/home/hanse/git_ws/final_project/install/dynamixel_sdk
[0.282s] -- The C compiler identification is GNU 11.4.0
[0.329s] -- The CXX compiler identification is GNU 11.4.0
[0.338s] -- Detecting C compiler ABI info
[0.378s] -- Detecting C compiler ABI info - done
[0.390s] -- Check for working C compiler: /usr/bin/cc - skipped
[0.391s] -- Detecting C compile features
[0.391s] -- Detecting C compile features - done
[0.394s] -- Detecting CXX compiler ABI info
[0.453s] -- Detecting CXX compiler ABI info - done
[0.465s] -- Check for working CXX compiler: /usr/bin/c++ - skipped
[0.465s] -- Detecting CXX compile features
[0.466s] -- Detecting CXX compile features - done
[0.468s] -- Found ament_cmake: 1.3.5 (/opt/ros/humble/share/ament_cmake/cmake)
[0.787s] -- Found Python3: /usr/bin/python3.10 (found version "3.10.12") found components: Interpreter 
[0.946s] -- Configuring done
[0.950s] -- Generating done
[0.951s] -- Build files have been written to: /home/hanse/git_ws/final_project/build/dynamixel_sdk
[0.958s] Invoked command in '/home/hanse/git_ws/final_project/build/dynamixel_sdk' returned '0': CMAKE_PREFIX_PATH=${CMAKE_PREFIX_PATH}:/home/hanse/Final_project/manipulator_deep/IoT-repo-3/install/open_manipulator_x_teleop:/home/hanse/Final_project/manipulator_deep/IoT-repo-3/install/ai_manipulation:/opt/ros/humble /home/hanse/.local/bin/cmake /home/hanse/git_ws/final_project/src/DynamixelSDK/dynamixel_sdk -DCMAKE_INSTALL_PREFIX=/home/hanse/git_ws/final_project/install/dynamixel_sdk
[0.959s] Invoking command in '/home/hanse/git_ws/final_project/build/dynamixel_sdk': CMAKE_PREFIX_PATH=${CMAKE_PREFIX_PATH}:/home/hanse/Final_project/manipulator_deep/IoT-repo-3/install/open_manipulator_x_teleop:/home/hanse/Final_project/manipulator_deep/IoT-repo-3/install/ai_manipulation:/opt/ros/humble /home/hanse/.local/bin/cmake --build /home/hanse/git_ws/final_project/build/dynamixel_sdk -- -j8 -l8
[0.995s] [ 10%] [32mBuilding CXX object CMakeFiles/dynamixel_sdk.dir/src/dynamixel_sdk/packet_handler.cpp.o[0m
[0.996s] [ 30%] [32mBuilding CXX object CMakeFiles/dynamixel_sdk.dir/src/dynamixel_sdk/protocol2_packet_handler.cpp.o[0m
[0.996s] [ 30%] [32mBuilding CXX object CMakeFiles/dynamixel_sdk.dir/src/dynamixel_sdk/protocol1_packet_handler.cpp.o[0m
[0.997s] [ 40%] [32mBuilding CXX object CMakeFiles/dynamixel_sdk.dir/src/dynamixel_sdk/group_sync_read.cpp.o[0m
[0.999s] [ 50%] [32mBuilding CXX object CMakeFiles/dynamixel_sdk.dir/src/dynamixel_sdk/group_bulk_read.cpp.o[0m
[0.999s] [ 60%] [32mBuilding CXX object CMakeFiles/dynamixel_sdk.dir/src/dynamixel_sdk/group_sync_write.cpp.o[0m
[1.000s] [ 70%] [32mBuilding CXX object CMakeFiles/dynamixel_sdk.dir/src/dynamixel_sdk/group_bulk_write.cpp.o[0m
[1.001s] [ 80%] [32mBuilding CXX object CMakeFiles/dynamixel_sdk.dir/src/dynamixel_sdk/port_handler.cpp.o[0m
[1.088s] [ 90%] [32mBuilding CXX object CMakeFiles/dynamixel_sdk.dir/src/dynamixel_sdk/port_handler_linux.cpp.o[0m
[1.529s] [100%] [32m[1mLinking CXX shared library libdynamixel_sdk.so[0m
[1.589s] [100%] Built target dynamixel_sdk
[1.596s] Invoked command in '/home/hanse/git_ws/final_project/build/dynamixel_sdk' returned '0': CMAKE_PREFIX_PATH=${CMAKE_PREFIX_PATH}:/home/hanse/Final_project/manipulator_deep/IoT-repo-3/install/open_manipulator_x_teleop:/home/hanse/Final_project/manipulator_deep/IoT-repo-3/install/ai_manipulation:/opt/ros/humble /home/hanse/.local/bin/cmake --build /home/hanse/git_ws/final_project/build/dynamixel_sdk -- -j8 -l8
[1.660s] Invoking command in '/home/hanse/git_ws/final_project/build/dynamixel_sdk': CMAKE_PREFIX_PATH=${CMAKE_PREFIX_PATH}:/home/hanse/Final_project/manipulator_deep/IoT-repo-3/install/open_manipulator_x_teleop:/home/hanse/Final_project/manipulator_deep/IoT-repo-3/install/ai_manipulation:/opt/ros/humble /home/hanse/.local/bin/cmake --install /home/hanse/git_ws/final_project/build/dynamixel_sdk
[1.684s] -- Install configuration: ""
[1.684s] -- Installing: /home/hanse/git_ws/final_project/install/dynamixel_sdk/include/
[1.684s] -- Installing: /home/hanse/git_ws/final_project/install/dynamixel_sdk/include//dynamixel_sdk
[1.684s] -- Installing: /home/hanse/git_ws/final_project/install/dynamixel_sdk/include//dynamixel_sdk/port_handler_mac.h
[1.684s] -- Installing: /home/hanse/git_ws/final_project/install/dynamixel_sdk/include//dynamixel_sdk/packet_handler.h
[1.684s] -- Installing: /home/hanse/git_ws/final_project/install/dynamixel_sdk/include//dynamixel_sdk/port_handler_linux.h
[1.684s] -- Installing: /home/hanse/git_ws/final_project/install/dynamixel_sdk/include//dynamixel_sdk/group_bulk_read.h
[1.685s] -- Installing: /home/hanse/git_ws/final_project/install/dynamixel_sdk/include//dynamixel_sdk/dynamixel_sdk.h
[1.685s] -- Installing: /home/hanse/git_ws/final_project/install/dynamixel_sdk/include//dynamixel_sdk/protocol2_packet_handler.h
[1.685s] -- Installing: /home/hanse/git_ws/final_project/install/dynamixel_sdk/include//dynamixel_sdk/group_sync_read.h
[1.685s] -- Installing: /home/hanse/git_ws/final_project/install/dynamixel_sdk/include//dynamixel_sdk/port_handler_windows.h
[1.685s] -- Installing: /home/hanse/git_ws/final_project/install/dynamixel_sdk/include//dynamixel_sdk/protocol1_packet_handler.h
[1.685s] -- Installing: /home/hanse/git_ws/final_project/install/dynamixel_sdk/include//dynamixel_sdk/port_handler_arduino.h
[1.685s] -- Installing: /home/hanse/git_ws/final_project/install/dynamixel_sdk/include//dynamixel_sdk/port_handler.h
[1.685s] -- Installing: /home/hanse/git_ws/final_project/install/dynamixel_sdk/include//dynamixel_sdk/group_bulk_write.h
[1.685s] -- Installing: /home/hanse/git_ws/final_project/install/dynamixel_sdk/include//dynamixel_sdk/group_sync_write.h
[1.685s] -- Installing: /home/hanse/git_ws/final_project/install/dynamixel_sdk/lib/libdynamixel_sdk.so
[1.686s] -- Installing: /home/hanse/git_ws/final_project/install/dynamixel_sdk/share/dynamixel_sdk/environment/library_path.sh
[1.686s] -- Installing: /home/hanse/git_ws/final_project/install/dynamixel_sdk/share/dynamixel_sdk/environment/library_path.dsv
[1.686s] -- Installing: /home/hanse/git_ws/final_project/install/dynamixel_sdk/share/ament_index/resource_index/package_run_dependencies/dynamixel_sdk
[1.686s] -- Installing: /home/hanse/git_ws/final_project/install/dynamixel_sdk/share/ament_index/resource_index/parent_prefix_path/dynamixel_sdk
[1.686s] -- Installing: /home/hanse/git_ws/final_project/install/dynamixel_sdk/share/dynamixel_sdk/environment/ament_prefix_path.sh
[1.686s] -- Installing: /home/hanse/git_ws/final_project/install/dynamixel_sdk/share/dynamixel_sdk/environment/ament_prefix_path.dsv
[1.686s] -- Installing: /home/hanse/git_ws/final_project/install/dynamixel_sdk/share/dynamixel_sdk/environment/path.sh
[1.686s] -- Installing: /home/hanse/git_ws/final_project/install/dynamixel_sdk/share/dynamixel_sdk/environment/path.dsv
[1.686s] -- Installing: /home/hanse/git_ws/final_project/install/dynamixel_sdk/share/dynamixel_sdk/local_setup.bash
[1.687s] -- Installing: /home/hanse/git_ws/final_project/install/dynamixel_sdk/share/dynamixel_sdk/local_setup.sh
[1.687s] -- Installing: /home/hanse/git_ws/final_project/install/dynamixel_sdk/share/dynamixel_sdk/local_setup.zsh
[1.687s] -- Installing: /home/hanse/git_ws/final_project/install/dynamixel_sdk/share/dynamixel_sdk/local_setup.dsv
[1.687s] -- Installing: /home/hanse/git_ws/final_project/install/dynamixel_sdk/share/dynamixel_sdk/package.dsv
[1.687s] -- Installing: /home/hanse/git_ws/final_project/install/dynamixel_sdk/share/ament_index/resource_index/packages/dynamixel_sdk
[1.687s] -- Installing: /home/hanse/git_ws/final_project/install/dynamixel_sdk/share/dynamixel_sdk/cmake/ament_cmake_export_include_directories-extras.cmake
[1.687s] -- Installing: /home/hanse/git_ws/final_project/install/dynamixel_sdk/share/dynamixel_sdk/cmake/ament_cmake_export_libraries-extras.cmake
[1.687s] -- Installing: /home/hanse/git_ws/final_project/install/dynamixel_sdk/share/dynamixel_sdk/cmake/dynamixel_sdkConfig.cmake
[1.687s] -- Installing: /home/hanse/git_ws/final_project/install/dynamixel_sdk/share/dynamixel_sdk/cmake/dynamixel_sdkConfig-version.cmake
[1.687s] -- Installing: /home/hanse/git_ws/final_project/install/dynamixel_sdk/share/dynamixel_sdk/package.xml
[1.692s] Invoked command in '/home/hanse/git_ws/final_project/build/dynamixel_sdk' returned '0': CMAKE_PREFIX_PATH=${CMAKE_PREFIX_PATH}:/home/hanse/Final_project/manipulator_deep/IoT-repo-3/install/open_manipulator_x_teleop:/home/hanse/Final_project/manipulator_deep/IoT-repo-3/install/ai_manipulation:/opt/ros/humble /home/hanse/.local/bin/cmake --install /home/hanse/git_ws/final_project/build/dynamixel_sdk
