[0.387s] Invoking command in '/home/hanse/git_ws/final_project/build/dynamixel_sdk': CMAKE_PREFIX_PATH=${CMAKE_PREFIX_PATH}:/home/hanse/git_ws/final_project/install/open_manipulator_x_teleop:/home/hanse/git_ws/final_project/install/ai_manipulation:/opt/ros/humble /home/hanse/.local/bin/cmake --build /home/hanse/git_ws/final_project/build/dynamixel_sdk -- -j8 -l8
[0.472s] [100%] Built target dynamixel_sdk
[0.495s] Invoked command in '/home/hanse/git_ws/final_project/build/dynamixel_sdk' returned '0': CMAKE_PREFIX_PATH=${CMAKE_PREFIX_PATH}:/home/hanse/git_ws/final_project/install/open_manipulator_x_teleop:/home/hanse/git_ws/final_project/install/ai_manipulation:/opt/ros/humble /home/hanse/.local/bin/cmake --build /home/hanse/git_ws/final_project/build/dynamixel_sdk -- -j8 -l8
[0.921s] Invoking command in '/home/hanse/git_ws/final_project/build/dynamixel_sdk': CMAKE_PREFIX_PATH=${CMAKE_PREFIX_PATH}:/home/hanse/git_ws/final_project/install/open_manipulator_x_teleop:/home/hanse/git_ws/final_project/install/ai_manipulation:/opt/ros/humble /home/hanse/.local/bin/cmake --install /home/hanse/git_ws/final_project/build/dynamixel_sdk
[0.968s] -- Install configuration: ""
[0.968s] -- Up-to-date: /home/hanse/git_ws/final_project/install/dynamixel_sdk/include/
[0.969s] -- Up-to-date: /home/hanse/git_ws/final_project/install/dynamixel_sdk/include//dynamixel_sdk
[0.969s] -- Up-to-date: /home/hanse/git_ws/final_project/install/dynamixel_sdk/include//dynamixel_sdk/port_handler_mac.h
[0.971s] -- Up-to-date: /home/hanse/git_ws/final_project/install/dynamixel_sdk/include//dynamixel_sdk/packet_handler.h
[0.972s] -- Up-to-date: /home/hanse/git_ws/final_project/install/dynamixel_sdk/include//dynamixel_sdk/port_handler_linux.h
[0.972s] -- Up-to-date: /home/hanse/git_ws/final_project/install/dynamixel_sdk/include//dynamixel_sdk/group_bulk_read.h
[0.973s] -- Up-to-date: /home/hanse/git_ws/final_project/install/dynamixel_sdk/include//dynamixel_sdk/dynamixel_sdk.h
[0.973s] -- Up-to-date: /home/hanse/git_ws/final_project/install/dynamixel_sdk/include//dynamixel_sdk/protocol2_packet_handler.h
[0.976s] -- Up-to-date: /home/hanse/git_ws/final_project/install/dynamixel_sdk/include//dynamixel_sdk/group_sync_read.h
[0.976s] -- Up-to-date: /home/hanse/git_ws/final_project/install/dynamixel_sdk/include//dynamixel_sdk/port_handler_windows.h
[0.976s] -- Up-to-date: /home/hanse/git_ws/final_project/install/dynamixel_sdk/include//dynamixel_sdk/protocol1_packet_handler.h
[0.976s] -- Up-to-date: /home/hanse/git_ws/final_project/install/dynamixel_sdk/include//dynamixel_sdk/port_handler_arduino.h
[0.976s] -- Up-to-date: /home/hanse/git_ws/final_project/install/dynamixel_sdk/include//dynamixel_sdk/port_handler.h
[0.976s] -- Up-to-date: /home/hanse/git_ws/final_project/install/dynamixel_sdk/include//dynamixel_sdk/group_bulk_write.h
[0.976s] -- Up-to-date: /home/hanse/git_ws/final_project/install/dynamixel_sdk/include//dynamixel_sdk/group_sync_write.h
[0.976s] -- Up-to-date: /home/hanse/git_ws/final_project/install/dynamixel_sdk/lib/libdynamixel_sdk.so
[0.976s] -- Up-to-date: /home/hanse/git_ws/final_project/install/dynamixel_sdk/share/dynamixel_sdk/environment/library_path.sh
[0.976s] -- Up-to-date: /home/hanse/git_ws/final_project/install/dynamixel_sdk/share/dynamixel_sdk/environment/library_path.dsv
[0.976s] -- Up-to-date: /home/hanse/git_ws/final_project/install/dynamixel_sdk/share/ament_index/resource_index/package_run_dependencies/dynamixel_sdk
[0.976s] -- Up-to-date: /home/hanse/git_ws/final_project/install/dynamixel_sdk/share/ament_index/resource_index/parent_prefix_path/dynamixel_sdk
[0.977s] -- Up-to-date: /home/hanse/git_ws/final_project/install/dynamixel_sdk/share/dynamixel_sdk/environment/ament_prefix_path.sh
[0.977s] -- Up-to-date: /home/hanse/git_ws/final_project/install/dynamixel_sdk/share/dynamixel_sdk/environment/ament_prefix_path.dsv
[0.977s] -- Up-to-date: /home/hanse/git_ws/final_project/install/dynamixel_sdk/share/dynamixel_sdk/environment/path.sh
[0.977s] -- Up-to-date: /home/hanse/git_ws/final_project/install/dynamixel_sdk/share/dynamixel_sdk/environment/path.dsv
[0.977s] -- Up-to-date: /home/hanse/git_ws/final_project/install/dynamixel_sdk/share/dynamixel_sdk/local_setup.bash
[0.977s] -- Up-to-date: /home/hanse/git_ws/final_project/install/dynamixel_sdk/share/dynamixel_sdk/local_setup.sh
[0.977s] -- Up-to-date: /home/hanse/git_ws/final_project/install/dynamixel_sdk/share/dynamixel_sdk/local_setup.zsh
[0.977s] -- Up-to-date: /home/hanse/git_ws/final_project/install/dynamixel_sdk/share/dynamixel_sdk/local_setup.dsv
[0.977s] -- Installing: /home/hanse/git_ws/final_project/install/dynamixel_sdk/share/dynamixel_sdk/package.dsv
[0.977s] -- Up-to-date: /home/hanse/git_ws/final_project/install/dynamixel_sdk/share/ament_index/resource_index/packages/dynamixel_sdk
[0.977s] -- Up-to-date: /home/hanse/git_ws/final_project/install/dynamixel_sdk/share/dynamixel_sdk/cmake/ament_cmake_export_include_directories-extras.cmake
[0.977s] -- Up-to-date: /home/hanse/git_ws/final_project/install/dynamixel_sdk/share/dynamixel_sdk/cmake/ament_cmake_export_libraries-extras.cmake
[0.977s] -- Up-to-date: /home/hanse/git_ws/final_project/install/dynamixel_sdk/share/dynamixel_sdk/cmake/dynamixel_sdkConfig.cmake
[0.977s] -- Up-to-date: /home/hanse/git_ws/final_project/install/dynamixel_sdk/share/dynamixel_sdk/cmake/dynamixel_sdkConfig-version.cmake
[0.977s] -- Up-to-date: /home/hanse/git_ws/final_project/install/dynamixel_sdk/share/dynamixel_sdk/package.xml
[1.170s] Invoked command in '/home/hanse/git_ws/final_project/build/dynamixel_sdk' returned '0': CMAKE_PREFIX_PATH=${CMAKE_PREFIX_PATH}:/home/hanse/git_ws/final_project/install/open_manipulator_x_teleop:/home/hanse/git_ws/final_project/install/ai_manipulation:/opt/ros/humble /home/hanse/.local/bin/cmake --install /home/hanse/git_ws/final_project/build/dynamixel_sdk
