[0.380s] Invoking command in '/home/kimdu/hanse/build/cmake_modules': CMAKE_PREFIX_PATH=${CMAKE_PREFIX_PATH}:/home/kimdu/hanse/install/open_manipulator_x_teleop:/home/kimdu/hanse/install/ai_manipulation:/home/kimdu/pinkbot/install/minibot_driving:/home/kimdu/pinkbot/install/mas_test:/opt/ros/humble /usr/bin/cmake /home/kimdu/hanse/src/open_manipulator_dependencies/cmake_modules -DCMAKE_INSTALL_PREFIX=/home/kimdu/hanse/install/cmake_modules
[0.453s] -- The C compiler identification is GNU 11.4.0
[0.526s] -- The CXX compiler identification is GNU 11.4.0
[0.535s] -- Detecting C compiler ABI info
[0.635s] -- Detecting C compiler ABI info - done
[0.646s] -- Check for working C compiler: /usr/bin/cc - skipped
[0.646s] -- Detecting C compile features
[0.646s] -- Detecting C compile features - done
[0.649s] -- Detecting CXX compiler ABI info
[0.794s] -- Detecting CXX compiler ABI info - done
[0.803s] -- Check for working CXX compiler: /usr/bin/c++ - skipped
[0.804s] -- Detecting CXX compile features
[0.804s] -- Detecting CXX compile features - done
[0.808s] -- Found ament_cmake: 1.3.5 (/opt/ros/humble/share/ament_cmake/cmake)
[1.128s] -- Found Python3: /usr/bin/python3.10 (found version "3.10.12") found components: Interpreter 
[1.389s] -- Configuring done
[1.392s] -- Generating done
[1.393s] -- Build files have been written to: /home/kimdu/hanse/build/cmake_modules
[1.400s] Invoked command in '/home/kimdu/hanse/build/cmake_modules' returned '0': CMAKE_PREFIX_PATH=${CMAKE_PREFIX_PATH}:/home/kimdu/hanse/install/open_manipulator_x_teleop:/home/kimdu/hanse/install/ai_manipulation:/home/kimdu/pinkbot/install/minibot_driving:/home/kimdu/pinkbot/install/mas_test:/opt/ros/humble /usr/bin/cmake /home/kimdu/hanse/src/open_manipulator_dependencies/cmake_modules -DCMAKE_INSTALL_PREFIX=/home/kimdu/hanse/install/cmake_modules
[1.410s] Invoking command in '/home/kimdu/hanse/build/cmake_modules': CMAKE_PREFIX_PATH=${CMAKE_PREFIX_PATH}:/home/kimdu/hanse/install/open_manipulator_x_teleop:/home/kimdu/hanse/install/ai_manipulation:/home/kimdu/pinkbot/install/minibot_driving:/home/kimdu/pinkbot/install/mas_test:/opt/ros/humble /usr/bin/cmake --build /home/kimdu/hanse/build/cmake_modules -- -j8 -l8
[1.479s] Invoked command in '/home/kimdu/hanse/build/cmake_modules' returned '0': CMAKE_PREFIX_PATH=${CMAKE_PREFIX_PATH}:/home/kimdu/hanse/install/open_manipulator_x_teleop:/home/kimdu/hanse/install/ai_manipulation:/home/kimdu/pinkbot/install/minibot_driving:/home/kimdu/pinkbot/install/mas_test:/opt/ros/humble /usr/bin/cmake --build /home/kimdu/hanse/build/cmake_modules -- -j8 -l8
[1.889s] Invoking command in '/home/kimdu/hanse/build/cmake_modules': CMAKE_PREFIX_PATH=${CMAKE_PREFIX_PATH}:/home/kimdu/hanse/install/open_manipulator_x_teleop:/home/kimdu/hanse/install/ai_manipulation:/home/kimdu/pinkbot/install/minibot_driving:/home/kimdu/pinkbot/install/mas_test:/opt/ros/humble /usr/bin/cmake --install /home/kimdu/hanse/build/cmake_modules
[1.901s] -- Install configuration: ""
[1.901s] -- Installing: /home/kimdu/hanse/install/cmake_modules/share/cmake_modules/cmake/Modules
[1.901s] -- Installing: /home/kimdu/hanse/install/cmake_modules/share/cmake_modules/cmake/Modules/FindGflags.cmake
[1.901s] -- Installing: /home/kimdu/hanse/install/cmake_modules/share/cmake_modules/cmake/Modules/FindNUMPY.cmake
[1.901s] -- Installing: /home/kimdu/hanse/install/cmake_modules/share/cmake_modules/cmake/Modules/FindTinyXML.cmake
[1.901s] -- Installing: /home/kimdu/hanse/install/cmake_modules/share/cmake_modules/cmake/Modules/FindGSL.cmake
[1.901s] -- Installing: /home/kimdu/hanse/install/cmake_modules/share/cmake_modules/cmake/Modules/FindXenomai.cmake
[1.901s] -- Installing: /home/kimdu/hanse/install/cmake_modules/share/cmake_modules/cmake/Modules/FindTinyXML2.cmake
[1.901s] -- Installing: /home/kimdu/hanse/install/cmake_modules/share/cmake_modules/cmake/Modules/FindTBB.cmake
[1.901s] -- Installing: /home/kimdu/hanse/install/cmake_modules/share/cmake_modules/cmake/Modules/FindPoco.cmake
[1.901s] -- Installing: /home/kimdu/hanse/install/cmake_modules/share/cmake_modules/cmake/Modules/FindUUID.cmake
[1.901s] -- Installing: /home/kimdu/hanse/install/cmake_modules/share/ament_index/resource_index/package_run_dependencies/cmake_modules
[1.902s] -- Installing: /home/kimdu/hanse/install/cmake_modules/share/ament_index/resource_index/parent_prefix_path/cmake_modules
[1.902s] -- Installing: /home/kimdu/hanse/install/cmake_modules/share/cmake_modules/environment/ament_prefix_path.sh
[1.902s] -- Installing: /home/kimdu/hanse/install/cmake_modules/share/cmake_modules/environment/ament_prefix_path.dsv
[1.902s] -- Installing: /home/kimdu/hanse/install/cmake_modules/share/cmake_modules/environment/path.sh
[1.902s] -- Installing: /home/kimdu/hanse/install/cmake_modules/share/cmake_modules/environment/path.dsv
[1.902s] -- Installing: /home/kimdu/hanse/install/cmake_modules/share/cmake_modules/local_setup.bash
[1.902s] -- Installing: /home/kimdu/hanse/install/cmake_modules/share/cmake_modules/local_setup.sh
[1.911s] -- Installing: /home/kimdu/hanse/install/cmake_modules/share/cmake_modules/local_setup.zsh
[1.911s] -- Installing: /home/kimdu/hanse/install/cmake_modules/share/cmake_modules/local_setup.dsv
[1.911s] -- Installing: /home/kimdu/hanse/install/cmake_modules/share/cmake_modules/package.dsv
[1.912s] -- Installing: /home/kimdu/hanse/install/cmake_modules/share/ament_index/resource_index/packages/cmake_modules
[1.912s] -- Installing: /home/kimdu/hanse/install/cmake_modules/share/cmake_modules/cmake/cmake_modules-extras.cmake
[1.912s] -- Installing: /home/kimdu/hanse/install/cmake_modules/share/cmake_modules/cmake/ament_cmake_export_dependencies-extras.cmake
[1.912s] -- Installing: /home/kimdu/hanse/install/cmake_modules/share/cmake_modules/cmake/cmake_modulesConfig.cmake
[1.912s] -- Installing: /home/kimdu/hanse/install/cmake_modules/share/cmake_modules/cmake/cmake_modulesConfig-version.cmake
[1.912s] -- Installing: /home/kimdu/hanse/install/cmake_modules/share/cmake_modules/package.xml
[1.919s] Invoked command in '/home/kimdu/hanse/build/cmake_modules' returned '0': CMAKE_PREFIX_PATH=${CMAKE_PREFIX_PATH}:/home/kimdu/hanse/install/open_manipulator_x_teleop:/home/kimdu/hanse/install/ai_manipulation:/home/kimdu/pinkbot/install/minibot_driving:/home/kimdu/pinkbot/install/mas_test:/opt/ros/humble /usr/bin/cmake --install /home/kimdu/hanse/build/cmake_modules
