[0.092s] Invoking command in '/home/kimdu/hanse/build/open_manipulator_x_description': CMAKE_PREFIX_PATH=${CMAKE_PREFIX_PATH}:/home/kimdu/hanse/robot-repo-2/install/open_manipulator_x_teleop:/home/kimdu/hanse/robot-repo-2/install/ai_manipulation:/home/kimdu/hanse/install/open_manipulator_x_teleop:/home/kimdu/hanse/install/ai_manipulation:/home/kimdu/pinkbot/install/minibot_driving:/home/kimdu/pinkbot/install/mas_test:/opt/ros/humble /usr/bin/cmake /home/kimdu/hanse/src/open_manipulator/open_manipulator_x_description -DCMAKE_INSTALL_PREFIX=/home/kimdu/hanse/install/open_manipulator_x_description
[0.144s] -- The C compiler identification is GNU 11.4.0
[0.206s] -- The CXX compiler identification is GNU 11.4.0
[0.212s] -- Detecting C compiler ABI info
[0.276s] -- Detecting C compiler ABI info - done
[0.284s] -- Check for working C compiler: /usr/bin/cc - skipped
[0.285s] -- Detecting C compile features
[0.285s] -- Detecting C compile features - done
[0.288s] -- Detecting CXX compiler ABI info
[0.368s] -- Detecting CXX compiler ABI info - done
[0.374s] -- Check for working CXX compiler: /usr/bin/c++ - skipped
[0.374s] -- Detecting CXX compile features
[0.374s] -- Detecting CXX compile features - done
[0.377s] -- Found ament_cmake: 1.3.5 (/opt/ros/humble/share/ament_cmake/cmake)
[0.538s] -- Found Python3: /usr/bin/python3.10 (found version "3.10.12") found components: Interpreter 
[0.692s] -- Configuring done
[0.694s] -- Generating done
[0.695s] -- Build files have been written to: /home/kimdu/hanse/build/open_manipulator_x_description
[0.700s] Invoked command in '/home/kimdu/hanse/build/open_manipulator_x_description' returned '0': CMAKE_PREFIX_PATH=${CMAKE_PREFIX_PATH}:/home/kimdu/hanse/robot-repo-2/install/open_manipulator_x_teleop:/home/kimdu/hanse/robot-repo-2/install/ai_manipulation:/home/kimdu/hanse/install/open_manipulator_x_teleop:/home/kimdu/hanse/install/ai_manipulation:/home/kimdu/pinkbot/install/minibot_driving:/home/kimdu/pinkbot/install/mas_test:/opt/ros/humble /usr/bin/cmake /home/kimdu/hanse/src/open_manipulator/open_manipulator_x_description -DCMAKE_INSTALL_PREFIX=/home/kimdu/hanse/install/open_manipulator_x_description
[0.703s] Invoking command in '/home/kimdu/hanse/build/open_manipulator_x_description': CMAKE_PREFIX_PATH=${CMAKE_PREFIX_PATH}:/home/kimdu/hanse/robot-repo-2/install/open_manipulator_x_teleop:/home/kimdu/hanse/robot-repo-2/install/ai_manipulation:/home/kimdu/hanse/install/open_manipulator_x_teleop:/home/kimdu/hanse/install/ai_manipulation:/home/kimdu/pinkbot/install/minibot_driving:/home/kimdu/pinkbot/install/mas_test:/opt/ros/humble /usr/bin/cmake --build /home/kimdu/hanse/build/open_manipulator_x_description -- -j8 -l8
[0.740s] Invoked command in '/home/kimdu/hanse/build/open_manipulator_x_description' returned '0': CMAKE_PREFIX_PATH=${CMAKE_PREFIX_PATH}:/home/kimdu/hanse/robot-repo-2/install/open_manipulator_x_teleop:/home/kimdu/hanse/robot-repo-2/install/ai_manipulation:/home/kimdu/hanse/install/open_manipulator_x_teleop:/home/kimdu/hanse/install/ai_manipulation:/home/kimdu/pinkbot/install/minibot_driving:/home/kimdu/pinkbot/install/mas_test:/opt/ros/humble /usr/bin/cmake --build /home/kimdu/hanse/build/open_manipulator_x_description -- -j8 -l8
[0.867s] Invoking command in '/home/kimdu/hanse/build/open_manipulator_x_description': CMAKE_PREFIX_PATH=${CMAKE_PREFIX_PATH}:/home/kimdu/hanse/robot-repo-2/install/open_manipulator_x_teleop:/home/kimdu/hanse/robot-repo-2/install/ai_manipulation:/home/kimdu/hanse/install/open_manipulator_x_teleop:/home/kimdu/hanse/install/ai_manipulation:/home/kimdu/pinkbot/install/minibot_driving:/home/kimdu/pinkbot/install/mas_test:/opt/ros/humble /usr/bin/cmake --install /home/kimdu/hanse/build/open_manipulator_x_description
[0.884s] -- Install configuration: ""
[0.884s] -- Installing: /home/kimdu/hanse/install/open_manipulator_x_description/share/open_manipulator_x_description/launch
[0.884s] -- Installing: /home/kimdu/hanse/install/open_manipulator_x_description/share/open_manipulator_x_description/launch/open_manipulator_x_rviz.launch.py
[0.884s] -- Installing: /home/kimdu/hanse/install/open_manipulator_x_description/share/open_manipulator_x_description/launch/.DS_Store
[0.884s] -- Installing: /home/kimdu/hanse/install/open_manipulator_x_description/share/open_manipulator_x_description/meshes
[0.884s] -- Installing: /home/kimdu/hanse/install/open_manipulator_x_description/share/open_manipulator_x_description/meshes/chain_link1.stl
[0.886s] -- Installing: /home/kimdu/hanse/install/open_manipulator_x_description/share/open_manipulator_x_description/meshes/chain_link_grip_l.stl
[0.886s] -- Installing: /home/kimdu/hanse/install/open_manipulator_x_description/share/open_manipulator_x_description/meshes/chain_link4.stl
[0.887s] -- Installing: /home/kimdu/hanse/install/open_manipulator_x_description/share/open_manipulator_x_description/meshes/chain_link2.stl
[0.887s] -- Installing: /home/kimdu/hanse/install/open_manipulator_x_description/share/open_manipulator_x_description/meshes/chain_link_grip_r.stl
[0.888s] -- Installing: /home/kimdu/hanse/install/open_manipulator_x_description/share/open_manipulator_x_description/meshes/chain_link5.stl
[0.888s] -- Installing: /home/kimdu/hanse/install/open_manipulator_x_description/share/open_manipulator_x_description/meshes/chain_link3.stl
[0.889s] -- Installing: /home/kimdu/hanse/install/open_manipulator_x_description/share/open_manipulator_x_description/rviz
[0.889s] -- Installing: /home/kimdu/hanse/install/open_manipulator_x_description/share/open_manipulator_x_description/rviz/open_manipulator_x.rviz
[0.889s] -- Installing: /home/kimdu/hanse/install/open_manipulator_x_description/share/open_manipulator_x_description/urdf
[0.889s] -- Installing: /home/kimdu/hanse/install/open_manipulator_x_description/share/open_manipulator_x_description/urdf/open_manipulator_x.transmission.xacro
[0.889s] -- Installing: /home/kimdu/hanse/install/open_manipulator_x_description/share/open_manipulator_x_description/urdf/open_manipulator_x.urdf.xacro
[0.889s] -- Installing: /home/kimdu/hanse/install/open_manipulator_x_description/share/open_manipulator_x_description/urdf/open_manipulator_x_robot.urdf.xacro
[0.890s] -- Installing: /home/kimdu/hanse/install/open_manipulator_x_description/share/open_manipulator_x_description/urdf/materials.xacro
[0.890s] -- Installing: /home/kimdu/hanse/install/open_manipulator_x_description/share/open_manipulator_x_description/urdf/open_manipulator_x.gazebo.xacro
[0.893s] -- Installing: /home/kimdu/hanse/install/open_manipulator_x_description/share/ament_index/resource_index/package_run_dependencies/open_manipulator_x_description
[0.894s] -- Installing: /home/kimdu/hanse/install/open_manipulator_x_description/share/ament_index/resource_index/parent_prefix_path/open_manipulator_x_description
[0.894s] -- Installing: /home/kimdu/hanse/install/open_manipulator_x_description/share/open_manipulator_x_description/environment/ament_prefix_path.sh
[0.894s] -- Installing: /home/kimdu/hanse/install/open_manipulator_x_description/share/open_manipulator_x_description/environment/ament_prefix_path.dsv
[0.894s] -- Installing: /home/kimdu/hanse/install/open_manipulator_x_description/share/open_manipulator_x_description/environment/path.sh
[0.894s] -- Installing: /home/kimdu/hanse/install/open_manipulator_x_description/share/open_manipulator_x_description/environment/path.dsv
[0.894s] -- Installing: /home/kimdu/hanse/install/open_manipulator_x_description/share/open_manipulator_x_description/local_setup.bash
[0.894s] -- Installing: /home/kimdu/hanse/install/open_manipulator_x_description/share/open_manipulator_x_description/local_setup.sh
[0.894s] -- Installing: /home/kimdu/hanse/install/open_manipulator_x_description/share/open_manipulator_x_description/local_setup.zsh
[0.894s] -- Installing: /home/kimdu/hanse/install/open_manipulator_x_description/share/open_manipulator_x_description/local_setup.dsv
[0.895s] -- Installing: /home/kimdu/hanse/install/open_manipulator_x_description/share/open_manipulator_x_description/package.dsv
[0.895s] -- Installing: /home/kimdu/hanse/install/open_manipulator_x_description/share/ament_index/resource_index/packages/open_manipulator_x_description
[0.895s] -- Installing: /home/kimdu/hanse/install/open_manipulator_x_description/share/open_manipulator_x_description/cmake/open_manipulator_x_descriptionConfig.cmake
[0.895s] -- Installing: /home/kimdu/hanse/install/open_manipulator_x_description/share/open_manipulator_x_description/cmake/open_manipulator_x_descriptionConfig-version.cmake
[0.895s] -- Installing: /home/kimdu/hanse/install/open_manipulator_x_description/share/open_manipulator_x_description/package.xml
[0.912s] Invoked command in '/home/kimdu/hanse/build/open_manipulator_x_description' returned '0': CMAKE_PREFIX_PATH=${CMAKE_PREFIX_PATH}:/home/kimdu/hanse/robot-repo-2/install/open_manipulator_x_teleop:/home/kimdu/hanse/robot-repo-2/install/ai_manipulation:/home/kimdu/hanse/install/open_manipulator_x_teleop:/home/kimdu/hanse/install/ai_manipulation:/home/kimdu/pinkbot/install/minibot_driving:/home/kimdu/pinkbot/install/mas_test:/opt/ros/humble /usr/bin/cmake --install /home/kimdu/hanse/build/open_manipulator_x_description
