[1.717s] Invoking command in '/home/hanse/git_ws/final_project/src/open_manipulator/open_manipulator_x_teleop': CMAKE_PREFIX_PATH=/home/hanse/git_ws/final_project/install/open_manipulator_msgs:/home/hanse/git_ws/final_project/install/open_manipulator:/home/hanse/git_ws/final_project/install/open_manipulator_x_controller:/home/hanse/git_ws/final_project/install/open_manipulator_x_libs:/home/hanse/git_ws/final_project/install/robotis_manipulator:/home/hanse/git_ws/final_project/install/open_manipulator_x_description:/home/hanse/git_ws/final_project/install/dynamixel_workbench:/home/hanse/git_ws/final_project/install/dynamixel_workbench_toolbox:/home/hanse/git_ws/final_project/install/dynamixel_sdk_examples:/home/hanse/git_ws/final_project/install/dynamixel_sdk_custom_interfaces:/home/hanse/git_ws/final_project/install/dynamixel_sdk:/home/hanse/git_ws/final_project/install/cmake_modules LD_LIBRARY_PATH=/home/hanse/git_ws/final_project/install/open_manipulator_msgs/lib:/usr/local/cuda-11.7/lib64:/usr/local/cuda-11.7/lib64:/usr/local/cuda-11.7/lib64:/home/hanse/git_ws/final_project/install/open_manipulator_x_libs/lib:/home/hanse/git_ws/final_project/install/robotis_manipulator/lib:/home/hanse/git_ws/final_project/install/dynamixel_workbench_toolbox/lib:/home/hanse/git_ws/final_project/install/dynamixel_sdk_custom_interfaces/lib:/home/hanse/git_ws/final_project/install/dynamixel_sdk/lib:/usr/local/cuda-11.7/lib64:/usr/lib/x86_64-linux-gnu/gazebo-11/plugins:/opt/ros/humble/opt/rviz_ogre_vendor/lib:/opt/ros/humble/lib/x86_64-linux-gnu:/opt/ros/humble/lib:/usr/local/cuda-11.7/lib64:/usr/local/cuda-11.7/lib64/:/usr/local/cuda-11.7/lib64/:/usr/local/cuda-11.7/lib64/:/usr/local/cuda-11.7/lib64/:/usr/local/cuda-11.7/lib64/ PYTHONPATH=/home/hanse/git_ws/final_project/build/open_manipulator_x_teleop/prefix_override:/home/hanse/git_ws/final_project/install/open_manipulator_x_teleop/lib/python3.10/site-packages:${PYTHONPATH} /usr/bin/python3 setup.py egg_info --egg-base ../../../build/open_manipulator_x_teleop build --build-base /home/hanse/git_ws/final_project/build/open_manipulator_x_teleop/build install --record /home/hanse/git_ws/final_project/build/open_manipulator_x_teleop/install.log --single-version-externally-managed
[1.972s] running egg_info
[1.992s] writing ../../../build/open_manipulator_x_teleop/open_manipulator_x_teleop.egg-info/PKG-INFO
[1.993s] writing dependency_links to ../../../build/open_manipulator_x_teleop/open_manipulator_x_teleop.egg-info/dependency_links.txt
[1.993s] writing entry points to ../../../build/open_manipulator_x_teleop/open_manipulator_x_teleop.egg-info/entry_points.txt
[1.993s] writing requirements to ../../../build/open_manipulator_x_teleop/open_manipulator_x_teleop.egg-info/requires.txt
[1.993s] writing top-level names to ../../../build/open_manipulator_x_teleop/open_manipulator_x_teleop.egg-info/top_level.txt
[2.039s] reading manifest file '../../../build/open_manipulator_x_teleop/open_manipulator_x_teleop.egg-info/SOURCES.txt'
[2.041s] writing manifest file '../../../build/open_manipulator_x_teleop/open_manipulator_x_teleop.egg-info/SOURCES.txt'
[2.041s] running build
[2.041s] running build_py
[2.041s] running install
[2.042s] /home/hanse/.local/lib/python3.10/site-packages/setuptools/_distutils/cmd.py:66: SetuptoolsDeprecationWarning: setup.py install is deprecated.
[2.042s] !!
[2.042s] 
[2.042s]         ********************************************************************************
[2.042s]         Please avoid running ``setup.py`` directly.
[2.042s]         Instead, use pypa/build, pypa/installer or other
[2.042s]         standards-based tools.
[2.042s] 
[2.042s]         See https://blog.ganssle.io/articles/2021/10/setup-py-deprecated.html for details.
[2.042s]         ********************************************************************************
[2.042s] 
[2.042s] !!
[2.042s]   self.initialize_options()
[2.050s] running install_lib
[2.076s] running install_data
[2.100s] running install_egg_info
[2.123s] removing '/home/hanse/git_ws/final_project/install/open_manipulator_x_teleop/lib/python3.10/site-packages/open_manipulator_x_teleop-2.3.0-py3.10.egg-info' (and everything under it)
[2.123s] Copying ../../../build/open_manipulator_x_teleop/open_manipulator_x_teleop.egg-info to /home/hanse/git_ws/final_project/install/open_manipulator_x_teleop/lib/python3.10/site-packages/open_manipulator_x_teleop-2.3.0-py3.10.egg-info
[2.124s] running install_scripts
[2.298s] Installing make_my_model script to /home/hanse/git_ws/final_project/install/open_manipulator_x_teleop/lib/open_manipulator_x_teleop
[2.299s] Installing teleop_keyboard script to /home/hanse/git_ws/final_project/install/open_manipulator_x_teleop/lib/open_manipulator_x_teleop
[2.300s] writing list of installed files to '/home/hanse/git_ws/final_project/build/open_manipulator_x_teleop/install.log'
[2.341s] Invoked command in '/home/hanse/git_ws/final_project/src/open_manipulator/open_manipulator_x_teleop' returned '0': CMAKE_PREFIX_PATH=/home/hanse/git_ws/final_project/install/open_manipulator_msgs:/home/hanse/git_ws/final_project/install/open_manipulator:/home/hanse/git_ws/final_project/install/open_manipulator_x_controller:/home/hanse/git_ws/final_project/install/open_manipulator_x_libs:/home/hanse/git_ws/final_project/install/robotis_manipulator:/home/hanse/git_ws/final_project/install/open_manipulator_x_description:/home/hanse/git_ws/final_project/install/dynamixel_workbench:/home/hanse/git_ws/final_project/install/dynamixel_workbench_toolbox:/home/hanse/git_ws/final_project/install/dynamixel_sdk_examples:/home/hanse/git_ws/final_project/install/dynamixel_sdk_custom_interfaces:/home/hanse/git_ws/final_project/install/dynamixel_sdk:/home/hanse/git_ws/final_project/install/cmake_modules LD_LIBRARY_PATH=/home/hanse/git_ws/final_project/install/open_manipulator_msgs/lib:/usr/local/cuda-11.7/lib64:/usr/local/cuda-11.7/lib64:/usr/local/cuda-11.7/lib64:/home/hanse/git_ws/final_project/install/open_manipulator_x_libs/lib:/home/hanse/git_ws/final_project/install/robotis_manipulator/lib:/home/hanse/git_ws/final_project/install/dynamixel_workbench_toolbox/lib:/home/hanse/git_ws/final_project/install/dynamixel_sdk_custom_interfaces/lib:/home/hanse/git_ws/final_project/install/dynamixel_sdk/lib:/usr/local/cuda-11.7/lib64:/usr/lib/x86_64-linux-gnu/gazebo-11/plugins:/opt/ros/humble/opt/rviz_ogre_vendor/lib:/opt/ros/humble/lib/x86_64-linux-gnu:/opt/ros/humble/lib:/usr/local/cuda-11.7/lib64:/usr/local/cuda-11.7/lib64/:/usr/local/cuda-11.7/lib64/:/usr/local/cuda-11.7/lib64/:/usr/local/cuda-11.7/lib64/:/usr/local/cuda-11.7/lib64/ PYTHONPATH=/home/hanse/git_ws/final_project/build/open_manipulator_x_teleop/prefix_override:/home/hanse/git_ws/final_project/install/open_manipulator_x_teleop/lib/python3.10/site-packages:${PYTHONPATH} /usr/bin/python3 setup.py egg_info --egg-base ../../../build/open_manipulator_x_teleop build --build-base /home/hanse/git_ws/final_project/build/open_manipulator_x_teleop/build install --record /home/hanse/git_ws/final_project/build/open_manipulator_x_teleop/install.log --single-version-externally-managed
