[0.454s] Invoking command in '/home/hanse/git_ws/final_project/build/robotis_manipulator': CMAKE_PREFIX_PATH=/home/hanse/git_ws/final_project/install/cmake_modules:/home/hanse/git_ws/final_project/install/open_manipulator:/home/hanse/git_ws/final_project/install/open_manipulator_x_controller:/home/hanse/git_ws/final_project/install/open_manipulator_x_libs:/home/hanse/git_ws/final_project/install/robotis_manipulator:/home/hanse/git_ws/final_project/install/open_manipulator_x_description:/home/hanse/git_ws/final_project/install/open_manipulator_msgs:/home/hanse/git_ws/final_project/install/dynamixel_workbench:/home/hanse/git_ws/final_project/install/dynamixel_workbench_toolbox:/home/hanse/git_ws/final_project/install/dynamixel_sdk_examples:/home/hanse/git_ws/final_project/install/dynamixel_sdk_custom_interfaces:/home/hanse/git_ws/final_project/install/dynamixel_sdk:/home/hanse/git_ws/final_project/install/open_manipulator_x_teleop:/home/hanse/git_ws/final_project/install/ai_manipulation:/opt/ros/humble /home/hanse/.local/bin/cmake --build /home/hanse/git_ws/final_project/build/robotis_manipulator -- -j8 -l8
[0.556s] [100%] Built target robotis_manipulator
[0.717s] Invoked command in '/home/hanse/git_ws/final_project/build/robotis_manipulator' returned '0': CMAKE_PREFIX_PATH=/home/hanse/git_ws/final_project/install/cmake_modules:/home/hanse/git_ws/final_project/install/open_manipulator:/home/hanse/git_ws/final_project/install/open_manipulator_x_controller:/home/hanse/git_ws/final_project/install/open_manipulator_x_libs:/home/hanse/git_ws/final_project/install/robotis_manipulator:/home/hanse/git_ws/final_project/install/open_manipulator_x_description:/home/hanse/git_ws/final_project/install/open_manipulator_msgs:/home/hanse/git_ws/final_project/install/dynamixel_workbench:/home/hanse/git_ws/final_project/install/dynamixel_workbench_toolbox:/home/hanse/git_ws/final_project/install/dynamixel_sdk_examples:/home/hanse/git_ws/final_project/install/dynamixel_sdk_custom_interfaces:/home/hanse/git_ws/final_project/install/dynamixel_sdk:/home/hanse/git_ws/final_project/install/open_manipulator_x_teleop:/home/hanse/git_ws/final_project/install/ai_manipulation:/opt/ros/humble /home/hanse/.local/bin/cmake --build /home/hanse/git_ws/final_project/build/robotis_manipulator -- -j8 -l8
[0.993s] Invoking command in '/home/hanse/git_ws/final_project/build/robotis_manipulator': CMAKE_PREFIX_PATH=/home/hanse/git_ws/final_project/install/cmake_modules:/home/hanse/git_ws/final_project/install/open_manipulator:/home/hanse/git_ws/final_project/install/open_manipulator_x_controller:/home/hanse/git_ws/final_project/install/open_manipulator_x_libs:/home/hanse/git_ws/final_project/install/robotis_manipulator:/home/hanse/git_ws/final_project/install/open_manipulator_x_description:/home/hanse/git_ws/final_project/install/open_manipulator_msgs:/home/hanse/git_ws/final_project/install/dynamixel_workbench:/home/hanse/git_ws/final_project/install/dynamixel_workbench_toolbox:/home/hanse/git_ws/final_project/install/dynamixel_sdk_examples:/home/hanse/git_ws/final_project/install/dynamixel_sdk_custom_interfaces:/home/hanse/git_ws/final_project/install/dynamixel_sdk:/home/hanse/git_ws/final_project/install/open_manipulator_x_teleop:/home/hanse/git_ws/final_project/install/ai_manipulation:/opt/ros/humble /home/hanse/.local/bin/cmake --install /home/hanse/git_ws/final_project/build/robotis_manipulator
[1.054s] -- Install configuration: ""
[1.054s] -- Up-to-date: /home/hanse/git_ws/final_project/install/robotis_manipulator/lib/librobotis_manipulator.so
[1.054s] -- Up-to-date: /home/hanse/git_ws/final_project/install/robotis_manipulator/include/
[1.055s] -- Up-to-date: /home/hanse/git_ws/final_project/install/robotis_manipulator/include//robotis_manipulator
[1.055s] -- Up-to-date: /home/hanse/git_ws/final_project/install/robotis_manipulator/include//robotis_manipulator/robotis_manipulator_log.h
[1.055s] -- Up-to-date: /home/hanse/git_ws/final_project/install/robotis_manipulator/include//robotis_manipulator/robotis_manipulator_math.h
[1.055s] -- Up-to-date: /home/hanse/git_ws/final_project/install/robotis_manipulator/include//robotis_manipulator/robotis_manipulator.h
[1.055s] -- Up-to-date: /home/hanse/git_ws/final_project/install/robotis_manipulator/include//robotis_manipulator/robotis_manipulator_common.h
[1.055s] -- Up-to-date: /home/hanse/git_ws/final_project/install/robotis_manipulator/include//robotis_manipulator/robotis_manipulator_trajectory_generator.h
[1.055s] -- Up-to-date: /home/hanse/git_ws/final_project/install/robotis_manipulator/include//robotis_manipulator/robotis_manipulator_manager.h
[1.055s] -- Up-to-date: /home/hanse/git_ws/final_project/install/robotis_manipulator/share/robotis_manipulator/environment/library_path.sh
[1.056s] -- Up-to-date: /home/hanse/git_ws/final_project/install/robotis_manipulator/share/robotis_manipulator/environment/library_path.dsv
[1.056s] -- Up-to-date: /home/hanse/git_ws/final_project/install/robotis_manipulator/share/ament_index/resource_index/package_run_dependencies/robotis_manipulator
[1.056s] -- Up-to-date: /home/hanse/git_ws/final_project/install/robotis_manipulator/share/ament_index/resource_index/parent_prefix_path/robotis_manipulator
[1.056s] -- Up-to-date: /home/hanse/git_ws/final_project/install/robotis_manipulator/share/robotis_manipulator/environment/ament_prefix_path.sh
[1.057s] -- Up-to-date: /home/hanse/git_ws/final_project/install/robotis_manipulator/share/robotis_manipulator/environment/ament_prefix_path.dsv
[1.057s] -- Up-to-date: /home/hanse/git_ws/final_project/install/robotis_manipulator/share/robotis_manipulator/environment/path.sh
[1.057s] -- Up-to-date: /home/hanse/git_ws/final_project/install/robotis_manipulator/share/robotis_manipulator/environment/path.dsv
[1.057s] -- Up-to-date: /home/hanse/git_ws/final_project/install/robotis_manipulator/share/robotis_manipulator/local_setup.bash
[1.057s] -- Up-to-date: /home/hanse/git_ws/final_project/install/robotis_manipulator/share/robotis_manipulator/local_setup.sh
[1.058s] -- Up-to-date: /home/hanse/git_ws/final_project/install/robotis_manipulator/share/robotis_manipulator/local_setup.zsh
[1.058s] -- Up-to-date: /home/hanse/git_ws/final_project/install/robotis_manipulator/share/robotis_manipulator/local_setup.dsv
[1.058s] -- Installing: /home/hanse/git_ws/final_project/install/robotis_manipulator/share/robotis_manipulator/package.dsv
[1.059s] -- Up-to-date: /home/hanse/git_ws/final_project/install/robotis_manipulator/share/ament_index/resource_index/packages/robotis_manipulator
[1.059s] -- Up-to-date: /home/hanse/git_ws/final_project/install/robotis_manipulator/share/robotis_manipulator/cmake/ament_cmake_export_include_directories-extras.cmake
[1.059s] -- Up-to-date: /home/hanse/git_ws/final_project/install/robotis_manipulator/share/robotis_manipulator/cmake/ament_cmake_export_dependencies-extras.cmake
[1.059s] -- Up-to-date: /home/hanse/git_ws/final_project/install/robotis_manipulator/share/robotis_manipulator/cmake/ament_cmake_export_libraries-extras.cmake
[1.059s] -- Up-to-date: /home/hanse/git_ws/final_project/install/robotis_manipulator/share/robotis_manipulator/cmake/robotis_manipulatorConfig.cmake
[1.059s] -- Up-to-date: /home/hanse/git_ws/final_project/install/robotis_manipulator/share/robotis_manipulator/cmake/robotis_manipulatorConfig-version.cmake
[1.060s] -- Up-to-date: /home/hanse/git_ws/final_project/install/robotis_manipulator/share/robotis_manipulator/package.xml
[1.071s] Invoked command in '/home/hanse/git_ws/final_project/build/robotis_manipulator' returned '0': CMAKE_PREFIX_PATH=/home/hanse/git_ws/final_project/install/cmake_modules:/home/hanse/git_ws/final_project/install/open_manipulator:/home/hanse/git_ws/final_project/install/open_manipulator_x_controller:/home/hanse/git_ws/final_project/install/open_manipulator_x_libs:/home/hanse/git_ws/final_project/install/robotis_manipulator:/home/hanse/git_ws/final_project/install/open_manipulator_x_description:/home/hanse/git_ws/final_project/install/open_manipulator_msgs:/home/hanse/git_ws/final_project/install/dynamixel_workbench:/home/hanse/git_ws/final_project/install/dynamixel_workbench_toolbox:/home/hanse/git_ws/final_project/install/dynamixel_sdk_examples:/home/hanse/git_ws/final_project/install/dynamixel_sdk_custom_interfaces:/home/hanse/git_ws/final_project/install/dynamixel_sdk:/home/hanse/git_ws/final_project/install/open_manipulator_x_teleop:/home/hanse/git_ws/final_project/install/ai_manipulation:/opt/ros/humble /home/hanse/.local/bin/cmake --install /home/hanse/git_ws/final_project/build/robotis_manipulator
