[0.249s] Invoking command in '/home/hanse/git_ws/final_project/build/open_manipulator_msgs': CMAKE_PREFIX_PATH=${CMAKE_PREFIX_PATH}:/home/hanse/git_ws/final_project/install/open_manipulator_x_teleop:/home/hanse/git_ws/final_project/install/ai_manipulation:/opt/ros/humble /home/hanse/.local/bin/cmake --build /home/hanse/git_ws/final_project/build/open_manipulator_msgs -- -j8 -l8
[0.420s] [  1%] Built target open_manipulator_msgs__cpp
[0.421s] [ 12%] Built target open_manipulator_msgs__rosidl_generator_c
[0.512s] [ 24%] Built target open_manipulator_msgs__rosidl_typesupport_fastrtps_c
[0.514s] [ 35%] Built target open_manipulator_msgs__rosidl_typesupport_introspection_cpp
[0.519s] [ 44%] Built target ament_cmake_python_copy_open_manipulator_msgs
[0.519s] [ 47%] Built target open_manipulator_msgs__rosidl_typesupport_cpp
[0.526s] [ 58%] Built target open_manipulator_msgs__rosidl_typesupport_fastrtps_cpp
[0.572s] [ 70%] Built target open_manipulator_msgs__rosidl_typesupport_c
[0.599s] [ 82%] Built target open_manipulator_msgs__rosidl_typesupport_introspection_c
[0.719s] [ 82%] Built target open_manipulator_msgs
[0.778s] [ 83%] Built target open_manipulator_msgs__py
[0.876s] [ 93%] Built target open_manipulator_msgs__rosidl_generator_py
[0.911s] running egg_info
[0.925s] [ 95%] Built target open_manipulator_msgs__rosidl_typesupport_introspection_c__pyext
[0.935s] writing open_manipulator_msgs.egg-info/PKG-INFO
[0.936s] writing dependency_links to open_manipulator_msgs.egg-info/dependency_links.txt
[0.936s] writing top-level names to open_manipulator_msgs.egg-info/top_level.txt
[0.943s] [ 97%] Built target open_manipulator_msgs__rosidl_typesupport_fastrtps_c__pyext
[0.960s] [100%] Built target open_manipulator_msgs__rosidl_typesupport_c__pyext
[1.018s] reading manifest file 'open_manipulator_msgs.egg-info/SOURCES.txt'
[1.019s] writing manifest file 'open_manipulator_msgs.egg-info/SOURCES.txt'
[1.081s] [100%] Built target ament_cmake_python_build_open_manipulator_msgs_egg
[1.570s] Invoked command in '/home/hanse/git_ws/final_project/build/open_manipulator_msgs' returned '0': CMAKE_PREFIX_PATH=${CMAKE_PREFIX_PATH}:/home/hanse/git_ws/final_project/install/open_manipulator_x_teleop:/home/hanse/git_ws/final_project/install/ai_manipulation:/opt/ros/humble /home/hanse/.local/bin/cmake --build /home/hanse/git_ws/final_project/build/open_manipulator_msgs -- -j8 -l8
[2.267s] Invoking command in '/home/hanse/git_ws/final_project/build/open_manipulator_msgs': CMAKE_PREFIX_PATH=${CMAKE_PREFIX_PATH}:/home/hanse/git_ws/final_project/install/open_manipulator_x_teleop:/home/hanse/git_ws/final_project/install/ai_manipulation:/opt/ros/humble /home/hanse/.local/bin/cmake --install /home/hanse/git_ws/final_project/build/open_manipulator_msgs
[2.367s] -- Install configuration: ""
[2.367s] -- Up-to-date: /home/hanse/git_ws/final_project/install/open_manipulator_msgs/share/ament_index/resource_index/rosidl_interfaces/open_manipulator_msgs
[2.367s] -- Up-to-date: /home/hanse/git_ws/final_project/install/open_manipulator_msgs/include/open_manipulator_msgs/open_manipulator_msgs
[2.367s] -- Up-to-date: /home/hanse/git_ws/final_project/install/open_manipulator_msgs/include/open_manipulator_msgs/open_manipulator_msgs/msg
[2.367s] -- Up-to-date: /home/hanse/git_ws/final_project/install/open_manipulator_msgs/include/open_manipulator_msgs/open_manipulator_msgs/msg/detail
[2.367s] -- Up-to-date: /home/hanse/git_ws/final_project/install/open_manipulator_msgs/include/open_manipulator_msgs/open_manipulator_msgs/msg/detail/kinematics_pose__struct.h
[2.367s] -- Up-to-date: /home/hanse/git_ws/final_project/install/open_manipulator_msgs/include/open_manipulator_msgs/open_manipulator_msgs/msg/detail/joint_position__functions.c
[2.367s] -- Up-to-date: /home/hanse/git_ws/final_project/install/open_manipulator_msgs/include/open_manipulator_msgs/open_manipulator_msgs/msg/detail/kinematics_pose__functions.h
[2.367s] -- Up-to-date: /home/hanse/git_ws/final_project/install/open_manipulator_msgs/include/open_manipulator_msgs/open_manipulator_msgs/msg/detail/open_manipulator_state__functions.h
[2.368s] -- Up-to-date: /home/hanse/git_ws/final_project/install/open_manipulator_msgs/include/open_manipulator_msgs/open_manipulator_msgs/msg/detail/joint_position__type_support.h
[2.368s] -- Up-to-date: /home/hanse/git_ws/final_project/install/open_manipulator_msgs/include/open_manipulator_msgs/open_manipulator_msgs/msg/detail/joint_position__functions.h
[2.368s] -- Up-to-date: /home/hanse/git_ws/final_project/install/open_manipulator_msgs/include/open_manipulator_msgs/open_manipulator_msgs/msg/detail/open_manipulator_state__functions.c
[2.368s] -- Up-to-date: /home/hanse/git_ws/final_project/install/open_manipulator_msgs/include/open_manipulator_msgs/open_manipulator_msgs/msg/detail/open_manipulator_state__struct.h
[2.368s] -- Up-to-date: /home/hanse/git_ws/final_project/install/open_manipulator_msgs/include/open_manipulator_msgs/open_manipulator_msgs/msg/detail/kinematics_pose__type_support.h
[2.368s] -- Up-to-date: /home/hanse/git_ws/final_project/install/open_manipulator_msgs/include/open_manipulator_msgs/open_manipulator_msgs/msg/detail/joint_position__struct.h
[2.368s] -- Up-to-date: /home/hanse/git_ws/final_project/install/open_manipulator_msgs/include/open_manipulator_msgs/open_manipulator_msgs/msg/detail/open_manipulator_state__type_support.h
[2.368s] -- Up-to-date: /home/hanse/git_ws/final_project/install/open_manipulator_msgs/include/open_manipulator_msgs/open_manipulator_msgs/msg/detail/kinematics_pose__functions.c
[2.368s] -- Up-to-date: /home/hanse/git_ws/final_project/install/open_manipulator_msgs/include/open_manipulator_msgs/open_manipulator_msgs/msg/kinematics_pose.h
[2.369s] -- Up-to-date: /home/hanse/git_ws/final_project/install/open_manipulator_msgs/include/open_manipulator_msgs/open_manipulator_msgs/msg/rosidl_generator_c__visibility_control.h
[2.369s] -- Up-to-date: /home/hanse/git_ws/final_project/install/open_manipulator_msgs/include/open_manipulator_msgs/open_manipulator_msgs/msg/open_manipulator_state.h
[2.369s] -- Up-to-date: /home/hanse/git_ws/final_project/install/open_manipulator_msgs/include/open_manipulator_msgs/open_manipulator_msgs/msg/joint_position.h
[2.369s] -- Up-to-date: /home/hanse/git_ws/final_project/install/open_manipulator_msgs/include/open_manipulator_msgs/open_manipulator_msgs/srv
[2.369s] -- Up-to-date: /home/hanse/git_ws/final_project/install/open_manipulator_msgs/include/open_manipulator_msgs/open_manipulator_msgs/srv/set_kinematics_pose.h
[2.369s] -- Up-to-date: /home/hanse/git_ws/final_project/install/open_manipulator_msgs/include/open_manipulator_msgs/open_manipulator_msgs/srv/detail
[2.369s] -- Up-to-date: /home/hanse/git_ws/final_project/install/open_manipulator_msgs/include/open_manipulator_msgs/open_manipulator_msgs/srv/detail/get_joint_position__struct.h
[2.370s] -- Up-to-date: /home/hanse/git_ws/final_project/install/open_manipulator_msgs/include/open_manipulator_msgs/open_manipulator_msgs/srv/detail/set_actuator_state__functions.c
[2.370s] -- Up-to-date: /home/hanse/git_ws/final_project/install/open_manipulator_msgs/include/open_manipulator_msgs/open_manipulator_msgs/srv/detail/get_kinematics_pose__type_support.h
[2.370s] -- Up-to-date: /home/hanse/git_ws/final_project/install/open_manipulator_msgs/include/open_manipulator_msgs/open_manipulator_msgs/srv/detail/set_drawing_trajectory__type_support.h
[2.370s] -- Up-to-date: /home/hanse/git_ws/final_project/install/open_manipulator_msgs/include/open_manipulator_msgs/open_manipulator_msgs/srv/detail/set_actuator_state__struct.h
[2.370s] -- Up-to-date: /home/hanse/git_ws/final_project/install/open_manipulator_msgs/include/open_manipulator_msgs/open_manipulator_msgs/srv/detail/set_joint_position__type_support.h
[2.370s] -- Up-to-date: /home/hanse/git_ws/final_project/install/open_manipulator_msgs/include/open_manipulator_msgs/open_manipulator_msgs/srv/detail/get_kinematics_pose__functions.h
[2.370s] -- Up-to-date: /home/hanse/git_ws/final_project/install/open_manipulator_msgs/include/open_manipulator_msgs/open_manipulator_msgs/srv/detail/get_kinematics_pose__functions.c
[2.370s] -- Up-to-date: /home/hanse/git_ws/final_project/install/open_manipulator_msgs/include/open_manipulator_msgs/open_manipulator_msgs/srv/detail/get_joint_position__functions.c
[2.370s] -- Up-to-date: /home/hanse/git_ws/final_project/install/open_manipulator_msgs/include/open_manipulator_msgs/open_manipulator_msgs/srv/detail/set_drawing_trajectory__functions.c
[2.371s] -- Up-to-date: /home/hanse/git_ws/final_project/install/open_manipulator_msgs/include/open_manipulator_msgs/open_manipulator_msgs/srv/detail/set_joint_position__functions.h
[2.371s] -- Up-to-date: /home/hanse/git_ws/final_project/install/open_manipulator_msgs/include/open_manipulator_msgs/open_manipulator_msgs/srv/detail/get_kinematics_pose__struct.h
[2.371s] -- Up-to-date: /home/hanse/git_ws/final_project/install/open_manipulator_msgs/include/open_manipulator_msgs/open_manipulator_msgs/srv/detail/set_drawing_trajectory__struct.h
[2.371s] -- Up-to-date: /home/hanse/git_ws/final_project/install/open_manipulator_msgs/include/open_manipulator_msgs/open_manipulator_msgs/srv/detail/set_joint_position__struct.h
[2.371s] -- Up-to-date: /home/hanse/git_ws/final_project/install/open_manipulator_msgs/include/open_manipulator_msgs/open_manipulator_msgs/srv/detail/set_kinematics_pose__functions.h
[2.371s] -- Up-to-date: /home/hanse/git_ws/final_project/install/open_manipulator_msgs/include/open_manipulator_msgs/open_manipulator_msgs/srv/detail/get_joint_position__type_support.h
[2.371s] -- Up-to-date: /home/hanse/git_ws/final_project/install/open_manipulator_msgs/include/open_manipulator_msgs/open_manipulator_msgs/srv/detail/set_kinematics_pose__functions.c
[2.371s] -- Up-to-date: /home/hanse/git_ws/final_project/install/open_manipulator_msgs/include/open_manipulator_msgs/open_manipulator_msgs/srv/detail/set_drawing_trajectory__functions.h
[2.371s] -- Up-to-date: /home/hanse/git_ws/final_project/install/open_manipulator_msgs/include/open_manipulator_msgs/open_manipulator_msgs/srv/detail/set_kinematics_pose__type_support.h
[2.371s] -- Up-to-date: /home/hanse/git_ws/final_project/install/open_manipulator_msgs/include/open_manipulator_msgs/open_manipulator_msgs/srv/detail/set_joint_position__functions.c
[2.371s] -- Up-to-date: /home/hanse/git_ws/final_project/install/open_manipulator_msgs/include/open_manipulator_msgs/open_manipulator_msgs/srv/detail/get_joint_position__functions.h
[2.371s] -- Up-to-date: /home/hanse/git_ws/final_project/install/open_manipulator_msgs/include/open_manipulator_msgs/open_manipulator_msgs/srv/detail/set_kinematics_pose__struct.h
[2.371s] -- Up-to-date: /home/hanse/git_ws/final_project/install/open_manipulator_msgs/include/open_manipulator_msgs/open_manipulator_msgs/srv/detail/set_actuator_state__type_support.h
[2.372s] -- Up-to-date: /home/hanse/git_ws/final_project/install/open_manipulator_msgs/include/open_manipulator_msgs/open_manipulator_msgs/srv/detail/set_actuator_state__functions.h
[2.372s] -- Up-to-date: /home/hanse/git_ws/final_project/install/open_manipulator_msgs/include/open_manipulator_msgs/open_manipulator_msgs/srv/set_joint_position.h
[2.372s] -- Up-to-date: /home/hanse/git_ws/final_project/install/open_manipulator_msgs/include/open_manipulator_msgs/open_manipulator_msgs/srv/set_drawing_trajectory.h
[2.372s] -- Up-to-date: /home/hanse/git_ws/final_project/install/open_manipulator_msgs/include/open_manipulator_msgs/open_manipulator_msgs/srv/get_kinematics_pose.h
[2.372s] -- Up-to-date: /home/hanse/git_ws/final_project/install/open_manipulator_msgs/include/open_manipulator_msgs/open_manipulator_msgs/srv/set_actuator_state.h
[2.372s] -- Up-to-date: /home/hanse/git_ws/final_project/install/open_manipulator_msgs/include/open_manipulator_msgs/open_manipulator_msgs/srv/get_joint_position.h
[2.372s] -- Up-to-date: /home/hanse/git_ws/final_project/install/open_manipulator_msgs/share/open_manipulator_msgs/environment/library_path.sh
[2.372s] -- Up-to-date: /home/hanse/git_ws/final_project/install/open_manipulator_msgs/share/open_manipulator_msgs/environment/library_path.dsv
[2.372s] -- Up-to-date: /home/hanse/git_ws/final_project/install/open_manipulator_msgs/lib/libopen_manipulator_msgs__rosidl_generator_c.so
[2.372s] -- Up-to-date: /home/hanse/git_ws/final_project/install/open_manipulator_msgs/include/open_manipulator_msgs/open_manipulator_msgs
[2.372s] -- Up-to-date: /home/hanse/git_ws/final_project/install/open_manipulator_msgs/include/open_manipulator_msgs/open_manipulator_msgs/msg
[2.372s] -- Up-to-date: /home/hanse/git_ws/final_project/install/open_manipulator_msgs/include/open_manipulator_msgs/open_manipulator_msgs/msg/rosidl_typesupport_fastrtps_c__visibility_control.h
[2.372s] -- Up-to-date: /home/hanse/git_ws/final_project/install/open_manipulator_msgs/include/open_manipulator_msgs/open_manipulator_msgs/msg/detail
[2.372s] -- Up-to-date: /home/hanse/git_ws/final_project/install/open_manipulator_msgs/include/open_manipulator_msgs/open_manipulator_msgs/msg/detail/open_manipulator_state__rosidl_typesupport_fastrtps_c.h
[2.373s] -- Up-to-date: /home/hanse/git_ws/final_project/install/open_manipulator_msgs/include/open_manipulator_msgs/open_manipulator_msgs/msg/detail/joint_position__rosidl_typesupport_fastrtps_c.h
[2.373s] -- Up-to-date: /home/hanse/git_ws/final_project/install/open_manipulator_msgs/include/open_manipulator_msgs/open_manipulator_msgs/msg/detail/kinematics_pose__rosidl_typesupport_fastrtps_c.h
[2.373s] -- Up-to-date: /home/hanse/git_ws/final_project/install/open_manipulator_msgs/include/open_manipulator_msgs/open_manipulator_msgs/srv
[2.373s] -- Up-to-date: /home/hanse/git_ws/final_project/install/open_manipulator_msgs/include/open_manipulator_msgs/open_manipulator_msgs/srv/detail
[2.373s] -- Up-to-date: /home/hanse/git_ws/final_project/install/open_manipulator_msgs/include/open_manipulator_msgs/open_manipulator_msgs/srv/detail/set_drawing_trajectory__rosidl_typesupport_fastrtps_c.h
[2.373s] -- Up-to-date: /home/hanse/git_ws/final_project/install/open_manipulator_msgs/include/open_manipulator_msgs/open_manipulator_msgs/srv/detail/get_kinematics_pose__rosidl_typesupport_fastrtps_c.h
[2.373s] -- Up-to-date: /home/hanse/git_ws/final_project/install/open_manipulator_msgs/include/open_manipulator_msgs/open_manipulator_msgs/srv/detail/set_actuator_state__rosidl_typesupport_fastrtps_c.h
[2.373s] -- Up-to-date: /home/hanse/git_ws/final_project/install/open_manipulator_msgs/include/open_manipulator_msgs/open_manipulator_msgs/srv/detail/set_kinematics_pose__rosidl_typesupport_fastrtps_c.h
[2.373s] -- Up-to-date: /home/hanse/git_ws/final_project/install/open_manipulator_msgs/include/open_manipulator_msgs/open_manipulator_msgs/srv/detail/set_joint_position__rosidl_typesupport_fastrtps_c.h
[2.373s] -- Up-to-date: /home/hanse/git_ws/final_project/install/open_manipulator_msgs/include/open_manipulator_msgs/open_manipulator_msgs/srv/detail/get_joint_position__rosidl_typesupport_fastrtps_c.h
[2.373s] -- Up-to-date: /home/hanse/git_ws/final_project/install/open_manipulator_msgs/lib/libopen_manipulator_msgs__rosidl_typesupport_fastrtps_c.so
[2.373s] -- Up-to-date: /home/hanse/git_ws/final_project/install/open_manipulator_msgs/include/open_manipulator_msgs/open_manipulator_msgs
[2.373s] -- Up-to-date: /home/hanse/git_ws/final_project/install/open_manipulator_msgs/include/open_manipulator_msgs/open_manipulator_msgs/msg
[2.373s] -- Up-to-date: /home/hanse/git_ws/final_project/install/open_manipulator_msgs/include/open_manipulator_msgs/open_manipulator_msgs/msg/detail
[2.374s] -- Up-to-date: /home/hanse/git_ws/final_project/install/open_manipulator_msgs/include/open_manipulator_msgs/open_manipulator_msgs/msg/detail/joint_position__builder.hpp
[2.374s] -- Up-to-date: /home/hanse/git_ws/final_project/install/open_manipulator_msgs/include/open_manipulator_msgs/open_manipulator_msgs/msg/detail/kinematics_pose__builder.hpp
[2.374s] -- Up-to-date: /home/hanse/git_ws/final_project/install/open_manipulator_msgs/include/open_manipulator_msgs/open_manipulator_msgs/msg/detail/kinematics_pose__traits.hpp
[2.374s] -- Up-to-date: /home/hanse/git_ws/final_project/install/open_manipulator_msgs/include/open_manipulator_msgs/open_manipulator_msgs/msg/detail/kinematics_pose__struct.hpp
[2.374s] -- Up-to-date: /home/hanse/git_ws/final_project/install/open_manipulator_msgs/include/open_manipulator_msgs/open_manipulator_msgs/msg/detail/open_manipulator_state__struct.hpp
[2.374s] -- Up-to-date: /home/hanse/git_ws/final_project/install/open_manipulator_msgs/include/open_manipulator_msgs/open_manipulator_msgs/msg/detail/joint_position__traits.hpp
[2.374s] -- Up-to-date: /home/hanse/git_ws/final_project/install/open_manipulator_msgs/include/open_manipulator_msgs/open_manipulator_msgs/msg/detail/open_manipulator_state__builder.hpp
[2.374s] -- Up-to-date: /home/hanse/git_ws/final_project/install/open_manipulator_msgs/include/open_manipulator_msgs/open_manipulator_msgs/msg/detail/joint_position__struct.hpp
[2.374s] -- Up-to-date: /home/hanse/git_ws/final_project/install/open_manipulator_msgs/include/open_manipulator_msgs/open_manipulator_msgs/msg/detail/open_manipulator_state__traits.hpp
[2.374s] -- Up-to-date: /home/hanse/git_ws/final_project/install/open_manipulator_msgs/include/open_manipulator_msgs/open_manipulator_msgs/msg/kinematics_pose.hpp
[2.374s] -- Up-to-date: /home/hanse/git_ws/final_project/install/open_manipulator_msgs/include/open_manipulator_msgs/open_manipulator_msgs/msg/joint_position.hpp
[2.374s] -- Up-to-date: /home/hanse/git_ws/final_project/install/open_manipulator_msgs/include/open_manipulator_msgs/open_manipulator_msgs/msg/open_manipulator_state.hpp
[2.375s] -- Up-to-date: /home/hanse/git_ws/final_project/install/open_manipulator_msgs/include/open_manipulator_msgs/open_manipulator_msgs/srv
[2.375s] -- Up-to-date: /home/hanse/git_ws/final_project/install/open_manipulator_msgs/include/open_manipulator_msgs/open_manipulator_msgs/srv/detail
[2.375s] -- Up-to-date: /home/hanse/git_ws/final_project/install/open_manipulator_msgs/include/open_manipulator_msgs/open_manipulator_msgs/srv/detail/get_kinematics_pose__traits.hpp
[2.375s] -- Up-to-date: /home/hanse/git_ws/final_project/install/open_manipulator_msgs/include/open_manipulator_msgs/open_manipulator_msgs/srv/detail/set_drawing_trajectory__struct.hpp
[2.375s] -- Up-to-date: /home/hanse/git_ws/final_project/install/open_manipulator_msgs/include/open_manipulator_msgs/open_manipulator_msgs/srv/detail/set_actuator_state__struct.hpp
[2.375s] -- Up-to-date: /home/hanse/git_ws/final_project/install/open_manipulator_msgs/include/open_manipulator_msgs/open_manipulator_msgs/srv/detail/set_joint_position__builder.hpp
[2.375s] -- Up-to-date: /home/hanse/git_ws/final_project/install/open_manipulator_msgs/include/open_manipulator_msgs/open_manipulator_msgs/srv/detail/set_drawing_trajectory__traits.hpp
[2.375s] -- Up-to-date: /home/hanse/git_ws/final_project/install/open_manipulator_msgs/include/open_manipulator_msgs/open_manipulator_msgs/srv/detail/set_kinematics_pose__traits.hpp
[2.375s] -- Up-to-date: /home/hanse/git_ws/final_project/install/open_manipulator_msgs/include/open_manipulator_msgs/open_manipulator_msgs/srv/detail/set_joint_position__struct.hpp
[2.375s] -- Up-to-date: /home/hanse/git_ws/final_project/install/open_manipulator_msgs/include/open_manipulator_msgs/open_manipulator_msgs/srv/detail/set_joint_position__traits.hpp
[2.375s] -- Up-to-date: /home/hanse/git_ws/final_project/install/open_manipulator_msgs/include/open_manipulator_msgs/open_manipulator_msgs/srv/detail/set_drawing_trajectory__builder.hpp
[2.375s] -- Up-to-date: /home/hanse/git_ws/final_project/install/open_manipulator_msgs/include/open_manipulator_msgs/open_manipulator_msgs/srv/detail/set_kinematics_pose__struct.hpp
[2.376s] -- Up-to-date: /home/hanse/git_ws/final_project/install/open_manipulator_msgs/include/open_manipulator_msgs/open_manipulator_msgs/srv/detail/get_kinematics_pose__struct.hpp
[2.376s] -- Up-to-date: /home/hanse/git_ws/final_project/install/open_manipulator_msgs/include/open_manipulator_msgs/open_manipulator_msgs/srv/detail/set_actuator_state__traits.hpp
[2.376s] -- Up-to-date: /home/hanse/git_ws/final_project/install/open_manipulator_msgs/include/open_manipulator_msgs/open_manipulator_msgs/srv/detail/get_joint_position__traits.hpp
[2.376s] -- Up-to-date: /home/hanse/git_ws/final_project/install/open_manipulator_msgs/include/open_manipulator_msgs/open_manipulator_msgs/srv/detail/get_joint_position__builder.hpp
[2.376s] -- Up-to-date: /home/hanse/git_ws/final_project/install/open_manipulator_msgs/include/open_manipulator_msgs/open_manipulator_msgs/srv/detail/set_kinematics_pose__builder.hpp
[2.376s] -- Up-to-date: /home/hanse/git_ws/final_project/install/open_manipulator_msgs/include/open_manipulator_msgs/open_manipulator_msgs/srv/detail/get_joint_position__struct.hpp
[2.376s] -- Up-to-date: /home/hanse/git_ws/final_project/install/open_manipulator_msgs/include/open_manipulator_msgs/open_manipulator_msgs/srv/detail/get_kinematics_pose__builder.hpp
[2.376s] -- Up-to-date: /home/hanse/git_ws/final_project/install/open_manipulator_msgs/include/open_manipulator_msgs/open_manipulator_msgs/srv/detail/set_actuator_state__builder.hpp
[2.376s] -- Up-to-date: /home/hanse/git_ws/final_project/install/open_manipulator_msgs/include/open_manipulator_msgs/open_manipulator_msgs/srv/set_drawing_trajectory.hpp
[2.376s] -- Up-to-date: /home/hanse/git_ws/final_project/install/open_manipulator_msgs/include/open_manipulator_msgs/open_manipulator_msgs/srv/set_kinematics_pose.hpp
[2.376s] -- Up-to-date: /home/hanse/git_ws/final_project/install/open_manipulator_msgs/include/open_manipulator_msgs/open_manipulator_msgs/srv/get_kinematics_pose.hpp
[2.376s] -- Up-to-date: /home/hanse/git_ws/final_project/install/open_manipulator_msgs/include/open_manipulator_msgs/open_manipulator_msgs/srv/set_joint_position.hpp
[2.376s] -- Up-to-date: /home/hanse/git_ws/final_project/install/open_manipulator_msgs/include/open_manipulator_msgs/open_manipulator_msgs/srv/get_joint_position.hpp
[2.376s] -- Up-to-date: /home/hanse/git_ws/final_project/install/open_manipulator_msgs/include/open_manipulator_msgs/open_manipulator_msgs/srv/set_actuator_state.hpp
[2.376s] -- Up-to-date: /home/hanse/git_ws/final_project/install/open_manipulator_msgs/include/open_manipulator_msgs/open_manipulator_msgs
[2.377s] -- Up-to-date: /home/hanse/git_ws/final_project/install/open_manipulator_msgs/include/open_manipulator_msgs/open_manipulator_msgs/msg
[2.377s] -- Up-to-date: /home/hanse/git_ws/final_project/install/open_manipulator_msgs/include/open_manipulator_msgs/open_manipulator_msgs/msg/rosidl_typesupport_fastrtps_cpp__visibility_control.h
[2.377s] -- Up-to-date: /home/hanse/git_ws/final_project/install/open_manipulator_msgs/include/open_manipulator_msgs/open_manipulator_msgs/msg/detail
[2.377s] -- Up-to-date: /home/hanse/git_ws/final_project/install/open_manipulator_msgs/include/open_manipulator_msgs/open_manipulator_msgs/msg/detail/joint_position__rosidl_typesupport_fastrtps_cpp.hpp
[2.377s] -- Up-to-date: /home/hanse/git_ws/final_project/install/open_manipulator_msgs/include/open_manipulator_msgs/open_manipulator_msgs/msg/detail/kinematics_pose__rosidl_typesupport_fastrtps_cpp.hpp
[2.377s] -- Up-to-date: /home/hanse/git_ws/final_project/install/open_manipulator_msgs/include/open_manipulator_msgs/open_manipulator_msgs/msg/detail/open_manipulator_state__rosidl_typesupport_fastrtps_cpp.hpp
[2.377s] -- Up-to-date: /home/hanse/git_ws/final_project/install/open_manipulator_msgs/include/open_manipulator_msgs/open_manipulator_msgs/msg/detail/dds_fastrtps
[2.377s] -- Up-to-date: /home/hanse/git_ws/final_project/install/open_manipulator_msgs/include/open_manipulator_msgs/open_manipulator_msgs/srv
[2.377s] -- Up-to-date: /home/hanse/git_ws/final_project/install/open_manipulator_msgs/include/open_manipulator_msgs/open_manipulator_msgs/srv/detail
[2.377s] -- Up-to-date: /home/hanse/git_ws/final_project/install/open_manipulator_msgs/include/open_manipulator_msgs/open_manipulator_msgs/srv/detail/set_joint_position__rosidl_typesupport_fastrtps_cpp.hpp
[2.377s] -- Up-to-date: /home/hanse/git_ws/final_project/install/open_manipulator_msgs/include/open_manipulator_msgs/open_manipulator_msgs/srv/detail/set_drawing_trajectory__rosidl_typesupport_fastrtps_cpp.hpp
[2.377s] -- Up-to-date: /home/hanse/git_ws/final_project/install/open_manipulator_msgs/include/open_manipulator_msgs/open_manipulator_msgs/srv/detail/get_joint_position__rosidl_typesupport_fastrtps_cpp.hpp
[2.377s] -- Up-to-date: /home/hanse/git_ws/final_project/install/open_manipulator_msgs/include/open_manipulator_msgs/open_manipulator_msgs/srv/detail/set_kinematics_pose__rosidl_typesupport_fastrtps_cpp.hpp
[2.377s] -- Up-to-date: /home/hanse/git_ws/final_project/install/open_manipulator_msgs/include/open_manipulator_msgs/open_manipulator_msgs/srv/detail/get_kinematics_pose__rosidl_typesupport_fastrtps_cpp.hpp
[2.378s] -- Up-to-date: /home/hanse/git_ws/final_project/install/open_manipulator_msgs/include/open_manipulator_msgs/open_manipulator_msgs/srv/detail/dds_fastrtps
[2.378s] -- Up-to-date: /home/hanse/git_ws/final_project/install/open_manipulator_msgs/include/open_manipulator_msgs/open_manipulator_msgs/srv/detail/set_actuator_state__rosidl_typesupport_fastrtps_cpp.hpp
[2.378s] -- Up-to-date: /home/hanse/git_ws/final_project/install/open_manipulator_msgs/lib/libopen_manipulator_msgs__rosidl_typesupport_fastrtps_cpp.so
[2.378s] -- Up-to-date: /home/hanse/git_ws/final_project/install/open_manipulator_msgs/include/open_manipulator_msgs/open_manipulator_msgs
[2.378s] -- Up-to-date: /home/hanse/git_ws/final_project/install/open_manipulator_msgs/include/open_manipulator_msgs/open_manipulator_msgs/msg
[2.378s] -- Up-to-date: /home/hanse/git_ws/final_project/install/open_manipulator_msgs/include/open_manipulator_msgs/open_manipulator_msgs/msg/detail
[2.378s] -- Up-to-date: /home/hanse/git_ws/final_project/install/open_manipulator_msgs/include/open_manipulator_msgs/open_manipulator_msgs/msg/detail/kinematics_pose__rosidl_typesupport_introspection_c.h
[2.378s] -- Up-to-date: /home/hanse/git_ws/final_project/install/open_manipulator_msgs/include/open_manipulator_msgs/open_manipulator_msgs/msg/detail/joint_position__rosidl_typesupport_introspection_c.h
[2.378s] -- Up-to-date: /home/hanse/git_ws/final_project/install/open_manipulator_msgs/include/open_manipulator_msgs/open_manipulator_msgs/msg/detail/open_manipulator_state__rosidl_typesupport_introspection_c.h
[2.378s] -- Up-to-date: /home/hanse/git_ws/final_project/install/open_manipulator_msgs/include/open_manipulator_msgs/open_manipulator_msgs/msg/detail/open_manipulator_state__type_support.c
[2.379s] -- Up-to-date: /home/hanse/git_ws/final_project/install/open_manipulator_msgs/include/open_manipulator_msgs/open_manipulator_msgs/msg/detail/joint_position__type_support.c
[2.379s] -- Up-to-date: /home/hanse/git_ws/final_project/install/open_manipulator_msgs/include/open_manipulator_msgs/open_manipulator_msgs/msg/detail/kinematics_pose__type_support.c
[2.379s] -- Up-to-date: /home/hanse/git_ws/final_project/install/open_manipulator_msgs/include/open_manipulator_msgs/open_manipulator_msgs/msg/rosidl_typesupport_introspection_c__visibility_control.h
[2.379s] -- Up-to-date: /home/hanse/git_ws/final_project/install/open_manipulator_msgs/include/open_manipulator_msgs/open_manipulator_msgs/srv
[2.379s] -- Up-to-date: /home/hanse/git_ws/final_project/install/open_manipulator_msgs/include/open_manipulator_msgs/open_manipulator_msgs/srv/detail
[2.380s] -- Up-to-date: /home/hanse/git_ws/final_project/install/open_manipulator_msgs/include/open_manipulator_msgs/open_manipulator_msgs/srv/detail/set_drawing_trajectory__type_support.c
[2.380s] -- Up-to-date: /home/hanse/git_ws/final_project/install/open_manipulator_msgs/include/open_manipulator_msgs/open_manipulator_msgs/srv/detail/get_kinematics_pose__type_support.c
[2.380s] -- Up-to-date: /home/hanse/git_ws/final_project/install/open_manipulator_msgs/include/open_manipulator_msgs/open_manipulator_msgs/srv/detail/get_joint_position__type_support.c
[2.380s] -- Up-to-date: /home/hanse/git_ws/final_project/install/open_manipulator_msgs/include/open_manipulator_msgs/open_manipulator_msgs/srv/detail/set_joint_position__type_support.c
[2.380s] -- Up-to-date: /home/hanse/git_ws/final_project/install/open_manipulator_msgs/include/open_manipulator_msgs/open_manipulator_msgs/srv/detail/set_drawing_trajectory__rosidl_typesupport_introspection_c.h
[2.380s] -- Up-to-date: /home/hanse/git_ws/final_project/install/open_manipulator_msgs/include/open_manipulator_msgs/open_manipulator_msgs/srv/detail/set_joint_position__rosidl_typesupport_introspection_c.h
[2.380s] -- Up-to-date: /home/hanse/git_ws/final_project/install/open_manipulator_msgs/include/open_manipulator_msgs/open_manipulator_msgs/srv/detail/get_joint_position__rosidl_typesupport_introspection_c.h
[2.380s] -- Up-to-date: /home/hanse/git_ws/final_project/install/open_manipulator_msgs/include/open_manipulator_msgs/open_manipulator_msgs/srv/detail/set_actuator_state__type_support.c
[2.380s] -- Up-to-date: /home/hanse/git_ws/final_project/install/open_manipulator_msgs/include/open_manipulator_msgs/open_manipulator_msgs/srv/detail/set_kinematics_pose__rosidl_typesupport_introspection_c.h
[2.380s] -- Up-to-date: /home/hanse/git_ws/final_project/install/open_manipulator_msgs/include/open_manipulator_msgs/open_manipulator_msgs/srv/detail/set_kinematics_pose__type_support.c
[2.381s] -- Up-to-date: /home/hanse/git_ws/final_project/install/open_manipulator_msgs/include/open_manipulator_msgs/open_manipulator_msgs/srv/detail/get_kinematics_pose__rosidl_typesupport_introspection_c.h
[2.381s] -- Up-to-date: /home/hanse/git_ws/final_project/install/open_manipulator_msgs/include/open_manipulator_msgs/open_manipulator_msgs/srv/detail/set_actuator_state__rosidl_typesupport_introspection_c.h
[2.381s] -- Up-to-date: /home/hanse/git_ws/final_project/install/open_manipulator_msgs/lib/libopen_manipulator_msgs__rosidl_typesupport_introspection_c.so
[2.381s] -- Up-to-date: /home/hanse/git_ws/final_project/install/open_manipulator_msgs/lib/libopen_manipulator_msgs__rosidl_typesupport_c.so
[2.381s] -- Up-to-date: /home/hanse/git_ws/final_project/install/open_manipulator_msgs/include/open_manipulator_msgs/open_manipulator_msgs
[2.381s] -- Up-to-date: /home/hanse/git_ws/final_project/install/open_manipulator_msgs/include/open_manipulator_msgs/open_manipulator_msgs/msg
[2.381s] -- Up-to-date: /home/hanse/git_ws/final_project/install/open_manipulator_msgs/include/open_manipulator_msgs/open_manipulator_msgs/msg/detail
[2.381s] -- Up-to-date: /home/hanse/git_ws/final_project/install/open_manipulator_msgs/include/open_manipulator_msgs/open_manipulator_msgs/msg/detail/joint_position__type_support.cpp
[2.382s] -- Up-to-date: /home/hanse/git_ws/final_project/install/open_manipulator_msgs/include/open_manipulator_msgs/open_manipulator_msgs/msg/detail/kinematics_pose__rosidl_typesupport_introspection_cpp.hpp
[2.382s] -- Up-to-date: /home/hanse/git_ws/final_project/install/open_manipulator_msgs/include/open_manipulator_msgs/open_manipulator_msgs/msg/detail/kinematics_pose__type_support.cpp
[2.382s] -- Up-to-date: /home/hanse/git_ws/final_project/install/open_manipulator_msgs/include/open_manipulator_msgs/open_manipulator_msgs/msg/detail/joint_position__rosidl_typesupport_introspection_cpp.hpp
[2.382s] -- Up-to-date: /home/hanse/git_ws/final_project/install/open_manipulator_msgs/include/open_manipulator_msgs/open_manipulator_msgs/msg/detail/open_manipulator_state__rosidl_typesupport_introspection_cpp.hpp
[2.382s] -- Up-to-date: /home/hanse/git_ws/final_project/install/open_manipulator_msgs/include/open_manipulator_msgs/open_manipulator_msgs/msg/detail/open_manipulator_state__type_support.cpp
[2.382s] -- Up-to-date: /home/hanse/git_ws/final_project/install/open_manipulator_msgs/include/open_manipulator_msgs/open_manipulator_msgs/srv
[2.382s] -- Up-to-date: /home/hanse/git_ws/final_project/install/open_manipulator_msgs/include/open_manipulator_msgs/open_manipulator_msgs/srv/detail
[2.382s] -- Up-to-date: /home/hanse/git_ws/final_project/install/open_manipulator_msgs/include/open_manipulator_msgs/open_manipulator_msgs/srv/detail/set_actuator_state__type_support.cpp
[2.382s] -- Up-to-date: /home/hanse/git_ws/final_project/install/open_manipulator_msgs/include/open_manipulator_msgs/open_manipulator_msgs/srv/detail/set_joint_position__type_support.cpp
[2.382s] -- Up-to-date: /home/hanse/git_ws/final_project/install/open_manipulator_msgs/include/open_manipulator_msgs/open_manipulator_msgs/srv/detail/set_joint_position__rosidl_typesupport_introspection_cpp.hpp
[2.382s] -- Up-to-date: /home/hanse/git_ws/final_project/install/open_manipulator_msgs/include/open_manipulator_msgs/open_manipulator_msgs/srv/detail/get_joint_position__type_support.cpp
[2.382s] -- Up-to-date: /home/hanse/git_ws/final_project/install/open_manipulator_msgs/include/open_manipulator_msgs/open_manipulator_msgs/srv/detail/set_kinematics_pose__type_support.cpp
[2.382s] -- Up-to-date: /home/hanse/git_ws/final_project/install/open_manipulator_msgs/include/open_manipulator_msgs/open_manipulator_msgs/srv/detail/get_kinematics_pose__rosidl_typesupport_introspection_cpp.hpp
[2.382s] -- Up-to-date: /home/hanse/git_ws/final_project/install/open_manipulator_msgs/include/open_manipulator_msgs/open_manipulator_msgs/srv/detail/set_drawing_trajectory__type_support.cpp
[2.383s] -- Up-to-date: /home/hanse/git_ws/final_project/install/open_manipulator_msgs/include/open_manipulator_msgs/open_manipulator_msgs/srv/detail/set_actuator_state__rosidl_typesupport_introspection_cpp.hpp
[2.383s] -- Up-to-date: /home/hanse/git_ws/final_project/install/open_manipulator_msgs/include/open_manipulator_msgs/open_manipulator_msgs/srv/detail/set_kinematics_pose__rosidl_typesupport_introspection_cpp.hpp
[2.383s] -- Up-to-date: /home/hanse/git_ws/final_project/install/open_manipulator_msgs/include/open_manipulator_msgs/open_manipulator_msgs/srv/detail/get_kinematics_pose__type_support.cpp
[2.383s] -- Up-to-date: /home/hanse/git_ws/final_project/install/open_manipulator_msgs/include/open_manipulator_msgs/open_manipulator_msgs/srv/detail/set_drawing_trajectory__rosidl_typesupport_introspection_cpp.hpp
[2.383s] -- Up-to-date: /home/hanse/git_ws/final_project/install/open_manipulator_msgs/include/open_manipulator_msgs/open_manipulator_msgs/srv/detail/get_joint_position__rosidl_typesupport_introspection_cpp.hpp
[2.383s] -- Up-to-date: /home/hanse/git_ws/final_project/install/open_manipulator_msgs/lib/libopen_manipulator_msgs__rosidl_typesupport_introspection_cpp.so
[2.383s] -- Up-to-date: /home/hanse/git_ws/final_project/install/open_manipulator_msgs/lib/libopen_manipulator_msgs__rosidl_typesupport_cpp.so
[2.383s] -- Up-to-date: /home/hanse/git_ws/final_project/install/open_manipulator_msgs/share/open_manipulator_msgs/environment/pythonpath.sh
[2.383s] -- Up-to-date: /home/hanse/git_ws/final_project/install/open_manipulator_msgs/share/open_manipulator_msgs/environment/pythonpath.dsv
[2.383s] -- Up-to-date: /home/hanse/git_ws/final_project/install/open_manipulator_msgs/local/lib/python3.10/dist-packages/open_manipulator_msgs-2.2.0-py3.10.egg-info
[2.383s] -- Installing: /home/hanse/git_ws/final_project/install/open_manipulator_msgs/local/lib/python3.10/dist-packages/open_manipulator_msgs-2.2.0-py3.10.egg-info/SOURCES.txt
[2.383s] -- Installing: /home/hanse/git_ws/final_project/install/open_manipulator_msgs/local/lib/python3.10/dist-packages/open_manipulator_msgs-2.2.0-py3.10.egg-info/dependency_links.txt
[2.383s] -- Installing: /home/hanse/git_ws/final_project/install/open_manipulator_msgs/local/lib/python3.10/dist-packages/open_manipulator_msgs-2.2.0-py3.10.egg-info/top_level.txt
[2.384s] -- Installing: /home/hanse/git_ws/final_project/install/open_manipulator_msgs/local/lib/python3.10/dist-packages/open_manipulator_msgs-2.2.0-py3.10.egg-info/PKG-INFO
[2.384s] -- Up-to-date: /home/hanse/git_ws/final_project/install/open_manipulator_msgs/local/lib/python3.10/dist-packages/open_manipulator_msgs
[2.384s] -- Up-to-date: /home/hanse/git_ws/final_project/install/open_manipulator_msgs/local/lib/python3.10/dist-packages/open_manipulator_msgs/_open_manipulator_msgs_s.ep.rosidl_typesupport_introspection_c.c
[2.384s] -- Up-to-date: /home/hanse/git_ws/final_project/install/open_manipulator_msgs/local/lib/python3.10/dist-packages/open_manipulator_msgs/open_manipulator_msgs_s__rosidl_typesupport_fastrtps_c.cpython-310-x86_64-linux-gnu.so
[2.384s] -- Up-to-date: /home/hanse/git_ws/final_project/install/open_manipulator_msgs/local/lib/python3.10/dist-packages/open_manipulator_msgs/open_manipulator_msgs_s__rosidl_typesupport_introspection_c.cpython-310-x86_64-linux-gnu.so
[2.384s] -- Up-to-date: /home/hanse/git_ws/final_project/install/open_manipulator_msgs/local/lib/python3.10/dist-packages/open_manipulator_msgs/libopen_manipulator_msgs__rosidl_generator_py.so
[2.384s] -- Up-to-date: /home/hanse/git_ws/final_project/install/open_manipulator_msgs/local/lib/python3.10/dist-packages/open_manipulator_msgs/_open_manipulator_msgs_s.ep.rosidl_typesupport_fastrtps_c.c
[2.384s] -- Up-to-date: /home/hanse/git_ws/final_project/install/open_manipulator_msgs/local/lib/python3.10/dist-packages/open_manipulator_msgs/msg
[2.384s] -- Up-to-date: /home/hanse/git_ws/final_project/install/open_manipulator_msgs/local/lib/python3.10/dist-packages/open_manipulator_msgs/msg/_open_manipulator_state.py
[2.384s] -- Up-to-date: /home/hanse/git_ws/final_project/install/open_manipulator_msgs/local/lib/python3.10/dist-packages/open_manipulator_msgs/msg/_kinematics_pose_s.c
[2.384s] -- Up-to-date: /home/hanse/git_ws/final_project/install/open_manipulator_msgs/local/lib/python3.10/dist-packages/open_manipulator_msgs/msg/_kinematics_pose.py
[2.384s] -- Up-to-date: /home/hanse/git_ws/final_project/install/open_manipulator_msgs/local/lib/python3.10/dist-packages/open_manipulator_msgs/msg/_joint_position_s.c
[2.384s] -- Up-to-date: /home/hanse/git_ws/final_project/install/open_manipulator_msgs/local/lib/python3.10/dist-packages/open_manipulator_msgs/msg/_joint_position.py
[2.384s] -- Up-to-date: /home/hanse/git_ws/final_project/install/open_manipulator_msgs/local/lib/python3.10/dist-packages/open_manipulator_msgs/msg/__init__.py
[2.384s] -- Up-to-date: /home/hanse/git_ws/final_project/install/open_manipulator_msgs/local/lib/python3.10/dist-packages/open_manipulator_msgs/msg/_open_manipulator_state_s.c
[2.385s] -- Up-to-date: /home/hanse/git_ws/final_project/install/open_manipulator_msgs/local/lib/python3.10/dist-packages/open_manipulator_msgs/srv
[2.385s] -- Up-to-date: /home/hanse/git_ws/final_project/install/open_manipulator_msgs/local/lib/python3.10/dist-packages/open_manipulator_msgs/srv/_set_drawing_trajectory_s.c
[2.385s] -- Up-to-date: /home/hanse/git_ws/final_project/install/open_manipulator_msgs/local/lib/python3.10/dist-packages/open_manipulator_msgs/srv/_get_kinematics_pose_s.c
[2.385s] -- Up-to-date: /home/hanse/git_ws/final_project/install/open_manipulator_msgs/local/lib/python3.10/dist-packages/open_manipulator_msgs/srv/_set_joint_position.py
[2.385s] -- Up-to-date: /home/hanse/git_ws/final_project/install/open_manipulator_msgs/local/lib/python3.10/dist-packages/open_manipulator_msgs/srv/_get_joint_position_s.c
[2.385s] -- Up-to-date: /home/hanse/git_ws/final_project/install/open_manipulator_msgs/local/lib/python3.10/dist-packages/open_manipulator_msgs/srv/_set_drawing_trajectory.py
[2.385s] -- Up-to-date: /home/hanse/git_ws/final_project/install/open_manipulator_msgs/local/lib/python3.10/dist-packages/open_manipulator_msgs/srv/_set_actuator_state.py
[2.385s] -- Up-to-date: /home/hanse/git_ws/final_project/install/open_manipulator_msgs/local/lib/python3.10/dist-packages/open_manipulator_msgs/srv/_set_kinematics_pose.py
[2.385s] -- Up-to-date: /home/hanse/git_ws/final_project/install/open_manipulator_msgs/local/lib/python3.10/dist-packages/open_manipulator_msgs/srv/_set_joint_position_s.c
[2.385s] -- Up-to-date: /home/hanse/git_ws/final_project/install/open_manipulator_msgs/local/lib/python3.10/dist-packages/open_manipulator_msgs/srv/_set_kinematics_pose_s.c
[2.385s] -- Up-to-date: /home/hanse/git_ws/final_project/install/open_manipulator_msgs/local/lib/python3.10/dist-packages/open_manipulator_msgs/srv/_get_kinematics_pose.py
[2.385s] -- Up-to-date: /home/hanse/git_ws/final_project/install/open_manipulator_msgs/local/lib/python3.10/dist-packages/open_manipulator_msgs/srv/_set_actuator_state_s.c
[2.385s] -- Up-to-date: /home/hanse/git_ws/final_project/install/open_manipulator_msgs/local/lib/python3.10/dist-packages/open_manipulator_msgs/srv/_get_joint_position.py
[2.385s] -- Up-to-date: /home/hanse/git_ws/final_project/install/open_manipulator_msgs/local/lib/python3.10/dist-packages/open_manipulator_msgs/srv/__init__.py
[2.386s] -- Up-to-date: /home/hanse/git_ws/final_project/install/open_manipulator_msgs/local/lib/python3.10/dist-packages/open_manipulator_msgs/_open_manipulator_msgs_s.ep.rosidl_typesupport_c.c
[2.386s] -- Up-to-date: /home/hanse/git_ws/final_project/install/open_manipulator_msgs/local/lib/python3.10/dist-packages/open_manipulator_msgs/__init__.py
[2.386s] -- Up-to-date: /home/hanse/git_ws/final_project/install/open_manipulator_msgs/local/lib/python3.10/dist-packages/open_manipulator_msgs/open_manipulator_msgs_s__rosidl_typesupport_c.cpython-310-x86_64-linux-gnu.so
[2.407s] Listing '/home/hanse/git_ws/final_project/install/open_manipulator_msgs/local/lib/python3.10/dist-packages/open_manipulator_msgs'...
[2.408s] Listing '/home/hanse/git_ws/final_project/install/open_manipulator_msgs/local/lib/python3.10/dist-packages/open_manipulator_msgs/msg'...
[2.408s] Listing '/home/hanse/git_ws/final_project/install/open_manipulator_msgs/local/lib/python3.10/dist-packages/open_manipulator_msgs/srv'...
[2.412s] -- Up-to-date: /home/hanse/git_ws/final_project/install/open_manipulator_msgs/local/lib/python3.10/dist-packages/open_manipulator_msgs/open_manipulator_msgs_s__rosidl_typesupport_fastrtps_c.cpython-310-x86_64-linux-gnu.so
[2.412s] -- Up-to-date: /home/hanse/git_ws/final_project/install/open_manipulator_msgs/local/lib/python3.10/dist-packages/open_manipulator_msgs/open_manipulator_msgs_s__rosidl_typesupport_introspection_c.cpython-310-x86_64-linux-gnu.so
[2.412s] -- Up-to-date: /home/hanse/git_ws/final_project/install/open_manipulator_msgs/local/lib/python3.10/dist-packages/open_manipulator_msgs/open_manipulator_msgs_s__rosidl_typesupport_c.cpython-310-x86_64-linux-gnu.so
[2.412s] -- Up-to-date: /home/hanse/git_ws/final_project/install/open_manipulator_msgs/lib/libopen_manipulator_msgs__rosidl_generator_py.so
[2.412s] -- Up-to-date: /home/hanse/git_ws/final_project/install/open_manipulator_msgs/share/open_manipulator_msgs/msg/JointPosition.idl
[2.413s] -- Up-to-date: /home/hanse/git_ws/final_project/install/open_manipulator_msgs/share/open_manipulator_msgs/msg/KinematicsPose.idl
[2.413s] -- Up-to-date: /home/hanse/git_ws/final_project/install/open_manipulator_msgs/share/open_manipulator_msgs/msg/OpenManipulatorState.idl
[2.413s] -- Up-to-date: /home/hanse/git_ws/final_project/install/open_manipulator_msgs/share/open_manipulator_msgs/srv/GetJointPosition.idl
[2.413s] -- Up-to-date: /home/hanse/git_ws/final_project/install/open_manipulator_msgs/share/open_manipulator_msgs/srv/GetKinematicsPose.idl
[2.413s] -- Up-to-date: /home/hanse/git_ws/final_project/install/open_manipulator_msgs/share/open_manipulator_msgs/srv/SetJointPosition.idl
[2.413s] -- Up-to-date: /home/hanse/git_ws/final_project/install/open_manipulator_msgs/share/open_manipulator_msgs/srv/SetKinematicsPose.idl
[2.413s] -- Up-to-date: /home/hanse/git_ws/final_project/install/open_manipulator_msgs/share/open_manipulator_msgs/srv/SetDrawingTrajectory.idl
[2.413s] -- Up-to-date: /home/hanse/git_ws/final_project/install/open_manipulator_msgs/share/open_manipulator_msgs/srv/SetActuatorState.idl
[2.413s] -- Up-to-date: /home/hanse/git_ws/final_project/install/open_manipulator_msgs/share/open_manipulator_msgs/msg/JointPosition.msg
[2.413s] -- Up-to-date: /home/hanse/git_ws/final_project/install/open_manipulator_msgs/share/open_manipulator_msgs/msg/KinematicsPose.msg
[2.413s] -- Up-to-date: /home/hanse/git_ws/final_project/install/open_manipulator_msgs/share/open_manipulator_msgs/msg/OpenManipulatorState.msg
[2.414s] -- Up-to-date: /home/hanse/git_ws/final_project/install/open_manipulator_msgs/share/open_manipulator_msgs/srv/GetJointPosition.srv
[2.414s] -- Up-to-date: /home/hanse/git_ws/final_project/install/open_manipulator_msgs/share/open_manipulator_msgs/srv/GetJointPosition_Request.msg
[2.414s] -- Up-to-date: /home/hanse/git_ws/final_project/install/open_manipulator_msgs/share/open_manipulator_msgs/srv/GetJointPosition_Response.msg
[2.414s] -- Up-to-date: /home/hanse/git_ws/final_project/install/open_manipulator_msgs/share/open_manipulator_msgs/srv/GetKinematicsPose.srv
[2.414s] -- Up-to-date: /home/hanse/git_ws/final_project/install/open_manipulator_msgs/share/open_manipulator_msgs/srv/GetKinematicsPose_Request.msg
[2.414s] -- Up-to-date: /home/hanse/git_ws/final_project/install/open_manipulator_msgs/share/open_manipulator_msgs/srv/GetKinematicsPose_Response.msg
[2.414s] -- Up-to-date: /home/hanse/git_ws/final_project/install/open_manipulator_msgs/share/open_manipulator_msgs/srv/SetJointPosition.srv
[2.414s] -- Up-to-date: /home/hanse/git_ws/final_project/install/open_manipulator_msgs/share/open_manipulator_msgs/srv/SetJointPosition_Request.msg
[2.414s] -- Up-to-date: /home/hanse/git_ws/final_project/install/open_manipulator_msgs/share/open_manipulator_msgs/srv/SetJointPosition_Response.msg
[2.415s] -- Up-to-date: /home/hanse/git_ws/final_project/install/open_manipulator_msgs/share/open_manipulator_msgs/srv/SetKinematicsPose.srv
[2.415s] -- Up-to-date: /home/hanse/git_ws/final_project/install/open_manipulator_msgs/share/open_manipulator_msgs/srv/SetKinematicsPose_Request.msg
[2.415s] -- Up-to-date: /home/hanse/git_ws/final_project/install/open_manipulator_msgs/share/open_manipulator_msgs/srv/SetKinematicsPose_Response.msg
[2.415s] -- Up-to-date: /home/hanse/git_ws/final_project/install/open_manipulator_msgs/share/open_manipulator_msgs/srv/SetDrawingTrajectory.srv
[2.415s] -- Up-to-date: /home/hanse/git_ws/final_project/install/open_manipulator_msgs/share/open_manipulator_msgs/srv/SetDrawingTrajectory_Request.msg
[2.415s] -- Up-to-date: /home/hanse/git_ws/final_project/install/open_manipulator_msgs/share/open_manipulator_msgs/srv/SetDrawingTrajectory_Response.msg
[2.415s] -- Up-to-date: /home/hanse/git_ws/final_project/install/open_manipulator_msgs/share/open_manipulator_msgs/srv/SetActuatorState.srv
[2.415s] -- Up-to-date: /home/hanse/git_ws/final_project/install/open_manipulator_msgs/share/open_manipulator_msgs/srv/SetActuatorState_Request.msg
[2.415s] -- Up-to-date: /home/hanse/git_ws/final_project/install/open_manipulator_msgs/share/open_manipulator_msgs/srv/SetActuatorState_Response.msg
[2.415s] -- Up-to-date: /home/hanse/git_ws/final_project/install/open_manipulator_msgs/share/ament_index/resource_index/package_run_dependencies/open_manipulator_msgs
[2.416s] -- Up-to-date: /home/hanse/git_ws/final_project/install/open_manipulator_msgs/share/ament_index/resource_index/parent_prefix_path/open_manipulator_msgs
[2.416s] -- Up-to-date: /home/hanse/git_ws/final_project/install/open_manipulator_msgs/share/open_manipulator_msgs/environment/ament_prefix_path.sh
[2.416s] -- Up-to-date: /home/hanse/git_ws/final_project/install/open_manipulator_msgs/share/open_manipulator_msgs/environment/ament_prefix_path.dsv
[2.416s] -- Up-to-date: /home/hanse/git_ws/final_project/install/open_manipulator_msgs/share/open_manipulator_msgs/environment/path.sh
[2.416s] -- Up-to-date: /home/hanse/git_ws/final_project/install/open_manipulator_msgs/share/open_manipulator_msgs/environment/path.dsv
[2.416s] -- Up-to-date: /home/hanse/git_ws/final_project/install/open_manipulator_msgs/share/open_manipulator_msgs/local_setup.bash
[2.416s] -- Up-to-date: /home/hanse/git_ws/final_project/install/open_manipulator_msgs/share/open_manipulator_msgs/local_setup.sh
[2.416s] -- Up-to-date: /home/hanse/git_ws/final_project/install/open_manipulator_msgs/share/open_manipulator_msgs/local_setup.zsh
[2.416s] -- Up-to-date: /home/hanse/git_ws/final_project/install/open_manipulator_msgs/share/open_manipulator_msgs/local_setup.dsv
[2.416s] -- Installing: /home/hanse/git_ws/final_project/install/open_manipulator_msgs/share/open_manipulator_msgs/package.dsv
[2.416s] -- Up-to-date: /home/hanse/git_ws/final_project/install/open_manipulator_msgs/share/ament_index/resource_index/packages/open_manipulator_msgs
[2.416s] -- Up-to-date: /home/hanse/git_ws/final_project/install/open_manipulator_msgs/share/open_manipulator_msgs/cmake/export_open_manipulator_msgs__rosidl_generator_cExport.cmake
[2.416s] -- Up-to-date: /home/hanse/git_ws/final_project/install/open_manipulator_msgs/share/open_manipulator_msgs/cmake/export_open_manipulator_msgs__rosidl_generator_cExport-noconfig.cmake
[2.416s] -- Up-to-date: /home/hanse/git_ws/final_project/install/open_manipulator_msgs/share/open_manipulator_msgs/cmake/export_open_manipulator_msgs__rosidl_typesupport_fastrtps_cExport.cmake
[2.416s] -- Up-to-date: /home/hanse/git_ws/final_project/install/open_manipulator_msgs/share/open_manipulator_msgs/cmake/export_open_manipulator_msgs__rosidl_typesupport_fastrtps_cExport-noconfig.cmake
[2.416s] -- Up-to-date: /home/hanse/git_ws/final_project/install/open_manipulator_msgs/share/open_manipulator_msgs/cmake/export_open_manipulator_msgs__rosidl_generator_cppExport.cmake
[2.416s] -- Up-to-date: /home/hanse/git_ws/final_project/install/open_manipulator_msgs/share/open_manipulator_msgs/cmake/export_open_manipulator_msgs__rosidl_typesupport_fastrtps_cppExport.cmake
[2.417s] -- Up-to-date: /home/hanse/git_ws/final_project/install/open_manipulator_msgs/share/open_manipulator_msgs/cmake/export_open_manipulator_msgs__rosidl_typesupport_fastrtps_cppExport-noconfig.cmake
[2.417s] -- Up-to-date: /home/hanse/git_ws/final_project/install/open_manipulator_msgs/share/open_manipulator_msgs/cmake/open_manipulator_msgs__rosidl_typesupport_introspection_cExport.cmake
[2.417s] -- Up-to-date: /home/hanse/git_ws/final_project/install/open_manipulator_msgs/share/open_manipulator_msgs/cmake/open_manipulator_msgs__rosidl_typesupport_introspection_cExport-noconfig.cmake
[2.417s] -- Up-to-date: /home/hanse/git_ws/final_project/install/open_manipulator_msgs/share/open_manipulator_msgs/cmake/open_manipulator_msgs__rosidl_typesupport_cExport.cmake
[2.417s] -- Up-to-date: /home/hanse/git_ws/final_project/install/open_manipulator_msgs/share/open_manipulator_msgs/cmake/open_manipulator_msgs__rosidl_typesupport_cExport-noconfig.cmake
[2.417s] -- Up-to-date: /home/hanse/git_ws/final_project/install/open_manipulator_msgs/share/open_manipulator_msgs/cmake/open_manipulator_msgs__rosidl_typesupport_introspection_cppExport.cmake
[2.417s] -- Up-to-date: /home/hanse/git_ws/final_project/install/open_manipulator_msgs/share/open_manipulator_msgs/cmake/open_manipulator_msgs__rosidl_typesupport_introspection_cppExport-noconfig.cmake
[2.417s] -- Up-to-date: /home/hanse/git_ws/final_project/install/open_manipulator_msgs/share/open_manipulator_msgs/cmake/open_manipulator_msgs__rosidl_typesupport_cppExport.cmake
[2.417s] -- Up-to-date: /home/hanse/git_ws/final_project/install/open_manipulator_msgs/share/open_manipulator_msgs/cmake/open_manipulator_msgs__rosidl_typesupport_cppExport-noconfig.cmake
[2.417s] -- Up-to-date: /home/hanse/git_ws/final_project/install/open_manipulator_msgs/share/open_manipulator_msgs/cmake/export_open_manipulator_msgs__rosidl_generator_pyExport.cmake
[2.417s] -- Up-to-date: /home/hanse/git_ws/final_project/install/open_manipulator_msgs/share/open_manipulator_msgs/cmake/export_open_manipulator_msgs__rosidl_generator_pyExport-noconfig.cmake
[2.417s] -- Up-to-date: /home/hanse/git_ws/final_project/install/open_manipulator_msgs/share/open_manipulator_msgs/cmake/rosidl_cmake-extras.cmake
[2.417s] -- Up-to-date: /home/hanse/git_ws/final_project/install/open_manipulator_msgs/share/open_manipulator_msgs/cmake/ament_cmake_export_dependencies-extras.cmake
[2.417s] -- Up-to-date: /home/hanse/git_ws/final_project/install/open_manipulator_msgs/share/open_manipulator_msgs/cmake/ament_cmake_export_include_directories-extras.cmake
[2.417s] -- Up-to-date: /home/hanse/git_ws/final_project/install/open_manipulator_msgs/share/open_manipulator_msgs/cmake/ament_cmake_export_libraries-extras.cmake
[2.417s] -- Up-to-date: /home/hanse/git_ws/final_project/install/open_manipulator_msgs/share/open_manipulator_msgs/cmake/ament_cmake_export_targets-extras.cmake
[2.418s] -- Up-to-date: /home/hanse/git_ws/final_project/install/open_manipulator_msgs/share/open_manipulator_msgs/cmake/rosidl_cmake_export_typesupport_targets-extras.cmake
[2.418s] -- Up-to-date: /home/hanse/git_ws/final_project/install/open_manipulator_msgs/share/open_manipulator_msgs/cmake/rosidl_cmake_export_typesupport_libraries-extras.cmake
[2.418s] -- Up-to-date: /home/hanse/git_ws/final_project/install/open_manipulator_msgs/share/open_manipulator_msgs/cmake/open_manipulator_msgsConfig.cmake
[2.418s] -- Up-to-date: /home/hanse/git_ws/final_project/install/open_manipulator_msgs/share/open_manipulator_msgs/cmake/open_manipulator_msgsConfig-version.cmake
[2.418s] -- Up-to-date: /home/hanse/git_ws/final_project/install/open_manipulator_msgs/share/open_manipulator_msgs/package.xml
[2.480s] Invoked command in '/home/hanse/git_ws/final_project/build/open_manipulator_msgs' returned '0': CMAKE_PREFIX_PATH=${CMAKE_PREFIX_PATH}:/home/hanse/git_ws/final_project/install/open_manipulator_x_teleop:/home/hanse/git_ws/final_project/install/ai_manipulation:/opt/ros/humble /home/hanse/.local/bin/cmake --install /home/hanse/git_ws/final_project/build/open_manipulator_msgs
