[0.351s] Invoking command in '/home/hanse/git_ws/final_project/build/cmake_modules': CMAKE_PREFIX_PATH=${CMAKE_PREFIX_PATH}:/home/hanse/git_ws/final_project/install/open_manipulator_x_teleop:/home/hanse/git_ws/final_project/install/ai_manipulation:/opt/ros/humble /home/hanse/.local/bin/cmake --build /home/hanse/git_ws/final_project/build/cmake_modules -- -j8 -l8
[0.412s] Invoked command in '/home/hanse/git_ws/final_project/build/cmake_modules' returned '0': CMAKE_PREFIX_PATH=${CMAKE_PREFIX_PATH}:/home/hanse/git_ws/final_project/install/open_manipulator_x_teleop:/home/hanse/git_ws/final_project/install/ai_manipulation:/opt/ros/humble /home/hanse/.local/bin/cmake --build /home/hanse/git_ws/final_project/build/cmake_modules -- -j8 -l8
[0.549s] Invoking command in '/home/hanse/git_ws/final_project/build/cmake_modules': CMAKE_PREFIX_PATH=${CMAKE_PREFIX_PATH}:/home/hanse/git_ws/final_project/install/open_manipulator_x_teleop:/home/hanse/git_ws/final_project/install/ai_manipulation:/opt/ros/humble /home/hanse/.local/bin/cmake --install /home/hanse/git_ws/final_project/build/cmake_modules
[0.592s] -- Install configuration: ""
[0.592s] -- Up-to-date: /home/hanse/git_ws/final_project/install/cmake_modules/share/cmake_modules/cmake/Modules
[0.593s] -- Up-to-date: /home/hanse/git_ws/final_project/install/cmake_modules/share/cmake_modules/cmake/Modules/FindTinyXML2.cmake
[0.593s] -- Up-to-date: /home/hanse/git_ws/final_project/install/cmake_modules/share/cmake_modules/cmake/Modules/FindTinyXML.cmake
[0.597s] -- Up-to-date: /home/hanse/git_ws/final_project/install/cmake_modules/share/cmake_modules/cmake/Modules/FindUUID.cmake
[0.597s] -- Up-to-date: /home/hanse/git_ws/final_project/install/cmake_modules/share/cmake_modules/cmake/Modules/FindXenomai.cmake
[0.610s] -- Up-to-date: /home/hanse/git_ws/final_project/install/cmake_modules/share/cmake_modules/cmake/Modules/FindGflags.cmake
[0.611s] -- Up-to-date: /home/hanse/git_ws/final_project/install/cmake_modules/share/cmake_modules/cmake/Modules/FindPoco.cmake
[0.611s] -- Up-to-date: /home/hanse/git_ws/final_project/install/cmake_modules/share/cmake_modules/cmake/Modules/FindNUMPY.cmake
[0.611s] -- Up-to-date: /home/hanse/git_ws/final_project/install/cmake_modules/share/cmake_modules/cmake/Modules/FindTBB.cmake
[0.611s] -- Up-to-date: /home/hanse/git_ws/final_project/install/cmake_modules/share/cmake_modules/cmake/Modules/FindGSL.cmake
[0.611s] -- Up-to-date: /home/hanse/git_ws/final_project/install/cmake_modules/share/ament_index/resource_index/package_run_dependencies/cmake_modules
[0.611s] -- Up-to-date: /home/hanse/git_ws/final_project/install/cmake_modules/share/ament_index/resource_index/parent_prefix_path/cmake_modules
[0.611s] -- Up-to-date: /home/hanse/git_ws/final_project/install/cmake_modules/share/cmake_modules/environment/ament_prefix_path.sh
[0.611s] -- Up-to-date: /home/hanse/git_ws/final_project/install/cmake_modules/share/cmake_modules/environment/ament_prefix_path.dsv
[0.611s] -- Up-to-date: /home/hanse/git_ws/final_project/install/cmake_modules/share/cmake_modules/environment/path.sh
[0.611s] -- Up-to-date: /home/hanse/git_ws/final_project/install/cmake_modules/share/cmake_modules/environment/path.dsv
[0.611s] -- Up-to-date: /home/hanse/git_ws/final_project/install/cmake_modules/share/cmake_modules/local_setup.bash
[0.611s] -- Up-to-date: /home/hanse/git_ws/final_project/install/cmake_modules/share/cmake_modules/local_setup.sh
[0.611s] -- Up-to-date: /home/hanse/git_ws/final_project/install/cmake_modules/share/cmake_modules/local_setup.zsh
[0.611s] -- Up-to-date: /home/hanse/git_ws/final_project/install/cmake_modules/share/cmake_modules/local_setup.dsv
[0.612s] -- Installing: /home/hanse/git_ws/final_project/install/cmake_modules/share/cmake_modules/package.dsv
[0.612s] -- Up-to-date: /home/hanse/git_ws/final_project/install/cmake_modules/share/ament_index/resource_index/packages/cmake_modules
[0.612s] -- Up-to-date: /home/hanse/git_ws/final_project/install/cmake_modules/share/cmake_modules/cmake/cmake_modules-extras.cmake
[0.612s] -- Up-to-date: /home/hanse/git_ws/final_project/install/cmake_modules/share/cmake_modules/cmake/ament_cmake_export_dependencies-extras.cmake
[0.612s] -- Up-to-date: /home/hanse/git_ws/final_project/install/cmake_modules/share/cmake_modules/cmake/cmake_modulesConfig.cmake
[0.612s] -- Up-to-date: /home/hanse/git_ws/final_project/install/cmake_modules/share/cmake_modules/cmake/cmake_modulesConfig-version.cmake
[0.612s] -- Up-to-date: /home/hanse/git_ws/final_project/install/cmake_modules/share/cmake_modules/package.xml
[0.612s] Invoked command in '/home/hanse/git_ws/final_project/build/cmake_modules' returned '0': CMAKE_PREFIX_PATH=${CMAKE_PREFIX_PATH}:/home/hanse/git_ws/final_project/install/open_manipulator_x_teleop:/home/hanse/git_ws/final_project/install/ai_manipulation:/opt/ros/humble /home/hanse/.local/bin/cmake --install /home/hanse/git_ws/final_project/build/cmake_modules
