[2.468s] Invoking command in '/home/hanse/git_ws/final_project/src/ai_manipulation': CMAKE_PREFIX_PATH=/home/hanse/git_ws/final_project/install/open_manipulator_msgs:/home/hanse/git_ws/final_project/install/open_manipulator:/home/hanse/git_ws/final_project/install/open_manipulator_x_controller:/home/hanse/git_ws/final_project/install/open_manipulator_x_libs:/home/hanse/git_ws/final_project/install/robotis_manipulator:/home/hanse/git_ws/final_project/install/open_manipulator_x_description:/home/hanse/git_ws/final_project/install/dynamixel_workbench:/home/hanse/git_ws/final_project/install/dynamixel_workbench_toolbox:/home/hanse/git_ws/final_project/install/dynamixel_sdk_examples:/home/hanse/git_ws/final_project/install/dynamixel_sdk_custom_interfaces:/home/hanse/git_ws/final_project/install/dynamixel_sdk:/home/hanse/git_ws/final_project/install/cmake_modules LD_LIBRARY_PATH=/home/hanse/git_ws/final_project/install/open_manipulator_msgs/lib:/home/hanse/git_ws/final_project/install/open_manipulator_x_libs/lib:/home/hanse/git_ws/final_project/install/robotis_manipulator/lib:/home/hanse/git_ws/final_project/install/dynamixel_workbench_toolbox/lib:/home/hanse/git_ws/final_project/install/dynamixel_sdk_custom_interfaces/lib:/home/hanse/git_ws/final_project/install/dynamixel_sdk/lib:/usr/local/cuda-11.7/lib64:/usr/lib/x86_64-linux-gnu/gazebo-11/plugins:/opt/ros/humble/opt/rviz_ogre_vendor/lib:/opt/ros/humble/lib/x86_64-linux-gnu:/opt/ros/humble/lib:/usr/local/cuda-11.7/lib64:/usr/local/cuda-11.7/lib64/:/usr/local/cuda-11.7/lib64/ PYTHONPATH=/home/hanse/git_ws/final_project/build/ai_manipulation/prefix_override:/home/hanse/git_ws/final_project/install/ai_manipulation/lib/python3.10/site-packages:${PYTHONPATH} /usr/bin/python3 setup.py egg_info --egg-base ../../build/ai_manipulation build --build-base /home/hanse/git_ws/final_project/build/ai_manipulation/build install --record /home/hanse/git_ws/final_project/build/ai_manipulation/install.log --single-version-externally-managed
[3.032s] running egg_info
[3.060s] writing ../../build/ai_manipulation/ai_manipulation.egg-info/PKG-INFO
[3.060s] writing dependency_links to ../../build/ai_manipulation/ai_manipulation.egg-info/dependency_links.txt
[3.060s] writing entry points to ../../build/ai_manipulation/ai_manipulation.egg-info/entry_points.txt
[3.061s] writing requirements to ../../build/ai_manipulation/ai_manipulation.egg-info/requires.txt
[3.061s] writing top-level names to ../../build/ai_manipulation/ai_manipulation.egg-info/top_level.txt
[3.123s] reading manifest file '../../build/ai_manipulation/ai_manipulation.egg-info/SOURCES.txt'
[3.126s] writing manifest file '../../build/ai_manipulation/ai_manipulation.egg-info/SOURCES.txt'
[3.126s] running build
[3.128s] running build_py
[3.128s] copying ai_manipulation/script/six_dxl_model.py -> /home/hanse/git_ws/final_project/build/ai_manipulation/build/lib/ai_manipulation/script
[3.132s] running install
[3.132s] /home/hanse/.local/lib/python3.10/site-packages/setuptools/_distutils/cmd.py:66: SetuptoolsDeprecationWarning: setup.py install is deprecated.
[3.133s] !!
[3.133s] 
[3.133s]         ********************************************************************************
[3.133s]         Please avoid running ``setup.py`` directly.
[3.133s]         Instead, use pypa/build, pypa/installer or other
[3.133s]         standards-based tools.
[3.133s] 
[3.133s]         See https://blog.ganssle.io/articles/2021/10/setup-py-deprecated.html for details.
[3.133s]         ********************************************************************************
[3.133s] 
[3.133s] !!
[3.133s]   self.initialize_options()
[3.141s] running install_lib
[3.166s] copying /home/hanse/git_ws/final_project/build/ai_manipulation/build/lib/ai_manipulation/script/six_dxl_model.py -> /home/hanse/git_ws/final_project/install/ai_manipulation/lib/python3.10/site-packages/ai_manipulation/script
[3.166s] byte-compiling /home/hanse/git_ws/final_project/install/ai_manipulation/lib/python3.10/site-packages/ai_manipulation/script/six_dxl_model.py to six_dxl_model.cpython-310.pyc
[3.172s] running install_data
[3.197s] running install_egg_info
[3.218s] removing '/home/hanse/git_ws/final_project/install/ai_manipulation/lib/python3.10/site-packages/ai_manipulation-0.0.0-py3.10.egg-info' (and everything under it)
[3.218s] Copying ../../build/ai_manipulation/ai_manipulation.egg-info to /home/hanse/git_ws/final_project/install/ai_manipulation/lib/python3.10/site-packages/ai_manipulation-0.0.0-py3.10.egg-info
[3.219s] running install_scripts
[3.423s] Installing make_my_model script to /home/hanse/git_ws/final_project/install/ai_manipulation/lib/ai_manipulation
[3.423s] Installing run_my_model script to /home/hanse/git_ws/final_project/install/ai_manipulation/lib/ai_manipulation
[3.424s] Installing shoe_drop_point_gen script to /home/hanse/git_ws/final_project/install/ai_manipulation/lib/ai_manipulation
[3.426s] Installing six_dxl_model script to /home/hanse/git_ws/final_project/install/ai_manipulation/lib/ai_manipulation
[3.427s] Installing six_dxl_run script to /home/hanse/git_ws/final_project/install/ai_manipulation/lib/ai_manipulation
[3.427s] Installing test_seokwon script to /home/hanse/git_ws/final_project/install/ai_manipulation/lib/ai_manipulation
[3.427s] Installing testing script to /home/hanse/git_ws/final_project/install/ai_manipulation/lib/ai_manipulation
[3.427s] writing list of installed files to '/home/hanse/git_ws/final_project/build/ai_manipulation/install.log'
[3.610s] Invoked command in '/home/hanse/git_ws/final_project/src/ai_manipulation' returned '0': CMAKE_PREFIX_PATH=/home/hanse/git_ws/final_project/install/open_manipulator_msgs:/home/hanse/git_ws/final_project/install/open_manipulator:/home/hanse/git_ws/final_project/install/open_manipulator_x_controller:/home/hanse/git_ws/final_project/install/open_manipulator_x_libs:/home/hanse/git_ws/final_project/install/robotis_manipulator:/home/hanse/git_ws/final_project/install/open_manipulator_x_description:/home/hanse/git_ws/final_project/install/dynamixel_workbench:/home/hanse/git_ws/final_project/install/dynamixel_workbench_toolbox:/home/hanse/git_ws/final_project/install/dynamixel_sdk_examples:/home/hanse/git_ws/final_project/install/dynamixel_sdk_custom_interfaces:/home/hanse/git_ws/final_project/install/dynamixel_sdk:/home/hanse/git_ws/final_project/install/cmake_modules LD_LIBRARY_PATH=/home/hanse/git_ws/final_project/install/open_manipulator_msgs/lib:/home/hanse/git_ws/final_project/install/open_manipulator_x_libs/lib:/home/hanse/git_ws/final_project/install/robotis_manipulator/lib:/home/hanse/git_ws/final_project/install/dynamixel_workbench_toolbox/lib:/home/hanse/git_ws/final_project/install/dynamixel_sdk_custom_interfaces/lib:/home/hanse/git_ws/final_project/install/dynamixel_sdk/lib:/usr/local/cuda-11.7/lib64:/usr/lib/x86_64-linux-gnu/gazebo-11/plugins:/opt/ros/humble/opt/rviz_ogre_vendor/lib:/opt/ros/humble/lib/x86_64-linux-gnu:/opt/ros/humble/lib:/usr/local/cuda-11.7/lib64:/usr/local/cuda-11.7/lib64/:/usr/local/cuda-11.7/lib64/ PYTHONPATH=/home/hanse/git_ws/final_project/build/ai_manipulation/prefix_override:/home/hanse/git_ws/final_project/install/ai_manipulation/lib/python3.10/site-packages:${PYTHONPATH} /usr/bin/python3 setup.py egg_info --egg-base ../../build/ai_manipulation build --build-base /home/hanse/git_ws/final_project/build/ai_manipulation/build install --record /home/hanse/git_ws/final_project/build/ai_manipulation/install.log --single-version-externally-managed
