[0.347s] Invoking command in '/home/kimdu/hanse/build/dynamixel_sdk': CMAKE_PREFIX_PATH=${CMAKE_PREFIX_PATH}:/home/kimdu/hanse/robot-repo-2/install/open_manipulator_x_teleop:/home/kimdu/hanse/robot-repo-2/install/ai_manipulation:/home/kimdu/hanse/install/open_manipulator_x_teleop:/home/kimdu/hanse/install/ai_manipulation:/home/kimdu/pinkbot/install/minibot_driving:/home/kimdu/pinkbot/install/mas_test:/opt/ros/humble /usr/bin/cmake /home/kimdu/hanse/src/DynamixelSDK/dynamixel_sdk -DCMAKE_INSTALL_PREFIX=/home/kimdu/hanse/install/dynamixel_sdk
[0.414s] -- The C compiler identification is GNU 11.4.0
[0.474s] -- The CXX compiler identification is GNU 11.4.0
[0.480s] -- Detecting C compiler ABI info
[0.539s] -- Detecting C compiler ABI info - done
[0.545s] -- Check for working C compiler: /usr/bin/cc - skipped
[0.545s] -- Detecting C compile features
[0.545s] -- Detecting C compile features - done
[0.547s] -- Detecting CXX compiler ABI info
[0.625s] -- Detecting CXX compiler ABI info - done
[0.632s] -- Check for working CXX compiler: /usr/bin/c++ - skipped
[0.632s] -- Detecting CXX compile features
[0.633s] -- Detecting CXX compile features - done
[0.635s] -- Found ament_cmake: 1.3.5 (/opt/ros/humble/share/ament_cmake/cmake)
[0.817s] -- Found Python3: /usr/bin/python3.10 (found version "3.10.12") found components: Interpreter 
[0.961s] -- Configuring done
[0.965s] -- Generating done
[0.965s] -- Build files have been written to: /home/kimdu/hanse/build/dynamixel_sdk
[0.968s] Invoked command in '/home/kimdu/hanse/build/dynamixel_sdk' returned '0': CMAKE_PREFIX_PATH=${CMAKE_PREFIX_PATH}:/home/kimdu/hanse/robot-repo-2/install/open_manipulator_x_teleop:/home/kimdu/hanse/robot-repo-2/install/ai_manipulation:/home/kimdu/hanse/install/open_manipulator_x_teleop:/home/kimdu/hanse/install/ai_manipulation:/home/kimdu/pinkbot/install/minibot_driving:/home/kimdu/pinkbot/install/mas_test:/opt/ros/humble /usr/bin/cmake /home/kimdu/hanse/src/DynamixelSDK/dynamixel_sdk -DCMAKE_INSTALL_PREFIX=/home/kimdu/hanse/install/dynamixel_sdk
[0.970s] Invoking command in '/home/kimdu/hanse/build/dynamixel_sdk': CMAKE_PREFIX_PATH=${CMAKE_PREFIX_PATH}:/home/kimdu/hanse/robot-repo-2/install/open_manipulator_x_teleop:/home/kimdu/hanse/robot-repo-2/install/ai_manipulation:/home/kimdu/hanse/install/open_manipulator_x_teleop:/home/kimdu/hanse/install/ai_manipulation:/home/kimdu/pinkbot/install/minibot_driving:/home/kimdu/pinkbot/install/mas_test:/opt/ros/humble /usr/bin/cmake --build /home/kimdu/hanse/build/dynamixel_sdk -- -j8 -l8
[1.017s] [ 20%] [32mBuilding CXX object CMakeFiles/dynamixel_sdk.dir/src/dynamixel_sdk/packet_handler.cpp.o[0m
[1.017s] [ 20%] [32mBuilding CXX object CMakeFiles/dynamixel_sdk.dir/src/dynamixel_sdk/protocol2_packet_handler.cpp.o[0m
[1.019s] [ 30%] [32mBuilding CXX object CMakeFiles/dynamixel_sdk.dir/src/dynamixel_sdk/protocol1_packet_handler.cpp.o[0m
[1.020s] [ 40%] [32mBuilding CXX object CMakeFiles/dynamixel_sdk.dir/src/dynamixel_sdk/group_bulk_read.cpp.o[0m
[1.023s] [ 50%] [32mBuilding CXX object CMakeFiles/dynamixel_sdk.dir/src/dynamixel_sdk/group_bulk_write.cpp.o[0m
[1.023s] [ 60%] [32mBuilding CXX object CMakeFiles/dynamixel_sdk.dir/src/dynamixel_sdk/group_sync_write.cpp.o[0m
[1.025s] [ 70%] [32mBuilding CXX object CMakeFiles/dynamixel_sdk.dir/src/dynamixel_sdk/group_sync_read.cpp.o[0m
[1.036s] [ 80%] [32mBuilding CXX object CMakeFiles/dynamixel_sdk.dir/src/dynamixel_sdk/port_handler.cpp.o[0m
[1.129s] [ 90%] [32mBuilding CXX object CMakeFiles/dynamixel_sdk.dir/src/dynamixel_sdk/port_handler_linux.cpp.o[0m
[1.586s] [100%] [32m[1mLinking CXX shared library libdynamixel_sdk.so[0m
[1.691s] [100%] Built target dynamixel_sdk
[1.705s] Invoked command in '/home/kimdu/hanse/build/dynamixel_sdk' returned '0': CMAKE_PREFIX_PATH=${CMAKE_PREFIX_PATH}:/home/kimdu/hanse/robot-repo-2/install/open_manipulator_x_teleop:/home/kimdu/hanse/robot-repo-2/install/ai_manipulation:/home/kimdu/hanse/install/open_manipulator_x_teleop:/home/kimdu/hanse/install/ai_manipulation:/home/kimdu/pinkbot/install/minibot_driving:/home/kimdu/pinkbot/install/mas_test:/opt/ros/humble /usr/bin/cmake --build /home/kimdu/hanse/build/dynamixel_sdk -- -j8 -l8
[1.756s] Invoking command in '/home/kimdu/hanse/build/dynamixel_sdk': CMAKE_PREFIX_PATH=${CMAKE_PREFIX_PATH}:/home/kimdu/hanse/robot-repo-2/install/open_manipulator_x_teleop:/home/kimdu/hanse/robot-repo-2/install/ai_manipulation:/home/kimdu/hanse/install/open_manipulator_x_teleop:/home/kimdu/hanse/install/ai_manipulation:/home/kimdu/pinkbot/install/minibot_driving:/home/kimdu/pinkbot/install/mas_test:/opt/ros/humble /usr/bin/cmake --install /home/kimdu/hanse/build/dynamixel_sdk
[1.764s] -- Install configuration: ""
[1.764s] -- Installing: /home/kimdu/hanse/install/dynamixel_sdk/include/
[1.764s] -- Installing: /home/kimdu/hanse/install/dynamixel_sdk/include//dynamixel_sdk
[1.764s] -- Installing: /home/kimdu/hanse/install/dynamixel_sdk/include//dynamixel_sdk/protocol2_packet_handler.h
[1.764s] -- Installing: /home/kimdu/hanse/install/dynamixel_sdk/include//dynamixel_sdk/port_handler_mac.h
[1.764s] -- Installing: /home/kimdu/hanse/install/dynamixel_sdk/include//dynamixel_sdk/port_handler.h
[1.764s] -- Installing: /home/kimdu/hanse/install/dynamixel_sdk/include//dynamixel_sdk/port_handler_windows.h
[1.764s] -- Installing: /home/kimdu/hanse/install/dynamixel_sdk/include//dynamixel_sdk/group_sync_write.h
[1.764s] -- Installing: /home/kimdu/hanse/install/dynamixel_sdk/include//dynamixel_sdk/group_bulk_write.h
[1.765s] -- Installing: /home/kimdu/hanse/install/dynamixel_sdk/include//dynamixel_sdk/group_sync_read.h
[1.765s] -- Installing: /home/kimdu/hanse/install/dynamixel_sdk/include//dynamixel_sdk/protocol1_packet_handler.h
[1.765s] -- Installing: /home/kimdu/hanse/install/dynamixel_sdk/include//dynamixel_sdk/group_bulk_read.h
[1.765s] -- Installing: /home/kimdu/hanse/install/dynamixel_sdk/include//dynamixel_sdk/packet_handler.h
[1.765s] -- Installing: /home/kimdu/hanse/install/dynamixel_sdk/include//dynamixel_sdk/port_handler_arduino.h
[1.765s] -- Installing: /home/kimdu/hanse/install/dynamixel_sdk/include//dynamixel_sdk/port_handler_linux.h
[1.765s] -- Installing: /home/kimdu/hanse/install/dynamixel_sdk/include//dynamixel_sdk/dynamixel_sdk.h
[1.765s] -- Installing: /home/kimdu/hanse/install/dynamixel_sdk/lib/libdynamixel_sdk.so
[1.765s] -- Installing: /home/kimdu/hanse/install/dynamixel_sdk/share/dynamixel_sdk/environment/library_path.sh
[1.766s] -- Installing: /home/kimdu/hanse/install/dynamixel_sdk/share/dynamixel_sdk/environment/library_path.dsv
[1.766s] -- Installing: /home/kimdu/hanse/install/dynamixel_sdk/share/ament_index/resource_index/package_run_dependencies/dynamixel_sdk
[1.766s] -- Installing: /home/kimdu/hanse/install/dynamixel_sdk/share/ament_index/resource_index/parent_prefix_path/dynamixel_sdk
[1.766s] -- Installing: /home/kimdu/hanse/install/dynamixel_sdk/share/dynamixel_sdk/environment/ament_prefix_path.sh
[1.766s] -- Installing: /home/kimdu/hanse/install/dynamixel_sdk/share/dynamixel_sdk/environment/ament_prefix_path.dsv
[1.766s] -- Installing: /home/kimdu/hanse/install/dynamixel_sdk/share/dynamixel_sdk/environment/path.sh
[1.766s] -- Installing: /home/kimdu/hanse/install/dynamixel_sdk/share/dynamixel_sdk/environment/path.dsv
[1.766s] -- Installing: /home/kimdu/hanse/install/dynamixel_sdk/share/dynamixel_sdk/local_setup.bash
[1.766s] -- Installing: /home/kimdu/hanse/install/dynamixel_sdk/share/dynamixel_sdk/local_setup.sh
[1.767s] -- Installing: /home/kimdu/hanse/install/dynamixel_sdk/share/dynamixel_sdk/local_setup.zsh
[1.767s] -- Installing: /home/kimdu/hanse/install/dynamixel_sdk/share/dynamixel_sdk/local_setup.dsv
[1.767s] -- Installing: /home/kimdu/hanse/install/dynamixel_sdk/share/dynamixel_sdk/package.dsv
[1.767s] -- Installing: /home/kimdu/hanse/install/dynamixel_sdk/share/ament_index/resource_index/packages/dynamixel_sdk
[1.767s] -- Installing: /home/kimdu/hanse/install/dynamixel_sdk/share/dynamixel_sdk/cmake/ament_cmake_export_include_directories-extras.cmake
[1.767s] -- Installing: /home/kimdu/hanse/install/dynamixel_sdk/share/dynamixel_sdk/cmake/ament_cmake_export_libraries-extras.cmake
[1.767s] -- Installing: /home/kimdu/hanse/install/dynamixel_sdk/share/dynamixel_sdk/cmake/dynamixel_sdkConfig.cmake
[1.767s] -- Installing: /home/kimdu/hanse/install/dynamixel_sdk/share/dynamixel_sdk/cmake/dynamixel_sdkConfig-version.cmake
[1.768s] -- Installing: /home/kimdu/hanse/install/dynamixel_sdk/share/dynamixel_sdk/package.xml
[1.770s] Invoked command in '/home/kimdu/hanse/build/dynamixel_sdk' returned '0': CMAKE_PREFIX_PATH=${CMAKE_PREFIX_PATH}:/home/kimdu/hanse/robot-repo-2/install/open_manipulator_x_teleop:/home/kimdu/hanse/robot-repo-2/install/ai_manipulation:/home/kimdu/hanse/install/open_manipulator_x_teleop:/home/kimdu/hanse/install/ai_manipulation:/home/kimdu/pinkbot/install/minibot_driving:/home/kimdu/pinkbot/install/mas_test:/opt/ros/humble /usr/bin/cmake --install /home/kimdu/hanse/build/dynamixel_sdk
