[1.390s] Invoking command in '/home/hanse/git_ws/final_project/src/ai_manipulation': CMAKE_PREFIX_PATH=/home/hanse/git_ws/final_project/install/open_manipulator_msgs:/home/hanse/git_ws/final_project/install/open_manipulator:/home/hanse/git_ws/final_project/install/open_manipulator_x_controller:/home/hanse/git_ws/final_project/install/open_manipulator_x_libs:/home/hanse/git_ws/final_project/install/robotis_manipulator:/home/hanse/git_ws/final_project/install/open_manipulator_x_description:/home/hanse/git_ws/final_project/install/dynamixel_workbench:/home/hanse/git_ws/final_project/install/dynamixel_workbench_toolbox:/home/hanse/git_ws/final_project/install/dynamixel_sdk_examples:/home/hanse/git_ws/final_project/install/dynamixel_sdk_custom_interfaces:/home/hanse/git_ws/final_project/install/dynamixel_sdk:/home/hanse/git_ws/final_project/install/cmake_modules LD_LIBRARY_PATH=/home/hanse/git_ws/final_project/install/open_manipulator_msgs/lib:/home/hanse/git_ws/final_project/install/open_manipulator_x_libs/lib:/home/hanse/git_ws/final_project/install/robotis_manipulator/lib:/home/hanse/git_ws/final_project/install/dynamixel_workbench_toolbox/lib:/home/hanse/git_ws/final_project/install/dynamixel_sdk_custom_interfaces/lib:/home/hanse/git_ws/final_project/install/dynamixel_sdk/lib:/usr/local/cuda-11.7/lib64:/usr/local/cuda-11.7/lib64:/usr/lib/x86_64-linux-gnu/gazebo-11/plugins:/opt/ros/humble/opt/rviz_ogre_vendor/lib:/opt/ros/humble/lib/x86_64-linux-gnu:/opt/ros/humble/lib:/usr/local/cuda-11.7/lib64:/usr/local/cuda-11.7/lib64/:/usr/local/cuda-11.7/lib64/:/usr/local/cuda-11.7/lib64/ PYTHONPATH=/home/hanse/git_ws/final_project/build/ai_manipulation/prefix_override:/home/hanse/git_ws/final_project/install/ai_manipulation/lib/python3.10/site-packages:${PYTHONPATH} /usr/bin/python3 setup.py egg_info --egg-base ../../build/ai_manipulation build --build-base /home/hanse/git_ws/final_project/build/ai_manipulation/build install --record /home/hanse/git_ws/final_project/build/ai_manipulation/install.log --single-version-externally-managed
[1.642s] running egg_info
[1.665s] writing ../../build/ai_manipulation/ai_manipulation.egg-info/PKG-INFO
[1.665s] writing dependency_links to ../../build/ai_manipulation/ai_manipulation.egg-info/dependency_links.txt
[1.665s] writing entry points to ../../build/ai_manipulation/ai_manipulation.egg-info/entry_points.txt
[1.665s] writing requirements to ../../build/ai_manipulation/ai_manipulation.egg-info/requires.txt
[1.666s] writing top-level names to ../../build/ai_manipulation/ai_manipulation.egg-info/top_level.txt
[1.708s] reading manifest file '../../build/ai_manipulation/ai_manipulation.egg-info/SOURCES.txt'
[1.710s] writing manifest file '../../build/ai_manipulation/ai_manipulation.egg-info/SOURCES.txt'
[1.710s] running build
[1.710s] running build_py
[1.710s] copying ai_manipulation/script/six_dxl_model.py -> /home/hanse/git_ws/final_project/build/ai_manipulation/build/lib/ai_manipulation/script
[1.713s] /home/hanse/.local/lib/python3.10/site-packages/setuptools/_distutils/cmd.py:66: SetuptoolsDeprecationWarning: setup.py install is deprecated.
[1.714s] !!
[1.714s] 
[1.714s]         ********************************************************************************
[1.714s]         Please avoid running ``setup.py`` directly.
[1.714s]         Instead, use pypa/build, pypa/installer or other
[1.714s]         standards-based tools.
[1.714s] 
[1.714s]         See https://blog.ganssle.io/articles/2021/10/setup-py-deprecated.html for details.
[1.715s]         ********************************************************************************
[1.715s] 
[1.715s] !!
[1.715s]   self.initialize_options()
[1.715s] running install
[1.720s] running install_lib
[1.746s] copying /home/hanse/git_ws/final_project/build/ai_manipulation/build/lib/ai_manipulation/script/six_dxl_model.py -> /home/hanse/git_ws/final_project/install/ai_manipulation/lib/python3.10/site-packages/ai_manipulation/script
[1.747s] byte-compiling /home/hanse/git_ws/final_project/install/ai_manipulation/lib/python3.10/site-packages/ai_manipulation/script/six_dxl_model.py to six_dxl_model.cpython-310.pyc
[1.755s]   File "/home/hanse/git_ws/final_project/install/ai_manipulation/lib/python3.10/site-packages/ai_manipulation/script/six_dxl_model.py", line 553
[1.755s]     search_start_point = [-1.0, -1.3115535974502563, 0.7470486760139465, 1.8208352327346802, 0, -1.0983302593231201] 10/24 백업
[1.755s]                                                                                                                      ^^
[1.755s] SyntaxError: invalid syntax
[1.755s] 
[1.755s] running install_data
[1.779s] running install_egg_info
[1.803s] removing '/home/hanse/git_ws/final_project/install/ai_manipulation/lib/python3.10/site-packages/ai_manipulation-0.0.0-py3.10.egg-info' (and everything under it)
[1.804s] Copying ../../build/ai_manipulation/ai_manipulation.egg-info to /home/hanse/git_ws/final_project/install/ai_manipulation/lib/python3.10/site-packages/ai_manipulation-0.0.0-py3.10.egg-info
[1.804s] running install_scripts
[1.967s] Installing make_my_model script to /home/hanse/git_ws/final_project/install/ai_manipulation/lib/ai_manipulation
[1.968s] Installing run_my_model script to /home/hanse/git_ws/final_project/install/ai_manipulation/lib/ai_manipulation
[1.969s] Installing shoe_drop_point_gen script to /home/hanse/git_ws/final_project/install/ai_manipulation/lib/ai_manipulation
[1.969s] Installing six_dxl_model script to /home/hanse/git_ws/final_project/install/ai_manipulation/lib/ai_manipulation
[1.969s] Installing six_dxl_run script to /home/hanse/git_ws/final_project/install/ai_manipulation/lib/ai_manipulation
[1.969s] Installing test_seokwon script to /home/hanse/git_ws/final_project/install/ai_manipulation/lib/ai_manipulation
[1.969s] Installing testing script to /home/hanse/git_ws/final_project/install/ai_manipulation/lib/ai_manipulation
[1.969s] writing list of installed files to '/home/hanse/git_ws/final_project/build/ai_manipulation/install.log'
[2.080s] Invoked command in '/home/hanse/git_ws/final_project/src/ai_manipulation' returned '0': CMAKE_PREFIX_PATH=/home/hanse/git_ws/final_project/install/open_manipulator_msgs:/home/hanse/git_ws/final_project/install/open_manipulator:/home/hanse/git_ws/final_project/install/open_manipulator_x_controller:/home/hanse/git_ws/final_project/install/open_manipulator_x_libs:/home/hanse/git_ws/final_project/install/robotis_manipulator:/home/hanse/git_ws/final_project/install/open_manipulator_x_description:/home/hanse/git_ws/final_project/install/dynamixel_workbench:/home/hanse/git_ws/final_project/install/dynamixel_workbench_toolbox:/home/hanse/git_ws/final_project/install/dynamixel_sdk_examples:/home/hanse/git_ws/final_project/install/dynamixel_sdk_custom_interfaces:/home/hanse/git_ws/final_project/install/dynamixel_sdk:/home/hanse/git_ws/final_project/install/cmake_modules LD_LIBRARY_PATH=/home/hanse/git_ws/final_project/install/open_manipulator_msgs/lib:/home/hanse/git_ws/final_project/install/open_manipulator_x_libs/lib:/home/hanse/git_ws/final_project/install/robotis_manipulator/lib:/home/hanse/git_ws/final_project/install/dynamixel_workbench_toolbox/lib:/home/hanse/git_ws/final_project/install/dynamixel_sdk_custom_interfaces/lib:/home/hanse/git_ws/final_project/install/dynamixel_sdk/lib:/usr/local/cuda-11.7/lib64:/usr/local/cuda-11.7/lib64:/usr/lib/x86_64-linux-gnu/gazebo-11/plugins:/opt/ros/humble/opt/rviz_ogre_vendor/lib:/opt/ros/humble/lib/x86_64-linux-gnu:/opt/ros/humble/lib:/usr/local/cuda-11.7/lib64:/usr/local/cuda-11.7/lib64/:/usr/local/cuda-11.7/lib64/:/usr/local/cuda-11.7/lib64/ PYTHONPATH=/home/hanse/git_ws/final_project/build/ai_manipulation/prefix_override:/home/hanse/git_ws/final_project/install/ai_manipulation/lib/python3.10/site-packages:${PYTHONPATH} /usr/bin/python3 setup.py egg_info --egg-base ../../build/ai_manipulation build --build-base /home/hanse/git_ws/final_project/build/ai_manipulation/build install --record /home/hanse/git_ws/final_project/build/ai_manipulation/install.log --single-version-externally-managed
