[1.908s] Invoking command in '/home/hanse/git_ws/final_project/src/ai_manipulation': CMAKE_PREFIX_PATH=/home/hanse/git_ws/final_project/install/open_manipulator_msgs:/home/hanse/git_ws/final_project/install/open_manipulator:/home/hanse/git_ws/final_project/install/open_manipulator_x_controller:/home/hanse/git_ws/final_project/install/open_manipulator_x_libs:/home/hanse/git_ws/final_project/install/robotis_manipulator:/home/hanse/git_ws/final_project/install/open_manipulator_x_description:/home/hanse/git_ws/final_project/install/dynamixel_workbench:/home/hanse/git_ws/final_project/install/dynamixel_workbench_toolbox:/home/hanse/git_ws/final_project/install/dynamixel_sdk_examples:/home/hanse/git_ws/final_project/install/dynamixel_sdk_custom_interfaces:/home/hanse/git_ws/final_project/install/dynamixel_sdk:/home/hanse/git_ws/final_project/install/cmake_modules LD_LIBRARY_PATH=/home/hanse/git_ws/final_project/install/open_manipulator_msgs/lib:/usr/local/cuda-11.7/lib64:/usr/local/cuda-11.7/lib64:/usr/local/cuda-11.7/lib64:/home/hanse/git_ws/final_project/install/open_manipulator_x_libs/lib:/home/hanse/git_ws/final_project/install/robotis_manipulator/lib:/home/hanse/git_ws/final_project/install/dynamixel_workbench_toolbox/lib:/home/hanse/git_ws/final_project/install/dynamixel_sdk_custom_interfaces/lib:/home/hanse/git_ws/final_project/install/dynamixel_sdk/lib:/usr/local/cuda-11.7/lib64:/usr/lib/x86_64-linux-gnu/gazebo-11/plugins:/opt/ros/humble/opt/rviz_ogre_vendor/lib:/opt/ros/humble/lib/x86_64-linux-gnu:/opt/ros/humble/lib:/usr/local/cuda-11.7/lib64:/usr/local/cuda-11.7/lib64/:/usr/local/cuda-11.7/lib64/:/usr/local/cuda-11.7/lib64/:/usr/local/cuda-11.7/lib64/:/usr/local/cuda-11.7/lib64/ PYTHONPATH=/home/hanse/git_ws/final_project/build/ai_manipulation/prefix_override:/home/hanse/git_ws/final_project/install/ai_manipulation/lib/python3.10/site-packages:${PYTHONPATH} /usr/bin/python3 setup.py egg_info --egg-base ../../build/ai_manipulation build --build-base /home/hanse/git_ws/final_project/build/ai_manipulation/build install --record /home/hanse/git_ws/final_project/build/ai_manipulation/install.log --single-version-externally-managed
[2.157s] running egg_info
[2.179s] writing ../../build/ai_manipulation/ai_manipulation.egg-info/PKG-INFO
[2.179s] writing dependency_links to ../../build/ai_manipulation/ai_manipulation.egg-info/dependency_links.txt
[2.179s] writing entry points to ../../build/ai_manipulation/ai_manipulation.egg-info/entry_points.txt
[2.179s] writing requirements to ../../build/ai_manipulation/ai_manipulation.egg-info/requires.txt
[2.179s] writing top-level names to ../../build/ai_manipulation/ai_manipulation.egg-info/top_level.txt
[2.222s] reading manifest file '../../build/ai_manipulation/ai_manipulation.egg-info/SOURCES.txt'
[2.223s] writing manifest file '../../build/ai_manipulation/ai_manipulation.egg-info/SOURCES.txt'
[2.223s] running build
[2.223s] running build_py
[2.227s] running install
[2.227s] /home/hanse/.local/lib/python3.10/site-packages/setuptools/_distutils/cmd.py:66: SetuptoolsDeprecationWarning: setup.py install is deprecated.
[2.227s] !!
[2.227s] 
[2.228s]         ********************************************************************************
[2.228s]         Please avoid running ``setup.py`` directly.
[2.228s]         Instead, use pypa/build, pypa/installer or other
[2.228s]         standards-based tools.
[2.228s] 
[2.228s]         See https://blog.ganssle.io/articles/2021/10/setup-py-deprecated.html for details.
[2.228s]         ********************************************************************************
[2.228s] 
[2.228s] !!
[2.228s]   self.initialize_options()
[2.232s] running install_lib
[2.251s] running install_data
[2.271s] running install_egg_info
[2.294s] removing '/home/hanse/git_ws/final_project/install/ai_manipulation/lib/python3.10/site-packages/ai_manipulation-0.0.0-py3.10.egg-info' (and everything under it)
[2.298s] Copying ../../build/ai_manipulation/ai_manipulation.egg-info to /home/hanse/git_ws/final_project/install/ai_manipulation/lib/python3.10/site-packages/ai_manipulation-0.0.0-py3.10.egg-info
[2.298s] running install_scripts
[2.464s] Installing make_my_model script to /home/hanse/git_ws/final_project/install/ai_manipulation/lib/ai_manipulation
[2.465s] Installing run_my_model script to /home/hanse/git_ws/final_project/install/ai_manipulation/lib/ai_manipulation
[2.465s] Installing shoe_drop_point_gen script to /home/hanse/git_ws/final_project/install/ai_manipulation/lib/ai_manipulation
[2.465s] Installing six_dxl_model script to /home/hanse/git_ws/final_project/install/ai_manipulation/lib/ai_manipulation
[2.465s] Installing six_dxl_run script to /home/hanse/git_ws/final_project/install/ai_manipulation/lib/ai_manipulation
[2.465s] Installing test_seokwon script to /home/hanse/git_ws/final_project/install/ai_manipulation/lib/ai_manipulation
[2.466s] Installing testing script to /home/hanse/git_ws/final_project/install/ai_manipulation/lib/ai_manipulation
[2.467s] writing list of installed files to '/home/hanse/git_ws/final_project/build/ai_manipulation/install.log'
[2.516s] Invoked command in '/home/hanse/git_ws/final_project/src/ai_manipulation' returned '0': CMAKE_PREFIX_PATH=/home/hanse/git_ws/final_project/install/open_manipulator_msgs:/home/hanse/git_ws/final_project/install/open_manipulator:/home/hanse/git_ws/final_project/install/open_manipulator_x_controller:/home/hanse/git_ws/final_project/install/open_manipulator_x_libs:/home/hanse/git_ws/final_project/install/robotis_manipulator:/home/hanse/git_ws/final_project/install/open_manipulator_x_description:/home/hanse/git_ws/final_project/install/dynamixel_workbench:/home/hanse/git_ws/final_project/install/dynamixel_workbench_toolbox:/home/hanse/git_ws/final_project/install/dynamixel_sdk_examples:/home/hanse/git_ws/final_project/install/dynamixel_sdk_custom_interfaces:/home/hanse/git_ws/final_project/install/dynamixel_sdk:/home/hanse/git_ws/final_project/install/cmake_modules LD_LIBRARY_PATH=/home/hanse/git_ws/final_project/install/open_manipulator_msgs/lib:/usr/local/cuda-11.7/lib64:/usr/local/cuda-11.7/lib64:/usr/local/cuda-11.7/lib64:/home/hanse/git_ws/final_project/install/open_manipulator_x_libs/lib:/home/hanse/git_ws/final_project/install/robotis_manipulator/lib:/home/hanse/git_ws/final_project/install/dynamixel_workbench_toolbox/lib:/home/hanse/git_ws/final_project/install/dynamixel_sdk_custom_interfaces/lib:/home/hanse/git_ws/final_project/install/dynamixel_sdk/lib:/usr/local/cuda-11.7/lib64:/usr/lib/x86_64-linux-gnu/gazebo-11/plugins:/opt/ros/humble/opt/rviz_ogre_vendor/lib:/opt/ros/humble/lib/x86_64-linux-gnu:/opt/ros/humble/lib:/usr/local/cuda-11.7/lib64:/usr/local/cuda-11.7/lib64/:/usr/local/cuda-11.7/lib64/:/usr/local/cuda-11.7/lib64/:/usr/local/cuda-11.7/lib64/:/usr/local/cuda-11.7/lib64/ PYTHONPATH=/home/hanse/git_ws/final_project/build/ai_manipulation/prefix_override:/home/hanse/git_ws/final_project/install/ai_manipulation/lib/python3.10/site-packages:${PYTHONPATH} /usr/bin/python3 setup.py egg_info --egg-base ../../build/ai_manipulation build --build-base /home/hanse/git_ws/final_project/build/ai_manipulation/build install --record /home/hanse/git_ws/final_project/build/ai_manipulation/install.log --single-version-externally-managed
