[0.011s] Invoking command in '/home/sechan/colcon_ws/build/robotis_manipulator': CMAKE_PREFIX_PATH=/home/sechan/colcon_ws/install/cmake_modules:/home/sechan/colcon_ws/install/open_manipulator_teleop:/home/sechan/colcon_ws/install/my_teleop:/home/sechan/colcon_ws/install/open_manipulator:/home/sechan/colcon_ws/install/open_manipulator_x_controller:/home/sechan/colcon_ws/install/open_manipulator_x_libs:/home/sechan/colcon_ws/install/robotis_manipulator:/home/sechan/colcon_ws/install/open_manipulator_x_description:/home/sechan/colcon_ws/install/open_manipulator_msgs:/home/sechan/colcon_ws/install/dynamixel_workbench:/home/sechan/colcon_ws/install/dynamixel_workbench_toolbox:/home/sechan/colcon_ws/install/dynamixel_sdk_examples:/home/sechan/colcon_ws/install/dynamixel_sdk_custom_interfaces:/home/sechan/colcon_ws/install/dynamixel_sdk:/home/sechan/colcon_ws/install/open_manipulator_x_teleop:/opt/ros/humble /usr/bin/cmake /home/sechan/colcon_ws/src/robotis_manipulator -DAMENT_CMAKE_SYMLINK_INSTALL=1 -DCMAKE_INSTALL_PREFIX=/home/sechan/colcon_ws/install/robotis_manipulator
[0.079s] -- The C compiler identification is GNU 11.4.0
[0.151s] -- The CXX compiler identification is GNU 11.4.0
[0.159s] -- Detecting C compiler ABI info
[0.233s] -- Detecting C compiler ABI info - done
[0.241s] -- Check for working C compiler: /usr/bin/cc - skipped
[0.241s] -- Detecting C compile features
[0.242s] -- Detecting C compile features - done
[0.245s] -- Detecting CXX compiler ABI info
[0.322s] -- Detecting CXX compiler ABI info - done
[0.332s] -- Check for working CXX compiler: /usr/bin/c++ - skipped
[0.333s] -- Detecting CXX compile features
[0.333s] -- Detecting CXX compile features - done
[0.340s] -- Found ament_cmake: 1.3.5 (/opt/ros/humble/share/ament_cmake/cmake)
[0.512s] -- Found Python3: /usr/bin/python3.10 (found version "3.10.12") found components: Interpreter 
[0.609s] -- Override CMake install command with custom implementation using symlinks instead of copying resources
[0.659s] -- Found cmake_modules: 0.4.1 (/home/sechan/colcon_ws/install/cmake_modules/share/cmake_modules/cmake)
[0.663s] -- Found rclcpp: 16.0.5 (/opt/ros/humble/share/rclcpp/cmake)
[0.732s] -- Found rosidl_generator_c: 3.1.5 (/opt/ros/humble/share/rosidl_generator_c/cmake)
[0.740s] -- Found rosidl_adapter: 3.1.5 (/opt/ros/humble/share/rosidl_adapter/cmake)
[0.753s] -- Found rosidl_generator_cpp: 3.1.5 (/opt/ros/humble/share/rosidl_generator_cpp/cmake)
[0.779s] -- Using all available rosidl_typesupport_c: rosidl_typesupport_fastrtps_c;rosidl_typesupport_introspection_c
[0.817s] -- Using all available rosidl_typesupport_cpp: rosidl_typesupport_fastrtps_cpp;rosidl_typesupport_introspection_cpp
[0.906s] -- Found rmw_implementation_cmake: 6.1.1 (/opt/ros/humble/share/rmw_implementation_cmake/cmake)
[0.909s] -- Found rmw_fastrtps_cpp: 6.2.3 (/opt/ros/humble/share/rmw_fastrtps_cpp/cmake)
[1.048s] -- Found OpenSSL: /usr/lib/x86_64-linux-gnu/libcrypto.so (found version "3.0.2")  
[1.087s] -- Found FastRTPS: /opt/ros/humble/include  
[1.142s] -- Using RMW implementation 'rmw_fastrtps_cpp' as default
[1.161s] -- Looking for pthread.h
[1.317s] -- Looking for pthread.h - found
[1.317s] -- Performing Test CMAKE_HAVE_LIBC_PTHREAD
[1.495s] -- Performing Test CMAKE_HAVE_LIBC_PTHREAD - Success
[1.497s] -- Found Threads: TRUE  
[2.154s] -- Configuring done
[2.172s] -- Generating done
[2.198s] -- Build files have been written to: /home/sechan/colcon_ws/build/robotis_manipulator
[2.253s] Invoked command in '/home/sechan/colcon_ws/build/robotis_manipulator' returned '0': CMAKE_PREFIX_PATH=/home/sechan/colcon_ws/install/cmake_modules:/home/sechan/colcon_ws/install/open_manipulator_teleop:/home/sechan/colcon_ws/install/my_teleop:/home/sechan/colcon_ws/install/open_manipulator:/home/sechan/colcon_ws/install/open_manipulator_x_controller:/home/sechan/colcon_ws/install/open_manipulator_x_libs:/home/sechan/colcon_ws/install/robotis_manipulator:/home/sechan/colcon_ws/install/open_manipulator_x_description:/home/sechan/colcon_ws/install/open_manipulator_msgs:/home/sechan/colcon_ws/install/dynamixel_workbench:/home/sechan/colcon_ws/install/dynamixel_workbench_toolbox:/home/sechan/colcon_ws/install/dynamixel_sdk_examples:/home/sechan/colcon_ws/install/dynamixel_sdk_custom_interfaces:/home/sechan/colcon_ws/install/dynamixel_sdk:/home/sechan/colcon_ws/install/open_manipulator_x_teleop:/opt/ros/humble /usr/bin/cmake /home/sechan/colcon_ws/src/robotis_manipulator -DAMENT_CMAKE_SYMLINK_INSTALL=1 -DCMAKE_INSTALL_PREFIX=/home/sechan/colcon_ws/install/robotis_manipulator
[2.253s] Invoking command in '/home/sechan/colcon_ws/build/robotis_manipulator': CMAKE_PREFIX_PATH=/home/sechan/colcon_ws/install/cmake_modules:/home/sechan/colcon_ws/install/open_manipulator_teleop:/home/sechan/colcon_ws/install/my_teleop:/home/sechan/colcon_ws/install/open_manipulator:/home/sechan/colcon_ws/install/open_manipulator_x_controller:/home/sechan/colcon_ws/install/open_manipulator_x_libs:/home/sechan/colcon_ws/install/robotis_manipulator:/home/sechan/colcon_ws/install/open_manipulator_x_description:/home/sechan/colcon_ws/install/open_manipulator_msgs:/home/sechan/colcon_ws/install/dynamixel_workbench:/home/sechan/colcon_ws/install/dynamixel_workbench_toolbox:/home/sechan/colcon_ws/install/dynamixel_sdk_examples:/home/sechan/colcon_ws/install/dynamixel_sdk_custom_interfaces:/home/sechan/colcon_ws/install/dynamixel_sdk:/home/sechan/colcon_ws/install/open_manipulator_x_teleop:/opt/ros/humble /usr/bin/cmake --build /home/sechan/colcon_ws/build/robotis_manipulator -- -j8 -l8
[2.440s] [ 14%] [32mBuilding CXX object CMakeFiles/robotis_manipulator.dir/src/robotis_manipulator/robotis_manipulator_common.cpp.o[0m
[2.443s] [ 28%] [32mBuilding CXX object CMakeFiles/robotis_manipulator.dir/src/robotis_manipulator/robotis_manipulator.cpp.o[0m
[2.476s] [ 42%] [32mBuilding CXX object CMakeFiles/robotis_manipulator.dir/src/robotis_manipulator/robotis_manipulator_log.cpp.o[0m
[2.509s] [ 57%] [32mBuilding CXX object CMakeFiles/robotis_manipulator.dir/src/robotis_manipulator/robotis_manipulator_trajectory_generator.cpp.o[0m
[2.546s] [ 71%] [32mBuilding CXX object CMakeFiles/robotis_manipulator.dir/src/robotis_manipulator/robotis_manipulator_manager.cpp.o[0m
[2.557s] [ 85%] [32mBuilding CXX object CMakeFiles/robotis_manipulator.dir/src/robotis_manipulator/robotis_manipulator_math.cpp.o[0m
[15.009s] [100%] [32m[1mLinking CXX shared library librobotis_manipulator.so[0m
[15.428s] [100%] Built target robotis_manipulator
[15.438s] Invoked command in '/home/sechan/colcon_ws/build/robotis_manipulator' returned '0': CMAKE_PREFIX_PATH=/home/sechan/colcon_ws/install/cmake_modules:/home/sechan/colcon_ws/install/open_manipulator_teleop:/home/sechan/colcon_ws/install/my_teleop:/home/sechan/colcon_ws/install/open_manipulator:/home/sechan/colcon_ws/install/open_manipulator_x_controller:/home/sechan/colcon_ws/install/open_manipulator_x_libs:/home/sechan/colcon_ws/install/robotis_manipulator:/home/sechan/colcon_ws/install/open_manipulator_x_description:/home/sechan/colcon_ws/install/open_manipulator_msgs:/home/sechan/colcon_ws/install/dynamixel_workbench:/home/sechan/colcon_ws/install/dynamixel_workbench_toolbox:/home/sechan/colcon_ws/install/dynamixel_sdk_examples:/home/sechan/colcon_ws/install/dynamixel_sdk_custom_interfaces:/home/sechan/colcon_ws/install/dynamixel_sdk:/home/sechan/colcon_ws/install/open_manipulator_x_teleop:/opt/ros/humble /usr/bin/cmake --build /home/sechan/colcon_ws/build/robotis_manipulator -- -j8 -l8
[15.474s] Invoking command in '/home/sechan/colcon_ws/build/robotis_manipulator': CMAKE_PREFIX_PATH=/home/sechan/colcon_ws/install/cmake_modules:/home/sechan/colcon_ws/install/open_manipulator_teleop:/home/sechan/colcon_ws/install/my_teleop:/home/sechan/colcon_ws/install/open_manipulator:/home/sechan/colcon_ws/install/open_manipulator_x_controller:/home/sechan/colcon_ws/install/open_manipulator_x_libs:/home/sechan/colcon_ws/install/robotis_manipulator:/home/sechan/colcon_ws/install/open_manipulator_x_description:/home/sechan/colcon_ws/install/open_manipulator_msgs:/home/sechan/colcon_ws/install/dynamixel_workbench:/home/sechan/colcon_ws/install/dynamixel_workbench_toolbox:/home/sechan/colcon_ws/install/dynamixel_sdk_examples:/home/sechan/colcon_ws/install/dynamixel_sdk_custom_interfaces:/home/sechan/colcon_ws/install/dynamixel_sdk:/home/sechan/colcon_ws/install/open_manipulator_x_teleop:/opt/ros/humble /usr/bin/cmake --install /home/sechan/colcon_ws/build/robotis_manipulator
[15.481s] -- Install configuration: ""
[15.481s] -- Execute custom install script
[15.482s] -- Symlinking: /home/sechan/colcon_ws/install/robotis_manipulator/lib/librobotis_manipulator.so
[15.490s] -- Symlinking: /home/sechan/colcon_ws/install/robotis_manipulator/include//robotis_manipulator/robotis_manipulator.h
[15.498s] -- Symlinking: /home/sechan/colcon_ws/install/robotis_manipulator/include//robotis_manipulator/robotis_manipulator_common.h
[15.506s] -- Symlinking: /home/sechan/colcon_ws/install/robotis_manipulator/include//robotis_manipulator/robotis_manipulator_log.h
[15.515s] -- Symlinking: /home/sechan/colcon_ws/install/robotis_manipulator/include//robotis_manipulator/robotis_manipulator_manager.h
[15.523s] -- Symlinking: /home/sechan/colcon_ws/install/robotis_manipulator/include//robotis_manipulator/robotis_manipulator_math.h
[15.531s] -- Symlinking: /home/sechan/colcon_ws/install/robotis_manipulator/include//robotis_manipulator/robotis_manipulator_trajectory_generator.h
[15.540s] -- Symlinking: /home/sechan/colcon_ws/install/robotis_manipulator/share/robotis_manipulator/environment/library_path.sh
[15.549s] -- Symlinking: /home/sechan/colcon_ws/install/robotis_manipulator/share/robotis_manipulator/environment/library_path.dsv
[15.557s] -- Symlinking: /home/sechan/colcon_ws/install/robotis_manipulator/share/ament_index/resource_index/package_run_dependencies/robotis_manipulator
[15.565s] -- Symlinking: /home/sechan/colcon_ws/install/robotis_manipulator/share/ament_index/resource_index/parent_prefix_path/robotis_manipulator
[15.573s] -- Symlinking: /home/sechan/colcon_ws/install/robotis_manipulator/share/robotis_manipulator/environment/ament_prefix_path.sh
[15.582s] -- Symlinking: /home/sechan/colcon_ws/install/robotis_manipulator/share/robotis_manipulator/environment/ament_prefix_path.dsv
[15.591s] -- Symlinking: /home/sechan/colcon_ws/install/robotis_manipulator/share/robotis_manipulator/environment/path.sh
[15.600s] -- Symlinking: /home/sechan/colcon_ws/install/robotis_manipulator/share/robotis_manipulator/environment/path.dsv
[15.614s] -- Symlinking: /home/sechan/colcon_ws/install/robotis_manipulator/share/robotis_manipulator/local_setup.bash
[15.623s] -- Symlinking: /home/sechan/colcon_ws/install/robotis_manipulator/share/robotis_manipulator/local_setup.sh
[15.632s] -- Symlinking: /home/sechan/colcon_ws/install/robotis_manipulator/share/robotis_manipulator/local_setup.zsh
[15.643s] -- Symlinking: /home/sechan/colcon_ws/install/robotis_manipulator/share/robotis_manipulator/local_setup.dsv
[15.653s] -- Symlinking: /home/sechan/colcon_ws/install/robotis_manipulator/share/robotis_manipulator/package.dsv
[15.663s] -- Symlinking: /home/sechan/colcon_ws/install/robotis_manipulator/share/ament_index/resource_index/packages/robotis_manipulator
[15.672s] -- Symlinking: /home/sechan/colcon_ws/install/robotis_manipulator/share/robotis_manipulator/cmake/ament_cmake_export_include_directories-extras.cmake
[15.682s] -- Symlinking: /home/sechan/colcon_ws/install/robotis_manipulator/share/robotis_manipulator/cmake/ament_cmake_export_dependencies-extras.cmake
[15.692s] -- Symlinking: /home/sechan/colcon_ws/install/robotis_manipulator/share/robotis_manipulator/cmake/ament_cmake_export_libraries-extras.cmake
[15.701s] -- Symlinking: /home/sechan/colcon_ws/install/robotis_manipulator/share/robotis_manipulator/cmake/robotis_manipulatorConfig.cmake
[15.711s] -- Symlinking: /home/sechan/colcon_ws/install/robotis_manipulator/share/robotis_manipulator/cmake/robotis_manipulatorConfig-version.cmake
[15.720s] -- Symlinking: /home/sechan/colcon_ws/install/robotis_manipulator/share/robotis_manipulator/package.xml
[15.734s] Invoked command in '/home/sechan/colcon_ws/build/robotis_manipulator' returned '0': CMAKE_PREFIX_PATH=/home/sechan/colcon_ws/install/cmake_modules:/home/sechan/colcon_ws/install/open_manipulator_teleop:/home/sechan/colcon_ws/install/my_teleop:/home/sechan/colcon_ws/install/open_manipulator:/home/sechan/colcon_ws/install/open_manipulator_x_controller:/home/sechan/colcon_ws/install/open_manipulator_x_libs:/home/sechan/colcon_ws/install/robotis_manipulator:/home/sechan/colcon_ws/install/open_manipulator_x_description:/home/sechan/colcon_ws/install/open_manipulator_msgs:/home/sechan/colcon_ws/install/dynamixel_workbench:/home/sechan/colcon_ws/install/dynamixel_workbench_toolbox:/home/sechan/colcon_ws/install/dynamixel_sdk_examples:/home/sechan/colcon_ws/install/dynamixel_sdk_custom_interfaces:/home/sechan/colcon_ws/install/dynamixel_sdk:/home/sechan/colcon_ws/install/open_manipulator_x_teleop:/opt/ros/humble /usr/bin/cmake --install /home/sechan/colcon_ws/build/robotis_manipulator
