[1.395s] Invoking command in '/home/hanse/git_ws/final_project/src/open_manipulator/open_manipulator_x_teleop': AMENT_PREFIX_PATH=/home/hanse/git_ws/final_project/install/open_manipulator_msgs:${AMENT_PREFIX_PATH} CMAKE_PREFIX_PATH=/home/hanse/git_ws/final_project/install/open_manipulator_msgs LD_LIBRARY_PATH=/home/hanse/git_ws/final_project/install/open_manipulator_msgs/lib:/usr/lib/x86_64-linux-gnu/gazebo-11/plugins:/opt/ros/humble/opt/rviz_ogre_vendor/lib:/opt/ros/humble/lib/x86_64-linux-gnu:/opt/ros/humble/lib:/usr/local/cuda-11.7/lib64:/usr/local/cuda-11.7/lib64/ PS1=\[\e]0;\u@\h: \w\a\]${debian_chroot:+($debian_chroot)}\[\033[01;32m\]\u@\h\[\033[00m\]:\[\033[01;34m\]\w\[\033[00m\]\$ PYTHONPATH=/home/hanse/git_ws/final_project/build/open_manipulator_x_teleop/prefix_override:/home/hanse/git_ws/final_project/install/open_manipulator_x_teleop/lib/python3.10/site-packages:/home/hanse/git_ws/final_project/install/open_manipulator_msgs/local/lib/python3.10/dist-packages:${PYTHONPATH} /usr/bin/python3 setup.py egg_info --egg-base ../../../build/open_manipulator_x_teleop build --build-base /home/hanse/git_ws/final_project/build/open_manipulator_x_teleop/build install --record /home/hanse/git_ws/final_project/build/open_manipulator_x_teleop/install.log --single-version-externally-managed
[1.672s] running egg_info
[1.687s] writing ../../../build/open_manipulator_x_teleop/open_manipulator_x_teleop.egg-info/PKG-INFO
[1.687s] writing dependency_links to ../../../build/open_manipulator_x_teleop/open_manipulator_x_teleop.egg-info/dependency_links.txt
[1.688s] writing entry points to ../../../build/open_manipulator_x_teleop/open_manipulator_x_teleop.egg-info/entry_points.txt
[1.688s] writing requirements to ../../../build/open_manipulator_x_teleop/open_manipulator_x_teleop.egg-info/requires.txt
[1.688s] writing top-level names to ../../../build/open_manipulator_x_teleop/open_manipulator_x_teleop.egg-info/top_level.txt
[1.728s] reading manifest file '../../../build/open_manipulator_x_teleop/open_manipulator_x_teleop.egg-info/SOURCES.txt'
[1.730s] writing manifest file '../../../build/open_manipulator_x_teleop/open_manipulator_x_teleop.egg-info/SOURCES.txt'
[1.730s] running build
[1.730s] running build_py
[1.731s] running install
[1.731s] /home/hanse/.local/lib/python3.10/site-packages/setuptools/_distutils/cmd.py:66: SetuptoolsDeprecationWarning: setup.py install is deprecated.
[1.731s] !!
[1.731s] 
[1.731s]         ********************************************************************************
[1.731s]         Please avoid running ``setup.py`` directly.
[1.731s]         Instead, use pypa/build, pypa/installer or other
[1.732s]         standards-based tools.
[1.732s] 
[1.732s]         See https://blog.ganssle.io/articles/2021/10/setup-py-deprecated.html for details.
[1.732s]         ********************************************************************************
[1.732s] 
[1.732s] !!
[1.732s]   self.initialize_options()
[1.737s] running install_lib
[1.760s] running install_data
[1.782s] running install_egg_info
[1.807s] removing '/home/hanse/git_ws/final_project/install/open_manipulator_x_teleop/lib/python3.10/site-packages/open_manipulator_x_teleop-2.3.0-py3.10.egg-info' (and everything under it)
[1.808s] Copying ../../../build/open_manipulator_x_teleop/open_manipulator_x_teleop.egg-info to /home/hanse/git_ws/final_project/install/open_manipulator_x_teleop/lib/python3.10/site-packages/open_manipulator_x_teleop-2.3.0-py3.10.egg-info
[1.808s] running install_scripts
[1.965s] Installing make_my_model script to /home/hanse/git_ws/final_project/install/open_manipulator_x_teleop/lib/open_manipulator_x_teleop
[1.966s] Installing teleop_keyboard script to /home/hanse/git_ws/final_project/install/open_manipulator_x_teleop/lib/open_manipulator_x_teleop
[1.966s] writing list of installed files to '/home/hanse/git_ws/final_project/build/open_manipulator_x_teleop/install.log'
[1.992s] Invoked command in '/home/hanse/git_ws/final_project/src/open_manipulator/open_manipulator_x_teleop' returned '0': AMENT_PREFIX_PATH=/home/hanse/git_ws/final_project/install/open_manipulator_msgs:${AMENT_PREFIX_PATH} CMAKE_PREFIX_PATH=/home/hanse/git_ws/final_project/install/open_manipulator_msgs LD_LIBRARY_PATH=/home/hanse/git_ws/final_project/install/open_manipulator_msgs/lib:/usr/lib/x86_64-linux-gnu/gazebo-11/plugins:/opt/ros/humble/opt/rviz_ogre_vendor/lib:/opt/ros/humble/lib/x86_64-linux-gnu:/opt/ros/humble/lib:/usr/local/cuda-11.7/lib64:/usr/local/cuda-11.7/lib64/ PS1=\[\e]0;\u@\h: \w\a\]${debian_chroot:+($debian_chroot)}\[\033[01;32m\]\u@\h\[\033[00m\]:\[\033[01;34m\]\w\[\033[00m\]\$ PYTHONPATH=/home/hanse/git_ws/final_project/build/open_manipulator_x_teleop/prefix_override:/home/hanse/git_ws/final_project/install/open_manipulator_x_teleop/lib/python3.10/site-packages:/home/hanse/git_ws/final_project/install/open_manipulator_msgs/local/lib/python3.10/dist-packages:${PYTHONPATH} /usr/bin/python3 setup.py egg_info --egg-base ../../../build/open_manipulator_x_teleop build --build-base /home/hanse/git_ws/final_project/build/open_manipulator_x_teleop/build install --record /home/hanse/git_ws/final_project/build/open_manipulator_x_teleop/install.log --single-version-externally-managed
