running egg_info
writing ../../build/ai_manipulation/ai_manipulation.egg-info/PKG-INFO
writing dependency_links to ../../build/ai_manipulation/ai_manipulation.egg-info/dependency_links.txt
writing entry points to ../../build/ai_manipulation/ai_manipulation.egg-info/entry_points.txt
writing requirements to ../../build/ai_manipulation/ai_manipulation.egg-info/requires.txt
writing top-level names to ../../build/ai_manipulation/ai_manipulation.egg-info/top_level.txt
reading manifest file '../../build/ai_manipulation/ai_manipulation.egg-info/SOURCES.txt'
writing manifest file '../../build/ai_manipulation/ai_manipulation.egg-info/SOURCES.txt'
running build
running build_py
copying ai_manipulation/script/shoe_drop_point_gen.py -> /home/hanse/git_ws/final_project/build/ai_manipulation/build/lib/ai_manipulation/script
running install
/home/hanse/.local/lib/python3.10/site-packages/setuptools/_distutils/cmd.py:66: SetuptoolsDeprecationWarning: setup.py install is deprecated.
!!

        ********************************************************************************
        Please avoid running ``setup.py`` directly.
        Instead, use pypa/build, pypa/installer or other
        standards-based tools.

        See https://blog.ganssle.io/articles/2021/10/setup-py-deprecated.html for details.
        ********************************************************************************

!!
  self.initialize_options()
running install_lib
copying /home/hanse/git_ws/final_project/build/ai_manipulation/build/lib/ai_manipulation/script/shoe_drop_point_gen.py -> /home/hanse/git_ws/final_project/install/ai_manipulation/lib/python3.10/site-packages/ai_manipulation/script
byte-compiling /home/hanse/git_ws/final_project/install/ai_manipulation/lib/python3.10/site-packages/ai_manipulation/script/shoe_drop_point_gen.py to shoe_drop_point_gen.cpython-310.pyc
running install_data
running install_egg_info
removing '/home/hanse/git_ws/final_project/install/ai_manipulation/lib/python3.10/site-packages/ai_manipulation-0.0.0-py3.10.egg-info' (and everything under it)
Copying ../../build/ai_manipulation/ai_manipulation.egg-info to /home/hanse/git_ws/final_project/install/ai_manipulation/lib/python3.10/site-packages/ai_manipulation-0.0.0-py3.10.egg-info
running install_scripts
Installing make_my_model script to /home/hanse/git_ws/final_project/install/ai_manipulation/lib/ai_manipulation
Installing run_my_model script to /home/hanse/git_ws/final_project/install/ai_manipulation/lib/ai_manipulation
Installing shoe_drop_point_gen script to /home/hanse/git_ws/final_project/install/ai_manipulation/lib/ai_manipulation
Installing six_dxl_model script to /home/hanse/git_ws/final_project/install/ai_manipulation/lib/ai_manipulation
Installing six_dxl_run script to /home/hanse/git_ws/final_project/install/ai_manipulation/lib/ai_manipulation
Installing test_seokwon script to /home/hanse/git_ws/final_project/install/ai_manipulation/lib/ai_manipulation
Installing testing script to /home/hanse/git_ws/final_project/install/ai_manipulation/lib/ai_manipulation
writing list of installed files to '/home/hanse/git_ws/final_project/build/ai_manipulation/install.log'
