[1.628s] Invoking command in '/home/hanse/git_ws/final_project/src/ai_manipulation': AMENT_PREFIX_PATH=/home/hanse/git_ws/final_project/install/open_manipulator_msgs:${AMENT_PREFIX_PATH} CMAKE_PREFIX_PATH=/home/hanse/git_ws/final_project/install/open_manipulator_msgs LD_LIBRARY_PATH=/home/hanse/git_ws/final_project/install/open_manipulator_msgs/lib:/usr/local/cuda-11.7/lib64:/usr/lib/x86_64-linux-gnu/gazebo-11/plugins:/opt/ros/humble/opt/rviz_ogre_vendor/lib:/opt/ros/humble/lib/x86_64-linux-gnu:/opt/ros/humble/lib:/usr/local/cuda-11.7/lib64:/usr/local/cuda-11.7/lib64/:/usr/local/cuda-11.7/lib64/ PYTHONPATH=/home/hanse/git_ws/final_project/build/ai_manipulation/prefix_override:/home/hanse/git_ws/final_project/install/ai_manipulation/lib/python3.10/site-packages:/home/hanse/git_ws/final_project/install/open_manipulator_msgs/local/lib/python3.10/dist-packages:${PYTHONPATH} /usr/bin/python3 setup.py egg_info --egg-base ../../build/ai_manipulation build --build-base /home/hanse/git_ws/final_project/build/ai_manipulation/build install --record /home/hanse/git_ws/final_project/build/ai_manipulation/install.log --single-version-externally-managed
[1.910s] running egg_info
[1.942s] writing ../../build/ai_manipulation/ai_manipulation.egg-info/PKG-INFO
[1.942s] writing dependency_links to ../../build/ai_manipulation/ai_manipulation.egg-info/dependency_links.txt
[1.942s] writing entry points to ../../build/ai_manipulation/ai_manipulation.egg-info/entry_points.txt
[1.942s] writing requirements to ../../build/ai_manipulation/ai_manipulation.egg-info/requires.txt
[1.942s] writing top-level names to ../../build/ai_manipulation/ai_manipulation.egg-info/top_level.txt
[1.975s] reading manifest file '../../build/ai_manipulation/ai_manipulation.egg-info/SOURCES.txt'
[1.976s] writing manifest file '../../build/ai_manipulation/ai_manipulation.egg-info/SOURCES.txt'
[1.976s] running build
[1.976s] running build_py
[1.976s] copying ai_manipulation/script/shoe_drop_point_gen.py -> /home/hanse/git_ws/final_project/build/ai_manipulation/build/lib/ai_manipulation/script
[1.979s] running install
[1.980s] /home/hanse/.local/lib/python3.10/site-packages/setuptools/_distutils/cmd.py:66: SetuptoolsDeprecationWarning: setup.py install is deprecated.
[1.980s] !!
[1.980s] 
[1.980s]         ********************************************************************************
[1.980s]         Please avoid running ``setup.py`` directly.
[1.980s]         Instead, use pypa/build, pypa/installer or other
[1.980s]         standards-based tools.
[1.980s] 
[1.980s]         See https://blog.ganssle.io/articles/2021/10/setup-py-deprecated.html for details.
[1.980s]         ********************************************************************************
[1.980s] 
[1.980s] !!
[1.980s]   self.initialize_options()
[1.986s] running install_lib
[2.005s] copying /home/hanse/git_ws/final_project/build/ai_manipulation/build/lib/ai_manipulation/script/shoe_drop_point_gen.py -> /home/hanse/git_ws/final_project/install/ai_manipulation/lib/python3.10/site-packages/ai_manipulation/script
[2.006s] byte-compiling /home/hanse/git_ws/final_project/install/ai_manipulation/lib/python3.10/site-packages/ai_manipulation/script/shoe_drop_point_gen.py to shoe_drop_point_gen.cpython-310.pyc
[2.010s] running install_data
[2.026s] running install_egg_info
[2.048s] removing '/home/hanse/git_ws/final_project/install/ai_manipulation/lib/python3.10/site-packages/ai_manipulation-0.0.0-py3.10.egg-info' (and everything under it)
[2.049s] Copying ../../build/ai_manipulation/ai_manipulation.egg-info to /home/hanse/git_ws/final_project/install/ai_manipulation/lib/python3.10/site-packages/ai_manipulation-0.0.0-py3.10.egg-info
[2.049s] running install_scripts
[2.257s] Installing make_my_model script to /home/hanse/git_ws/final_project/install/ai_manipulation/lib/ai_manipulation
[2.257s] Installing run_my_model script to /home/hanse/git_ws/final_project/install/ai_manipulation/lib/ai_manipulation
[2.257s] Installing shoe_drop_point_gen script to /home/hanse/git_ws/final_project/install/ai_manipulation/lib/ai_manipulation
[2.257s] Installing six_dxl_model script to /home/hanse/git_ws/final_project/install/ai_manipulation/lib/ai_manipulation
[2.258s] Installing six_dxl_run script to /home/hanse/git_ws/final_project/install/ai_manipulation/lib/ai_manipulation
[2.258s] Installing test_seokwon script to /home/hanse/git_ws/final_project/install/ai_manipulation/lib/ai_manipulation
[2.258s] Installing testing script to /home/hanse/git_ws/final_project/install/ai_manipulation/lib/ai_manipulation
[2.259s] writing list of installed files to '/home/hanse/git_ws/final_project/build/ai_manipulation/install.log'
[2.339s] Invoked command in '/home/hanse/git_ws/final_project/src/ai_manipulation' returned '0': AMENT_PREFIX_PATH=/home/hanse/git_ws/final_project/install/open_manipulator_msgs:${AMENT_PREFIX_PATH} CMAKE_PREFIX_PATH=/home/hanse/git_ws/final_project/install/open_manipulator_msgs LD_LIBRARY_PATH=/home/hanse/git_ws/final_project/install/open_manipulator_msgs/lib:/usr/local/cuda-11.7/lib64:/usr/lib/x86_64-linux-gnu/gazebo-11/plugins:/opt/ros/humble/opt/rviz_ogre_vendor/lib:/opt/ros/humble/lib/x86_64-linux-gnu:/opt/ros/humble/lib:/usr/local/cuda-11.7/lib64:/usr/local/cuda-11.7/lib64/:/usr/local/cuda-11.7/lib64/ PYTHONPATH=/home/hanse/git_ws/final_project/build/ai_manipulation/prefix_override:/home/hanse/git_ws/final_project/install/ai_manipulation/lib/python3.10/site-packages:/home/hanse/git_ws/final_project/install/open_manipulator_msgs/local/lib/python3.10/dist-packages:${PYTHONPATH} /usr/bin/python3 setup.py egg_info --egg-base ../../build/ai_manipulation build --build-base /home/hanse/git_ws/final_project/build/ai_manipulation/build install --record /home/hanse/git_ws/final_project/build/ai_manipulation/install.log --single-version-externally-managed
