[0.089s] Invoking command in '/home/kimdu/hanse/build/open_manipulator_x_description': CMAKE_PREFIX_PATH=${CMAKE_PREFIX_PATH}:/home/kimdu/hanse/install/open_manipulator_x_teleop:/home/kimdu/hanse/install/ai_manipulation:/home/kimdu/pinkbot/install/minibot_driving:/home/kimdu/pinkbot/install/mas_test:/opt/ros/humble /usr/bin/cmake --build /home/kimdu/hanse/build/open_manipulator_x_description -- -j8 -l8
[0.125s] Invoked command in '/home/kimdu/hanse/build/open_manipulator_x_description' returned '0': CMAKE_PREFIX_PATH=${CMAKE_PREFIX_PATH}:/home/kimdu/hanse/install/open_manipulator_x_teleop:/home/kimdu/hanse/install/ai_manipulation:/home/kimdu/pinkbot/install/minibot_driving:/home/kimdu/pinkbot/install/mas_test:/opt/ros/humble /usr/bin/cmake --build /home/kimdu/hanse/build/open_manipulator_x_description -- -j8 -l8
[0.164s] Invoking command in '/home/kimdu/hanse/build/open_manipulator_x_description': CMAKE_PREFIX_PATH=${CMAKE_PREFIX_PATH}:/home/kimdu/hanse/install/open_manipulator_x_teleop:/home/kimdu/hanse/install/ai_manipulation:/home/kimdu/pinkbot/install/minibot_driving:/home/kimdu/pinkbot/install/mas_test:/opt/ros/humble /usr/bin/cmake --install /home/kimdu/hanse/build/open_manipulator_x_description
[0.172s] -- Install configuration: ""
[0.173s] -- Up-to-date: /home/kimdu/hanse/install/open_manipulator_x_description/share/open_manipulator_x_description/launch
[0.173s] -- Up-to-date: /home/kimdu/hanse/install/open_manipulator_x_description/share/open_manipulator_x_description/launch/open_manipulator_x_rviz.launch.py
[0.173s] -- Up-to-date: /home/kimdu/hanse/install/open_manipulator_x_description/share/open_manipulator_x_description/launch/.DS_Store
[0.173s] -- Up-to-date: /home/kimdu/hanse/install/open_manipulator_x_description/share/open_manipulator_x_description/meshes
[0.173s] -- Up-to-date: /home/kimdu/hanse/install/open_manipulator_x_description/share/open_manipulator_x_description/meshes/chain_link1.stl
[0.173s] -- Up-to-date: /home/kimdu/hanse/install/open_manipulator_x_description/share/open_manipulator_x_description/meshes/chain_link_grip_l.stl
[0.173s] -- Up-to-date: /home/kimdu/hanse/install/open_manipulator_x_description/share/open_manipulator_x_description/meshes/chain_link4.stl
[0.173s] -- Up-to-date: /home/kimdu/hanse/install/open_manipulator_x_description/share/open_manipulator_x_description/meshes/chain_link2.stl
[0.173s] -- Up-to-date: /home/kimdu/hanse/install/open_manipulator_x_description/share/open_manipulator_x_description/meshes/chain_link_grip_r.stl
[0.173s] -- Up-to-date: /home/kimdu/hanse/install/open_manipulator_x_description/share/open_manipulator_x_description/meshes/chain_link5.stl
[0.173s] -- Up-to-date: /home/kimdu/hanse/install/open_manipulator_x_description/share/open_manipulator_x_description/meshes/chain_link3.stl
[0.173s] -- Up-to-date: /home/kimdu/hanse/install/open_manipulator_x_description/share/open_manipulator_x_description/rviz
[0.173s] -- Up-to-date: /home/kimdu/hanse/install/open_manipulator_x_description/share/open_manipulator_x_description/rviz/open_manipulator_x.rviz
[0.173s] -- Up-to-date: /home/kimdu/hanse/install/open_manipulator_x_description/share/open_manipulator_x_description/urdf
[0.173s] -- Up-to-date: /home/kimdu/hanse/install/open_manipulator_x_description/share/open_manipulator_x_description/urdf/open_manipulator_x.transmission.xacro
[0.173s] -- Up-to-date: /home/kimdu/hanse/install/open_manipulator_x_description/share/open_manipulator_x_description/urdf/open_manipulator_x.urdf.xacro
[0.173s] -- Up-to-date: /home/kimdu/hanse/install/open_manipulator_x_description/share/open_manipulator_x_description/urdf/open_manipulator_x_robot.urdf.xacro
[0.174s] -- Up-to-date: /home/kimdu/hanse/install/open_manipulator_x_description/share/open_manipulator_x_description/urdf/materials.xacro
[0.174s] -- Up-to-date: /home/kimdu/hanse/install/open_manipulator_x_description/share/open_manipulator_x_description/urdf/open_manipulator_x.gazebo.xacro
[0.185s] -- Up-to-date: /home/kimdu/hanse/install/open_manipulator_x_description/share/ament_index/resource_index/package_run_dependencies/open_manipulator_x_description
[0.185s] -- Up-to-date: /home/kimdu/hanse/install/open_manipulator_x_description/share/ament_index/resource_index/parent_prefix_path/open_manipulator_x_description
[0.185s] -- Up-to-date: /home/kimdu/hanse/install/open_manipulator_x_description/share/open_manipulator_x_description/environment/ament_prefix_path.sh
[0.185s] -- Up-to-date: /home/kimdu/hanse/install/open_manipulator_x_description/share/open_manipulator_x_description/environment/ament_prefix_path.dsv
[0.185s] -- Up-to-date: /home/kimdu/hanse/install/open_manipulator_x_description/share/open_manipulator_x_description/environment/path.sh
[0.185s] -- Up-to-date: /home/kimdu/hanse/install/open_manipulator_x_description/share/open_manipulator_x_description/environment/path.dsv
[0.185s] -- Up-to-date: /home/kimdu/hanse/install/open_manipulator_x_description/share/open_manipulator_x_description/local_setup.bash
[0.185s] -- Up-to-date: /home/kimdu/hanse/install/open_manipulator_x_description/share/open_manipulator_x_description/local_setup.sh
[0.185s] -- Up-to-date: /home/kimdu/hanse/install/open_manipulator_x_description/share/open_manipulator_x_description/local_setup.zsh
[0.185s] -- Up-to-date: /home/kimdu/hanse/install/open_manipulator_x_description/share/open_manipulator_x_description/local_setup.dsv
[0.185s] -- Installing: /home/kimdu/hanse/install/open_manipulator_x_description/share/open_manipulator_x_description/package.dsv
[0.185s] -- Up-to-date: /home/kimdu/hanse/install/open_manipulator_x_description/share/ament_index/resource_index/packages/open_manipulator_x_description
[0.185s] -- Up-to-date: /home/kimdu/hanse/install/open_manipulator_x_description/share/open_manipulator_x_description/cmake/open_manipulator_x_descriptionConfig.cmake
[0.186s] -- Up-to-date: /home/kimdu/hanse/install/open_manipulator_x_description/share/open_manipulator_x_description/cmake/open_manipulator_x_descriptionConfig-version.cmake
[0.186s] -- Up-to-date: /home/kimdu/hanse/install/open_manipulator_x_description/share/open_manipulator_x_description/package.xml
[0.186s] Invoked command in '/home/kimdu/hanse/build/open_manipulator_x_description' returned '0': CMAKE_PREFIX_PATH=${CMAKE_PREFIX_PATH}:/home/kimdu/hanse/install/open_manipulator_x_teleop:/home/kimdu/hanse/install/ai_manipulation:/home/kimdu/pinkbot/install/minibot_driving:/home/kimdu/pinkbot/install/mas_test:/opt/ros/humble /usr/bin/cmake --install /home/kimdu/hanse/build/open_manipulator_x_description
