[0.225s] Invoking command in '/home/kimdu/hanse/build/robotis_manipulator': CMAKE_PREFIX_PATH=/home/kimdu/hanse/install/cmake_modules:/home/kimdu/hanse/install/open_manipulator:/home/kimdu/hanse/install/open_manipulator_x_controller:/home/kimdu/hanse/install/open_manipulator_x_libs:/home/kimdu/hanse/install/robotis_manipulator:/home/kimdu/hanse/install/open_manipulator_x_description:/home/kimdu/hanse/install/open_manipulator_msgs:/home/kimdu/hanse/install/dynamixel_workbench:/home/kimdu/hanse/install/dynamixel_workbench_toolbox:/home/kimdu/hanse/install/dynamixel_sdk_examples:/home/kimdu/hanse/install/dynamixel_sdk_custom_interfaces:/home/kimdu/hanse/install/dynamixel_sdk:/home/kimdu/pinkbot/install/minibot_navigation2:/home/kimdu/pinkbot/install/minibot_controllers:/home/kimdu/pinkbot/install/minibot_interfaces:/home/kimdu/pinkbot/install/minibot_hardware_interface:/home/kimdu/pinkbot/install/minibot_bringup:/home/kimdu/pinkbot/install/minibot_gazebo:/home/kimdu/pinkbot/install/minibot_description:/home/kimdu/hanse/install/open_manipulator_x_teleop:/home/kimdu/hanse/install/ai_manipulation:/home/kimdu/pinkbot/install/minibot_driving:/home/kimdu/pinkbot/install/mas_test:/opt/ros/humble /usr/bin/cmake --build /home/kimdu/hanse/build/robotis_manipulator -- -j8 -l8
[0.292s] [100%] Built target robotis_manipulator
[0.383s] Invoked command in '/home/kimdu/hanse/build/robotis_manipulator' returned '0': CMAKE_PREFIX_PATH=/home/kimdu/hanse/install/cmake_modules:/home/kimdu/hanse/install/open_manipulator:/home/kimdu/hanse/install/open_manipulator_x_controller:/home/kimdu/hanse/install/open_manipulator_x_libs:/home/kimdu/hanse/install/robotis_manipulator:/home/kimdu/hanse/install/open_manipulator_x_description:/home/kimdu/hanse/install/open_manipulator_msgs:/home/kimdu/hanse/install/dynamixel_workbench:/home/kimdu/hanse/install/dynamixel_workbench_toolbox:/home/kimdu/hanse/install/dynamixel_sdk_examples:/home/kimdu/hanse/install/dynamixel_sdk_custom_interfaces:/home/kimdu/hanse/install/dynamixel_sdk:/home/kimdu/pinkbot/install/minibot_navigation2:/home/kimdu/pinkbot/install/minibot_controllers:/home/kimdu/pinkbot/install/minibot_interfaces:/home/kimdu/pinkbot/install/minibot_hardware_interface:/home/kimdu/pinkbot/install/minibot_bringup:/home/kimdu/pinkbot/install/minibot_gazebo:/home/kimdu/pinkbot/install/minibot_description:/home/kimdu/hanse/install/open_manipulator_x_teleop:/home/kimdu/hanse/install/ai_manipulation:/home/kimdu/pinkbot/install/minibot_driving:/home/kimdu/pinkbot/install/mas_test:/opt/ros/humble /usr/bin/cmake --build /home/kimdu/hanse/build/robotis_manipulator -- -j8 -l8
[0.417s] Invoking command in '/home/kimdu/hanse/build/robotis_manipulator': CMAKE_PREFIX_PATH=/home/kimdu/hanse/install/cmake_modules:/home/kimdu/hanse/install/open_manipulator:/home/kimdu/hanse/install/open_manipulator_x_controller:/home/kimdu/hanse/install/open_manipulator_x_libs:/home/kimdu/hanse/install/robotis_manipulator:/home/kimdu/hanse/install/open_manipulator_x_description:/home/kimdu/hanse/install/open_manipulator_msgs:/home/kimdu/hanse/install/dynamixel_workbench:/home/kimdu/hanse/install/dynamixel_workbench_toolbox:/home/kimdu/hanse/install/dynamixel_sdk_examples:/home/kimdu/hanse/install/dynamixel_sdk_custom_interfaces:/home/kimdu/hanse/install/dynamixel_sdk:/home/kimdu/pinkbot/install/minibot_navigation2:/home/kimdu/pinkbot/install/minibot_controllers:/home/kimdu/pinkbot/install/minibot_interfaces:/home/kimdu/pinkbot/install/minibot_hardware_interface:/home/kimdu/pinkbot/install/minibot_bringup:/home/kimdu/pinkbot/install/minibot_gazebo:/home/kimdu/pinkbot/install/minibot_description:/home/kimdu/hanse/install/open_manipulator_x_teleop:/home/kimdu/hanse/install/ai_manipulation:/home/kimdu/pinkbot/install/minibot_driving:/home/kimdu/pinkbot/install/mas_test:/opt/ros/humble /usr/bin/cmake --install /home/kimdu/hanse/build/robotis_manipulator
[0.424s] -- Install configuration: ""
[0.424s] -- Up-to-date: /home/kimdu/hanse/install/robotis_manipulator/lib/librobotis_manipulator.so
[0.425s] -- Up-to-date: /home/kimdu/hanse/install/robotis_manipulator/include/
[0.425s] -- Up-to-date: /home/kimdu/hanse/install/robotis_manipulator/include//robotis_manipulator
[0.425s] -- Up-to-date: /home/kimdu/hanse/install/robotis_manipulator/include//robotis_manipulator/robotis_manipulator_math.h
[0.425s] -- Up-to-date: /home/kimdu/hanse/install/robotis_manipulator/include//robotis_manipulator/robotis_manipulator.h
[0.425s] -- Up-to-date: /home/kimdu/hanse/install/robotis_manipulator/include//robotis_manipulator/robotis_manipulator_log.h
[0.425s] -- Up-to-date: /home/kimdu/hanse/install/robotis_manipulator/include//robotis_manipulator/robotis_manipulator_manager.h
[0.425s] -- Up-to-date: /home/kimdu/hanse/install/robotis_manipulator/include//robotis_manipulator/robotis_manipulator_common.h
[0.425s] -- Up-to-date: /home/kimdu/hanse/install/robotis_manipulator/include//robotis_manipulator/robotis_manipulator_trajectory_generator.h
[0.425s] -- Up-to-date: /home/kimdu/hanse/install/robotis_manipulator/share/robotis_manipulator/environment/library_path.sh
[0.426s] -- Up-to-date: /home/kimdu/hanse/install/robotis_manipulator/share/robotis_manipulator/environment/library_path.dsv
[0.426s] -- Up-to-date: /home/kimdu/hanse/install/robotis_manipulator/share/ament_index/resource_index/package_run_dependencies/robotis_manipulator
[0.426s] -- Up-to-date: /home/kimdu/hanse/install/robotis_manipulator/share/ament_index/resource_index/parent_prefix_path/robotis_manipulator
[0.426s] -- Up-to-date: /home/kimdu/hanse/install/robotis_manipulator/share/robotis_manipulator/environment/ament_prefix_path.sh
[0.427s] -- Up-to-date: /home/kimdu/hanse/install/robotis_manipulator/share/robotis_manipulator/environment/ament_prefix_path.dsv
[0.427s] -- Up-to-date: /home/kimdu/hanse/install/robotis_manipulator/share/robotis_manipulator/environment/path.sh
[0.427s] -- Up-to-date: /home/kimdu/hanse/install/robotis_manipulator/share/robotis_manipulator/environment/path.dsv
[0.427s] -- Up-to-date: /home/kimdu/hanse/install/robotis_manipulator/share/robotis_manipulator/local_setup.bash
[0.427s] -- Up-to-date: /home/kimdu/hanse/install/robotis_manipulator/share/robotis_manipulator/local_setup.sh
[0.427s] -- Up-to-date: /home/kimdu/hanse/install/robotis_manipulator/share/robotis_manipulator/local_setup.zsh
[0.427s] -- Up-to-date: /home/kimdu/hanse/install/robotis_manipulator/share/robotis_manipulator/local_setup.dsv
[0.427s] -- Installing: /home/kimdu/hanse/install/robotis_manipulator/share/robotis_manipulator/package.dsv
[0.427s] -- Up-to-date: /home/kimdu/hanse/install/robotis_manipulator/share/ament_index/resource_index/packages/robotis_manipulator
[0.427s] -- Up-to-date: /home/kimdu/hanse/install/robotis_manipulator/share/robotis_manipulator/cmake/ament_cmake_export_include_directories-extras.cmake
[0.427s] -- Up-to-date: /home/kimdu/hanse/install/robotis_manipulator/share/robotis_manipulator/cmake/ament_cmake_export_dependencies-extras.cmake
[0.427s] -- Up-to-date: /home/kimdu/hanse/install/robotis_manipulator/share/robotis_manipulator/cmake/ament_cmake_export_libraries-extras.cmake
[0.427s] -- Up-to-date: /home/kimdu/hanse/install/robotis_manipulator/share/robotis_manipulator/cmake/robotis_manipulatorConfig.cmake
[0.427s] -- Up-to-date: /home/kimdu/hanse/install/robotis_manipulator/share/robotis_manipulator/cmake/robotis_manipulatorConfig-version.cmake
[0.427s] -- Up-to-date: /home/kimdu/hanse/install/robotis_manipulator/share/robotis_manipulator/package.xml
[0.429s] Invoked command in '/home/kimdu/hanse/build/robotis_manipulator' returned '0': CMAKE_PREFIX_PATH=/home/kimdu/hanse/install/cmake_modules:/home/kimdu/hanse/install/open_manipulator:/home/kimdu/hanse/install/open_manipulator_x_controller:/home/kimdu/hanse/install/open_manipulator_x_libs:/home/kimdu/hanse/install/robotis_manipulator:/home/kimdu/hanse/install/open_manipulator_x_description:/home/kimdu/hanse/install/open_manipulator_msgs:/home/kimdu/hanse/install/dynamixel_workbench:/home/kimdu/hanse/install/dynamixel_workbench_toolbox:/home/kimdu/hanse/install/dynamixel_sdk_examples:/home/kimdu/hanse/install/dynamixel_sdk_custom_interfaces:/home/kimdu/hanse/install/dynamixel_sdk:/home/kimdu/pinkbot/install/minibot_navigation2:/home/kimdu/pinkbot/install/minibot_controllers:/home/kimdu/pinkbot/install/minibot_interfaces:/home/kimdu/pinkbot/install/minibot_hardware_interface:/home/kimdu/pinkbot/install/minibot_bringup:/home/kimdu/pinkbot/install/minibot_gazebo:/home/kimdu/pinkbot/install/minibot_description:/home/kimdu/hanse/install/open_manipulator_x_teleop:/home/kimdu/hanse/install/ai_manipulation:/home/kimdu/pinkbot/install/minibot_driving:/home/kimdu/pinkbot/install/mas_test:/opt/ros/humble /usr/bin/cmake --install /home/kimdu/hanse/build/robotis_manipulator
