running egg_info
writing ../../build/ai_manipulation/ai_manipulation.egg-info/PKG-INFO
writing dependency_links to ../../build/ai_manipulation/ai_manipulation.egg-info/dependency_links.txt
writing entry points to ../../build/ai_manipulation/ai_manipulation.egg-info/entry_points.txt
writing requirements to ../../build/ai_manipulation/ai_manipulation.egg-info/requires.txt
writing top-level names to ../../build/ai_manipulation/ai_manipulation.egg-info/top_level.txt
reading manifest file '../../build/ai_manipulation/ai_manipulation.egg-info/SOURCES.txt'
writing manifest file '../../build/ai_manipulation/ai_manipulation.egg-info/SOURCES.txt'
running build
running build_py
copying ai_manipulation/script/six_dxl_run.py -> /home/kimdu/hanse/build/ai_manipulation/build/lib/ai_manipulation/script
running install
/usr/lib/python3/dist-packages/setuptools/command/install.py:34: SetuptoolsDeprecationWarning: setup.py install is deprecated. Use build and pip and other standards-based tools.
  warnings.warn(
running install_lib
copying /home/kimdu/hanse/build/ai_manipulation/build/lib/ai_manipulation/script/six_dxl_run.py -> /home/kimdu/hanse/install/ai_manipulation/lib/python3.10/site-packages/ai_manipulation/script
byte-compiling /home/kimdu/hanse/install/ai_manipulation/lib/python3.10/site-packages/ai_manipulation/script/six_dxl_run.py to six_dxl_run.cpython-310.pyc
running install_data
running install_egg_info
removing '/home/kimdu/hanse/install/ai_manipulation/lib/python3.10/site-packages/ai_manipulation-0.0.0-py3.10.egg-info' (and everything under it)
Copying ../../build/ai_manipulation/ai_manipulation.egg-info to /home/kimdu/hanse/install/ai_manipulation/lib/python3.10/site-packages/ai_manipulation-0.0.0-py3.10.egg-info
running install_scripts
Installing make_my_model script to /home/kimdu/hanse/install/ai_manipulation/lib/ai_manipulation
Installing run_my_model script to /home/kimdu/hanse/install/ai_manipulation/lib/ai_manipulation
Installing shoe_drop_point_gen script to /home/kimdu/hanse/install/ai_manipulation/lib/ai_manipulation
Installing six_dxl_model script to /home/kimdu/hanse/install/ai_manipulation/lib/ai_manipulation
Installing six_dxl_run script to /home/kimdu/hanse/install/ai_manipulation/lib/ai_manipulation
Installing test_seokwon script to /home/kimdu/hanse/install/ai_manipulation/lib/ai_manipulation
Installing testing script to /home/kimdu/hanse/install/ai_manipulation/lib/ai_manipulation
writing list of installed files to '/home/kimdu/hanse/build/ai_manipulation/install.log'
