[0.026s] Invoking command in '/home/sechan/colcon_ws/build/open_manipulator_msgs': CMAKE_PREFIX_PATH=${CMAKE_PREFIX_PATH}:/home/sechan/colcon_ws/install/open_manipulator_x_teleop:/opt/ros/humble /usr/bin/cmake /home/sechan/colcon_ws/src/open_manipulator_msgs -DAMENT_CMAKE_SYMLINK_INSTALL=1 -DCMAKE_INSTALL_PREFIX=/home/sechan/colcon_ws/install/open_manipulator_msgs
[0.080s] -- The C compiler identification is GNU 11.4.0
[0.150s] -- The CXX compiler identification is GNU 11.4.0
[0.159s] -- Detecting C compiler ABI info
[0.243s] -- Detecting C compiler ABI info - done
[0.252s] -- Check for working C compiler: /usr/bin/cc - skipped
[0.253s] -- Detecting C compile features
[0.253s] -- Detecting C compile features - done
[0.256s] -- Detecting CXX compiler ABI info
[0.344s] -- Detecting CXX compiler ABI info - done
[0.359s] -- Check for working CXX compiler: /usr/bin/c++ - skipped
[0.360s] -- Detecting CXX compile features
[0.361s] -- Detecting CXX compile features - done
[0.363s] -- Found ament_cmake: 1.3.5 (/opt/ros/humble/share/ament_cmake/cmake)
[0.604s] -- Found Python3: /usr/bin/python3.10 (found version "3.10.12") found components: Interpreter 
[0.715s] -- Override CMake install command with custom implementation using symlinks instead of copying resources
[0.743s] -- Found geometry_msgs: 4.2.3 (/opt/ros/humble/share/geometry_msgs/cmake)
[0.798s] -- Found rosidl_generator_c: 3.1.5 (/opt/ros/humble/share/rosidl_generator_c/cmake)
[0.805s] -- Found rosidl_adapter: 3.1.5 (/opt/ros/humble/share/rosidl_adapter/cmake)
[0.819s] -- Found rosidl_generator_cpp: 3.1.5 (/opt/ros/humble/share/rosidl_generator_cpp/cmake)
[0.847s] -- Using all available rosidl_typesupport_c: rosidl_typesupport_fastrtps_c;rosidl_typesupport_introspection_c
[0.881s] -- Using all available rosidl_typesupport_cpp: rosidl_typesupport_fastrtps_cpp;rosidl_typesupport_introspection_cpp
[1.178s] -- Found rosidl_default_generators: 1.2.0 (/opt/ros/humble/share/rosidl_default_generators/cmake)
[1.886s] -- Found ament_cmake_cppcheck: 0.12.7 (/opt/ros/humble/share/ament_cmake_cppcheck/cmake)
[1.889s] -- Found ament_cmake_cpplint: 0.12.7 (/opt/ros/humble/share/ament_cmake_cpplint/cmake)
[1.892s] -- Found ament_cmake_uncrustify: 0.12.7 (/opt/ros/humble/share/ament_cmake_uncrustify/cmake)
[1.896s] -- Found ament_cmake_ros: 0.10.0 (/opt/ros/humble/share/ament_cmake_ros/cmake)
[2.403s] -- Using all available rosidl_typesupport_c: rosidl_typesupport_fastrtps_c;rosidl_typesupport_introspection_c
[2.691s] -- Using all available rosidl_typesupport_cpp: rosidl_typesupport_fastrtps_cpp;rosidl_typesupport_introspection_cpp
[2.733s] -- Found PythonInterp: /usr/bin/python3 (found suitable version "3.10.12", minimum required is "3.6") 
[2.736s] -- Found python_cmake_module: 0.10.0 (/opt/ros/humble/share/python_cmake_module/cmake)
[2.786s] -- Found PythonLibs: /usr/lib/x86_64-linux-gnu/libpython3.10.so (found suitable version "3.10.12", minimum required is "3.5") 
[2.787s] -- Using PYTHON_EXECUTABLE: /usr/bin/python3
[2.787s] -- Using PYTHON_INCLUDE_DIRS: /usr/include/python3.10
[2.787s] -- Using PYTHON_LIBRARIES: /usr/lib/x86_64-linux-gnu/libpython3.10.so
[2.826s] -- Found PythonExtra: .so  
[2.947s] -- Found ament_cmake_flake8: 0.12.7 (/opt/ros/humble/share/ament_cmake_flake8/cmake)
[2.950s] -- Found ament_cmake_pep257: 0.12.7 (/opt/ros/humble/share/ament_cmake_pep257/cmake)
[2.970s] -- Configuring done
[3.062s] -- Generating done
[3.066s] -- Build files have been written to: /home/sechan/colcon_ws/build/open_manipulator_msgs
[3.083s] Invoked command in '/home/sechan/colcon_ws/build/open_manipulator_msgs' returned '0': CMAKE_PREFIX_PATH=${CMAKE_PREFIX_PATH}:/home/sechan/colcon_ws/install/open_manipulator_x_teleop:/opt/ros/humble /usr/bin/cmake /home/sechan/colcon_ws/src/open_manipulator_msgs -DAMENT_CMAKE_SYMLINK_INSTALL=1 -DCMAKE_INSTALL_PREFIX=/home/sechan/colcon_ws/install/open_manipulator_msgs
[3.084s] Invoking command in '/home/sechan/colcon_ws/build/open_manipulator_msgs': CMAKE_PREFIX_PATH=${CMAKE_PREFIX_PATH}:/home/sechan/colcon_ws/install/open_manipulator_x_teleop:/opt/ros/humble /usr/bin/cmake --build /home/sechan/colcon_ws/build/open_manipulator_msgs -- -j8 -l8
[3.263s] [  1%] [34m[1mGenerating C++ code for ROS interfaces[0m
[3.268s] [  2%] [34m[1mGenerating C code for ROS interfaces[0m
[3.314s] [  2%] Built target ament_cmake_python_symlink_open_manipulator_msgs
[4.093s] running egg_info
[4.094s] creating open_manipulator_msgs.egg-info
[4.094s] writing open_manipulator_msgs.egg-info/PKG-INFO
[4.094s] writing dependency_links to open_manipulator_msgs.egg-info/dependency_links.txt
[4.094s] writing top-level names to open_manipulator_msgs.egg-info/top_level.txt
[4.095s] writing manifest file 'open_manipulator_msgs.egg-info/SOURCES.txt'
[4.098s] reading manifest file 'open_manipulator_msgs.egg-info/SOURCES.txt'
[4.099s] writing manifest file 'open_manipulator_msgs.egg-info/SOURCES.txt'
[4.146s] [  2%] Built target ament_cmake_python_build_open_manipulator_msgs_egg
[5.904s] [  2%] Built target open_manipulator_msgs__cpp
[5.968s] [  3%] [34m[1mGenerating C++ type support dispatch for ROS interfaces[0m
[6.001s] [  4%] [34m[1mGenerating C++ type support for eProsima Fast-RTPS[0m
[6.007s] [  5%] [34m[1mGenerating C++ introspection for ROS interfaces[0m
[6.125s] [  6%] [32mBuilding C object CMakeFiles/open_manipulator_msgs__rosidl_generator_c.dir/rosidl_generator_c/open_manipulator_msgs/msg/detail/joint_position__functions.c.o[0m
[6.140s] [  7%] [32mBuilding C object CMakeFiles/open_manipulator_msgs__rosidl_generator_c.dir/rosidl_generator_c/open_manipulator_msgs/msg/detail/kinematics_pose__functions.c.o[0m
[6.154s] [  8%] [32mBuilding C object CMakeFiles/open_manipulator_msgs__rosidl_generator_c.dir/rosidl_generator_c/open_manipulator_msgs/msg/detail/open_manipulator_state__functions.c.o[0m
[6.181s] [  9%] [32mBuilding C object CMakeFiles/open_manipulator_msgs__rosidl_generator_c.dir/rosidl_generator_c/open_manipulator_msgs/srv/detail/get_joint_position__functions.c.o[0m
[6.200s] [ 10%] [32mBuilding C object CMakeFiles/open_manipulator_msgs__rosidl_generator_c.dir/rosidl_generator_c/open_manipulator_msgs/srv/detail/get_kinematics_pose__functions.c.o[0m
[6.347s] [ 11%] [32mBuilding C object CMakeFiles/open_manipulator_msgs__rosidl_generator_c.dir/rosidl_generator_c/open_manipulator_msgs/srv/detail/set_joint_position__functions.c.o[0m
[6.356s] [ 12%] [32mBuilding C object CMakeFiles/open_manipulator_msgs__rosidl_generator_c.dir/rosidl_generator_c/open_manipulator_msgs/srv/detail/set_kinematics_pose__functions.c.o[0m
[6.373s] [ 13%] [32mBuilding C object CMakeFiles/open_manipulator_msgs__rosidl_generator_c.dir/rosidl_generator_c/open_manipulator_msgs/srv/detail/set_drawing_trajectory__functions.c.o[0m
[6.469s] [ 14%] [32mBuilding C object CMakeFiles/open_manipulator_msgs__rosidl_generator_c.dir/rosidl_generator_c/open_manipulator_msgs/srv/detail/set_actuator_state__functions.c.o[0m
[6.644s] [ 15%] [32m[1mLinking C shared library libopen_manipulator_msgs__rosidl_generator_c.so[0m
[6.847s] [ 15%] Built target open_manipulator_msgs__rosidl_generator_c
[6.917s] [ 16%] [34m[1mGenerating C type support for eProsima Fast-RTPS[0m
[6.932s] [ 17%] [34m[1mGenerating C type support dispatch for ROS interfaces[0m
[6.935s] [ 18%] [34m[1mGenerating C introspection for ROS interfaces[0m
[7.830s] [ 20%] [32mBuilding CXX object CMakeFiles/open_manipulator_msgs__rosidl_typesupport_cpp.dir/rosidl_typesupport_cpp/open_manipulator_msgs/msg/joint_position__type_support.cpp.o[0m
[7.844s] [ 21%] [32mBuilding CXX object CMakeFiles/open_manipulator_msgs__rosidl_typesupport_cpp.dir/rosidl_typesupport_cpp/open_manipulator_msgs/msg/kinematics_pose__type_support.cpp.o[0m
[7.913s] [ 22%] [32mBuilding CXX object CMakeFiles/open_manipulator_msgs__rosidl_typesupport_cpp.dir/rosidl_typesupport_cpp/open_manipulator_msgs/msg/open_manipulator_state__type_support.cpp.o[0m
[8.036s] [ 23%] [32mBuilding CXX object CMakeFiles/open_manipulator_msgs__rosidl_typesupport_introspection_cpp.dir/rosidl_typesupport_introspection_cpp/open_manipulator_msgs/msg/detail/joint_position__type_support.cpp.o[0m
[8.345s] [ 24%] [32mBuilding CXX object CMakeFiles/open_manipulator_msgs__rosidl_typesupport_introspection_cpp.dir/rosidl_typesupport_introspection_cpp/open_manipulator_msgs/msg/detail/kinematics_pose__type_support.cpp.o[0m
[8.676s] [ 25%] [32mBuilding CXX object CMakeFiles/open_manipulator_msgs__rosidl_typesupport_cpp.dir/rosidl_typesupport_cpp/open_manipulator_msgs/srv/get_joint_position__type_support.cpp.o[0m
[8.814s] [ 26%] [32mBuilding CXX object CMakeFiles/open_manipulator_msgs__rosidl_typesupport_cpp.dir/rosidl_typesupport_cpp/open_manipulator_msgs/srv/get_kinematics_pose__type_support.cpp.o[0m
[9.057s] [ 27%] [32mBuilding CXX object CMakeFiles/open_manipulator_msgs__rosidl_typesupport_c.dir/rosidl_typesupport_c/open_manipulator_msgs/msg/joint_position__type_support.cpp.o[0m
[9.178s] [ 28%] [32mBuilding CXX object CMakeFiles/open_manipulator_msgs__rosidl_typesupport_c.dir/rosidl_typesupport_c/open_manipulator_msgs/msg/kinematics_pose__type_support.cpp.o[0m
[9.281s] [ 29%] [32mBuilding CXX object CMakeFiles/open_manipulator_msgs__rosidl_typesupport_cpp.dir/rosidl_typesupport_cpp/open_manipulator_msgs/srv/set_joint_position__type_support.cpp.o[0m
[9.284s] [ 30%] [32mBuilding CXX object CMakeFiles/open_manipulator_msgs__rosidl_typesupport_cpp.dir/rosidl_typesupport_cpp/open_manipulator_msgs/srv/set_kinematics_pose__type_support.cpp.o[0m
[9.321s] [ 31%] [32mBuilding CXX object CMakeFiles/open_manipulator_msgs__rosidl_typesupport_c.dir/rosidl_typesupport_c/open_manipulator_msgs/msg/open_manipulator_state__type_support.cpp.o[0m
[9.396s] [ 32%] [32mBuilding CXX object CMakeFiles/open_manipulator_msgs__rosidl_typesupport_fastrtps_cpp.dir/rosidl_typesupport_fastrtps_cpp/open_manipulator_msgs/msg/detail/dds_fastrtps/joint_position__type_support.cpp.o[0m
[9.446s] [ 33%] [32mBuilding CXX object CMakeFiles/open_manipulator_msgs__rosidl_typesupport_c.dir/rosidl_typesupport_c/open_manipulator_msgs/srv/get_joint_position__type_support.cpp.o[0m
[9.567s] [ 34%] [32mBuilding CXX object CMakeFiles/open_manipulator_msgs__rosidl_typesupport_c.dir/rosidl_typesupport_c/open_manipulator_msgs/srv/get_kinematics_pose__type_support.cpp.o[0m
[9.573s] [ 35%] [32mBuilding CXX object CMakeFiles/open_manipulator_msgs__rosidl_typesupport_introspection_cpp.dir/rosidl_typesupport_introspection_cpp/open_manipulator_msgs/msg/detail/open_manipulator_state__type_support.cpp.o[0m
[9.668s] [ 36%] [32mBuilding CXX object CMakeFiles/open_manipulator_msgs__rosidl_typesupport_c.dir/rosidl_typesupport_c/open_manipulator_msgs/srv/set_joint_position__type_support.cpp.o[0m
[9.675s] [ 37%] [32mBuilding C object CMakeFiles/open_manipulator_msgs__rosidl_typesupport_introspection_c.dir/rosidl_typesupport_introspection_c/open_manipulator_msgs/msg/detail/joint_position__type_support.c.o[0m
[9.694s] [ 38%] [32mBuilding CXX object CMakeFiles/open_manipulator_msgs__rosidl_typesupport_fastrtps_c.dir/rosidl_typesupport_fastrtps_c/open_manipulator_msgs/msg/detail/joint_position__type_support_c.cpp.o[0m
[9.713s] [ 40%] [32mBuilding CXX object CMakeFiles/open_manipulator_msgs__rosidl_typesupport_introspection_cpp.dir/rosidl_typesupport_introspection_cpp/open_manipulator_msgs/srv/detail/get_joint_position__type_support.cpp.o[0m
[9.829s] [ 41%] [32mBuilding CXX object CMakeFiles/open_manipulator_msgs__rosidl_typesupport_c.dir/rosidl_typesupport_c/open_manipulator_msgs/srv/set_kinematics_pose__type_support.cpp.o[0m
[9.887s] [ 42%] [32mBuilding C object CMakeFiles/open_manipulator_msgs__rosidl_typesupport_introspection_c.dir/rosidl_typesupport_introspection_c/open_manipulator_msgs/msg/detail/kinematics_pose__type_support.c.o[0m
[9.942s] [ 43%] [32mBuilding CXX object CMakeFiles/open_manipulator_msgs__rosidl_typesupport_fastrtps_c.dir/rosidl_typesupport_fastrtps_c/open_manipulator_msgs/msg/detail/kinematics_pose__type_support_c.cpp.o[0m
[9.989s] [ 44%] [32mBuilding CXX object CMakeFiles/open_manipulator_msgs__rosidl_typesupport_c.dir/rosidl_typesupport_c/open_manipulator_msgs/srv/set_drawing_trajectory__type_support.cpp.o[0m
[10.013s] [ 45%] [32mBuilding C object CMakeFiles/open_manipulator_msgs__rosidl_typesupport_introspection_c.dir/rosidl_typesupport_introspection_c/open_manipulator_msgs/msg/detail/open_manipulator_state__type_support.c.o[0m
[10.072s] [ 46%] [32mBuilding C object CMakeFiles/open_manipulator_msgs__rosidl_typesupport_introspection_c.dir/rosidl_typesupport_introspection_c/open_manipulator_msgs/srv/detail/get_joint_position__type_support.c.o[0m
[10.150s] [ 47%] [32mBuilding CXX object CMakeFiles/open_manipulator_msgs__rosidl_typesupport_c.dir/rosidl_typesupport_c/open_manipulator_msgs/srv/set_actuator_state__type_support.cpp.o[0m
[10.154s] [ 49%] [32mBuilding C object CMakeFiles/open_manipulator_msgs__rosidl_typesupport_introspection_c.dir/rosidl_typesupport_introspection_c/open_manipulator_msgs/srv/detail/get_kinematics_pose__type_support.c.o[0m
[10.158s] [ 49%] [32mBuilding CXX object CMakeFiles/open_manipulator_msgs__rosidl_typesupport_cpp.dir/rosidl_typesupport_cpp/open_manipulator_msgs/srv/set_drawing_trajectory__type_support.cpp.o[0m
[10.332s] [ 50%] [32m[1mLinking CXX shared library libopen_manipulator_msgs__rosidl_typesupport_c.so[0m
[10.338s] [ 51%] [32mBuilding C object CMakeFiles/open_manipulator_msgs__rosidl_typesupport_introspection_c.dir/rosidl_typesupport_introspection_c/open_manipulator_msgs/srv/detail/set_joint_position__type_support.c.o[0m
[10.492s] [ 51%] Built target open_manipulator_msgs__rosidl_typesupport_c
[10.540s] [ 52%] [32mBuilding CXX object CMakeFiles/open_manipulator_msgs__rosidl_typesupport_cpp.dir/rosidl_typesupport_cpp/open_manipulator_msgs/srv/set_actuator_state__type_support.cpp.o[0m
[10.546s] [ 53%] [32mBuilding C object CMakeFiles/open_manipulator_msgs__rosidl_typesupport_introspection_c.dir/rosidl_typesupport_introspection_c/open_manipulator_msgs/srv/detail/set_kinematics_pose__type_support.c.o[0m
[10.558s] [ 54%] [32mBuilding CXX object CMakeFiles/open_manipulator_msgs__rosidl_typesupport_fastrtps_c.dir/rosidl_typesupport_fastrtps_c/open_manipulator_msgs/msg/detail/open_manipulator_state__type_support_c.cpp.o[0m
[10.610s] [ 55%] [32mBuilding CXX object CMakeFiles/open_manipulator_msgs__rosidl_typesupport_introspection_cpp.dir/rosidl_typesupport_introspection_cpp/open_manipulator_msgs/srv/detail/get_kinematics_pose__type_support.cpp.o[0m
[10.714s] [ 56%] [32mBuilding C object CMakeFiles/open_manipulator_msgs__rosidl_typesupport_introspection_c.dir/rosidl_typesupport_introspection_c/open_manipulator_msgs/srv/detail/set_drawing_trajectory__type_support.c.o[0m
[10.758s] [ 57%] [32mBuilding CXX object CMakeFiles/open_manipulator_msgs__rosidl_typesupport_introspection_cpp.dir/rosidl_typesupport_introspection_cpp/open_manipulator_msgs/srv/detail/set_joint_position__type_support.cpp.o[0m
[10.822s] [ 58%] [32mBuilding CXX object CMakeFiles/open_manipulator_msgs__rosidl_typesupport_fastrtps_c.dir/rosidl_typesupport_fastrtps_c/open_manipulator_msgs/srv/detail/get_joint_position__type_support_c.cpp.o[0m
[10.847s] [ 60%] [32mBuilding CXX object CMakeFiles/open_manipulator_msgs__rosidl_typesupport_fastrtps_cpp.dir/rosidl_typesupport_fastrtps_cpp/open_manipulator_msgs/msg/detail/dds_fastrtps/kinematics_pose__type_support.cpp.o[0m
[10.911s] [ 61%] [32mBuilding C object CMakeFiles/open_manipulator_msgs__rosidl_typesupport_introspection_c.dir/rosidl_typesupport_introspection_c/open_manipulator_msgs/srv/detail/set_actuator_state__type_support.c.o[0m
[10.983s] [ 62%] [32mBuilding CXX object CMakeFiles/open_manipulator_msgs__rosidl_typesupport_fastrtps_cpp.dir/rosidl_typesupport_fastrtps_cpp/open_manipulator_msgs/msg/detail/dds_fastrtps/open_manipulator_state__type_support.cpp.o[0m
[11.018s] [ 63%] [32m[1mLinking C shared library libopen_manipulator_msgs__rosidl_typesupport_introspection_c.so[0m
[11.147s] [ 63%] Built target open_manipulator_msgs__rosidl_typesupport_introspection_c
[11.184s] [ 64%] [32mBuilding CXX object CMakeFiles/open_manipulator_msgs__rosidl_typesupport_fastrtps_cpp.dir/rosidl_typesupport_fastrtps_cpp/open_manipulator_msgs/srv/detail/dds_fastrtps/get_joint_position__type_support.cpp.o[0m
[11.503s] [ 65%] [32m[1mLinking CXX shared library libopen_manipulator_msgs__rosidl_typesupport_cpp.so[0m
[11.516s] [ 66%] [32mBuilding CXX object CMakeFiles/open_manipulator_msgs__rosidl_typesupport_fastrtps_c.dir/rosidl_typesupport_fastrtps_c/open_manipulator_msgs/srv/detail/get_kinematics_pose__type_support_c.cpp.o[0m
[11.657s] [ 67%] [32mBuilding CXX object CMakeFiles/open_manipulator_msgs__rosidl_typesupport_introspection_cpp.dir/rosidl_typesupport_introspection_cpp/open_manipulator_msgs/srv/detail/set_kinematics_pose__type_support.cpp.o[0m
[11.702s] [ 67%] Built target open_manipulator_msgs__rosidl_typesupport_cpp
[11.723s] [ 68%] [32mBuilding CXX object CMakeFiles/open_manipulator_msgs__rosidl_typesupport_introspection_cpp.dir/rosidl_typesupport_introspection_cpp/open_manipulator_msgs/srv/detail/set_drawing_trajectory__type_support.cpp.o[0m
[11.767s] [ 69%] [32mBuilding CXX object CMakeFiles/open_manipulator_msgs__rosidl_typesupport_fastrtps_c.dir/rosidl_typesupport_fastrtps_c/open_manipulator_msgs/srv/detail/set_joint_position__type_support_c.cpp.o[0m
[11.804s] [ 70%] [32mBuilding CXX object CMakeFiles/open_manipulator_msgs__rosidl_typesupport_introspection_cpp.dir/rosidl_typesupport_introspection_cpp/open_manipulator_msgs/srv/detail/set_actuator_state__type_support.cpp.o[0m
[11.813s] [ 71%] [32mBuilding CXX object CMakeFiles/open_manipulator_msgs__rosidl_typesupport_fastrtps_cpp.dir/rosidl_typesupport_fastrtps_cpp/open_manipulator_msgs/srv/detail/dds_fastrtps/get_kinematics_pose__type_support.cpp.o[0m
[11.943s] [ 72%] [32mBuilding CXX object CMakeFiles/open_manipulator_msgs__rosidl_typesupport_fastrtps_cpp.dir/rosidl_typesupport_fastrtps_cpp/open_manipulator_msgs/srv/detail/dds_fastrtps/set_joint_position__type_support.cpp.o[0m
[11.987s] [ 73%] [32mBuilding CXX object CMakeFiles/open_manipulator_msgs__rosidl_typesupport_fastrtps_cpp.dir/rosidl_typesupport_fastrtps_cpp/open_manipulator_msgs/srv/detail/dds_fastrtps/set_kinematics_pose__type_support.cpp.o[0m
[12.358s] [ 74%] [32mBuilding CXX object CMakeFiles/open_manipulator_msgs__rosidl_typesupport_fastrtps_c.dir/rosidl_typesupport_fastrtps_c/open_manipulator_msgs/srv/detail/set_kinematics_pose__type_support_c.cpp.o[0m
[12.438s] [ 75%] [32mBuilding CXX object CMakeFiles/open_manipulator_msgs__rosidl_typesupport_fastrtps_c.dir/rosidl_typesupport_fastrtps_c/open_manipulator_msgs/srv/detail/set_drawing_trajectory__type_support_c.cpp.o[0m
[12.526s] [ 76%] [32mBuilding CXX object CMakeFiles/open_manipulator_msgs__rosidl_typesupport_fastrtps_c.dir/rosidl_typesupport_fastrtps_c/open_manipulator_msgs/srv/detail/set_actuator_state__type_support_c.cpp.o[0m
[12.548s] [ 77%] [32m[1mLinking CXX shared library libopen_manipulator_msgs__rosidl_typesupport_introspection_cpp.so[0m
[12.700s] [ 78%] [32mBuilding CXX object CMakeFiles/open_manipulator_msgs__rosidl_typesupport_fastrtps_cpp.dir/rosidl_typesupport_fastrtps_cpp/open_manipulator_msgs/srv/detail/dds_fastrtps/set_drawing_trajectory__type_support.cpp.o[0m
[12.733s] [ 80%] [32mBuilding CXX object CMakeFiles/open_manipulator_msgs__rosidl_typesupport_fastrtps_cpp.dir/rosidl_typesupport_fastrtps_cpp/open_manipulator_msgs/srv/detail/dds_fastrtps/set_actuator_state__type_support.cpp.o[0m
[12.885s] [ 80%] Built target open_manipulator_msgs__rosidl_typesupport_introspection_cpp
[13.228s] [ 81%] [32m[1mLinking CXX shared library libopen_manipulator_msgs__rosidl_typesupport_fastrtps_c.so[0m
[13.332s] [ 81%] Built target open_manipulator_msgs__rosidl_typesupport_fastrtps_c
[13.388s] [ 82%] [32m[1mLinking CXX shared library libopen_manipulator_msgs__rosidl_typesupport_fastrtps_cpp.so[0m
[13.500s] [ 82%] Built target open_manipulator_msgs__rosidl_typesupport_fastrtps_cpp
[13.522s] [ 82%] Built target open_manipulator_msgs
[13.545s] [ 83%] [34m[1mGenerating Python code for ROS interfaces[0m
[15.168s] [ 83%] Built target open_manipulator_msgs__py
[15.189s] [ 84%] [32mBuilding C object CMakeFiles/open_manipulator_msgs__rosidl_generator_py.dir/rosidl_generator_py/open_manipulator_msgs/msg/_open_manipulator_state_s.c.o[0m
[15.191s] [ 85%] [32mBuilding C object CMakeFiles/open_manipulator_msgs__rosidl_generator_py.dir/rosidl_generator_py/open_manipulator_msgs/msg/_joint_position_s.c.o[0m
[15.191s] [ 86%] [32mBuilding C object CMakeFiles/open_manipulator_msgs__rosidl_generator_py.dir/rosidl_generator_py/open_manipulator_msgs/msg/_kinematics_pose_s.c.o[0m
[15.192s] [ 87%] [32mBuilding C object CMakeFiles/open_manipulator_msgs__rosidl_generator_py.dir/rosidl_generator_py/open_manipulator_msgs/srv/_get_joint_position_s.c.o[0m
[15.195s] [ 88%] [32mBuilding C object CMakeFiles/open_manipulator_msgs__rosidl_generator_py.dir/rosidl_generator_py/open_manipulator_msgs/srv/_set_joint_position_s.c.o[0m
[15.203s] [ 90%] [32mBuilding C object CMakeFiles/open_manipulator_msgs__rosidl_generator_py.dir/rosidl_generator_py/open_manipulator_msgs/srv/_set_kinematics_pose_s.c.o[0m
[15.203s] [ 90%] [32mBuilding C object CMakeFiles/open_manipulator_msgs__rosidl_generator_py.dir/rosidl_generator_py/open_manipulator_msgs/srv/_get_kinematics_pose_s.c.o[0m
[15.211s] [ 91%] [32mBuilding C object CMakeFiles/open_manipulator_msgs__rosidl_generator_py.dir/rosidl_generator_py/open_manipulator_msgs/srv/_set_drawing_trajectory_s.c.o[0m
[15.380s] [ 92%] [32mBuilding C object CMakeFiles/open_manipulator_msgs__rosidl_generator_py.dir/rosidl_generator_py/open_manipulator_msgs/srv/_set_actuator_state_s.c.o[0m
[15.552s] [ 93%] [32m[1mLinking C shared library rosidl_generator_py/open_manipulator_msgs/libopen_manipulator_msgs__rosidl_generator_py.so[0m
[15.602s] [ 93%] Built target open_manipulator_msgs__rosidl_generator_py
[15.627s] [ 94%] [32mBuilding C object CMakeFiles/open_manipulator_msgs__rosidl_typesupport_fastrtps_c__pyext.dir/rosidl_generator_py/open_manipulator_msgs/_open_manipulator_msgs_s.ep.rosidl_typesupport_fastrtps_c.c.o[0m
[15.630s] [ 95%] [32mBuilding C object CMakeFiles/open_manipulator_msgs__rosidl_typesupport_c__pyext.dir/rosidl_generator_py/open_manipulator_msgs/_open_manipulator_msgs_s.ep.rosidl_typesupport_c.c.o[0m
[15.631s] [ 96%] [32mBuilding C object CMakeFiles/open_manipulator_msgs__rosidl_typesupport_introspection_c__pyext.dir/rosidl_generator_py/open_manipulator_msgs/_open_manipulator_msgs_s.ep.rosidl_typesupport_introspection_c.c.o[0m
[15.797s] [ 97%] [32m[1mLinking C shared library rosidl_generator_py/open_manipulator_msgs/open_manipulator_msgs_s__rosidl_typesupport_introspection_c.cpython-310-x86_64-linux-gnu.so[0m
[15.851s] [ 97%] Built target open_manipulator_msgs__rosidl_typesupport_introspection_c__pyext
[15.867s] [ 98%] [32m[1mLinking C shared library rosidl_generator_py/open_manipulator_msgs/open_manipulator_msgs_s__rosidl_typesupport_fastrtps_c.cpython-310-x86_64-linux-gnu.so[0m
[15.872s] [100%] [32m[1mLinking C shared library rosidl_generator_py/open_manipulator_msgs/open_manipulator_msgs_s__rosidl_typesupport_c.cpython-310-x86_64-linux-gnu.so[0m
[15.911s] [100%] Built target open_manipulator_msgs__rosidl_typesupport_fastrtps_c__pyext
[15.920s] [100%] Built target open_manipulator_msgs__rosidl_typesupport_c__pyext
[15.932s] Invoked command in '/home/sechan/colcon_ws/build/open_manipulator_msgs' returned '0': CMAKE_PREFIX_PATH=${CMAKE_PREFIX_PATH}:/home/sechan/colcon_ws/install/open_manipulator_x_teleop:/opt/ros/humble /usr/bin/cmake --build /home/sechan/colcon_ws/build/open_manipulator_msgs -- -j8 -l8
[16.107s] Invoking command in '/home/sechan/colcon_ws/build/open_manipulator_msgs': CMAKE_PREFIX_PATH=${CMAKE_PREFIX_PATH}:/home/sechan/colcon_ws/install/open_manipulator_x_teleop:/opt/ros/humble /usr/bin/cmake --install /home/sechan/colcon_ws/build/open_manipulator_msgs
[16.115s] -- Install configuration: ""
[16.115s] -- Execute custom install script
[16.115s] -- Symlinking: /home/sechan/colcon_ws/install/open_manipulator_msgs/share/ament_index/resource_index/rosidl_interfaces/open_manipulator_msgs
[16.124s] -- Symlinking: /home/sechan/colcon_ws/install/open_manipulator_msgs/include/open_manipulator_msgs/open_manipulator_msgs/msg/detail/joint_position__functions.h
[16.133s] -- Symlinking: /home/sechan/colcon_ws/install/open_manipulator_msgs/include/open_manipulator_msgs/open_manipulator_msgs/msg/detail/joint_position__struct.h
[16.140s] -- Symlinking: /home/sechan/colcon_ws/install/open_manipulator_msgs/include/open_manipulator_msgs/open_manipulator_msgs/msg/detail/joint_position__type_support.h
[16.149s] -- Symlinking: /home/sechan/colcon_ws/install/open_manipulator_msgs/include/open_manipulator_msgs/open_manipulator_msgs/msg/detail/kinematics_pose__functions.h
[16.157s] -- Symlinking: /home/sechan/colcon_ws/install/open_manipulator_msgs/include/open_manipulator_msgs/open_manipulator_msgs/msg/detail/kinematics_pose__struct.h
[16.166s] -- Symlinking: /home/sechan/colcon_ws/install/open_manipulator_msgs/include/open_manipulator_msgs/open_manipulator_msgs/msg/detail/kinematics_pose__type_support.h
[16.174s] -- Symlinking: /home/sechan/colcon_ws/install/open_manipulator_msgs/include/open_manipulator_msgs/open_manipulator_msgs/msg/detail/open_manipulator_state__functions.h
[16.182s] -- Symlinking: /home/sechan/colcon_ws/install/open_manipulator_msgs/include/open_manipulator_msgs/open_manipulator_msgs/msg/detail/open_manipulator_state__struct.h
[16.191s] -- Symlinking: /home/sechan/colcon_ws/install/open_manipulator_msgs/include/open_manipulator_msgs/open_manipulator_msgs/msg/detail/open_manipulator_state__type_support.h
[16.199s] -- Symlinking: /home/sechan/colcon_ws/install/open_manipulator_msgs/include/open_manipulator_msgs/open_manipulator_msgs/msg/joint_position.h
[16.208s] -- Symlinking: /home/sechan/colcon_ws/install/open_manipulator_msgs/include/open_manipulator_msgs/open_manipulator_msgs/msg/kinematics_pose.h
[16.216s] -- Symlinking: /home/sechan/colcon_ws/install/open_manipulator_msgs/include/open_manipulator_msgs/open_manipulator_msgs/msg/open_manipulator_state.h
[16.225s] -- Symlinking: /home/sechan/colcon_ws/install/open_manipulator_msgs/include/open_manipulator_msgs/open_manipulator_msgs/msg/rosidl_generator_c__visibility_control.h
[16.233s] -- Symlinking: /home/sechan/colcon_ws/install/open_manipulator_msgs/include/open_manipulator_msgs/open_manipulator_msgs/srv/detail/get_joint_position__functions.h
[16.242s] -- Symlinking: /home/sechan/colcon_ws/install/open_manipulator_msgs/include/open_manipulator_msgs/open_manipulator_msgs/srv/detail/get_joint_position__struct.h
[16.251s] -- Symlinking: /home/sechan/colcon_ws/install/open_manipulator_msgs/include/open_manipulator_msgs/open_manipulator_msgs/srv/detail/get_joint_position__type_support.h
[16.259s] -- Symlinking: /home/sechan/colcon_ws/install/open_manipulator_msgs/include/open_manipulator_msgs/open_manipulator_msgs/srv/detail/get_kinematics_pose__functions.h
[16.267s] -- Symlinking: /home/sechan/colcon_ws/install/open_manipulator_msgs/include/open_manipulator_msgs/open_manipulator_msgs/srv/detail/get_kinematics_pose__struct.h
[16.276s] -- Symlinking: /home/sechan/colcon_ws/install/open_manipulator_msgs/include/open_manipulator_msgs/open_manipulator_msgs/srv/detail/get_kinematics_pose__type_support.h
[16.284s] -- Symlinking: /home/sechan/colcon_ws/install/open_manipulator_msgs/include/open_manipulator_msgs/open_manipulator_msgs/srv/detail/set_actuator_state__functions.h
[16.293s] -- Symlinking: /home/sechan/colcon_ws/install/open_manipulator_msgs/include/open_manipulator_msgs/open_manipulator_msgs/srv/detail/set_actuator_state__struct.h
[16.301s] -- Symlinking: /home/sechan/colcon_ws/install/open_manipulator_msgs/include/open_manipulator_msgs/open_manipulator_msgs/srv/detail/set_actuator_state__type_support.h
[16.310s] -- Symlinking: /home/sechan/colcon_ws/install/open_manipulator_msgs/include/open_manipulator_msgs/open_manipulator_msgs/srv/detail/set_drawing_trajectory__functions.h
[16.319s] -- Symlinking: /home/sechan/colcon_ws/install/open_manipulator_msgs/include/open_manipulator_msgs/open_manipulator_msgs/srv/detail/set_drawing_trajectory__struct.h
[16.328s] -- Symlinking: /home/sechan/colcon_ws/install/open_manipulator_msgs/include/open_manipulator_msgs/open_manipulator_msgs/srv/detail/set_drawing_trajectory__type_support.h
[16.338s] -- Symlinking: /home/sechan/colcon_ws/install/open_manipulator_msgs/include/open_manipulator_msgs/open_manipulator_msgs/srv/detail/set_joint_position__functions.h
[16.348s] -- Symlinking: /home/sechan/colcon_ws/install/open_manipulator_msgs/include/open_manipulator_msgs/open_manipulator_msgs/srv/detail/set_joint_position__struct.h
[16.358s] -- Symlinking: /home/sechan/colcon_ws/install/open_manipulator_msgs/include/open_manipulator_msgs/open_manipulator_msgs/srv/detail/set_joint_position__type_support.h
[16.369s] -- Symlinking: /home/sechan/colcon_ws/install/open_manipulator_msgs/include/open_manipulator_msgs/open_manipulator_msgs/srv/detail/set_kinematics_pose__functions.h
[16.379s] -- Symlinking: /home/sechan/colcon_ws/install/open_manipulator_msgs/include/open_manipulator_msgs/open_manipulator_msgs/srv/detail/set_kinematics_pose__struct.h
[16.388s] -- Symlinking: /home/sechan/colcon_ws/install/open_manipulator_msgs/include/open_manipulator_msgs/open_manipulator_msgs/srv/detail/set_kinematics_pose__type_support.h
[16.398s] -- Symlinking: /home/sechan/colcon_ws/install/open_manipulator_msgs/include/open_manipulator_msgs/open_manipulator_msgs/srv/get_joint_position.h
[16.408s] -- Symlinking: /home/sechan/colcon_ws/install/open_manipulator_msgs/include/open_manipulator_msgs/open_manipulator_msgs/srv/get_kinematics_pose.h
[16.417s] -- Symlinking: /home/sechan/colcon_ws/install/open_manipulator_msgs/include/open_manipulator_msgs/open_manipulator_msgs/srv/set_actuator_state.h
[16.426s] -- Symlinking: /home/sechan/colcon_ws/install/open_manipulator_msgs/include/open_manipulator_msgs/open_manipulator_msgs/srv/set_drawing_trajectory.h
[16.435s] -- Symlinking: /home/sechan/colcon_ws/install/open_manipulator_msgs/include/open_manipulator_msgs/open_manipulator_msgs/srv/set_joint_position.h
[16.444s] -- Symlinking: /home/sechan/colcon_ws/install/open_manipulator_msgs/include/open_manipulator_msgs/open_manipulator_msgs/srv/set_kinematics_pose.h
[16.453s] -- Symlinking: /home/sechan/colcon_ws/install/open_manipulator_msgs/share/open_manipulator_msgs/environment/library_path.sh
[16.462s] -- Symlinking: /home/sechan/colcon_ws/install/open_manipulator_msgs/share/open_manipulator_msgs/environment/library_path.dsv
[16.473s] -- Symlinking: /home/sechan/colcon_ws/install/open_manipulator_msgs/include/open_manipulator_msgs/open_manipulator_msgs/msg/detail/joint_position__rosidl_typesupport_fastrtps_c.h
[16.483s] -- Symlinking: /home/sechan/colcon_ws/install/open_manipulator_msgs/include/open_manipulator_msgs/open_manipulator_msgs/msg/detail/kinematics_pose__rosidl_typesupport_fastrtps_c.h
[16.494s] -- Symlinking: /home/sechan/colcon_ws/install/open_manipulator_msgs/include/open_manipulator_msgs/open_manipulator_msgs/msg/detail/open_manipulator_state__rosidl_typesupport_fastrtps_c.h
[16.503s] -- Symlinking: /home/sechan/colcon_ws/install/open_manipulator_msgs/include/open_manipulator_msgs/open_manipulator_msgs/msg/rosidl_typesupport_fastrtps_c__visibility_control.h
[16.512s] -- Symlinking: /home/sechan/colcon_ws/install/open_manipulator_msgs/include/open_manipulator_msgs/open_manipulator_msgs/srv/detail/get_joint_position__rosidl_typesupport_fastrtps_c.h
[16.521s] -- Symlinking: /home/sechan/colcon_ws/install/open_manipulator_msgs/include/open_manipulator_msgs/open_manipulator_msgs/srv/detail/get_kinematics_pose__rosidl_typesupport_fastrtps_c.h
[16.530s] -- Symlinking: /home/sechan/colcon_ws/install/open_manipulator_msgs/include/open_manipulator_msgs/open_manipulator_msgs/srv/detail/set_actuator_state__rosidl_typesupport_fastrtps_c.h
[16.538s] -- Symlinking: /home/sechan/colcon_ws/install/open_manipulator_msgs/include/open_manipulator_msgs/open_manipulator_msgs/srv/detail/set_drawing_trajectory__rosidl_typesupport_fastrtps_c.h
[16.547s] -- Symlinking: /home/sechan/colcon_ws/install/open_manipulator_msgs/include/open_manipulator_msgs/open_manipulator_msgs/srv/detail/set_joint_position__rosidl_typesupport_fastrtps_c.h
[16.556s] -- Symlinking: /home/sechan/colcon_ws/install/open_manipulator_msgs/include/open_manipulator_msgs/open_manipulator_msgs/srv/detail/set_kinematics_pose__rosidl_typesupport_fastrtps_c.h
[16.566s] -- Symlinking: /home/sechan/colcon_ws/install/open_manipulator_msgs/include/open_manipulator_msgs/open_manipulator_msgs/msg/detail/joint_position__builder.hpp
[16.576s] -- Symlinking: /home/sechan/colcon_ws/install/open_manipulator_msgs/include/open_manipulator_msgs/open_manipulator_msgs/msg/detail/joint_position__struct.hpp
[16.586s] -- Symlinking: /home/sechan/colcon_ws/install/open_manipulator_msgs/include/open_manipulator_msgs/open_manipulator_msgs/msg/detail/joint_position__traits.hpp
[16.597s] -- Symlinking: /home/sechan/colcon_ws/install/open_manipulator_msgs/include/open_manipulator_msgs/open_manipulator_msgs/msg/detail/kinematics_pose__builder.hpp
[16.608s] -- Symlinking: /home/sechan/colcon_ws/install/open_manipulator_msgs/include/open_manipulator_msgs/open_manipulator_msgs/msg/detail/kinematics_pose__struct.hpp
[16.618s] -- Symlinking: /home/sechan/colcon_ws/install/open_manipulator_msgs/include/open_manipulator_msgs/open_manipulator_msgs/msg/detail/kinematics_pose__traits.hpp
[16.628s] -- Symlinking: /home/sechan/colcon_ws/install/open_manipulator_msgs/include/open_manipulator_msgs/open_manipulator_msgs/msg/detail/open_manipulator_state__builder.hpp
[16.637s] -- Symlinking: /home/sechan/colcon_ws/install/open_manipulator_msgs/include/open_manipulator_msgs/open_manipulator_msgs/msg/detail/open_manipulator_state__struct.hpp
[16.647s] -- Symlinking: /home/sechan/colcon_ws/install/open_manipulator_msgs/include/open_manipulator_msgs/open_manipulator_msgs/msg/detail/open_manipulator_state__traits.hpp
[16.657s] -- Symlinking: /home/sechan/colcon_ws/install/open_manipulator_msgs/include/open_manipulator_msgs/open_manipulator_msgs/msg/joint_position.hpp
[16.668s] -- Symlinking: /home/sechan/colcon_ws/install/open_manipulator_msgs/include/open_manipulator_msgs/open_manipulator_msgs/msg/kinematics_pose.hpp
[16.680s] -- Symlinking: /home/sechan/colcon_ws/install/open_manipulator_msgs/include/open_manipulator_msgs/open_manipulator_msgs/msg/open_manipulator_state.hpp
[16.691s] -- Symlinking: /home/sechan/colcon_ws/install/open_manipulator_msgs/include/open_manipulator_msgs/open_manipulator_msgs/srv/detail/get_joint_position__builder.hpp
[16.701s] -- Symlinking: /home/sechan/colcon_ws/install/open_manipulator_msgs/include/open_manipulator_msgs/open_manipulator_msgs/srv/detail/get_joint_position__struct.hpp
[16.711s] -- Symlinking: /home/sechan/colcon_ws/install/open_manipulator_msgs/include/open_manipulator_msgs/open_manipulator_msgs/srv/detail/get_joint_position__traits.hpp
[16.720s] -- Symlinking: /home/sechan/colcon_ws/install/open_manipulator_msgs/include/open_manipulator_msgs/open_manipulator_msgs/srv/detail/get_kinematics_pose__builder.hpp
[16.730s] -- Symlinking: /home/sechan/colcon_ws/install/open_manipulator_msgs/include/open_manipulator_msgs/open_manipulator_msgs/srv/detail/get_kinematics_pose__struct.hpp
[16.739s] -- Symlinking: /home/sechan/colcon_ws/install/open_manipulator_msgs/include/open_manipulator_msgs/open_manipulator_msgs/srv/detail/get_kinematics_pose__traits.hpp
[16.749s] -- Symlinking: /home/sechan/colcon_ws/install/open_manipulator_msgs/include/open_manipulator_msgs/open_manipulator_msgs/srv/detail/set_actuator_state__builder.hpp
[16.759s] -- Symlinking: /home/sechan/colcon_ws/install/open_manipulator_msgs/include/open_manipulator_msgs/open_manipulator_msgs/srv/detail/set_actuator_state__struct.hpp
[16.769s] -- Symlinking: /home/sechan/colcon_ws/install/open_manipulator_msgs/include/open_manipulator_msgs/open_manipulator_msgs/srv/detail/set_actuator_state__traits.hpp
[16.780s] -- Symlinking: /home/sechan/colcon_ws/install/open_manipulator_msgs/include/open_manipulator_msgs/open_manipulator_msgs/srv/detail/set_drawing_trajectory__builder.hpp
[16.790s] -- Symlinking: /home/sechan/colcon_ws/install/open_manipulator_msgs/include/open_manipulator_msgs/open_manipulator_msgs/srv/detail/set_drawing_trajectory__struct.hpp
[16.801s] -- Symlinking: /home/sechan/colcon_ws/install/open_manipulator_msgs/include/open_manipulator_msgs/open_manipulator_msgs/srv/detail/set_drawing_trajectory__traits.hpp
[16.812s] -- Symlinking: /home/sechan/colcon_ws/install/open_manipulator_msgs/include/open_manipulator_msgs/open_manipulator_msgs/srv/detail/set_joint_position__builder.hpp
[16.823s] -- Symlinking: /home/sechan/colcon_ws/install/open_manipulator_msgs/include/open_manipulator_msgs/open_manipulator_msgs/srv/detail/set_joint_position__struct.hpp
[16.835s] -- Symlinking: /home/sechan/colcon_ws/install/open_manipulator_msgs/include/open_manipulator_msgs/open_manipulator_msgs/srv/detail/set_joint_position__traits.hpp
[16.846s] -- Symlinking: /home/sechan/colcon_ws/install/open_manipulator_msgs/include/open_manipulator_msgs/open_manipulator_msgs/srv/detail/set_kinematics_pose__builder.hpp
[16.857s] -- Symlinking: /home/sechan/colcon_ws/install/open_manipulator_msgs/include/open_manipulator_msgs/open_manipulator_msgs/srv/detail/set_kinematics_pose__struct.hpp
[16.868s] -- Symlinking: /home/sechan/colcon_ws/install/open_manipulator_msgs/include/open_manipulator_msgs/open_manipulator_msgs/srv/detail/set_kinematics_pose__traits.hpp
[16.880s] -- Symlinking: /home/sechan/colcon_ws/install/open_manipulator_msgs/include/open_manipulator_msgs/open_manipulator_msgs/srv/get_joint_position.hpp
[16.891s] -- Symlinking: /home/sechan/colcon_ws/install/open_manipulator_msgs/include/open_manipulator_msgs/open_manipulator_msgs/srv/get_kinematics_pose.hpp
[16.900s] -- Symlinking: /home/sechan/colcon_ws/install/open_manipulator_msgs/include/open_manipulator_msgs/open_manipulator_msgs/srv/set_actuator_state.hpp
[16.910s] -- Symlinking: /home/sechan/colcon_ws/install/open_manipulator_msgs/include/open_manipulator_msgs/open_manipulator_msgs/srv/set_drawing_trajectory.hpp
[16.919s] -- Symlinking: /home/sechan/colcon_ws/install/open_manipulator_msgs/include/open_manipulator_msgs/open_manipulator_msgs/srv/set_joint_position.hpp
[16.928s] -- Symlinking: /home/sechan/colcon_ws/install/open_manipulator_msgs/include/open_manipulator_msgs/open_manipulator_msgs/srv/set_kinematics_pose.hpp
[16.938s] -- Symlinking: /home/sechan/colcon_ws/install/open_manipulator_msgs/include/open_manipulator_msgs/open_manipulator_msgs/msg/detail/joint_position__rosidl_typesupport_fastrtps_cpp.hpp
[16.947s] -- Symlinking: /home/sechan/colcon_ws/install/open_manipulator_msgs/include/open_manipulator_msgs/open_manipulator_msgs/msg/detail/kinematics_pose__rosidl_typesupport_fastrtps_cpp.hpp
[16.956s] -- Symlinking: /home/sechan/colcon_ws/install/open_manipulator_msgs/include/open_manipulator_msgs/open_manipulator_msgs/msg/detail/open_manipulator_state__rosidl_typesupport_fastrtps_cpp.hpp
[16.964s] -- Symlinking: /home/sechan/colcon_ws/install/open_manipulator_msgs/include/open_manipulator_msgs/open_manipulator_msgs/msg/rosidl_typesupport_fastrtps_cpp__visibility_control.h
[16.974s] -- Symlinking: /home/sechan/colcon_ws/install/open_manipulator_msgs/include/open_manipulator_msgs/open_manipulator_msgs/srv/detail/get_joint_position__rosidl_typesupport_fastrtps_cpp.hpp
[16.983s] -- Symlinking: /home/sechan/colcon_ws/install/open_manipulator_msgs/include/open_manipulator_msgs/open_manipulator_msgs/srv/detail/get_kinematics_pose__rosidl_typesupport_fastrtps_cpp.hpp
[16.992s] -- Symlinking: /home/sechan/colcon_ws/install/open_manipulator_msgs/include/open_manipulator_msgs/open_manipulator_msgs/srv/detail/set_actuator_state__rosidl_typesupport_fastrtps_cpp.hpp
[17.001s] -- Symlinking: /home/sechan/colcon_ws/install/open_manipulator_msgs/include/open_manipulator_msgs/open_manipulator_msgs/srv/detail/set_drawing_trajectory__rosidl_typesupport_fastrtps_cpp.hpp
[17.009s] -- Symlinking: /home/sechan/colcon_ws/install/open_manipulator_msgs/include/open_manipulator_msgs/open_manipulator_msgs/srv/detail/set_joint_position__rosidl_typesupport_fastrtps_cpp.hpp
[17.018s] -- Symlinking: /home/sechan/colcon_ws/install/open_manipulator_msgs/include/open_manipulator_msgs/open_manipulator_msgs/srv/detail/set_kinematics_pose__rosidl_typesupport_fastrtps_cpp.hpp
[17.027s] -- Symlinking: /home/sechan/colcon_ws/install/open_manipulator_msgs/include/open_manipulator_msgs/open_manipulator_msgs/msg/detail/joint_position__rosidl_typesupport_introspection_c.h
[17.036s] -- Symlinking: /home/sechan/colcon_ws/install/open_manipulator_msgs/include/open_manipulator_msgs/open_manipulator_msgs/msg/detail/kinematics_pose__rosidl_typesupport_introspection_c.h
[17.044s] -- Symlinking: /home/sechan/colcon_ws/install/open_manipulator_msgs/include/open_manipulator_msgs/open_manipulator_msgs/msg/detail/open_manipulator_state__rosidl_typesupport_introspection_c.h
[17.053s] -- Symlinking: /home/sechan/colcon_ws/install/open_manipulator_msgs/include/open_manipulator_msgs/open_manipulator_msgs/msg/rosidl_typesupport_introspection_c__visibility_control.h
[17.063s] -- Symlinking: /home/sechan/colcon_ws/install/open_manipulator_msgs/include/open_manipulator_msgs/open_manipulator_msgs/srv/detail/get_joint_position__rosidl_typesupport_introspection_c.h
[17.074s] -- Symlinking: /home/sechan/colcon_ws/install/open_manipulator_msgs/include/open_manipulator_msgs/open_manipulator_msgs/srv/detail/get_kinematics_pose__rosidl_typesupport_introspection_c.h
[17.084s] -- Symlinking: /home/sechan/colcon_ws/install/open_manipulator_msgs/include/open_manipulator_msgs/open_manipulator_msgs/srv/detail/set_actuator_state__rosidl_typesupport_introspection_c.h
[17.093s] -- Symlinking: /home/sechan/colcon_ws/install/open_manipulator_msgs/include/open_manipulator_msgs/open_manipulator_msgs/srv/detail/set_drawing_trajectory__rosidl_typesupport_introspection_c.h
[17.103s] -- Symlinking: /home/sechan/colcon_ws/install/open_manipulator_msgs/include/open_manipulator_msgs/open_manipulator_msgs/srv/detail/set_joint_position__rosidl_typesupport_introspection_c.h
[17.112s] -- Symlinking: /home/sechan/colcon_ws/install/open_manipulator_msgs/include/open_manipulator_msgs/open_manipulator_msgs/srv/detail/set_kinematics_pose__rosidl_typesupport_introspection_c.h
[17.121s] -- Symlinking: /home/sechan/colcon_ws/install/open_manipulator_msgs/include/open_manipulator_msgs/open_manipulator_msgs/msg/detail/joint_position__rosidl_typesupport_introspection_cpp.hpp
[17.130s] -- Symlinking: /home/sechan/colcon_ws/install/open_manipulator_msgs/include/open_manipulator_msgs/open_manipulator_msgs/msg/detail/kinematics_pose__rosidl_typesupport_introspection_cpp.hpp
[17.140s] -- Symlinking: /home/sechan/colcon_ws/install/open_manipulator_msgs/include/open_manipulator_msgs/open_manipulator_msgs/msg/detail/open_manipulator_state__rosidl_typesupport_introspection_cpp.hpp
[17.149s] -- Symlinking: /home/sechan/colcon_ws/install/open_manipulator_msgs/include/open_manipulator_msgs/open_manipulator_msgs/srv/detail/get_joint_position__rosidl_typesupport_introspection_cpp.hpp
[17.158s] -- Symlinking: /home/sechan/colcon_ws/install/open_manipulator_msgs/include/open_manipulator_msgs/open_manipulator_msgs/srv/detail/get_kinematics_pose__rosidl_typesupport_introspection_cpp.hpp
[17.167s] -- Symlinking: /home/sechan/colcon_ws/install/open_manipulator_msgs/include/open_manipulator_msgs/open_manipulator_msgs/srv/detail/set_actuator_state__rosidl_typesupport_introspection_cpp.hpp
[17.176s] -- Symlinking: /home/sechan/colcon_ws/install/open_manipulator_msgs/include/open_manipulator_msgs/open_manipulator_msgs/srv/detail/set_drawing_trajectory__rosidl_typesupport_introspection_cpp.hpp
[17.185s] -- Symlinking: /home/sechan/colcon_ws/install/open_manipulator_msgs/include/open_manipulator_msgs/open_manipulator_msgs/srv/detail/set_joint_position__rosidl_typesupport_introspection_cpp.hpp
[17.196s] -- Symlinking: /home/sechan/colcon_ws/install/open_manipulator_msgs/include/open_manipulator_msgs/open_manipulator_msgs/srv/detail/set_kinematics_pose__rosidl_typesupport_introspection_cpp.hpp
[17.203s] -- Symlinking: /home/sechan/colcon_ws/install/open_manipulator_msgs/share/open_manipulator_msgs/environment/pythonpath.sh
[17.211s] -- Symlinking: /home/sechan/colcon_ws/install/open_manipulator_msgs/share/open_manipulator_msgs/environment/pythonpath.dsv
[17.220s] -- Symlinking: /home/sechan/colcon_ws/install/open_manipulator_msgs/local/lib/python3.10/dist-packages/open_manipulator_msgs-2.2.0-py3.10.egg-info/PKG-INFO
[17.228s] -- Symlinking: /home/sechan/colcon_ws/install/open_manipulator_msgs/local/lib/python3.10/dist-packages/open_manipulator_msgs-2.2.0-py3.10.egg-info/SOURCES.txt
[17.236s] -- Symlinking: /home/sechan/colcon_ws/install/open_manipulator_msgs/local/lib/python3.10/dist-packages/open_manipulator_msgs-2.2.0-py3.10.egg-info/dependency_links.txt
[17.244s] -- Symlinking: /home/sechan/colcon_ws/install/open_manipulator_msgs/local/lib/python3.10/dist-packages/open_manipulator_msgs-2.2.0-py3.10.egg-info/top_level.txt
[17.253s] -- Symlinking: /home/sechan/colcon_ws/install/open_manipulator_msgs/local/lib/python3.10/dist-packages/open_manipulator_msgs/__init__.py
[17.261s] -- Symlinking: /home/sechan/colcon_ws/install/open_manipulator_msgs/local/lib/python3.10/dist-packages/open_manipulator_msgs/_open_manipulator_msgs_s.ep.rosidl_typesupport_c.c
[17.270s] -- Symlinking: /home/sechan/colcon_ws/install/open_manipulator_msgs/local/lib/python3.10/dist-packages/open_manipulator_msgs/_open_manipulator_msgs_s.ep.rosidl_typesupport_fastrtps_c.c
[17.278s] -- Symlinking: /home/sechan/colcon_ws/install/open_manipulator_msgs/local/lib/python3.10/dist-packages/open_manipulator_msgs/_open_manipulator_msgs_s.ep.rosidl_typesupport_introspection_c.c
[17.286s] -- Symlinking: /home/sechan/colcon_ws/install/open_manipulator_msgs/local/lib/python3.10/dist-packages/open_manipulator_msgs/libopen_manipulator_msgs__rosidl_generator_py.so
[17.295s] -- Symlinking: /home/sechan/colcon_ws/install/open_manipulator_msgs/local/lib/python3.10/dist-packages/open_manipulator_msgs/msg/__init__.py
[17.303s] -- Symlinking: /home/sechan/colcon_ws/install/open_manipulator_msgs/local/lib/python3.10/dist-packages/open_manipulator_msgs/msg/_joint_position.py
[17.312s] -- Symlinking: /home/sechan/colcon_ws/install/open_manipulator_msgs/local/lib/python3.10/dist-packages/open_manipulator_msgs/msg/_joint_position_s.c
[17.321s] -- Symlinking: /home/sechan/colcon_ws/install/open_manipulator_msgs/local/lib/python3.10/dist-packages/open_manipulator_msgs/msg/_kinematics_pose.py
[17.335s] -- Symlinking: /home/sechan/colcon_ws/install/open_manipulator_msgs/local/lib/python3.10/dist-packages/open_manipulator_msgs/msg/_kinematics_pose_s.c
[17.344s] -- Symlinking: /home/sechan/colcon_ws/install/open_manipulator_msgs/local/lib/python3.10/dist-packages/open_manipulator_msgs/msg/_open_manipulator_state.py
[17.354s] -- Symlinking: /home/sechan/colcon_ws/install/open_manipulator_msgs/local/lib/python3.10/dist-packages/open_manipulator_msgs/msg/_open_manipulator_state_s.c
[17.365s] -- Symlinking: /home/sechan/colcon_ws/install/open_manipulator_msgs/local/lib/python3.10/dist-packages/open_manipulator_msgs/open_manipulator_msgs_s__rosidl_typesupport_c.cpython-310-x86_64-linux-gnu.so
[17.374s] -- Symlinking: /home/sechan/colcon_ws/install/open_manipulator_msgs/local/lib/python3.10/dist-packages/open_manipulator_msgs/open_manipulator_msgs_s__rosidl_typesupport_fastrtps_c.cpython-310-x86_64-linux-gnu.so
[17.384s] -- Symlinking: /home/sechan/colcon_ws/install/open_manipulator_msgs/local/lib/python3.10/dist-packages/open_manipulator_msgs/open_manipulator_msgs_s__rosidl_typesupport_introspection_c.cpython-310-x86_64-linux-gnu.so
[17.393s] -- Symlinking: /home/sechan/colcon_ws/install/open_manipulator_msgs/local/lib/python3.10/dist-packages/open_manipulator_msgs/srv/__init__.py
[17.403s] -- Symlinking: /home/sechan/colcon_ws/install/open_manipulator_msgs/local/lib/python3.10/dist-packages/open_manipulator_msgs/srv/_get_joint_position.py
[17.413s] -- Symlinking: /home/sechan/colcon_ws/install/open_manipulator_msgs/local/lib/python3.10/dist-packages/open_manipulator_msgs/srv/_get_joint_position_s.c
[17.423s] -- Symlinking: /home/sechan/colcon_ws/install/open_manipulator_msgs/local/lib/python3.10/dist-packages/open_manipulator_msgs/srv/_get_kinematics_pose.py
[17.432s] -- Symlinking: /home/sechan/colcon_ws/install/open_manipulator_msgs/local/lib/python3.10/dist-packages/open_manipulator_msgs/srv/_get_kinematics_pose_s.c
[17.441s] -- Symlinking: /home/sechan/colcon_ws/install/open_manipulator_msgs/local/lib/python3.10/dist-packages/open_manipulator_msgs/srv/_set_actuator_state.py
[17.451s] -- Symlinking: /home/sechan/colcon_ws/install/open_manipulator_msgs/local/lib/python3.10/dist-packages/open_manipulator_msgs/srv/_set_actuator_state_s.c
[17.462s] -- Symlinking: /home/sechan/colcon_ws/install/open_manipulator_msgs/local/lib/python3.10/dist-packages/open_manipulator_msgs/srv/_set_drawing_trajectory.py
[17.472s] -- Symlinking: /home/sechan/colcon_ws/install/open_manipulator_msgs/local/lib/python3.10/dist-packages/open_manipulator_msgs/srv/_set_drawing_trajectory_s.c
[17.482s] -- Symlinking: /home/sechan/colcon_ws/install/open_manipulator_msgs/local/lib/python3.10/dist-packages/open_manipulator_msgs/srv/_set_joint_position.py
[17.492s] -- Symlinking: /home/sechan/colcon_ws/install/open_manipulator_msgs/local/lib/python3.10/dist-packages/open_manipulator_msgs/srv/_set_joint_position_s.c
[17.502s] -- Symlinking: /home/sechan/colcon_ws/install/open_manipulator_msgs/local/lib/python3.10/dist-packages/open_manipulator_msgs/srv/_set_kinematics_pose.py
[17.511s] -- Symlinking: /home/sechan/colcon_ws/install/open_manipulator_msgs/local/lib/python3.10/dist-packages/open_manipulator_msgs/srv/_set_kinematics_pose_s.c
[17.523s] -- Up-to-date symlink: /home/sechan/colcon_ws/install/open_manipulator_msgs/local/lib/python3.10/dist-packages/open_manipulator_msgs/open_manipulator_msgs_s__rosidl_typesupport_fastrtps_c.cpython-310-x86_64-linux-gnu.so
[17.523s] -- Up-to-date symlink: /home/sechan/colcon_ws/install/open_manipulator_msgs/local/lib/python3.10/dist-packages/open_manipulator_msgs/open_manipulator_msgs_s__rosidl_typesupport_introspection_c.cpython-310-x86_64-linux-gnu.so
[17.523s] -- Up-to-date symlink: /home/sechan/colcon_ws/install/open_manipulator_msgs/local/lib/python3.10/dist-packages/open_manipulator_msgs/open_manipulator_msgs_s__rosidl_typesupport_c.cpython-310-x86_64-linux-gnu.so
[17.524s] -- Symlinking: /home/sechan/colcon_ws/install/open_manipulator_msgs/share/open_manipulator_msgs/msg/JointPosition.idl
[17.532s] -- Symlinking: /home/sechan/colcon_ws/install/open_manipulator_msgs/share/open_manipulator_msgs/msg/KinematicsPose.idl
[17.543s] -- Symlinking: /home/sechan/colcon_ws/install/open_manipulator_msgs/share/open_manipulator_msgs/msg/OpenManipulatorState.idl
[17.553s] -- Symlinking: /home/sechan/colcon_ws/install/open_manipulator_msgs/share/open_manipulator_msgs/srv/GetJointPosition.idl
[17.564s] -- Symlinking: /home/sechan/colcon_ws/install/open_manipulator_msgs/share/open_manipulator_msgs/srv/GetKinematicsPose.idl
[17.574s] -- Symlinking: /home/sechan/colcon_ws/install/open_manipulator_msgs/share/open_manipulator_msgs/srv/SetJointPosition.idl
[17.585s] -- Symlinking: /home/sechan/colcon_ws/install/open_manipulator_msgs/share/open_manipulator_msgs/srv/SetKinematicsPose.idl
[17.595s] -- Symlinking: /home/sechan/colcon_ws/install/open_manipulator_msgs/share/open_manipulator_msgs/srv/SetDrawingTrajectory.idl
[17.605s] -- Symlinking: /home/sechan/colcon_ws/install/open_manipulator_msgs/share/open_manipulator_msgs/srv/SetActuatorState.idl
[17.614s] -- Symlinking: /home/sechan/colcon_ws/install/open_manipulator_msgs/share/open_manipulator_msgs/msg/JointPosition.msg
[17.624s] -- Symlinking: /home/sechan/colcon_ws/install/open_manipulator_msgs/share/open_manipulator_msgs/msg/KinematicsPose.msg
[17.633s] -- Symlinking: /home/sechan/colcon_ws/install/open_manipulator_msgs/share/open_manipulator_msgs/msg/OpenManipulatorState.msg
[17.643s] -- Symlinking: /home/sechan/colcon_ws/install/open_manipulator_msgs/share/open_manipulator_msgs/srv/GetJointPosition.srv
[17.652s] -- Symlinking: /home/sechan/colcon_ws/install/open_manipulator_msgs/share/open_manipulator_msgs/srv/GetJointPosition_Request.msg
[17.663s] -- Symlinking: /home/sechan/colcon_ws/install/open_manipulator_msgs/share/open_manipulator_msgs/srv/GetJointPosition_Response.msg
[17.674s] -- Symlinking: /home/sechan/colcon_ws/install/open_manipulator_msgs/share/open_manipulator_msgs/srv/GetKinematicsPose.srv
[17.684s] -- Symlinking: /home/sechan/colcon_ws/install/open_manipulator_msgs/share/open_manipulator_msgs/srv/GetKinematicsPose_Request.msg
[17.694s] -- Symlinking: /home/sechan/colcon_ws/install/open_manipulator_msgs/share/open_manipulator_msgs/srv/GetKinematicsPose_Response.msg
[17.703s] -- Symlinking: /home/sechan/colcon_ws/install/open_manipulator_msgs/share/open_manipulator_msgs/srv/SetJointPosition.srv
[17.713s] -- Symlinking: /home/sechan/colcon_ws/install/open_manipulator_msgs/share/open_manipulator_msgs/srv/SetJointPosition_Request.msg
[17.722s] -- Symlinking: /home/sechan/colcon_ws/install/open_manipulator_msgs/share/open_manipulator_msgs/srv/SetJointPosition_Response.msg
[17.732s] -- Symlinking: /home/sechan/colcon_ws/install/open_manipulator_msgs/share/open_manipulator_msgs/srv/SetKinematicsPose.srv
[17.742s] -- Symlinking: /home/sechan/colcon_ws/install/open_manipulator_msgs/share/open_manipulator_msgs/srv/SetKinematicsPose_Request.msg
[17.753s] -- Symlinking: /home/sechan/colcon_ws/install/open_manipulator_msgs/share/open_manipulator_msgs/srv/SetKinematicsPose_Response.msg
[17.763s] -- Symlinking: /home/sechan/colcon_ws/install/open_manipulator_msgs/share/open_manipulator_msgs/srv/SetDrawingTrajectory.srv
[17.772s] -- Symlinking: /home/sechan/colcon_ws/install/open_manipulator_msgs/share/open_manipulator_msgs/srv/SetDrawingTrajectory_Request.msg
[17.782s] -- Symlinking: /home/sechan/colcon_ws/install/open_manipulator_msgs/share/open_manipulator_msgs/srv/SetDrawingTrajectory_Response.msg
[17.792s] -- Symlinking: /home/sechan/colcon_ws/install/open_manipulator_msgs/share/open_manipulator_msgs/srv/SetActuatorState.srv
[17.802s] -- Symlinking: /home/sechan/colcon_ws/install/open_manipulator_msgs/share/open_manipulator_msgs/srv/SetActuatorState_Request.msg
[17.812s] -- Symlinking: /home/sechan/colcon_ws/install/open_manipulator_msgs/share/open_manipulator_msgs/srv/SetActuatorState_Response.msg
[17.822s] -- Symlinking: /home/sechan/colcon_ws/install/open_manipulator_msgs/share/ament_index/resource_index/package_run_dependencies/open_manipulator_msgs
[17.832s] -- Symlinking: /home/sechan/colcon_ws/install/open_manipulator_msgs/share/ament_index/resource_index/parent_prefix_path/open_manipulator_msgs
[17.843s] -- Symlinking: /home/sechan/colcon_ws/install/open_manipulator_msgs/share/open_manipulator_msgs/environment/ament_prefix_path.sh
[17.854s] -- Symlinking: /home/sechan/colcon_ws/install/open_manipulator_msgs/share/open_manipulator_msgs/environment/ament_prefix_path.dsv
[17.865s] -- Symlinking: /home/sechan/colcon_ws/install/open_manipulator_msgs/share/open_manipulator_msgs/environment/path.sh
[17.875s] -- Symlinking: /home/sechan/colcon_ws/install/open_manipulator_msgs/share/open_manipulator_msgs/environment/path.dsv
[17.884s] -- Symlinking: /home/sechan/colcon_ws/install/open_manipulator_msgs/share/open_manipulator_msgs/local_setup.bash
[17.894s] -- Symlinking: /home/sechan/colcon_ws/install/open_manipulator_msgs/share/open_manipulator_msgs/local_setup.sh
[17.903s] -- Symlinking: /home/sechan/colcon_ws/install/open_manipulator_msgs/share/open_manipulator_msgs/local_setup.zsh
[17.914s] -- Symlinking: /home/sechan/colcon_ws/install/open_manipulator_msgs/share/open_manipulator_msgs/local_setup.dsv
[17.923s] -- Symlinking: /home/sechan/colcon_ws/install/open_manipulator_msgs/share/open_manipulator_msgs/package.dsv
[17.932s] -- Symlinking: /home/sechan/colcon_ws/install/open_manipulator_msgs/share/ament_index/resource_index/packages/open_manipulator_msgs
[17.943s] -- Symlinking: /home/sechan/colcon_ws/install/open_manipulator_msgs/share/open_manipulator_msgs/cmake/rosidl_cmake-extras.cmake
[17.955s] -- Symlinking: /home/sechan/colcon_ws/install/open_manipulator_msgs/share/open_manipulator_msgs/cmake/ament_cmake_export_dependencies-extras.cmake
[17.965s] -- Symlinking: /home/sechan/colcon_ws/install/open_manipulator_msgs/share/open_manipulator_msgs/cmake/ament_cmake_export_include_directories-extras.cmake
[17.975s] -- Symlinking: /home/sechan/colcon_ws/install/open_manipulator_msgs/share/open_manipulator_msgs/cmake/ament_cmake_export_libraries-extras.cmake
[17.985s] -- Symlinking: /home/sechan/colcon_ws/install/open_manipulator_msgs/share/open_manipulator_msgs/cmake/ament_cmake_export_targets-extras.cmake
[17.999s] -- Symlinking: /home/sechan/colcon_ws/install/open_manipulator_msgs/share/open_manipulator_msgs/cmake/rosidl_cmake_export_typesupport_targets-extras.cmake
[18.009s] -- Symlinking: /home/sechan/colcon_ws/install/open_manipulator_msgs/share/open_manipulator_msgs/cmake/rosidl_cmake_export_typesupport_libraries-extras.cmake
[18.017s] -- Symlinking: /home/sechan/colcon_ws/install/open_manipulator_msgs/share/open_manipulator_msgs/cmake/open_manipulator_msgsConfig.cmake
[18.026s] -- Symlinking: /home/sechan/colcon_ws/install/open_manipulator_msgs/share/open_manipulator_msgs/cmake/open_manipulator_msgsConfig-version.cmake
[18.035s] -- Symlinking: /home/sechan/colcon_ws/install/open_manipulator_msgs/share/open_manipulator_msgs/package.xml
[18.044s] -- Installing: /home/sechan/colcon_ws/install/open_manipulator_msgs/lib/libopen_manipulator_msgs__rosidl_generator_c.so
[18.045s] -- Set runtime path of "/home/sechan/colcon_ws/install/open_manipulator_msgs/lib/libopen_manipulator_msgs__rosidl_generator_c.so" to ""
[18.045s] -- Installing: /home/sechan/colcon_ws/install/open_manipulator_msgs/lib/libopen_manipulator_msgs__rosidl_typesupport_fastrtps_c.so
[18.046s] -- Set runtime path of "/home/sechan/colcon_ws/install/open_manipulator_msgs/lib/libopen_manipulator_msgs__rosidl_typesupport_fastrtps_c.so" to ""
[18.046s] -- Installing: /home/sechan/colcon_ws/install/open_manipulator_msgs/lib/libopen_manipulator_msgs__rosidl_typesupport_fastrtps_cpp.so
[18.046s] -- Set runtime path of "/home/sechan/colcon_ws/install/open_manipulator_msgs/lib/libopen_manipulator_msgs__rosidl_typesupport_fastrtps_cpp.so" to ""
[18.046s] -- Installing: /home/sechan/colcon_ws/install/open_manipulator_msgs/lib/libopen_manipulator_msgs__rosidl_typesupport_introspection_c.so
[18.047s] -- Set runtime path of "/home/sechan/colcon_ws/install/open_manipulator_msgs/lib/libopen_manipulator_msgs__rosidl_typesupport_introspection_c.so" to ""
[18.047s] -- Installing: /home/sechan/colcon_ws/install/open_manipulator_msgs/lib/libopen_manipulator_msgs__rosidl_typesupport_c.so
[18.047s] -- Set runtime path of "/home/sechan/colcon_ws/install/open_manipulator_msgs/lib/libopen_manipulator_msgs__rosidl_typesupport_c.so" to ""
[18.047s] -- Installing: /home/sechan/colcon_ws/install/open_manipulator_msgs/lib/libopen_manipulator_msgs__rosidl_typesupport_introspection_cpp.so
[18.048s] -- Set runtime path of "/home/sechan/colcon_ws/install/open_manipulator_msgs/lib/libopen_manipulator_msgs__rosidl_typesupport_introspection_cpp.so" to ""
[18.048s] -- Installing: /home/sechan/colcon_ws/install/open_manipulator_msgs/lib/libopen_manipulator_msgs__rosidl_typesupport_cpp.so
[18.048s] -- Set runtime path of "/home/sechan/colcon_ws/install/open_manipulator_msgs/lib/libopen_manipulator_msgs__rosidl_typesupport_cpp.so" to ""
[18.094s] Listing '/home/sechan/colcon_ws/install/open_manipulator_msgs/local/lib/python3.10/dist-packages/open_manipulator_msgs'...
[18.094s] Compiling '/home/sechan/colcon_ws/install/open_manipulator_msgs/local/lib/python3.10/dist-packages/open_manipulator_msgs/__init__.py'...
[18.094s] Listing '/home/sechan/colcon_ws/install/open_manipulator_msgs/local/lib/python3.10/dist-packages/open_manipulator_msgs/msg'...
[18.094s] Compiling '/home/sechan/colcon_ws/install/open_manipulator_msgs/local/lib/python3.10/dist-packages/open_manipulator_msgs/msg/__init__.py'...
[18.094s] Compiling '/home/sechan/colcon_ws/install/open_manipulator_msgs/local/lib/python3.10/dist-packages/open_manipulator_msgs/msg/_joint_position.py'...
[18.094s] Compiling '/home/sechan/colcon_ws/install/open_manipulator_msgs/local/lib/python3.10/dist-packages/open_manipulator_msgs/msg/_kinematics_pose.py'...
[18.094s] Compiling '/home/sechan/colcon_ws/install/open_manipulator_msgs/local/lib/python3.10/dist-packages/open_manipulator_msgs/msg/_open_manipulator_state.py'...
[18.094s] Listing '/home/sechan/colcon_ws/install/open_manipulator_msgs/local/lib/python3.10/dist-packages/open_manipulator_msgs/srv'...
[18.094s] Compiling '/home/sechan/colcon_ws/install/open_manipulator_msgs/local/lib/python3.10/dist-packages/open_manipulator_msgs/srv/__init__.py'...
[18.094s] Compiling '/home/sechan/colcon_ws/install/open_manipulator_msgs/local/lib/python3.10/dist-packages/open_manipulator_msgs/srv/_get_joint_position.py'...
[18.095s] Compiling '/home/sechan/colcon_ws/install/open_manipulator_msgs/local/lib/python3.10/dist-packages/open_manipulator_msgs/srv/_get_kinematics_pose.py'...
[18.095s] Compiling '/home/sechan/colcon_ws/install/open_manipulator_msgs/local/lib/python3.10/dist-packages/open_manipulator_msgs/srv/_set_actuator_state.py'...
[18.095s] Compiling '/home/sechan/colcon_ws/install/open_manipulator_msgs/local/lib/python3.10/dist-packages/open_manipulator_msgs/srv/_set_drawing_trajectory.py'...
[18.095s] Compiling '/home/sechan/colcon_ws/install/open_manipulator_msgs/local/lib/python3.10/dist-packages/open_manipulator_msgs/srv/_set_joint_position.py'...
[18.095s] Compiling '/home/sechan/colcon_ws/install/open_manipulator_msgs/local/lib/python3.10/dist-packages/open_manipulator_msgs/srv/_set_kinematics_pose.py'...
[18.099s] -- Installing: /home/sechan/colcon_ws/install/open_manipulator_msgs/lib/libopen_manipulator_msgs__rosidl_generator_py.so
[18.099s] -- Set runtime path of "/home/sechan/colcon_ws/install/open_manipulator_msgs/lib/libopen_manipulator_msgs__rosidl_generator_py.so" to ""
[18.099s] -- Installing: /home/sechan/colcon_ws/install/open_manipulator_msgs/share/open_manipulator_msgs/cmake/export_open_manipulator_msgs__rosidl_generator_cExport.cmake
[18.100s] -- Installing: /home/sechan/colcon_ws/install/open_manipulator_msgs/share/open_manipulator_msgs/cmake/export_open_manipulator_msgs__rosidl_generator_cExport-noconfig.cmake
[18.100s] -- Installing: /home/sechan/colcon_ws/install/open_manipulator_msgs/share/open_manipulator_msgs/cmake/export_open_manipulator_msgs__rosidl_typesupport_fastrtps_cExport.cmake
[18.100s] -- Installing: /home/sechan/colcon_ws/install/open_manipulator_msgs/share/open_manipulator_msgs/cmake/export_open_manipulator_msgs__rosidl_typesupport_fastrtps_cExport-noconfig.cmake
[18.100s] -- Installing: /home/sechan/colcon_ws/install/open_manipulator_msgs/share/open_manipulator_msgs/cmake/export_open_manipulator_msgs__rosidl_generator_cppExport.cmake
[18.100s] -- Installing: /home/sechan/colcon_ws/install/open_manipulator_msgs/share/open_manipulator_msgs/cmake/export_open_manipulator_msgs__rosidl_typesupport_fastrtps_cppExport.cmake
[18.100s] -- Installing: /home/sechan/colcon_ws/install/open_manipulator_msgs/share/open_manipulator_msgs/cmake/export_open_manipulator_msgs__rosidl_typesupport_fastrtps_cppExport-noconfig.cmake
[18.101s] -- Installing: /home/sechan/colcon_ws/install/open_manipulator_msgs/share/open_manipulator_msgs/cmake/open_manipulator_msgs__rosidl_typesupport_introspection_cExport.cmake
[18.101s] -- Installing: /home/sechan/colcon_ws/install/open_manipulator_msgs/share/open_manipulator_msgs/cmake/open_manipulator_msgs__rosidl_typesupport_introspection_cExport-noconfig.cmake
[18.101s] -- Installing: /home/sechan/colcon_ws/install/open_manipulator_msgs/share/open_manipulator_msgs/cmake/open_manipulator_msgs__rosidl_typesupport_cExport.cmake
[18.101s] -- Installing: /home/sechan/colcon_ws/install/open_manipulator_msgs/share/open_manipulator_msgs/cmake/open_manipulator_msgs__rosidl_typesupport_cExport-noconfig.cmake
[18.101s] -- Installing: /home/sechan/colcon_ws/install/open_manipulator_msgs/share/open_manipulator_msgs/cmake/open_manipulator_msgs__rosidl_typesupport_introspection_cppExport.cmake
[18.101s] -- Installing: /home/sechan/colcon_ws/install/open_manipulator_msgs/share/open_manipulator_msgs/cmake/open_manipulator_msgs__rosidl_typesupport_introspection_cppExport-noconfig.cmake
[18.102s] -- Installing: /home/sechan/colcon_ws/install/open_manipulator_msgs/share/open_manipulator_msgs/cmake/open_manipulator_msgs__rosidl_typesupport_cppExport.cmake
[18.102s] -- Installing: /home/sechan/colcon_ws/install/open_manipulator_msgs/share/open_manipulator_msgs/cmake/open_manipulator_msgs__rosidl_typesupport_cppExport-noconfig.cmake
[18.102s] -- Installing: /home/sechan/colcon_ws/install/open_manipulator_msgs/share/open_manipulator_msgs/cmake/export_open_manipulator_msgs__rosidl_generator_pyExport.cmake
[18.102s] -- Installing: /home/sechan/colcon_ws/install/open_manipulator_msgs/share/open_manipulator_msgs/cmake/export_open_manipulator_msgs__rosidl_generator_pyExport-noconfig.cmake
[18.105s] Invoked command in '/home/sechan/colcon_ws/build/open_manipulator_msgs' returned '0': CMAKE_PREFIX_PATH=${CMAKE_PREFIX_PATH}:/home/sechan/colcon_ws/install/open_manipulator_x_teleop:/opt/ros/humble /usr/bin/cmake --install /home/sechan/colcon_ws/build/open_manipulator_msgs
