[0.710s] Invoking command in '/home/sechan/colcon_ws/build/open_manipulator_x_teleop': CMAKE_PREFIX_PATH=/home/sechan/colcon_ws/install/open_manipulator_msgs:/home/sechan/colcon_ws/install/open_manipulator:/home/sechan/colcon_ws/install/open_manipulator_x_controller:/home/sechan/colcon_ws/install/open_manipulator_x_libs:/home/sechan/colcon_ws/install/robotis_manipulator:/home/sechan/colcon_ws/install/open_manipulator_x_description:/home/sechan/colcon_ws/install/dynamixel_workbench:/home/sechan/colcon_ws/install/dynamixel_workbench_toolbox:/home/sechan/colcon_ws/install/dynamixel_sdk_examples:/home/sechan/colcon_ws/install/dynamixel_sdk_custom_interfaces:/home/sechan/colcon_ws/install/dynamixel_sdk:/home/sechan/colcon_ws/install/cmake_modules LD_LIBRARY_PATH=/home/sechan/colcon_ws/install/open_manipulator_msgs/lib:/usr/local/cuda-11.8/lib64:/home/sechan/colcon_ws/install/open_manipulator_x_libs/lib:/home/sechan/colcon_ws/install/robotis_manipulator/lib:/home/sechan/colcon_ws/install/dynamixel_workbench_toolbox/lib:/home/sechan/colcon_ws/install/dynamixel_sdk_custom_interfaces/lib:/home/sechan/colcon_ws/install/dynamixel_sdk/lib:/opt/ros/humble/opt/rviz_ogre_vendor/lib:/opt/ros/humble/lib/x86_64-linux-gnu:/opt/ros/humble/lib:/usr/local/cuda-11.8/lib64:/usr/local/cuda-11.8/lib64:/usr/local/cuda-11.8/lib64/:/usr/local/cuda-11.8/lib64/:/usr/local/cuda-11.8/lib64/ PYTHONPATH=/home/sechan/colcon_ws/build/open_manipulator_x_teleop/prefix_override:/home/sechan/colcon_ws/install/open_manipulator_x_teleop/lib/python3.10/site-packages:${PYTHONPATH} /usr/bin/python3 setup.py develop --editable --build-directory /home/sechan/colcon_ws/build/open_manipulator_x_teleop/build --no-deps install_data
[0.965s] running develop
[0.971s] /usr/lib/python3/dist-packages/setuptools/command/easy_install.py:158: EasyInstallDeprecationWarning: easy_install command is deprecated. Use build and pip and other standards-based tools.
[0.972s]   warnings.warn(
[0.974s] /usr/lib/python3/dist-packages/setuptools/command/install.py:34: SetuptoolsDeprecationWarning: setup.py install is deprecated. Use build and pip and other standards-based tools.
[0.974s]   warnings.warn(
[1.145s] running egg_info
[1.145s] writing open_manipulator_x_teleop.egg-info/PKG-INFO
[1.145s] writing dependency_links to open_manipulator_x_teleop.egg-info/dependency_links.txt
[1.145s] writing entry points to open_manipulator_x_teleop.egg-info/entry_points.txt
[1.146s] writing requirements to open_manipulator_x_teleop.egg-info/requires.txt
[1.146s] writing top-level names to open_manipulator_x_teleop.egg-info/top_level.txt
[1.147s] reading manifest file 'open_manipulator_x_teleop.egg-info/SOURCES.txt'
[1.152s] writing manifest file 'open_manipulator_x_teleop.egg-info/SOURCES.txt'
[1.155s] running build_ext
[1.156s] Creating /home/sechan/colcon_ws/install/open_manipulator_x_teleop/lib/python3.10/site-packages/open-manipulator-x-teleop.egg-link (link to .)
[1.157s] Installing teleop_keyboard script to /home/sechan/colcon_ws/install/open_manipulator_x_teleop/lib/open_manipulator_x_teleop
[1.158s] 
[1.158s] Installed /home/sechan/colcon_ws/build/open_manipulator_x_teleop
[1.158s] running install_data
[1.187s] Invoked command in '/home/sechan/colcon_ws/build/open_manipulator_x_teleop' returned '0': CMAKE_PREFIX_PATH=/home/sechan/colcon_ws/install/open_manipulator_msgs:/home/sechan/colcon_ws/install/open_manipulator:/home/sechan/colcon_ws/install/open_manipulator_x_controller:/home/sechan/colcon_ws/install/open_manipulator_x_libs:/home/sechan/colcon_ws/install/robotis_manipulator:/home/sechan/colcon_ws/install/open_manipulator_x_description:/home/sechan/colcon_ws/install/dynamixel_workbench:/home/sechan/colcon_ws/install/dynamixel_workbench_toolbox:/home/sechan/colcon_ws/install/dynamixel_sdk_examples:/home/sechan/colcon_ws/install/dynamixel_sdk_custom_interfaces:/home/sechan/colcon_ws/install/dynamixel_sdk:/home/sechan/colcon_ws/install/cmake_modules LD_LIBRARY_PATH=/home/sechan/colcon_ws/install/open_manipulator_msgs/lib:/usr/local/cuda-11.8/lib64:/home/sechan/colcon_ws/install/open_manipulator_x_libs/lib:/home/sechan/colcon_ws/install/robotis_manipulator/lib:/home/sechan/colcon_ws/install/dynamixel_workbench_toolbox/lib:/home/sechan/colcon_ws/install/dynamixel_sdk_custom_interfaces/lib:/home/sechan/colcon_ws/install/dynamixel_sdk/lib:/opt/ros/humble/opt/rviz_ogre_vendor/lib:/opt/ros/humble/lib/x86_64-linux-gnu:/opt/ros/humble/lib:/usr/local/cuda-11.8/lib64:/usr/local/cuda-11.8/lib64:/usr/local/cuda-11.8/lib64/:/usr/local/cuda-11.8/lib64/:/usr/local/cuda-11.8/lib64/ PYTHONPATH=/home/sechan/colcon_ws/build/open_manipulator_x_teleop/prefix_override:/home/sechan/colcon_ws/install/open_manipulator_x_teleop/lib/python3.10/site-packages:${PYTHONPATH} /usr/bin/python3 setup.py develop --editable --build-directory /home/sechan/colcon_ws/build/open_manipulator_x_teleop/build --no-deps install_data
