[0.448s] Invoking command in '/home/kimdu/hanse/build/dynamixel_sdk': CMAKE_PREFIX_PATH=${CMAKE_PREFIX_PATH}:/home/kimdu/hanse/install/open_manipulator_x_teleop:/home/kimdu/hanse/install/ai_manipulation:/home/kimdu/pinkbot/install/minibot_driving:/home/kimdu/pinkbot/install/mas_test:/opt/ros/humble /usr/bin/cmake /home/kimdu/hanse/src/DynamixelSDK/dynamixel_sdk -DCMAKE_INSTALL_PREFIX=/home/kimdu/hanse/install/dynamixel_sdk
[0.546s] -- The C compiler identification is GNU 11.4.0
[0.615s] -- The CXX compiler identification is GNU 11.4.0
[0.621s] -- Detecting C compiler ABI info
[0.740s] -- Detecting C compiler ABI info - done
[0.750s] -- Check for working C compiler: /usr/bin/cc - skipped
[0.751s] -- Detecting C compile features
[0.751s] -- Detecting C compile features - done
[0.756s] -- Detecting CXX compiler ABI info
[0.893s] -- Detecting CXX compiler ABI info - done
[0.901s] -- Check for working CXX compiler: /usr/bin/c++ - skipped
[0.902s] -- Detecting CXX compile features
[0.902s] -- Detecting CXX compile features - done
[0.905s] -- Found ament_cmake: 1.3.5 (/opt/ros/humble/share/ament_cmake/cmake)
[1.186s] -- Found Python3: /usr/bin/python3.10 (found version "3.10.12") found components: Interpreter 
[1.433s] -- Configuring done
[1.436s] -- Generating done
[1.438s] -- Build files have been written to: /home/kimdu/hanse/build/dynamixel_sdk
[1.451s] Invoked command in '/home/kimdu/hanse/build/dynamixel_sdk' returned '0': CMAKE_PREFIX_PATH=${CMAKE_PREFIX_PATH}:/home/kimdu/hanse/install/open_manipulator_x_teleop:/home/kimdu/hanse/install/ai_manipulation:/home/kimdu/pinkbot/install/minibot_driving:/home/kimdu/pinkbot/install/mas_test:/opt/ros/humble /usr/bin/cmake /home/kimdu/hanse/src/DynamixelSDK/dynamixel_sdk -DCMAKE_INSTALL_PREFIX=/home/kimdu/hanse/install/dynamixel_sdk
[1.452s] Invoking command in '/home/kimdu/hanse/build/dynamixel_sdk': CMAKE_PREFIX_PATH=${CMAKE_PREFIX_PATH}:/home/kimdu/hanse/install/open_manipulator_x_teleop:/home/kimdu/hanse/install/ai_manipulation:/home/kimdu/pinkbot/install/minibot_driving:/home/kimdu/pinkbot/install/mas_test:/opt/ros/humble /usr/bin/cmake --build /home/kimdu/hanse/build/dynamixel_sdk -- -j8 -l8
[1.513s] [ 10%] [32mBuilding CXX object CMakeFiles/dynamixel_sdk.dir/src/dynamixel_sdk/packet_handler.cpp.o[0m
[1.525s] [ 20%] [32mBuilding CXX object CMakeFiles/dynamixel_sdk.dir/src/dynamixel_sdk/protocol1_packet_handler.cpp.o[0m
[1.525s] [ 30%] [32mBuilding CXX object CMakeFiles/dynamixel_sdk.dir/src/dynamixel_sdk/group_sync_read.cpp.o[0m
[1.536s] [ 40%] [32mBuilding CXX object CMakeFiles/dynamixel_sdk.dir/src/dynamixel_sdk/group_sync_write.cpp.o[0m
[1.537s] [ 50%] [32mBuilding CXX object CMakeFiles/dynamixel_sdk.dir/src/dynamixel_sdk/protocol2_packet_handler.cpp.o[0m
[1.551s] [ 60%] [32mBuilding CXX object CMakeFiles/dynamixel_sdk.dir/src/dynamixel_sdk/port_handler.cpp.o[0m
[1.551s] [ 70%] [32mBuilding CXX object CMakeFiles/dynamixel_sdk.dir/src/dynamixel_sdk/group_bulk_write.cpp.o[0m
[1.559s] [ 80%] [32mBuilding CXX object CMakeFiles/dynamixel_sdk.dir/src/dynamixel_sdk/group_bulk_read.cpp.o[0m
[1.684s] [ 90%] [32mBuilding CXX object CMakeFiles/dynamixel_sdk.dir/src/dynamixel_sdk/port_handler_linux.cpp.o[0m
[2.275s] [100%] [32m[1mLinking CXX shared library libdynamixel_sdk.so[0m
[2.397s] [100%] Built target dynamixel_sdk
[2.500s] Invoked command in '/home/kimdu/hanse/build/dynamixel_sdk' returned '0': CMAKE_PREFIX_PATH=${CMAKE_PREFIX_PATH}:/home/kimdu/hanse/install/open_manipulator_x_teleop:/home/kimdu/hanse/install/ai_manipulation:/home/kimdu/pinkbot/install/minibot_driving:/home/kimdu/pinkbot/install/mas_test:/opt/ros/humble /usr/bin/cmake --build /home/kimdu/hanse/build/dynamixel_sdk -- -j8 -l8
[2.552s] Invoking command in '/home/kimdu/hanse/build/dynamixel_sdk': CMAKE_PREFIX_PATH=${CMAKE_PREFIX_PATH}:/home/kimdu/hanse/install/open_manipulator_x_teleop:/home/kimdu/hanse/install/ai_manipulation:/home/kimdu/pinkbot/install/minibot_driving:/home/kimdu/pinkbot/install/mas_test:/opt/ros/humble /usr/bin/cmake --install /home/kimdu/hanse/build/dynamixel_sdk
[2.562s] -- Install configuration: ""
[2.562s] -- Installing: /home/kimdu/hanse/install/dynamixel_sdk/include/
[2.563s] -- Installing: /home/kimdu/hanse/install/dynamixel_sdk/include//dynamixel_sdk
[2.563s] -- Installing: /home/kimdu/hanse/install/dynamixel_sdk/include//dynamixel_sdk/protocol2_packet_handler.h
[2.563s] -- Installing: /home/kimdu/hanse/install/dynamixel_sdk/include//dynamixel_sdk/port_handler_mac.h
[2.563s] -- Installing: /home/kimdu/hanse/install/dynamixel_sdk/include//dynamixel_sdk/port_handler.h
[2.563s] -- Installing: /home/kimdu/hanse/install/dynamixel_sdk/include//dynamixel_sdk/port_handler_windows.h
[2.564s] -- Installing: /home/kimdu/hanse/install/dynamixel_sdk/include//dynamixel_sdk/group_sync_write.h
[2.564s] -- Installing: /home/kimdu/hanse/install/dynamixel_sdk/include//dynamixel_sdk/group_bulk_write.h
[2.564s] -- Installing: /home/kimdu/hanse/install/dynamixel_sdk/include//dynamixel_sdk/group_sync_read.h
[2.564s] -- Installing: /home/kimdu/hanse/install/dynamixel_sdk/include//dynamixel_sdk/protocol1_packet_handler.h
[2.565s] -- Installing: /home/kimdu/hanse/install/dynamixel_sdk/include//dynamixel_sdk/group_bulk_read.h
[2.565s] -- Installing: /home/kimdu/hanse/install/dynamixel_sdk/include//dynamixel_sdk/packet_handler.h
[2.565s] -- Installing: /home/kimdu/hanse/install/dynamixel_sdk/include//dynamixel_sdk/port_handler_arduino.h
[2.565s] -- Installing: /home/kimdu/hanse/install/dynamixel_sdk/include//dynamixel_sdk/port_handler_linux.h
[2.565s] -- Installing: /home/kimdu/hanse/install/dynamixel_sdk/include//dynamixel_sdk/dynamixel_sdk.h
[2.566s] -- Installing: /home/kimdu/hanse/install/dynamixel_sdk/lib/libdynamixel_sdk.so
[2.566s] -- Installing: /home/kimdu/hanse/install/dynamixel_sdk/share/dynamixel_sdk/environment/library_path.sh
[2.567s] -- Installing: /home/kimdu/hanse/install/dynamixel_sdk/share/dynamixel_sdk/environment/library_path.dsv
[2.567s] -- Installing: /home/kimdu/hanse/install/dynamixel_sdk/share/ament_index/resource_index/package_run_dependencies/dynamixel_sdk
[2.569s] -- Installing: /home/kimdu/hanse/install/dynamixel_sdk/share/ament_index/resource_index/parent_prefix_path/dynamixel_sdk
[2.571s] -- Installing: /home/kimdu/hanse/install/dynamixel_sdk/share/dynamixel_sdk/environment/ament_prefix_path.sh
[2.571s] -- Installing: /home/kimdu/hanse/install/dynamixel_sdk/share/dynamixel_sdk/environment/ament_prefix_path.dsv
[2.571s] -- Installing: /home/kimdu/hanse/install/dynamixel_sdk/share/dynamixel_sdk/environment/path.sh
[2.571s] -- Installing: /home/kimdu/hanse/install/dynamixel_sdk/share/dynamixel_sdk/environment/path.dsv
[2.571s] -- Installing: /home/kimdu/hanse/install/dynamixel_sdk/share/dynamixel_sdk/local_setup.bash
[2.571s] -- Installing: /home/kimdu/hanse/install/dynamixel_sdk/share/dynamixel_sdk/local_setup.sh
[2.571s] -- Installing: /home/kimdu/hanse/install/dynamixel_sdk/share/dynamixel_sdk/local_setup.zsh
[2.572s] -- Installing: /home/kimdu/hanse/install/dynamixel_sdk/share/dynamixel_sdk/local_setup.dsv
[2.572s] -- Installing: /home/kimdu/hanse/install/dynamixel_sdk/share/dynamixel_sdk/package.dsv
[2.577s] -- Installing: /home/kimdu/hanse/install/dynamixel_sdk/share/ament_index/resource_index/packages/dynamixel_sdk
[2.578s] -- Installing: /home/kimdu/hanse/install/dynamixel_sdk/share/dynamixel_sdk/cmake/ament_cmake_export_include_directories-extras.cmake
[2.578s] -- Installing: /home/kimdu/hanse/install/dynamixel_sdk/share/dynamixel_sdk/cmake/ament_cmake_export_libraries-extras.cmake
[2.578s] -- Installing: /home/kimdu/hanse/install/dynamixel_sdk/share/dynamixel_sdk/cmake/dynamixel_sdkConfig.cmake
[2.579s] -- Installing: /home/kimdu/hanse/install/dynamixel_sdk/share/dynamixel_sdk/cmake/dynamixel_sdkConfig-version.cmake
[2.579s] -- Installing: /home/kimdu/hanse/install/dynamixel_sdk/share/dynamixel_sdk/package.xml
[2.584s] Invoked command in '/home/kimdu/hanse/build/dynamixel_sdk' returned '0': CMAKE_PREFIX_PATH=${CMAKE_PREFIX_PATH}:/home/kimdu/hanse/install/open_manipulator_x_teleop:/home/kimdu/hanse/install/ai_manipulation:/home/kimdu/pinkbot/install/minibot_driving:/home/kimdu/pinkbot/install/mas_test:/opt/ros/humble /usr/bin/cmake --install /home/kimdu/hanse/build/dynamixel_sdk
