[0.100s] Invoking command in '/home/kimdu/hanse/build/robotis_manipulator': CMAKE_PREFIX_PATH=/home/kimdu/hanse/install/cmake_modules:/home/kimdu/hanse/robot-repo-2/install/open_manipulator:/home/kimdu/hanse/robot-repo-2/install/open_manipulator_x_controller:/home/kimdu/hanse/robot-repo-2/install/open_manipulator_x_libs:/home/kimdu/hanse/robot-repo-2/install/robotis_manipulator:/home/kimdu/hanse/robot-repo-2/install/open_manipulator_x_description:/home/kimdu/hanse/robot-repo-2/install/open_manipulator_msgs:/home/kimdu/hanse/robot-repo-2/install/dynamixel_workbench:/home/kimdu/hanse/robot-repo-2/install/dynamixel_workbench_toolbox:/home/kimdu/hanse/robot-repo-2/install/dynamixel_sdk_examples:/home/kimdu/hanse/robot-repo-2/install/dynamixel_sdk_custom_interfaces:/home/kimdu/hanse/robot-repo-2/install/dynamixel_sdk:/home/kimdu/hanse/robot-repo-2/install/cmake_modules:/home/kimdu/hanse/install/open_manipulator:/home/kimdu/hanse/install/open_manipulator_x_controller:/home/kimdu/hanse/install/open_manipulator_x_libs:/home/kimdu/hanse/install/robotis_manipulator:/home/kimdu/hanse/install/open_manipulator_x_description:/home/kimdu/hanse/install/open_manipulator_msgs:/home/kimdu/hanse/install/dynamixel_workbench:/home/kimdu/hanse/install/dynamixel_workbench_toolbox:/home/kimdu/hanse/install/dynamixel_sdk_examples:/home/kimdu/hanse/install/dynamixel_sdk_custom_interfaces:/home/kimdu/hanse/install/dynamixel_sdk:/home/kimdu/pinkbot/install/minibot_navigation2:/home/kimdu/pinkbot/install/minibot_controllers:/home/kimdu/pinkbot/install/minibot_interfaces:/home/kimdu/pinkbot/install/minibot_hardware_interface:/home/kimdu/pinkbot/install/minibot_bringup:/home/kimdu/pinkbot/install/minibot_gazebo:/home/kimdu/pinkbot/install/minibot_description:/home/kimdu/hanse/robot-repo-2/install/open_manipulator_x_teleop:/home/kimdu/hanse/robot-repo-2/install/ai_manipulation:/home/kimdu/hanse/install/open_manipulator_x_teleop:/home/kimdu/hanse/install/ai_manipulation:/home/kimdu/pinkbot/install/minibot_driving:/home/kimdu/pinkbot/install/mas_test:/opt/ros/humble /usr/bin/cmake /home/kimdu/hanse/src/robotis_manipulator -DCMAKE_INSTALL_PREFIX=/home/kimdu/hanse/install/robotis_manipulator
[0.156s] -- The C compiler identification is GNU 11.4.0
[0.207s] -- The CXX compiler identification is GNU 11.4.0
[0.214s] -- Detecting C compiler ABI info
[0.274s] -- Detecting C compiler ABI info - done
[0.280s] -- Check for working C compiler: /usr/bin/cc - skipped
[0.280s] -- Detecting C compile features
[0.280s] -- Detecting C compile features - done
[0.282s] -- Detecting CXX compiler ABI info
[0.349s] -- Detecting CXX compiler ABI info - done
[0.354s] -- Check for working CXX compiler: /usr/bin/c++ - skipped
[0.354s] -- Detecting CXX compile features
[0.354s] -- Detecting CXX compile features - done
[0.362s] -- Found ament_cmake: 1.3.5 (/opt/ros/humble/share/ament_cmake/cmake)
[0.501s] -- Found Python3: /usr/bin/python3.10 (found version "3.10.12") found components: Interpreter 
[0.587s] -- Found cmake_modules: 0.4.1 (/home/kimdu/hanse/install/cmake_modules/share/cmake_modules/cmake)
[0.590s] -- Found rclcpp: 16.0.6 (/opt/ros/humble/share/rclcpp/cmake)
[0.633s] -- Found rosidl_generator_c: 3.1.5 (/opt/ros/humble/share/rosidl_generator_c/cmake)
[0.638s] -- Found rosidl_adapter: 3.1.5 (/opt/ros/humble/share/rosidl_adapter/cmake)
[0.646s] -- Found rosidl_generator_cpp: 3.1.5 (/opt/ros/humble/share/rosidl_generator_cpp/cmake)
[0.658s] -- Using all available rosidl_typesupport_c: rosidl_typesupport_fastrtps_c;rosidl_typesupport_introspection_c
[0.680s] -- Using all available rosidl_typesupport_cpp: rosidl_typesupport_fastrtps_cpp;rosidl_typesupport_introspection_cpp
[0.754s] -- Found rmw_implementation_cmake: 6.1.1 (/opt/ros/humble/share/rmw_implementation_cmake/cmake)
[0.759s] -- Found rmw_fastrtps_cpp: 6.2.4 (/opt/ros/humble/share/rmw_fastrtps_cpp/cmake)
[0.922s] -- Found OpenSSL: /usr/lib/x86_64-linux-gnu/libcrypto.so (found version "3.0.2")  
[0.955s] -- Found FastRTPS: /opt/ros/humble/include  
[1.023s] -- Using RMW implementation 'rmw_fastrtps_cpp' as default
[1.038s] -- Looking for pthread.h
[1.237s] -- Looking for pthread.h - found
[1.238s] -- Performing Test CMAKE_HAVE_LIBC_PTHREAD
[1.461s] -- Performing Test CMAKE_HAVE_LIBC_PTHREAD - Success
[1.462s] -- Found Threads: TRUE  
[1.916s] -- Configuring done
[1.932s] -- Generating done
[1.934s] -- Build files have been written to: /home/kimdu/hanse/build/robotis_manipulator
[1.989s] Invoked command in '/home/kimdu/hanse/build/robotis_manipulator' returned '0': CMAKE_PREFIX_PATH=/home/kimdu/hanse/install/cmake_modules:/home/kimdu/hanse/robot-repo-2/install/open_manipulator:/home/kimdu/hanse/robot-repo-2/install/open_manipulator_x_controller:/home/kimdu/hanse/robot-repo-2/install/open_manipulator_x_libs:/home/kimdu/hanse/robot-repo-2/install/robotis_manipulator:/home/kimdu/hanse/robot-repo-2/install/open_manipulator_x_description:/home/kimdu/hanse/robot-repo-2/install/open_manipulator_msgs:/home/kimdu/hanse/robot-repo-2/install/dynamixel_workbench:/home/kimdu/hanse/robot-repo-2/install/dynamixel_workbench_toolbox:/home/kimdu/hanse/robot-repo-2/install/dynamixel_sdk_examples:/home/kimdu/hanse/robot-repo-2/install/dynamixel_sdk_custom_interfaces:/home/kimdu/hanse/robot-repo-2/install/dynamixel_sdk:/home/kimdu/hanse/robot-repo-2/install/cmake_modules:/home/kimdu/hanse/install/open_manipulator:/home/kimdu/hanse/install/open_manipulator_x_controller:/home/kimdu/hanse/install/open_manipulator_x_libs:/home/kimdu/hanse/install/robotis_manipulator:/home/kimdu/hanse/install/open_manipulator_x_description:/home/kimdu/hanse/install/open_manipulator_msgs:/home/kimdu/hanse/install/dynamixel_workbench:/home/kimdu/hanse/install/dynamixel_workbench_toolbox:/home/kimdu/hanse/install/dynamixel_sdk_examples:/home/kimdu/hanse/install/dynamixel_sdk_custom_interfaces:/home/kimdu/hanse/install/dynamixel_sdk:/home/kimdu/pinkbot/install/minibot_navigation2:/home/kimdu/pinkbot/install/minibot_controllers:/home/kimdu/pinkbot/install/minibot_interfaces:/home/kimdu/pinkbot/install/minibot_hardware_interface:/home/kimdu/pinkbot/install/minibot_bringup:/home/kimdu/pinkbot/install/minibot_gazebo:/home/kimdu/pinkbot/install/minibot_description:/home/kimdu/hanse/robot-repo-2/install/open_manipulator_x_teleop:/home/kimdu/hanse/robot-repo-2/install/ai_manipulation:/home/kimdu/hanse/install/open_manipulator_x_teleop:/home/kimdu/hanse/install/ai_manipulation:/home/kimdu/pinkbot/install/minibot_driving:/home/kimdu/pinkbot/install/mas_test:/opt/ros/humble /usr/bin/cmake /home/kimdu/hanse/src/robotis_manipulator -DCMAKE_INSTALL_PREFIX=/home/kimdu/hanse/install/robotis_manipulator
[1.990s] Invoking command in '/home/kimdu/hanse/build/robotis_manipulator': CMAKE_PREFIX_PATH=/home/kimdu/hanse/install/cmake_modules:/home/kimdu/hanse/robot-repo-2/install/open_manipulator:/home/kimdu/hanse/robot-repo-2/install/open_manipulator_x_controller:/home/kimdu/hanse/robot-repo-2/install/open_manipulator_x_libs:/home/kimdu/hanse/robot-repo-2/install/robotis_manipulator:/home/kimdu/hanse/robot-repo-2/install/open_manipulator_x_description:/home/kimdu/hanse/robot-repo-2/install/open_manipulator_msgs:/home/kimdu/hanse/robot-repo-2/install/dynamixel_workbench:/home/kimdu/hanse/robot-repo-2/install/dynamixel_workbench_toolbox:/home/kimdu/hanse/robot-repo-2/install/dynamixel_sdk_examples:/home/kimdu/hanse/robot-repo-2/install/dynamixel_sdk_custom_interfaces:/home/kimdu/hanse/robot-repo-2/install/dynamixel_sdk:/home/kimdu/hanse/robot-repo-2/install/cmake_modules:/home/kimdu/hanse/install/open_manipulator:/home/kimdu/hanse/install/open_manipulator_x_controller:/home/kimdu/hanse/install/open_manipulator_x_libs:/home/kimdu/hanse/install/robotis_manipulator:/home/kimdu/hanse/install/open_manipulator_x_description:/home/kimdu/hanse/install/open_manipulator_msgs:/home/kimdu/hanse/install/dynamixel_workbench:/home/kimdu/hanse/install/dynamixel_workbench_toolbox:/home/kimdu/hanse/install/dynamixel_sdk_examples:/home/kimdu/hanse/install/dynamixel_sdk_custom_interfaces:/home/kimdu/hanse/install/dynamixel_sdk:/home/kimdu/pinkbot/install/minibot_navigation2:/home/kimdu/pinkbot/install/minibot_controllers:/home/kimdu/pinkbot/install/minibot_interfaces:/home/kimdu/pinkbot/install/minibot_hardware_interface:/home/kimdu/pinkbot/install/minibot_bringup:/home/kimdu/pinkbot/install/minibot_gazebo:/home/kimdu/pinkbot/install/minibot_description:/home/kimdu/hanse/robot-repo-2/install/open_manipulator_x_teleop:/home/kimdu/hanse/robot-repo-2/install/ai_manipulation:/home/kimdu/hanse/install/open_manipulator_x_teleop:/home/kimdu/hanse/install/ai_manipulation:/home/kimdu/pinkbot/install/minibot_driving:/home/kimdu/pinkbot/install/mas_test:/opt/ros/humble /usr/bin/cmake --build /home/kimdu/hanse/build/robotis_manipulator -- -j8 -l8
[2.091s] [ 14%] [32mBuilding CXX object CMakeFiles/robotis_manipulator.dir/src/robotis_manipulator/robotis_manipulator.cpp.o[0m
[2.127s] [ 28%] [32mBuilding CXX object CMakeFiles/robotis_manipulator.dir/src/robotis_manipulator/robotis_manipulator_common.cpp.o[0m
[2.132s] [ 42%] [32mBuilding CXX object CMakeFiles/robotis_manipulator.dir/src/robotis_manipulator/robotis_manipulator_log.cpp.o[0m
[2.142s] [ 57%] [32mBuilding CXX object CMakeFiles/robotis_manipulator.dir/src/robotis_manipulator/robotis_manipulator_math.cpp.o[0m
[2.164s] [ 71%] [32mBuilding CXX object CMakeFiles/robotis_manipulator.dir/src/robotis_manipulator/robotis_manipulator_trajectory_generator.cpp.o[0m
[2.181s] [ 85%] [32mBuilding CXX object CMakeFiles/robotis_manipulator.dir/src/robotis_manipulator/robotis_manipulator_manager.cpp.o[0m
[13.235s] [100%] [32m[1mLinking CXX shared library librobotis_manipulator.so[0m
[13.518s] [100%] Built target robotis_manipulator
[13.780s] Invoked command in '/home/kimdu/hanse/build/robotis_manipulator' returned '0': CMAKE_PREFIX_PATH=/home/kimdu/hanse/install/cmake_modules:/home/kimdu/hanse/robot-repo-2/install/open_manipulator:/home/kimdu/hanse/robot-repo-2/install/open_manipulator_x_controller:/home/kimdu/hanse/robot-repo-2/install/open_manipulator_x_libs:/home/kimdu/hanse/robot-repo-2/install/robotis_manipulator:/home/kimdu/hanse/robot-repo-2/install/open_manipulator_x_description:/home/kimdu/hanse/robot-repo-2/install/open_manipulator_msgs:/home/kimdu/hanse/robot-repo-2/install/dynamixel_workbench:/home/kimdu/hanse/robot-repo-2/install/dynamixel_workbench_toolbox:/home/kimdu/hanse/robot-repo-2/install/dynamixel_sdk_examples:/home/kimdu/hanse/robot-repo-2/install/dynamixel_sdk_custom_interfaces:/home/kimdu/hanse/robot-repo-2/install/dynamixel_sdk:/home/kimdu/hanse/robot-repo-2/install/cmake_modules:/home/kimdu/hanse/install/open_manipulator:/home/kimdu/hanse/install/open_manipulator_x_controller:/home/kimdu/hanse/install/open_manipulator_x_libs:/home/kimdu/hanse/install/robotis_manipulator:/home/kimdu/hanse/install/open_manipulator_x_description:/home/kimdu/hanse/install/open_manipulator_msgs:/home/kimdu/hanse/install/dynamixel_workbench:/home/kimdu/hanse/install/dynamixel_workbench_toolbox:/home/kimdu/hanse/install/dynamixel_sdk_examples:/home/kimdu/hanse/install/dynamixel_sdk_custom_interfaces:/home/kimdu/hanse/install/dynamixel_sdk:/home/kimdu/pinkbot/install/minibot_navigation2:/home/kimdu/pinkbot/install/minibot_controllers:/home/kimdu/pinkbot/install/minibot_interfaces:/home/kimdu/pinkbot/install/minibot_hardware_interface:/home/kimdu/pinkbot/install/minibot_bringup:/home/kimdu/pinkbot/install/minibot_gazebo:/home/kimdu/pinkbot/install/minibot_description:/home/kimdu/hanse/robot-repo-2/install/open_manipulator_x_teleop:/home/kimdu/hanse/robot-repo-2/install/ai_manipulation:/home/kimdu/hanse/install/open_manipulator_x_teleop:/home/kimdu/hanse/install/ai_manipulation:/home/kimdu/pinkbot/install/minibot_driving:/home/kimdu/pinkbot/install/mas_test:/opt/ros/humble /usr/bin/cmake --build /home/kimdu/hanse/build/robotis_manipulator -- -j8 -l8
[13.822s] Invoking command in '/home/kimdu/hanse/build/robotis_manipulator': CMAKE_PREFIX_PATH=/home/kimdu/hanse/install/cmake_modules:/home/kimdu/hanse/robot-repo-2/install/open_manipulator:/home/kimdu/hanse/robot-repo-2/install/open_manipulator_x_controller:/home/kimdu/hanse/robot-repo-2/install/open_manipulator_x_libs:/home/kimdu/hanse/robot-repo-2/install/robotis_manipulator:/home/kimdu/hanse/robot-repo-2/install/open_manipulator_x_description:/home/kimdu/hanse/robot-repo-2/install/open_manipulator_msgs:/home/kimdu/hanse/robot-repo-2/install/dynamixel_workbench:/home/kimdu/hanse/robot-repo-2/install/dynamixel_workbench_toolbox:/home/kimdu/hanse/robot-repo-2/install/dynamixel_sdk_examples:/home/kimdu/hanse/robot-repo-2/install/dynamixel_sdk_custom_interfaces:/home/kimdu/hanse/robot-repo-2/install/dynamixel_sdk:/home/kimdu/hanse/robot-repo-2/install/cmake_modules:/home/kimdu/hanse/install/open_manipulator:/home/kimdu/hanse/install/open_manipulator_x_controller:/home/kimdu/hanse/install/open_manipulator_x_libs:/home/kimdu/hanse/install/robotis_manipulator:/home/kimdu/hanse/install/open_manipulator_x_description:/home/kimdu/hanse/install/open_manipulator_msgs:/home/kimdu/hanse/install/dynamixel_workbench:/home/kimdu/hanse/install/dynamixel_workbench_toolbox:/home/kimdu/hanse/install/dynamixel_sdk_examples:/home/kimdu/hanse/install/dynamixel_sdk_custom_interfaces:/home/kimdu/hanse/install/dynamixel_sdk:/home/kimdu/pinkbot/install/minibot_navigation2:/home/kimdu/pinkbot/install/minibot_controllers:/home/kimdu/pinkbot/install/minibot_interfaces:/home/kimdu/pinkbot/install/minibot_hardware_interface:/home/kimdu/pinkbot/install/minibot_bringup:/home/kimdu/pinkbot/install/minibot_gazebo:/home/kimdu/pinkbot/install/minibot_description:/home/kimdu/hanse/robot-repo-2/install/open_manipulator_x_teleop:/home/kimdu/hanse/robot-repo-2/install/ai_manipulation:/home/kimdu/hanse/install/open_manipulator_x_teleop:/home/kimdu/hanse/install/ai_manipulation:/home/kimdu/pinkbot/install/minibot_driving:/home/kimdu/pinkbot/install/mas_test:/opt/ros/humble /usr/bin/cmake --install /home/kimdu/hanse/build/robotis_manipulator
[13.831s] -- Install configuration: ""
[13.831s] -- Installing: /home/kimdu/hanse/install/robotis_manipulator/lib/librobotis_manipulator.so
[13.835s] -- Set runtime path of "/home/kimdu/hanse/install/robotis_manipulator/lib/librobotis_manipulator.so" to ""
[13.835s] -- Installing: /home/kimdu/hanse/install/robotis_manipulator/include/
[13.835s] -- Installing: /home/kimdu/hanse/install/robotis_manipulator/include//robotis_manipulator
[13.835s] -- Installing: /home/kimdu/hanse/install/robotis_manipulator/include//robotis_manipulator/robotis_manipulator_math.h
[13.835s] -- Installing: /home/kimdu/hanse/install/robotis_manipulator/include//robotis_manipulator/robotis_manipulator.h
[13.836s] -- Installing: /home/kimdu/hanse/install/robotis_manipulator/include//robotis_manipulator/robotis_manipulator_log.h
[13.836s] -- Installing: /home/kimdu/hanse/install/robotis_manipulator/include//robotis_manipulator/robotis_manipulator_manager.h
[13.836s] -- Installing: /home/kimdu/hanse/install/robotis_manipulator/include//robotis_manipulator/robotis_manipulator_common.h
[13.836s] -- Installing: /home/kimdu/hanse/install/robotis_manipulator/include//robotis_manipulator/robotis_manipulator_trajectory_generator.h
[13.836s] -- Installing: /home/kimdu/hanse/install/robotis_manipulator/share/robotis_manipulator/environment/library_path.sh
[13.836s] -- Installing: /home/kimdu/hanse/install/robotis_manipulator/share/robotis_manipulator/environment/library_path.dsv
[13.836s] -- Installing: /home/kimdu/hanse/install/robotis_manipulator/share/ament_index/resource_index/package_run_dependencies/robotis_manipulator
[13.836s] -- Installing: /home/kimdu/hanse/install/robotis_manipulator/share/ament_index/resource_index/parent_prefix_path/robotis_manipulator
[13.836s] -- Installing: /home/kimdu/hanse/install/robotis_manipulator/share/robotis_manipulator/environment/ament_prefix_path.sh
[13.836s] -- Installing: /home/kimdu/hanse/install/robotis_manipulator/share/robotis_manipulator/environment/ament_prefix_path.dsv
[13.836s] -- Installing: /home/kimdu/hanse/install/robotis_manipulator/share/robotis_manipulator/environment/path.sh
[13.836s] -- Installing: /home/kimdu/hanse/install/robotis_manipulator/share/robotis_manipulator/environment/path.dsv
[13.836s] -- Installing: /home/kimdu/hanse/install/robotis_manipulator/share/robotis_manipulator/local_setup.bash
[13.837s] -- Installing: /home/kimdu/hanse/install/robotis_manipulator/share/robotis_manipulator/local_setup.sh
[13.837s] -- Installing: /home/kimdu/hanse/install/robotis_manipulator/share/robotis_manipulator/local_setup.zsh
[13.837s] -- Installing: /home/kimdu/hanse/install/robotis_manipulator/share/robotis_manipulator/local_setup.dsv
[13.837s] -- Installing: /home/kimdu/hanse/install/robotis_manipulator/share/robotis_manipulator/package.dsv
[13.837s] -- Installing: /home/kimdu/hanse/install/robotis_manipulator/share/ament_index/resource_index/packages/robotis_manipulator
[13.837s] -- Installing: /home/kimdu/hanse/install/robotis_manipulator/share/robotis_manipulator/cmake/ament_cmake_export_include_directories-extras.cmake
[13.837s] -- Installing: /home/kimdu/hanse/install/robotis_manipulator/share/robotis_manipulator/cmake/ament_cmake_export_dependencies-extras.cmake
[13.837s] -- Installing: /home/kimdu/hanse/install/robotis_manipulator/share/robotis_manipulator/cmake/ament_cmake_export_libraries-extras.cmake
[13.837s] -- Installing: /home/kimdu/hanse/install/robotis_manipulator/share/robotis_manipulator/cmake/robotis_manipulatorConfig.cmake
[13.837s] -- Installing: /home/kimdu/hanse/install/robotis_manipulator/share/robotis_manipulator/cmake/robotis_manipulatorConfig-version.cmake
[13.837s] -- Installing: /home/kimdu/hanse/install/robotis_manipulator/share/robotis_manipulator/package.xml
[13.840s] Invoked command in '/home/kimdu/hanse/build/robotis_manipulator' returned '0': CMAKE_PREFIX_PATH=/home/kimdu/hanse/install/cmake_modules:/home/kimdu/hanse/robot-repo-2/install/open_manipulator:/home/kimdu/hanse/robot-repo-2/install/open_manipulator_x_controller:/home/kimdu/hanse/robot-repo-2/install/open_manipulator_x_libs:/home/kimdu/hanse/robot-repo-2/install/robotis_manipulator:/home/kimdu/hanse/robot-repo-2/install/open_manipulator_x_description:/home/kimdu/hanse/robot-repo-2/install/open_manipulator_msgs:/home/kimdu/hanse/robot-repo-2/install/dynamixel_workbench:/home/kimdu/hanse/robot-repo-2/install/dynamixel_workbench_toolbox:/home/kimdu/hanse/robot-repo-2/install/dynamixel_sdk_examples:/home/kimdu/hanse/robot-repo-2/install/dynamixel_sdk_custom_interfaces:/home/kimdu/hanse/robot-repo-2/install/dynamixel_sdk:/home/kimdu/hanse/robot-repo-2/install/cmake_modules:/home/kimdu/hanse/install/open_manipulator:/home/kimdu/hanse/install/open_manipulator_x_controller:/home/kimdu/hanse/install/open_manipulator_x_libs:/home/kimdu/hanse/install/robotis_manipulator:/home/kimdu/hanse/install/open_manipulator_x_description:/home/kimdu/hanse/install/open_manipulator_msgs:/home/kimdu/hanse/install/dynamixel_workbench:/home/kimdu/hanse/install/dynamixel_workbench_toolbox:/home/kimdu/hanse/install/dynamixel_sdk_examples:/home/kimdu/hanse/install/dynamixel_sdk_custom_interfaces:/home/kimdu/hanse/install/dynamixel_sdk:/home/kimdu/pinkbot/install/minibot_navigation2:/home/kimdu/pinkbot/install/minibot_controllers:/home/kimdu/pinkbot/install/minibot_interfaces:/home/kimdu/pinkbot/install/minibot_hardware_interface:/home/kimdu/pinkbot/install/minibot_bringup:/home/kimdu/pinkbot/install/minibot_gazebo:/home/kimdu/pinkbot/install/minibot_description:/home/kimdu/hanse/robot-repo-2/install/open_manipulator_x_teleop:/home/kimdu/hanse/robot-repo-2/install/ai_manipulation:/home/kimdu/hanse/install/open_manipulator_x_teleop:/home/kimdu/hanse/install/ai_manipulation:/home/kimdu/pinkbot/install/minibot_driving:/home/kimdu/pinkbot/install/mas_test:/opt/ros/humble /usr/bin/cmake --install /home/kimdu/hanse/build/robotis_manipulator
