[0.054s] Invoking command in '/home/hanse/git_ws/final_project/build/open_manipulator_x_description': CMAKE_PREFIX_PATH=${CMAKE_PREFIX_PATH}:/home/hanse/Final_project/manipulator_deep/IoT-repo-3/install/open_manipulator_x_teleop:/home/hanse/Final_project/manipulator_deep/IoT-repo-3/install/ai_manipulation:/opt/ros/humble /home/hanse/.local/bin/cmake /home/hanse/git_ws/final_project/src/open_manipulator/open_manipulator_x_description -DCMAKE_INSTALL_PREFIX=/home/hanse/git_ws/final_project/install/open_manipulator_x_description
[0.122s] -- The C compiler identification is GNU 11.4.0
[0.176s] -- The CXX compiler identification is GNU 11.4.0
[0.185s] -- Detecting C compiler ABI info
[0.228s] -- Detecting C compiler ABI info - done
[0.237s] -- Check for working C compiler: /usr/bin/cc - skipped
[0.237s] -- Detecting C compile features
[0.237s] -- Detecting C compile features - done
[0.241s] -- Detecting CXX compiler ABI info
[0.301s] -- Detecting CXX compiler ABI info - done
[0.308s] -- Check for working CXX compiler: /usr/bin/c++ - skipped
[0.308s] -- Detecting CXX compile features
[0.308s] -- Detecting CXX compile features - done
[0.310s] -- Found ament_cmake: 1.3.5 (/opt/ros/humble/share/ament_cmake/cmake)
[0.595s] -- Found Python3: /usr/bin/python3.10 (found version "3.10.12") found components: Interpreter 
[0.717s] -- Configuring done
[0.720s] -- Generating done
[0.721s] -- Build files have been written to: /home/hanse/git_ws/final_project/build/open_manipulator_x_description
[0.729s] Invoked command in '/home/hanse/git_ws/final_project/build/open_manipulator_x_description' returned '0': CMAKE_PREFIX_PATH=${CMAKE_PREFIX_PATH}:/home/hanse/Final_project/manipulator_deep/IoT-repo-3/install/open_manipulator_x_teleop:/home/hanse/Final_project/manipulator_deep/IoT-repo-3/install/ai_manipulation:/opt/ros/humble /home/hanse/.local/bin/cmake /home/hanse/git_ws/final_project/src/open_manipulator/open_manipulator_x_description -DCMAKE_INSTALL_PREFIX=/home/hanse/git_ws/final_project/install/open_manipulator_x_description
[0.730s] Invoking command in '/home/hanse/git_ws/final_project/build/open_manipulator_x_description': CMAKE_PREFIX_PATH=${CMAKE_PREFIX_PATH}:/home/hanse/Final_project/manipulator_deep/IoT-repo-3/install/open_manipulator_x_teleop:/home/hanse/Final_project/manipulator_deep/IoT-repo-3/install/ai_manipulation:/opt/ros/humble /home/hanse/.local/bin/cmake --build /home/hanse/git_ws/final_project/build/open_manipulator_x_description -- -j8 -l8
[0.761s] Invoked command in '/home/hanse/git_ws/final_project/build/open_manipulator_x_description' returned '0': CMAKE_PREFIX_PATH=${CMAKE_PREFIX_PATH}:/home/hanse/Final_project/manipulator_deep/IoT-repo-3/install/open_manipulator_x_teleop:/home/hanse/Final_project/manipulator_deep/IoT-repo-3/install/ai_manipulation:/opt/ros/humble /home/hanse/.local/bin/cmake --build /home/hanse/git_ws/final_project/build/open_manipulator_x_description -- -j8 -l8
[0.825s] Invoking command in '/home/hanse/git_ws/final_project/build/open_manipulator_x_description': CMAKE_PREFIX_PATH=${CMAKE_PREFIX_PATH}:/home/hanse/Final_project/manipulator_deep/IoT-repo-3/install/open_manipulator_x_teleop:/home/hanse/Final_project/manipulator_deep/IoT-repo-3/install/ai_manipulation:/opt/ros/humble /home/hanse/.local/bin/cmake --install /home/hanse/git_ws/final_project/build/open_manipulator_x_description
[0.853s] -- Install configuration: ""
[0.853s] -- Installing: /home/hanse/git_ws/final_project/install/open_manipulator_x_description/share/open_manipulator_x_description/launch
[0.853s] -- Installing: /home/hanse/git_ws/final_project/install/open_manipulator_x_description/share/open_manipulator_x_description/launch/.DS_Store
[0.854s] -- Installing: /home/hanse/git_ws/final_project/install/open_manipulator_x_description/share/open_manipulator_x_description/launch/open_manipulator_x_rviz.launch.py
[0.854s] -- Installing: /home/hanse/git_ws/final_project/install/open_manipulator_x_description/share/open_manipulator_x_description/meshes
[0.870s] -- Installing: /home/hanse/git_ws/final_project/install/open_manipulator_x_description/share/open_manipulator_x_description/meshes/chain_link_grip_r.stl
[0.871s] -- Installing: /home/hanse/git_ws/final_project/install/open_manipulator_x_description/share/open_manipulator_x_description/meshes/chain_link4.stl
[0.871s] -- Installing: /home/hanse/git_ws/final_project/install/open_manipulator_x_description/share/open_manipulator_x_description/meshes/chain_link_grip_l.stl
[0.871s] -- Installing: /home/hanse/git_ws/final_project/install/open_manipulator_x_description/share/open_manipulator_x_description/meshes/chain_link5.stl
[0.872s] -- Installing: /home/hanse/git_ws/final_project/install/open_manipulator_x_description/share/open_manipulator_x_description/meshes/chain_link2.stl
[0.872s] -- Installing: /home/hanse/git_ws/final_project/install/open_manipulator_x_description/share/open_manipulator_x_description/meshes/chain_link1.stl
[0.873s] -- Installing: /home/hanse/git_ws/final_project/install/open_manipulator_x_description/share/open_manipulator_x_description/meshes/chain_link3.stl
[0.874s] -- Installing: /home/hanse/git_ws/final_project/install/open_manipulator_x_description/share/open_manipulator_x_description/rviz
[0.874s] -- Installing: /home/hanse/git_ws/final_project/install/open_manipulator_x_description/share/open_manipulator_x_description/rviz/open_manipulator_x.rviz
[0.874s] -- Installing: /home/hanse/git_ws/final_project/install/open_manipulator_x_description/share/open_manipulator_x_description/urdf
[0.874s] -- Installing: /home/hanse/git_ws/final_project/install/open_manipulator_x_description/share/open_manipulator_x_description/urdf/open_manipulator_x.transmission.xacro
[0.874s] -- Installing: /home/hanse/git_ws/final_project/install/open_manipulator_x_description/share/open_manipulator_x_description/urdf/open_manipulator_x.gazebo.xacro
[0.875s] -- Installing: /home/hanse/git_ws/final_project/install/open_manipulator_x_description/share/open_manipulator_x_description/urdf/open_manipulator_x_robot.urdf.xacro
[0.875s] -- Installing: /home/hanse/git_ws/final_project/install/open_manipulator_x_description/share/open_manipulator_x_description/urdf/materials.xacro
[0.875s] -- Installing: /home/hanse/git_ws/final_project/install/open_manipulator_x_description/share/open_manipulator_x_description/urdf/open_manipulator_x.urdf.xacro
[0.875s] -- Installing: /home/hanse/git_ws/final_project/install/open_manipulator_x_description/share/ament_index/resource_index/package_run_dependencies/open_manipulator_x_description
[0.875s] -- Installing: /home/hanse/git_ws/final_project/install/open_manipulator_x_description/share/ament_index/resource_index/parent_prefix_path/open_manipulator_x_description
[0.875s] -- Installing: /home/hanse/git_ws/final_project/install/open_manipulator_x_description/share/open_manipulator_x_description/environment/ament_prefix_path.sh
[0.875s] -- Installing: /home/hanse/git_ws/final_project/install/open_manipulator_x_description/share/open_manipulator_x_description/environment/ament_prefix_path.dsv
[0.876s] -- Installing: /home/hanse/git_ws/final_project/install/open_manipulator_x_description/share/open_manipulator_x_description/environment/path.sh
[0.876s] -- Installing: /home/hanse/git_ws/final_project/install/open_manipulator_x_description/share/open_manipulator_x_description/environment/path.dsv
[0.876s] -- Installing: /home/hanse/git_ws/final_project/install/open_manipulator_x_description/share/open_manipulator_x_description/local_setup.bash
[0.876s] -- Installing: /home/hanse/git_ws/final_project/install/open_manipulator_x_description/share/open_manipulator_x_description/local_setup.sh
[0.876s] -- Installing: /home/hanse/git_ws/final_project/install/open_manipulator_x_description/share/open_manipulator_x_description/local_setup.zsh
[0.876s] -- Installing: /home/hanse/git_ws/final_project/install/open_manipulator_x_description/share/open_manipulator_x_description/local_setup.dsv
[0.876s] -- Installing: /home/hanse/git_ws/final_project/install/open_manipulator_x_description/share/open_manipulator_x_description/package.dsv
[0.876s] -- Installing: /home/hanse/git_ws/final_project/install/open_manipulator_x_description/share/ament_index/resource_index/packages/open_manipulator_x_description
[0.877s] -- Installing: /home/hanse/git_ws/final_project/install/open_manipulator_x_description/share/open_manipulator_x_description/cmake/open_manipulator_x_descriptionConfig.cmake
[0.877s] -- Installing: /home/hanse/git_ws/final_project/install/open_manipulator_x_description/share/open_manipulator_x_description/cmake/open_manipulator_x_descriptionConfig-version.cmake
[0.877s] -- Installing: /home/hanse/git_ws/final_project/install/open_manipulator_x_description/share/open_manipulator_x_description/package.xml
[1.027s] Invoked command in '/home/hanse/git_ws/final_project/build/open_manipulator_x_description' returned '0': CMAKE_PREFIX_PATH=${CMAKE_PREFIX_PATH}:/home/hanse/Final_project/manipulator_deep/IoT-repo-3/install/open_manipulator_x_teleop:/home/hanse/Final_project/manipulator_deep/IoT-repo-3/install/ai_manipulation:/opt/ros/humble /home/hanse/.local/bin/cmake --install /home/hanse/git_ws/final_project/build/open_manipulator_x_description
