[0.127s] Invoking command in '/home/kimdu/hanse/build/dynamixel_sdk_examples': CMAKE_PREFIX_PATH=/home/kimdu/hanse/install/dynamixel_sdk_custom_interfaces:/home/kimdu/hanse/install/dynamixel_sdk:/home/kimdu/hanse/install/open_manipulator:/home/kimdu/hanse/install/open_manipulator_x_controller:/home/kimdu/hanse/install/open_manipulator_x_libs:/home/kimdu/hanse/install/robotis_manipulator:/home/kimdu/hanse/install/open_manipulator_x_description:/home/kimdu/hanse/install/open_manipulator_msgs:/home/kimdu/hanse/install/dynamixel_workbench:/home/kimdu/hanse/install/dynamixel_workbench_toolbox:/home/kimdu/hanse/install/dynamixel_sdk_examples:/home/kimdu/hanse/install/cmake_modules:/home/kimdu/pinkbot/install/minibot_navigation2:/home/kimdu/pinkbot/install/minibot_controllers:/home/kimdu/pinkbot/install/minibot_interfaces:/home/kimdu/pinkbot/install/minibot_hardware_interface:/home/kimdu/pinkbot/install/minibot_bringup:/home/kimdu/pinkbot/install/minibot_gazebo:/home/kimdu/pinkbot/install/minibot_description:/home/kimdu/hanse/install/open_manipulator_x_teleop:/home/kimdu/hanse/install/ai_manipulation:/home/kimdu/pinkbot/install/minibot_driving:/home/kimdu/pinkbot/install/mas_test:/opt/ros/humble LD_LIBRARY_PATH=/home/kimdu/hanse/install/dynamixel_sdk_custom_interfaces/lib:/home/kimdu/hanse/install/dynamixel_sdk/lib:/home/kimdu/hanse/install/open_manipulator_x_libs/lib:/home/kimdu/hanse/install/robotis_manipulator/lib:/home/kimdu/hanse/install/open_manipulator_msgs/lib:/home/kimdu/hanse/install/dynamixel_workbench_toolbox/lib:/home/kimdu/pinkbot/install/minibot_controllers/lib:/home/kimdu/pinkbot/install/minibot_interfaces/lib:/home/kimdu/pinkbot/install/minibot_hardware_interface/lib:/usr/lib/x86_64-linux-gnu/gazebo-11/plugins:/opt/ros/humble/opt/rviz_ogre_vendor/lib:/opt/ros/humble/lib/x86_64-linux-gnu:/opt/ros/humble/lib /usr/bin/cmake /home/kimdu/hanse/src/DynamixelSDK/dynamixel_sdk_examples -DCMAKE_INSTALL_PREFIX=/home/kimdu/hanse/install/dynamixel_sdk_examples
[0.197s] -- The C compiler identification is GNU 11.4.0
[0.258s] -- The CXX compiler identification is GNU 11.4.0
[0.264s] -- Detecting C compiler ABI info
[0.344s] -- Detecting C compiler ABI info - done
[0.353s] -- Check for working C compiler: /usr/bin/cc - skipped
[0.353s] -- Detecting C compile features
[0.353s] -- Detecting C compile features - done
[0.357s] -- Detecting CXX compiler ABI info
[0.485s] -- Detecting CXX compiler ABI info - done
[0.490s] -- Check for working CXX compiler: /usr/bin/c++ - skipped
[0.490s] -- Detecting CXX compile features
[0.491s] -- Detecting CXX compile features - done
[0.493s] -- Found ament_cmake: 1.3.5 (/opt/ros/humble/share/ament_cmake/cmake)
[0.665s] -- Found Python3: /usr/bin/python3.10 (found version "3.10.12") found components: Interpreter 
[0.776s] -- Found dynamixel_sdk: 3.7.60 (/home/kimdu/hanse/install/dynamixel_sdk/share/dynamixel_sdk/cmake)
[0.777s] -- Found dynamixel_sdk_custom_interfaces: 3.7.60 (/home/kimdu/hanse/install/dynamixel_sdk_custom_interfaces/share/dynamixel_sdk_custom_interfaces/cmake)
[0.827s] -- Found rosidl_generator_c: 3.1.5 (/opt/ros/humble/share/rosidl_generator_c/cmake)
[0.835s] -- Found rosidl_adapter: 3.1.5 (/opt/ros/humble/share/rosidl_adapter/cmake)
[0.847s] -- Found rosidl_generator_cpp: 3.1.5 (/opt/ros/humble/share/rosidl_generator_cpp/cmake)
[0.866s] -- Using all available rosidl_typesupport_c: rosidl_typesupport_fastrtps_c;rosidl_typesupport_introspection_c
[0.893s] -- Using all available rosidl_typesupport_cpp: rosidl_typesupport_fastrtps_cpp;rosidl_typesupport_introspection_cpp
[0.964s] -- Found rclcpp: 16.0.6 (/opt/ros/humble/share/rclcpp/cmake)
[1.024s] -- Found rmw_implementation_cmake: 6.1.1 (/opt/ros/humble/share/rmw_implementation_cmake/cmake)
[1.027s] -- Found rmw_fastrtps_cpp: 6.2.4 (/opt/ros/humble/share/rmw_fastrtps_cpp/cmake)
[1.136s] -- Found OpenSSL: /usr/lib/x86_64-linux-gnu/libcrypto.so (found version "3.0.2")  
[1.197s] -- Found FastRTPS: /opt/ros/humble/include  
[1.277s] -- Using RMW implementation 'rmw_fastrtps_cpp' as default
[1.293s] -- Looking for pthread.h
[1.390s] -- Looking for pthread.h - found
[1.390s] -- Performing Test CMAKE_HAVE_LIBC_PTHREAD
[1.491s] -- Performing Test CMAKE_HAVE_LIBC_PTHREAD - Success
[1.493s] -- Found Threads: TRUE  
[1.731s] -- Found ament_lint_auto: 0.12.8 (/opt/ros/humble/share/ament_lint_auto/cmake)
[1.838s] -- Added test 'copyright' to check source files copyright and LICENSE
[1.839s] -- Added test 'cppcheck' to perform static code analysis on C / C++ code
[1.839s] -- Configured cppcheck include dirs: /home/kimdu/hanse/src/DynamixelSDK/dynamixel_sdk_examples/include
[1.839s] -- Configured cppcheck exclude dirs and/or files: 
[1.840s] -- Added test 'cpplint' to check C / C++ code against the Google style
[1.840s] -- Configured cpplint exclude dirs and/or files: 
[1.840s] -- Added test 'lint_cmake' to check CMake code style
[1.841s] -- Added test 'uncrustify' to check C / C++ code style
[1.841s] -- Configured uncrustify additional arguments: 
[1.842s] -- Added test 'xmllint' to check XML markup files
[1.843s] -- Configuring done
[1.849s] -- Generating done
[1.850s] -- Build files have been written to: /home/kimdu/hanse/build/dynamixel_sdk_examples
[1.860s] Invoked command in '/home/kimdu/hanse/build/dynamixel_sdk_examples' returned '0': CMAKE_PREFIX_PATH=/home/kimdu/hanse/install/dynamixel_sdk_custom_interfaces:/home/kimdu/hanse/install/dynamixel_sdk:/home/kimdu/hanse/install/open_manipulator:/home/kimdu/hanse/install/open_manipulator_x_controller:/home/kimdu/hanse/install/open_manipulator_x_libs:/home/kimdu/hanse/install/robotis_manipulator:/home/kimdu/hanse/install/open_manipulator_x_description:/home/kimdu/hanse/install/open_manipulator_msgs:/home/kimdu/hanse/install/dynamixel_workbench:/home/kimdu/hanse/install/dynamixel_workbench_toolbox:/home/kimdu/hanse/install/dynamixel_sdk_examples:/home/kimdu/hanse/install/cmake_modules:/home/kimdu/pinkbot/install/minibot_navigation2:/home/kimdu/pinkbot/install/minibot_controllers:/home/kimdu/pinkbot/install/minibot_interfaces:/home/kimdu/pinkbot/install/minibot_hardware_interface:/home/kimdu/pinkbot/install/minibot_bringup:/home/kimdu/pinkbot/install/minibot_gazebo:/home/kimdu/pinkbot/install/minibot_description:/home/kimdu/hanse/install/open_manipulator_x_teleop:/home/kimdu/hanse/install/ai_manipulation:/home/kimdu/pinkbot/install/minibot_driving:/home/kimdu/pinkbot/install/mas_test:/opt/ros/humble LD_LIBRARY_PATH=/home/kimdu/hanse/install/dynamixel_sdk_custom_interfaces/lib:/home/kimdu/hanse/install/dynamixel_sdk/lib:/home/kimdu/hanse/install/open_manipulator_x_libs/lib:/home/kimdu/hanse/install/robotis_manipulator/lib:/home/kimdu/hanse/install/open_manipulator_msgs/lib:/home/kimdu/hanse/install/dynamixel_workbench_toolbox/lib:/home/kimdu/pinkbot/install/minibot_controllers/lib:/home/kimdu/pinkbot/install/minibot_interfaces/lib:/home/kimdu/pinkbot/install/minibot_hardware_interface/lib:/usr/lib/x86_64-linux-gnu/gazebo-11/plugins:/opt/ros/humble/opt/rviz_ogre_vendor/lib:/opt/ros/humble/lib/x86_64-linux-gnu:/opt/ros/humble/lib /usr/bin/cmake /home/kimdu/hanse/src/DynamixelSDK/dynamixel_sdk_examples -DCMAKE_INSTALL_PREFIX=/home/kimdu/hanse/install/dynamixel_sdk_examples
[1.861s] Invoking command in '/home/kimdu/hanse/build/dynamixel_sdk_examples': CMAKE_PREFIX_PATH=/home/kimdu/hanse/install/dynamixel_sdk_custom_interfaces:/home/kimdu/hanse/install/dynamixel_sdk:/home/kimdu/hanse/install/open_manipulator:/home/kimdu/hanse/install/open_manipulator_x_controller:/home/kimdu/hanse/install/open_manipulator_x_libs:/home/kimdu/hanse/install/robotis_manipulator:/home/kimdu/hanse/install/open_manipulator_x_description:/home/kimdu/hanse/install/open_manipulator_msgs:/home/kimdu/hanse/install/dynamixel_workbench:/home/kimdu/hanse/install/dynamixel_workbench_toolbox:/home/kimdu/hanse/install/dynamixel_sdk_examples:/home/kimdu/hanse/install/cmake_modules:/home/kimdu/pinkbot/install/minibot_navigation2:/home/kimdu/pinkbot/install/minibot_controllers:/home/kimdu/pinkbot/install/minibot_interfaces:/home/kimdu/pinkbot/install/minibot_hardware_interface:/home/kimdu/pinkbot/install/minibot_bringup:/home/kimdu/pinkbot/install/minibot_gazebo:/home/kimdu/pinkbot/install/minibot_description:/home/kimdu/hanse/install/open_manipulator_x_teleop:/home/kimdu/hanse/install/ai_manipulation:/home/kimdu/pinkbot/install/minibot_driving:/home/kimdu/pinkbot/install/mas_test:/opt/ros/humble LD_LIBRARY_PATH=/home/kimdu/hanse/install/dynamixel_sdk_custom_interfaces/lib:/home/kimdu/hanse/install/dynamixel_sdk/lib:/home/kimdu/hanse/install/open_manipulator_x_libs/lib:/home/kimdu/hanse/install/robotis_manipulator/lib:/home/kimdu/hanse/install/open_manipulator_msgs/lib:/home/kimdu/hanse/install/dynamixel_workbench_toolbox/lib:/home/kimdu/pinkbot/install/minibot_controllers/lib:/home/kimdu/pinkbot/install/minibot_interfaces/lib:/home/kimdu/pinkbot/install/minibot_hardware_interface/lib:/usr/lib/x86_64-linux-gnu/gazebo-11/plugins:/opt/ros/humble/opt/rviz_ogre_vendor/lib:/opt/ros/humble/lib/x86_64-linux-gnu:/opt/ros/humble/lib /usr/bin/cmake --build /home/kimdu/hanse/build/dynamixel_sdk_examples -- -j8 -l8
[1.926s] [ 50%] [32mBuilding CXX object CMakeFiles/read_write_node.dir/src/read_write_node.cpp.o[0m
[10.584s] [100%] [32m[1mLinking CXX executable read_write_node[0m
[11.065s] [100%] Built target read_write_node
[11.079s] Invoked command in '/home/kimdu/hanse/build/dynamixel_sdk_examples' returned '0': CMAKE_PREFIX_PATH=/home/kimdu/hanse/install/dynamixel_sdk_custom_interfaces:/home/kimdu/hanse/install/dynamixel_sdk:/home/kimdu/hanse/install/open_manipulator:/home/kimdu/hanse/install/open_manipulator_x_controller:/home/kimdu/hanse/install/open_manipulator_x_libs:/home/kimdu/hanse/install/robotis_manipulator:/home/kimdu/hanse/install/open_manipulator_x_description:/home/kimdu/hanse/install/open_manipulator_msgs:/home/kimdu/hanse/install/dynamixel_workbench:/home/kimdu/hanse/install/dynamixel_workbench_toolbox:/home/kimdu/hanse/install/dynamixel_sdk_examples:/home/kimdu/hanse/install/cmake_modules:/home/kimdu/pinkbot/install/minibot_navigation2:/home/kimdu/pinkbot/install/minibot_controllers:/home/kimdu/pinkbot/install/minibot_interfaces:/home/kimdu/pinkbot/install/minibot_hardware_interface:/home/kimdu/pinkbot/install/minibot_bringup:/home/kimdu/pinkbot/install/minibot_gazebo:/home/kimdu/pinkbot/install/minibot_description:/home/kimdu/hanse/install/open_manipulator_x_teleop:/home/kimdu/hanse/install/ai_manipulation:/home/kimdu/pinkbot/install/minibot_driving:/home/kimdu/pinkbot/install/mas_test:/opt/ros/humble LD_LIBRARY_PATH=/home/kimdu/hanse/install/dynamixel_sdk_custom_interfaces/lib:/home/kimdu/hanse/install/dynamixel_sdk/lib:/home/kimdu/hanse/install/open_manipulator_x_libs/lib:/home/kimdu/hanse/install/robotis_manipulator/lib:/home/kimdu/hanse/install/open_manipulator_msgs/lib:/home/kimdu/hanse/install/dynamixel_workbench_toolbox/lib:/home/kimdu/pinkbot/install/minibot_controllers/lib:/home/kimdu/pinkbot/install/minibot_interfaces/lib:/home/kimdu/pinkbot/install/minibot_hardware_interface/lib:/usr/lib/x86_64-linux-gnu/gazebo-11/plugins:/opt/ros/humble/opt/rviz_ogre_vendor/lib:/opt/ros/humble/lib/x86_64-linux-gnu:/opt/ros/humble/lib /usr/bin/cmake --build /home/kimdu/hanse/build/dynamixel_sdk_examples -- -j8 -l8
[11.112s] Invoking command in '/home/kimdu/hanse/build/dynamixel_sdk_examples': CMAKE_PREFIX_PATH=/home/kimdu/hanse/install/dynamixel_sdk_custom_interfaces:/home/kimdu/hanse/install/dynamixel_sdk:/home/kimdu/hanse/install/open_manipulator:/home/kimdu/hanse/install/open_manipulator_x_controller:/home/kimdu/hanse/install/open_manipulator_x_libs:/home/kimdu/hanse/install/robotis_manipulator:/home/kimdu/hanse/install/open_manipulator_x_description:/home/kimdu/hanse/install/open_manipulator_msgs:/home/kimdu/hanse/install/dynamixel_workbench:/home/kimdu/hanse/install/dynamixel_workbench_toolbox:/home/kimdu/hanse/install/dynamixel_sdk_examples:/home/kimdu/hanse/install/cmake_modules:/home/kimdu/pinkbot/install/minibot_navigation2:/home/kimdu/pinkbot/install/minibot_controllers:/home/kimdu/pinkbot/install/minibot_interfaces:/home/kimdu/pinkbot/install/minibot_hardware_interface:/home/kimdu/pinkbot/install/minibot_bringup:/home/kimdu/pinkbot/install/minibot_gazebo:/home/kimdu/pinkbot/install/minibot_description:/home/kimdu/hanse/install/open_manipulator_x_teleop:/home/kimdu/hanse/install/ai_manipulation:/home/kimdu/pinkbot/install/minibot_driving:/home/kimdu/pinkbot/install/mas_test:/opt/ros/humble LD_LIBRARY_PATH=/home/kimdu/hanse/install/dynamixel_sdk_custom_interfaces/lib:/home/kimdu/hanse/install/dynamixel_sdk/lib:/home/kimdu/hanse/install/open_manipulator_x_libs/lib:/home/kimdu/hanse/install/robotis_manipulator/lib:/home/kimdu/hanse/install/open_manipulator_msgs/lib:/home/kimdu/hanse/install/dynamixel_workbench_toolbox/lib:/home/kimdu/pinkbot/install/minibot_controllers/lib:/home/kimdu/pinkbot/install/minibot_interfaces/lib:/home/kimdu/pinkbot/install/minibot_hardware_interface/lib:/usr/lib/x86_64-linux-gnu/gazebo-11/plugins:/opt/ros/humble/opt/rviz_ogre_vendor/lib:/opt/ros/humble/lib/x86_64-linux-gnu:/opt/ros/humble/lib /usr/bin/cmake --install /home/kimdu/hanse/build/dynamixel_sdk_examples
[11.119s] -- Install configuration: ""
[11.119s] -- Installing: /home/kimdu/hanse/install/dynamixel_sdk_examples/lib/dynamixel_sdk_examples/read_write_node
[11.123s] -- Set runtime path of "/home/kimdu/hanse/install/dynamixel_sdk_examples/lib/dynamixel_sdk_examples/read_write_node" to ""
[11.123s] -- Installing: /home/kimdu/hanse/install/dynamixel_sdk_examples/share/ament_index/resource_index/package_run_dependencies/dynamixel_sdk_examples
[11.123s] -- Installing: /home/kimdu/hanse/install/dynamixel_sdk_examples/share/ament_index/resource_index/parent_prefix_path/dynamixel_sdk_examples
[11.123s] -- Installing: /home/kimdu/hanse/install/dynamixel_sdk_examples/share/dynamixel_sdk_examples/environment/ament_prefix_path.sh
[11.123s] -- Installing: /home/kimdu/hanse/install/dynamixel_sdk_examples/share/dynamixel_sdk_examples/environment/ament_prefix_path.dsv
[11.123s] -- Installing: /home/kimdu/hanse/install/dynamixel_sdk_examples/share/dynamixel_sdk_examples/environment/path.sh
[11.123s] -- Installing: /home/kimdu/hanse/install/dynamixel_sdk_examples/share/dynamixel_sdk_examples/environment/path.dsv
[11.123s] -- Installing: /home/kimdu/hanse/install/dynamixel_sdk_examples/share/dynamixel_sdk_examples/local_setup.bash
[11.124s] -- Installing: /home/kimdu/hanse/install/dynamixel_sdk_examples/share/dynamixel_sdk_examples/local_setup.sh
[11.124s] -- Installing: /home/kimdu/hanse/install/dynamixel_sdk_examples/share/dynamixel_sdk_examples/local_setup.zsh
[11.124s] -- Installing: /home/kimdu/hanse/install/dynamixel_sdk_examples/share/dynamixel_sdk_examples/local_setup.dsv
[11.124s] -- Installing: /home/kimdu/hanse/install/dynamixel_sdk_examples/share/dynamixel_sdk_examples/package.dsv
[11.124s] -- Installing: /home/kimdu/hanse/install/dynamixel_sdk_examples/share/ament_index/resource_index/packages/dynamixel_sdk_examples
[11.127s] -- Installing: /home/kimdu/hanse/install/dynamixel_sdk_examples/share/dynamixel_sdk_examples/cmake/dynamixel_sdk_examplesConfig.cmake
[11.127s] -- Installing: /home/kimdu/hanse/install/dynamixel_sdk_examples/share/dynamixel_sdk_examples/cmake/dynamixel_sdk_examplesConfig-version.cmake
[11.127s] -- Installing: /home/kimdu/hanse/install/dynamixel_sdk_examples/share/dynamixel_sdk_examples/package.xml
[11.128s] Invoked command in '/home/kimdu/hanse/build/dynamixel_sdk_examples' returned '0': CMAKE_PREFIX_PATH=/home/kimdu/hanse/install/dynamixel_sdk_custom_interfaces:/home/kimdu/hanse/install/dynamixel_sdk:/home/kimdu/hanse/install/open_manipulator:/home/kimdu/hanse/install/open_manipulator_x_controller:/home/kimdu/hanse/install/open_manipulator_x_libs:/home/kimdu/hanse/install/robotis_manipulator:/home/kimdu/hanse/install/open_manipulator_x_description:/home/kimdu/hanse/install/open_manipulator_msgs:/home/kimdu/hanse/install/dynamixel_workbench:/home/kimdu/hanse/install/dynamixel_workbench_toolbox:/home/kimdu/hanse/install/dynamixel_sdk_examples:/home/kimdu/hanse/install/cmake_modules:/home/kimdu/pinkbot/install/minibot_navigation2:/home/kimdu/pinkbot/install/minibot_controllers:/home/kimdu/pinkbot/install/minibot_interfaces:/home/kimdu/pinkbot/install/minibot_hardware_interface:/home/kimdu/pinkbot/install/minibot_bringup:/home/kimdu/pinkbot/install/minibot_gazebo:/home/kimdu/pinkbot/install/minibot_description:/home/kimdu/hanse/install/open_manipulator_x_teleop:/home/kimdu/hanse/install/ai_manipulation:/home/kimdu/pinkbot/install/minibot_driving:/home/kimdu/pinkbot/install/mas_test:/opt/ros/humble LD_LIBRARY_PATH=/home/kimdu/hanse/install/dynamixel_sdk_custom_interfaces/lib:/home/kimdu/hanse/install/dynamixel_sdk/lib:/home/kimdu/hanse/install/open_manipulator_x_libs/lib:/home/kimdu/hanse/install/robotis_manipulator/lib:/home/kimdu/hanse/install/open_manipulator_msgs/lib:/home/kimdu/hanse/install/dynamixel_workbench_toolbox/lib:/home/kimdu/pinkbot/install/minibot_controllers/lib:/home/kimdu/pinkbot/install/minibot_interfaces/lib:/home/kimdu/pinkbot/install/minibot_hardware_interface/lib:/usr/lib/x86_64-linux-gnu/gazebo-11/plugins:/opt/ros/humble/opt/rviz_ogre_vendor/lib:/opt/ros/humble/lib/x86_64-linux-gnu:/opt/ros/humble/lib /usr/bin/cmake --install /home/kimdu/hanse/build/dynamixel_sdk_examples
