running egg_info
creating ../../build/ai_manipulation/ai_manipulation.egg-info
writing ../../build/ai_manipulation/ai_manipulation.egg-info/PKG-INFO
writing dependency_links to ../../build/ai_manipulation/ai_manipulation.egg-info/dependency_links.txt
writing entry points to ../../build/ai_manipulation/ai_manipulation.egg-info/entry_points.txt
writing requirements to ../../build/ai_manipulation/ai_manipulation.egg-info/requires.txt
writing top-level names to ../../build/ai_manipulation/ai_manipulation.egg-info/top_level.txt
writing manifest file '../../build/ai_manipulation/ai_manipulation.egg-info/SOURCES.txt'
reading manifest file '../../build/ai_manipulation/ai_manipulation.egg-info/SOURCES.txt'
writing manifest file '../../build/ai_manipulation/ai_manipulation.egg-info/SOURCES.txt'
running build
running build_py
creating /home/kimdu/hanse/build/ai_manipulation/build
creating /home/kimdu/hanse/build/ai_manipulation/build/lib
creating /home/kimdu/hanse/build/ai_manipulation/build/lib/ai_manipulation
copying ai_manipulation/__init__.py -> /home/kimdu/hanse/build/ai_manipulation/build/lib/ai_manipulation
creating /home/kimdu/hanse/build/ai_manipulation/build/lib/ai_manipulation/script
copying ai_manipulation/script/six_dxl_model.py -> /home/kimdu/hanse/build/ai_manipulation/build/lib/ai_manipulation/script
copying ai_manipulation/script/make_my_model.py -> /home/kimdu/hanse/build/ai_manipulation/build/lib/ai_manipulation/script
copying ai_manipulation/script/linear.py -> /home/kimdu/hanse/build/ai_manipulation/build/lib/ai_manipulation/script
copying ai_manipulation/script/run_my_model.py -> /home/kimdu/hanse/build/ai_manipulation/build/lib/ai_manipulation/script
copying ai_manipulation/script/shoe_drop_point_gen.py -> /home/kimdu/hanse/build/ai_manipulation/build/lib/ai_manipulation/script
copying ai_manipulation/script/test_seokwon.py -> /home/kimdu/hanse/build/ai_manipulation/build/lib/ai_manipulation/script
copying ai_manipulation/script/__init__.py -> /home/kimdu/hanse/build/ai_manipulation/build/lib/ai_manipulation/script
copying ai_manipulation/script/six_dxl_run.py -> /home/kimdu/hanse/build/ai_manipulation/build/lib/ai_manipulation/script
copying ai_manipulation/script/testing.py -> /home/kimdu/hanse/build/ai_manipulation/build/lib/ai_manipulation/script
copying ai_manipulation/script/media.py -> /home/kimdu/hanse/build/ai_manipulation/build/lib/ai_manipulation/script
copying ai_manipulation/script/z_value.py -> /home/kimdu/hanse/build/ai_manipulation/build/lib/ai_manipulation/script
creating /home/kimdu/hanse/build/ai_manipulation/build/lib/ai_manipulation/utils
copying ai_manipulation/utils/best_1(기존 신발).pt -> /home/kimdu/hanse/build/ai_manipulation/build/lib/ai_manipulation/utils
copying ai_manipulation/utils/best_shoe.pt -> /home/kimdu/hanse/build/ai_manipulation/build/lib/ai_manipulation/utils
copying ai_manipulation/utils/best_3(신발 모형 200개).pt -> /home/kimdu/hanse/build/ai_manipulation/build/lib/ai_manipulation/utils
copying ai_manipulation/utils/best_2(신발 모형(망한거)).pt -> /home/kimdu/hanse/build/ai_manipulation/build/lib/ai_manipulation/utils
copying ai_manipulation/utils/best.pt -> /home/kimdu/hanse/build/ai_manipulation/build/lib/ai_manipulation/utils
copying ai_manipulation/utils/calibration_matrix.npy -> /home/kimdu/hanse/build/ai_manipulation/build/lib/ai_manipulation/utils
copying ai_manipulation/utils/export.py -> /home/kimdu/hanse/build/ai_manipulation/build/lib/ai_manipulation/utils
copying ai_manipulation/utils/distortion_coefficients.npy -> /home/kimdu/hanse/build/ai_manipulation/build/lib/ai_manipulation/utils
copying ai_manipulation/utils/best_last.pt -> /home/kimdu/hanse/build/ai_manipulation/build/lib/ai_manipulation/utils
creating /home/kimdu/hanse/build/ai_manipulation/build/lib/ai_manipulation/utils/models
copying ai_manipulation/utils/models/common.py -> /home/kimdu/hanse/build/ai_manipulation/build/lib/ai_manipulation/utils/models
copying ai_manipulation/utils/models/yolov3-spp.yaml -> /home/kimdu/hanse/build/ai_manipulation/build/lib/ai_manipulation/utils/models
copying ai_manipulation/utils/models/tf.py -> /home/kimdu/hanse/build/ai_manipulation/build/lib/ai_manipulation/utils/models
copying ai_manipulation/utils/models/yolo.py -> /home/kimdu/hanse/build/ai_manipulation/build/lib/ai_manipulation/utils/models
copying ai_manipulation/utils/models/yolov3.yaml -> /home/kimdu/hanse/build/ai_manipulation/build/lib/ai_manipulation/utils/models
copying ai_manipulation/utils/models/experimental.py -> /home/kimdu/hanse/build/ai_manipulation/build/lib/ai_manipulation/utils/models
copying ai_manipulation/utils/models/yolov3-tiny.yaml -> /home/kimdu/hanse/build/ai_manipulation/build/lib/ai_manipulation/utils/models
copying ai_manipulation/utils/models/yolov5m.yaml -> /home/kimdu/hanse/build/ai_manipulation/build/lib/ai_manipulation/utils/models
copying ai_manipulation/utils/models/yolov5x.yaml -> /home/kimdu/hanse/build/ai_manipulation/build/lib/ai_manipulation/utils/models
copying ai_manipulation/utils/models/__init__.py -> /home/kimdu/hanse/build/ai_manipulation/build/lib/ai_manipulation/utils/models
copying ai_manipulation/utils/models/yolov5s.yaml -> /home/kimdu/hanse/build/ai_manipulation/build/lib/ai_manipulation/utils/models
copying ai_manipulation/utils/models/yolov5l.yaml -> /home/kimdu/hanse/build/ai_manipulation/build/lib/ai_manipulation/utils/models
copying ai_manipulation/utils/models/yolov5n.yaml -> /home/kimdu/hanse/build/ai_manipulation/build/lib/ai_manipulation/utils/models
creating /home/kimdu/hanse/build/ai_manipulation/build/lib/ai_manipulation/utils/utils
copying ai_manipulation/utils/utils/metrics.py -> /home/kimdu/hanse/build/ai_manipulation/build/lib/ai_manipulation/utils/utils
copying ai_manipulation/utils/utils/plots.py -> /home/kimdu/hanse/build/ai_manipulation/build/lib/ai_manipulation/utils/utils
copying ai_manipulation/utils/utils/loss.py -> /home/kimdu/hanse/build/ai_manipulation/build/lib/ai_manipulation/utils/utils
copying ai_manipulation/utils/utils/augmentations.py -> /home/kimdu/hanse/build/ai_manipulation/build/lib/ai_manipulation/utils/utils
copying ai_manipulation/utils/utils/general.py -> /home/kimdu/hanse/build/ai_manipulation/build/lib/ai_manipulation/utils/utils
copying ai_manipulation/utils/utils/torch_utils.py -> /home/kimdu/hanse/build/ai_manipulation/build/lib/ai_manipulation/utils/utils
copying ai_manipulation/utils/utils/__init__.py -> /home/kimdu/hanse/build/ai_manipulation/build/lib/ai_manipulation/utils/utils
copying ai_manipulation/utils/utils/dataloaders.py -> /home/kimdu/hanse/build/ai_manipulation/build/lib/ai_manipulation/utils/utils
copying ai_manipulation/utils/utils/callbacks.py -> /home/kimdu/hanse/build/ai_manipulation/build/lib/ai_manipulation/utils/utils
copying ai_manipulation/utils/utils/autobatch.py -> /home/kimdu/hanse/build/ai_manipulation/build/lib/ai_manipulation/utils/utils
copying ai_manipulation/utils/utils/activations.py -> /home/kimdu/hanse/build/ai_manipulation/build/lib/ai_manipulation/utils/utils
copying ai_manipulation/utils/utils/triton.py -> /home/kimdu/hanse/build/ai_manipulation/build/lib/ai_manipulation/utils/utils
copying ai_manipulation/utils/utils/utils.py -> /home/kimdu/hanse/build/ai_manipulation/build/lib/ai_manipulation/utils/utils
copying ai_manipulation/utils/utils/autoanchor.py -> /home/kimdu/hanse/build/ai_manipulation/build/lib/ai_manipulation/utils/utils
copying ai_manipulation/utils/utils/downloads.py -> /home/kimdu/hanse/build/ai_manipulation/build/lib/ai_manipulation/utils/utils
running install
/usr/lib/python3/dist-packages/setuptools/command/install.py:34: SetuptoolsDeprecationWarning: setup.py install is deprecated. Use build and pip and other standards-based tools.
  warnings.warn(
running install_lib
creating /home/kimdu/hanse/install/ai_manipulation/lib/python3.10/site-packages/ai_manipulation
creating /home/kimdu/hanse/install/ai_manipulation/lib/python3.10/site-packages/ai_manipulation/script
copying /home/kimdu/hanse/build/ai_manipulation/build/lib/ai_manipulation/script/six_dxl_model.py -> /home/kimdu/hanse/install/ai_manipulation/lib/python3.10/site-packages/ai_manipulation/script
copying /home/kimdu/hanse/build/ai_manipulation/build/lib/ai_manipulation/script/make_my_model.py -> /home/kimdu/hanse/install/ai_manipulation/lib/python3.10/site-packages/ai_manipulation/script
copying /home/kimdu/hanse/build/ai_manipulation/build/lib/ai_manipulation/script/linear.py -> /home/kimdu/hanse/install/ai_manipulation/lib/python3.10/site-packages/ai_manipulation/script
copying /home/kimdu/hanse/build/ai_manipulation/build/lib/ai_manipulation/script/run_my_model.py -> /home/kimdu/hanse/install/ai_manipulation/lib/python3.10/site-packages/ai_manipulation/script
copying /home/kimdu/hanse/build/ai_manipulation/build/lib/ai_manipulation/script/shoe_drop_point_gen.py -> /home/kimdu/hanse/install/ai_manipulation/lib/python3.10/site-packages/ai_manipulation/script
copying /home/kimdu/hanse/build/ai_manipulation/build/lib/ai_manipulation/script/test_seokwon.py -> /home/kimdu/hanse/install/ai_manipulation/lib/python3.10/site-packages/ai_manipulation/script
copying /home/kimdu/hanse/build/ai_manipulation/build/lib/ai_manipulation/script/__init__.py -> /home/kimdu/hanse/install/ai_manipulation/lib/python3.10/site-packages/ai_manipulation/script
copying /home/kimdu/hanse/build/ai_manipulation/build/lib/ai_manipulation/script/six_dxl_run.py -> /home/kimdu/hanse/install/ai_manipulation/lib/python3.10/site-packages/ai_manipulation/script
copying /home/kimdu/hanse/build/ai_manipulation/build/lib/ai_manipulation/script/testing.py -> /home/kimdu/hanse/install/ai_manipulation/lib/python3.10/site-packages/ai_manipulation/script
copying /home/kimdu/hanse/build/ai_manipulation/build/lib/ai_manipulation/script/media.py -> /home/kimdu/hanse/install/ai_manipulation/lib/python3.10/site-packages/ai_manipulation/script
copying /home/kimdu/hanse/build/ai_manipulation/build/lib/ai_manipulation/script/z_value.py -> /home/kimdu/hanse/install/ai_manipulation/lib/python3.10/site-packages/ai_manipulation/script
creating /home/kimdu/hanse/install/ai_manipulation/lib/python3.10/site-packages/ai_manipulation/utils
copying /home/kimdu/hanse/build/ai_manipulation/build/lib/ai_manipulation/utils/best_1(기존 신발).pt -> /home/kimdu/hanse/install/ai_manipulation/lib/python3.10/site-packages/ai_manipulation/utils
copying /home/kimdu/hanse/build/ai_manipulation/build/lib/ai_manipulation/utils/best_shoe.pt -> /home/kimdu/hanse/install/ai_manipulation/lib/python3.10/site-packages/ai_manipulation/utils
creating /home/kimdu/hanse/install/ai_manipulation/lib/python3.10/site-packages/ai_manipulation/utils/models
copying /home/kimdu/hanse/build/ai_manipulation/build/lib/ai_manipulation/utils/models/common.py -> /home/kimdu/hanse/install/ai_manipulation/lib/python3.10/site-packages/ai_manipulation/utils/models
copying /home/kimdu/hanse/build/ai_manipulation/build/lib/ai_manipulation/utils/models/yolov3-spp.yaml -> /home/kimdu/hanse/install/ai_manipulation/lib/python3.10/site-packages/ai_manipulation/utils/models
copying /home/kimdu/hanse/build/ai_manipulation/build/lib/ai_manipulation/utils/models/tf.py -> /home/kimdu/hanse/install/ai_manipulation/lib/python3.10/site-packages/ai_manipulation/utils/models
copying /home/kimdu/hanse/build/ai_manipulation/build/lib/ai_manipulation/utils/models/yolo.py -> /home/kimdu/hanse/install/ai_manipulation/lib/python3.10/site-packages/ai_manipulation/utils/models
copying /home/kimdu/hanse/build/ai_manipulation/build/lib/ai_manipulation/utils/models/yolov3.yaml -> /home/kimdu/hanse/install/ai_manipulation/lib/python3.10/site-packages/ai_manipulation/utils/models
copying /home/kimdu/hanse/build/ai_manipulation/build/lib/ai_manipulation/utils/models/experimental.py -> /home/kimdu/hanse/install/ai_manipulation/lib/python3.10/site-packages/ai_manipulation/utils/models
copying /home/kimdu/hanse/build/ai_manipulation/build/lib/ai_manipulation/utils/models/yolov3-tiny.yaml -> /home/kimdu/hanse/install/ai_manipulation/lib/python3.10/site-packages/ai_manipulation/utils/models
copying /home/kimdu/hanse/build/ai_manipulation/build/lib/ai_manipulation/utils/models/yolov5m.yaml -> /home/kimdu/hanse/install/ai_manipulation/lib/python3.10/site-packages/ai_manipulation/utils/models
copying /home/kimdu/hanse/build/ai_manipulation/build/lib/ai_manipulation/utils/models/yolov5x.yaml -> /home/kimdu/hanse/install/ai_manipulation/lib/python3.10/site-packages/ai_manipulation/utils/models
copying /home/kimdu/hanse/build/ai_manipulation/build/lib/ai_manipulation/utils/models/__init__.py -> /home/kimdu/hanse/install/ai_manipulation/lib/python3.10/site-packages/ai_manipulation/utils/models
copying /home/kimdu/hanse/build/ai_manipulation/build/lib/ai_manipulation/utils/models/yolov5s.yaml -> /home/kimdu/hanse/install/ai_manipulation/lib/python3.10/site-packages/ai_manipulation/utils/models
copying /home/kimdu/hanse/build/ai_manipulation/build/lib/ai_manipulation/utils/models/yolov5l.yaml -> /home/kimdu/hanse/install/ai_manipulation/lib/python3.10/site-packages/ai_manipulation/utils/models
copying /home/kimdu/hanse/build/ai_manipulation/build/lib/ai_manipulation/utils/models/yolov5n.yaml -> /home/kimdu/hanse/install/ai_manipulation/lib/python3.10/site-packages/ai_manipulation/utils/models
copying /home/kimdu/hanse/build/ai_manipulation/build/lib/ai_manipulation/utils/best_3(신발 모형 200개).pt -> /home/kimdu/hanse/install/ai_manipulation/lib/python3.10/site-packages/ai_manipulation/utils
copying /home/kimdu/hanse/build/ai_manipulation/build/lib/ai_manipulation/utils/best_2(신발 모형(망한거)).pt -> /home/kimdu/hanse/install/ai_manipulation/lib/python3.10/site-packages/ai_manipulation/utils
creating /home/kimdu/hanse/install/ai_manipulation/lib/python3.10/site-packages/ai_manipulation/utils/utils
copying /home/kimdu/hanse/build/ai_manipulation/build/lib/ai_manipulation/utils/utils/metrics.py -> /home/kimdu/hanse/install/ai_manipulation/lib/python3.10/site-packages/ai_manipulation/utils/utils
copying /home/kimdu/hanse/build/ai_manipulation/build/lib/ai_manipulation/utils/utils/plots.py -> /home/kimdu/hanse/install/ai_manipulation/lib/python3.10/site-packages/ai_manipulation/utils/utils
copying /home/kimdu/hanse/build/ai_manipulation/build/lib/ai_manipulation/utils/utils/loss.py -> /home/kimdu/hanse/install/ai_manipulation/lib/python3.10/site-packages/ai_manipulation/utils/utils
copying /home/kimdu/hanse/build/ai_manipulation/build/lib/ai_manipulation/utils/utils/augmentations.py -> /home/kimdu/hanse/install/ai_manipulation/lib/python3.10/site-packages/ai_manipulation/utils/utils
copying /home/kimdu/hanse/build/ai_manipulation/build/lib/ai_manipulation/utils/utils/general.py -> /home/kimdu/hanse/install/ai_manipulation/lib/python3.10/site-packages/ai_manipulation/utils/utils
copying /home/kimdu/hanse/build/ai_manipulation/build/lib/ai_manipulation/utils/utils/torch_utils.py -> /home/kimdu/hanse/install/ai_manipulation/lib/python3.10/site-packages/ai_manipulation/utils/utils
copying /home/kimdu/hanse/build/ai_manipulation/build/lib/ai_manipulation/utils/utils/__init__.py -> /home/kimdu/hanse/install/ai_manipulation/lib/python3.10/site-packages/ai_manipulation/utils/utils
copying /home/kimdu/hanse/build/ai_manipulation/build/lib/ai_manipulation/utils/utils/dataloaders.py -> /home/kimdu/hanse/install/ai_manipulation/lib/python3.10/site-packages/ai_manipulation/utils/utils
copying /home/kimdu/hanse/build/ai_manipulation/build/lib/ai_manipulation/utils/utils/callbacks.py -> /home/kimdu/hanse/install/ai_manipulation/lib/python3.10/site-packages/ai_manipulation/utils/utils
copying /home/kimdu/hanse/build/ai_manipulation/build/lib/ai_manipulation/utils/utils/autobatch.py -> /home/kimdu/hanse/install/ai_manipulation/lib/python3.10/site-packages/ai_manipulation/utils/utils
copying /home/kimdu/hanse/build/ai_manipulation/build/lib/ai_manipulation/utils/utils/activations.py -> /home/kimdu/hanse/install/ai_manipulation/lib/python3.10/site-packages/ai_manipulation/utils/utils
copying /home/kimdu/hanse/build/ai_manipulation/build/lib/ai_manipulation/utils/utils/triton.py -> /home/kimdu/hanse/install/ai_manipulation/lib/python3.10/site-packages/ai_manipulation/utils/utils
copying /home/kimdu/hanse/build/ai_manipulation/build/lib/ai_manipulation/utils/utils/utils.py -> /home/kimdu/hanse/install/ai_manipulation/lib/python3.10/site-packages/ai_manipulation/utils/utils
copying /home/kimdu/hanse/build/ai_manipulation/build/lib/ai_manipulation/utils/utils/autoanchor.py -> /home/kimdu/hanse/install/ai_manipulation/lib/python3.10/site-packages/ai_manipulation/utils/utils
copying /home/kimdu/hanse/build/ai_manipulation/build/lib/ai_manipulation/utils/utils/downloads.py -> /home/kimdu/hanse/install/ai_manipulation/lib/python3.10/site-packages/ai_manipulation/utils/utils
copying /home/kimdu/hanse/build/ai_manipulation/build/lib/ai_manipulation/utils/best.pt -> /home/kimdu/hanse/install/ai_manipulation/lib/python3.10/site-packages/ai_manipulation/utils
copying /home/kimdu/hanse/build/ai_manipulation/build/lib/ai_manipulation/utils/calibration_matrix.npy -> /home/kimdu/hanse/install/ai_manipulation/lib/python3.10/site-packages/ai_manipulation/utils
copying /home/kimdu/hanse/build/ai_manipulation/build/lib/ai_manipulation/utils/export.py -> /home/kimdu/hanse/install/ai_manipulation/lib/python3.10/site-packages/ai_manipulation/utils
copying /home/kimdu/hanse/build/ai_manipulation/build/lib/ai_manipulation/utils/distortion_coefficients.npy -> /home/kimdu/hanse/install/ai_manipulation/lib/python3.10/site-packages/ai_manipulation/utils
copying /home/kimdu/hanse/build/ai_manipulation/build/lib/ai_manipulation/utils/best_last.pt -> /home/kimdu/hanse/install/ai_manipulation/lib/python3.10/site-packages/ai_manipulation/utils
copying /home/kimdu/hanse/build/ai_manipulation/build/lib/ai_manipulation/__init__.py -> /home/kimdu/hanse/install/ai_manipulation/lib/python3.10/site-packages/ai_manipulation
byte-compiling /home/kimdu/hanse/install/ai_manipulation/lib/python3.10/site-packages/ai_manipulation/script/six_dxl_model.py to six_dxl_model.cpython-310.pyc
byte-compiling /home/kimdu/hanse/install/ai_manipulation/lib/python3.10/site-packages/ai_manipulation/script/make_my_model.py to make_my_model.cpython-310.pyc
byte-compiling /home/kimdu/hanse/install/ai_manipulation/lib/python3.10/site-packages/ai_manipulation/script/linear.py to linear.cpython-310.pyc
byte-compiling /home/kimdu/hanse/install/ai_manipulation/lib/python3.10/site-packages/ai_manipulation/script/run_my_model.py to run_my_model.cpython-310.pyc
byte-compiling /home/kimdu/hanse/install/ai_manipulation/lib/python3.10/site-packages/ai_manipulation/script/shoe_drop_point_gen.py to shoe_drop_point_gen.cpython-310.pyc
byte-compiling /home/kimdu/hanse/install/ai_manipulation/lib/python3.10/site-packages/ai_manipulation/script/test_seokwon.py to test_seokwon.cpython-310.pyc
byte-compiling /home/kimdu/hanse/install/ai_manipulation/lib/python3.10/site-packages/ai_manipulation/script/__init__.py to __init__.cpython-310.pyc
byte-compiling /home/kimdu/hanse/install/ai_manipulation/lib/python3.10/site-packages/ai_manipulation/script/six_dxl_run.py to six_dxl_run.cpython-310.pyc
byte-compiling /home/kimdu/hanse/install/ai_manipulation/lib/python3.10/site-packages/ai_manipulation/script/testing.py to testing.cpython-310.pyc
byte-compiling /home/kimdu/hanse/install/ai_manipulation/lib/python3.10/site-packages/ai_manipulation/script/media.py to media.cpython-310.pyc
byte-compiling /home/kimdu/hanse/install/ai_manipulation/lib/python3.10/site-packages/ai_manipulation/script/z_value.py to z_value.cpython-310.pyc
byte-compiling /home/kimdu/hanse/install/ai_manipulation/lib/python3.10/site-packages/ai_manipulation/utils/models/common.py to common.cpython-310.pyc
byte-compiling /home/kimdu/hanse/install/ai_manipulation/lib/python3.10/site-packages/ai_manipulation/utils/models/tf.py to tf.cpython-310.pyc
byte-compiling /home/kimdu/hanse/install/ai_manipulation/lib/python3.10/site-packages/ai_manipulation/utils/models/yolo.py to yolo.cpython-310.pyc
byte-compiling /home/kimdu/hanse/install/ai_manipulation/lib/python3.10/site-packages/ai_manipulation/utils/models/experimental.py to experimental.cpython-310.pyc
byte-compiling /home/kimdu/hanse/install/ai_manipulation/lib/python3.10/site-packages/ai_manipulation/utils/models/__init__.py to __init__.cpython-310.pyc
byte-compiling /home/kimdu/hanse/install/ai_manipulation/lib/python3.10/site-packages/ai_manipulation/utils/utils/metrics.py to metrics.cpython-310.pyc
byte-compiling /home/kimdu/hanse/install/ai_manipulation/lib/python3.10/site-packages/ai_manipulation/utils/utils/plots.py to plots.cpython-310.pyc
byte-compiling /home/kimdu/hanse/install/ai_manipulation/lib/python3.10/site-packages/ai_manipulation/utils/utils/loss.py to loss.cpython-310.pyc
byte-compiling /home/kimdu/hanse/install/ai_manipulation/lib/python3.10/site-packages/ai_manipulation/utils/utils/augmentations.py to augmentations.cpython-310.pyc
byte-compiling /home/kimdu/hanse/install/ai_manipulation/lib/python3.10/site-packages/ai_manipulation/utils/utils/general.py to general.cpython-310.pyc
byte-compiling /home/kimdu/hanse/install/ai_manipulation/lib/python3.10/site-packages/ai_manipulation/utils/utils/torch_utils.py to torch_utils.cpython-310.pyc
byte-compiling /home/kimdu/hanse/install/ai_manipulation/lib/python3.10/site-packages/ai_manipulation/utils/utils/__init__.py to __init__.cpython-310.pyc
byte-compiling /home/kimdu/hanse/install/ai_manipulation/lib/python3.10/site-packages/ai_manipulation/utils/utils/dataloaders.py to dataloaders.cpython-310.pyc
byte-compiling /home/kimdu/hanse/install/ai_manipulation/lib/python3.10/site-packages/ai_manipulation/utils/utils/callbacks.py to callbacks.cpython-310.pyc
byte-compiling /home/kimdu/hanse/install/ai_manipulation/lib/python3.10/site-packages/ai_manipulation/utils/utils/autobatch.py to autobatch.cpython-310.pyc
byte-compiling /home/kimdu/hanse/install/ai_manipulation/lib/python3.10/site-packages/ai_manipulation/utils/utils/activations.py to activations.cpython-310.pyc
byte-compiling /home/kimdu/hanse/install/ai_manipulation/lib/python3.10/site-packages/ai_manipulation/utils/utils/triton.py to triton.cpython-310.pyc
byte-compiling /home/kimdu/hanse/install/ai_manipulation/lib/python3.10/site-packages/ai_manipulation/utils/utils/utils.py to utils.cpython-310.pyc
byte-compiling /home/kimdu/hanse/install/ai_manipulation/lib/python3.10/site-packages/ai_manipulation/utils/utils/autoanchor.py to autoanchor.cpython-310.pyc
byte-compiling /home/kimdu/hanse/install/ai_manipulation/lib/python3.10/site-packages/ai_manipulation/utils/utils/downloads.py to downloads.cpython-310.pyc
byte-compiling /home/kimdu/hanse/install/ai_manipulation/lib/python3.10/site-packages/ai_manipulation/utils/export.py to export.cpython-310.pyc
byte-compiling /home/kimdu/hanse/install/ai_manipulation/lib/python3.10/site-packages/ai_manipulation/__init__.py to __init__.cpython-310.pyc
running install_data
creating /home/kimdu/hanse/install/ai_manipulation/share/ament_index
creating /home/kimdu/hanse/install/ai_manipulation/share/ament_index/resource_index
creating /home/kimdu/hanse/install/ai_manipulation/share/ament_index/resource_index/packages
copying resource/ai_manipulation -> /home/kimdu/hanse/install/ai_manipulation/share/ament_index/resource_index/packages
copying package.xml -> /home/kimdu/hanse/install/ai_manipulation/share/ai_manipulation
running install_egg_info
Copying ../../build/ai_manipulation/ai_manipulation.egg-info to /home/kimdu/hanse/install/ai_manipulation/lib/python3.10/site-packages/ai_manipulation-0.0.0-py3.10.egg-info
running install_scripts
Installing make_my_model script to /home/kimdu/hanse/install/ai_manipulation/lib/ai_manipulation
Installing run_my_model script to /home/kimdu/hanse/install/ai_manipulation/lib/ai_manipulation
Installing shoe_drop_point_gen script to /home/kimdu/hanse/install/ai_manipulation/lib/ai_manipulation
Installing six_dxl_model script to /home/kimdu/hanse/install/ai_manipulation/lib/ai_manipulation
Installing six_dxl_run script to /home/kimdu/hanse/install/ai_manipulation/lib/ai_manipulation
Installing test_seokwon script to /home/kimdu/hanse/install/ai_manipulation/lib/ai_manipulation
Installing testing script to /home/kimdu/hanse/install/ai_manipulation/lib/ai_manipulation
writing list of installed files to '/home/kimdu/hanse/build/ai_manipulation/install.log'
