[1.097s] Invoking command in '/home/hanse/git_ws/final_project/src/open_manipulator/open_manipulator_x_teleop': AMENT_PREFIX_PATH=/home/hanse/git_ws/final_project/install/open_manipulator_msgs:${AMENT_PREFIX_PATH} CMAKE_PREFIX_PATH=/home/hanse/git_ws/final_project/install/open_manipulator_msgs:${CMAKE_PREFIX_PATH} LD_LIBRARY_PATH=/home/hanse/git_ws/final_project/install/open_manipulator_msgs/lib:/usr/local/cuda-11.7/lib64:/home/hanse/Final_project/manipulator_deep/IoT-repo-3/install/open_manipulator_x_libs/lib:/home/hanse/Final_project/manipulator_deep/IoT-repo-3/install/robotis_manipulator/lib:/home/hanse/Final_project/manipulator_deep/IoT-repo-3/install/open_manipulator_msgs/lib:/home/hanse/Final_project/manipulator_deep/IoT-repo-3/install/dynamixel_workbench_toolbox/lib:/home/hanse/Final_project/manipulator_deep/IoT-repo-3/install/dynamixel_sdk_custom_interfaces/lib:/home/hanse/Final_project/manipulator_deep/IoT-repo-3/install/dynamixel_sdk/lib:/usr/lib/x86_64-linux-gnu/gazebo-11/plugins:/opt/ros/humble/opt/rviz_ogre_vendor/lib:/opt/ros/humble/lib/x86_64-linux-gnu:/opt/ros/humble/lib:/usr/local/cuda-11.7/lib64:/usr/local/cuda-11.7/lib64/:/usr/local/cuda-11.7/lib64/ PYTHONPATH=/home/hanse/git_ws/final_project/build/open_manipulator_x_teleop/prefix_override:/home/hanse/git_ws/final_project/install/open_manipulator_x_teleop/lib/python3.10/site-packages:/home/hanse/git_ws/final_project/install/open_manipulator_msgs/local/lib/python3.10/dist-packages:${PYTHONPATH} /usr/bin/python3 setup.py egg_info --egg-base ../../../build/open_manipulator_x_teleop build --build-base /home/hanse/git_ws/final_project/build/open_manipulator_x_teleop/build install --record /home/hanse/git_ws/final_project/build/open_manipulator_x_teleop/install.log --single-version-externally-managed
[1.298s] running egg_info
[1.299s] creating ../../../build/open_manipulator_x_teleop/open_manipulator_x_teleop.egg-info
[1.299s] writing ../../../build/open_manipulator_x_teleop/open_manipulator_x_teleop.egg-info/PKG-INFO
[1.299s] writing dependency_links to ../../../build/open_manipulator_x_teleop/open_manipulator_x_teleop.egg-info/dependency_links.txt
[1.299s] writing entry points to ../../../build/open_manipulator_x_teleop/open_manipulator_x_teleop.egg-info/entry_points.txt
[1.299s] writing requirements to ../../../build/open_manipulator_x_teleop/open_manipulator_x_teleop.egg-info/requires.txt
[1.299s] writing top-level names to ../../../build/open_manipulator_x_teleop/open_manipulator_x_teleop.egg-info/top_level.txt
[1.299s] writing manifest file '../../../build/open_manipulator_x_teleop/open_manipulator_x_teleop.egg-info/SOURCES.txt'
[1.301s] reading manifest file '../../../build/open_manipulator_x_teleop/open_manipulator_x_teleop.egg-info/SOURCES.txt'
[1.301s] writing manifest file '../../../build/open_manipulator_x_teleop/open_manipulator_x_teleop.egg-info/SOURCES.txt'
[1.301s] running build
[1.301s] running build_py
[1.301s] creating /home/hanse/git_ws/final_project/build/open_manipulator_x_teleop/build
[1.302s] creating /home/hanse/git_ws/final_project/build/open_manipulator_x_teleop/build/lib
[1.302s] creating /home/hanse/git_ws/final_project/build/open_manipulator_x_teleop/build/lib/open_manipulator_x_teleop
[1.302s] copying open_manipulator_x_teleop/__init__.py -> /home/hanse/git_ws/final_project/build/open_manipulator_x_teleop/build/lib/open_manipulator_x_teleop
[1.302s] creating /home/hanse/git_ws/final_project/build/open_manipulator_x_teleop/build/lib/open_manipulator_x_teleop/script
[1.302s] copying open_manipulator_x_teleop/script/teleop_keyboard.py -> /home/hanse/git_ws/final_project/build/open_manipulator_x_teleop/build/lib/open_manipulator_x_teleop/script
[1.302s] copying open_manipulator_x_teleop/script/__init__.py -> /home/hanse/git_ws/final_project/build/open_manipulator_x_teleop/build/lib/open_manipulator_x_teleop/script
[1.302s] running install
[1.302s] /usr/lib/python3/dist-packages/setuptools/command/install.py:34: SetuptoolsDeprecationWarning: setup.py install is deprecated. Use build and pip and other standards-based tools.
[1.302s]   warnings.warn(
[1.302s] running install_lib
[1.303s] creating /home/hanse/git_ws/final_project/install/open_manipulator_x_teleop/lib/python3.10/site-packages/open_manipulator_x_teleop
[1.303s] creating /home/hanse/git_ws/final_project/install/open_manipulator_x_teleop/lib/python3.10/site-packages/open_manipulator_x_teleop/script
[1.303s] copying /home/hanse/git_ws/final_project/build/open_manipulator_x_teleop/build/lib/open_manipulator_x_teleop/script/teleop_keyboard.py -> /home/hanse/git_ws/final_project/install/open_manipulator_x_teleop/lib/python3.10/site-packages/open_manipulator_x_teleop/script
[1.303s] copying /home/hanse/git_ws/final_project/build/open_manipulator_x_teleop/build/lib/open_manipulator_x_teleop/script/__init__.py -> /home/hanse/git_ws/final_project/install/open_manipulator_x_teleop/lib/python3.10/site-packages/open_manipulator_x_teleop/script
[1.303s] copying /home/hanse/git_ws/final_project/build/open_manipulator_x_teleop/build/lib/open_manipulator_x_teleop/__init__.py -> /home/hanse/git_ws/final_project/install/open_manipulator_x_teleop/lib/python3.10/site-packages/open_manipulator_x_teleop
[1.303s] byte-compiling /home/hanse/git_ws/final_project/install/open_manipulator_x_teleop/lib/python3.10/site-packages/open_manipulator_x_teleop/script/teleop_keyboard.py to teleop_keyboard.cpython-310.pyc
[1.305s] byte-compiling /home/hanse/git_ws/final_project/install/open_manipulator_x_teleop/lib/python3.10/site-packages/open_manipulator_x_teleop/script/__init__.py to __init__.cpython-310.pyc
[1.305s] byte-compiling /home/hanse/git_ws/final_project/install/open_manipulator_x_teleop/lib/python3.10/site-packages/open_manipulator_x_teleop/__init__.py to __init__.cpython-310.pyc
[1.305s] running install_data
[1.305s] creating /home/hanse/git_ws/final_project/install/open_manipulator_x_teleop/share/ament_index
[1.305s] creating /home/hanse/git_ws/final_project/install/open_manipulator_x_teleop/share/ament_index/resource_index
[1.305s] creating /home/hanse/git_ws/final_project/install/open_manipulator_x_teleop/share/ament_index/resource_index/packages
[1.305s] copying resource/open_manipulator_x_teleop -> /home/hanse/git_ws/final_project/install/open_manipulator_x_teleop/share/ament_index/resource_index/packages
[1.306s] copying package.xml -> /home/hanse/git_ws/final_project/install/open_manipulator_x_teleop/share/open_manipulator_x_teleop
[1.306s] running install_egg_info
[1.307s] Copying ../../../build/open_manipulator_x_teleop/open_manipulator_x_teleop.egg-info to /home/hanse/git_ws/final_project/install/open_manipulator_x_teleop/lib/python3.10/site-packages/open_manipulator_x_teleop-2.3.0-py3.10.egg-info
[1.307s] running install_scripts
[1.325s] Installing make_my_model script to /home/hanse/git_ws/final_project/install/open_manipulator_x_teleop/lib/open_manipulator_x_teleop
[1.325s] Installing teleop_keyboard script to /home/hanse/git_ws/final_project/install/open_manipulator_x_teleop/lib/open_manipulator_x_teleop
[1.325s] writing list of installed files to '/home/hanse/git_ws/final_project/build/open_manipulator_x_teleop/install.log'
[1.352s] Invoked command in '/home/hanse/git_ws/final_project/src/open_manipulator/open_manipulator_x_teleop' returned '0': AMENT_PREFIX_PATH=/home/hanse/git_ws/final_project/install/open_manipulator_msgs:${AMENT_PREFIX_PATH} CMAKE_PREFIX_PATH=/home/hanse/git_ws/final_project/install/open_manipulator_msgs:${CMAKE_PREFIX_PATH} LD_LIBRARY_PATH=/home/hanse/git_ws/final_project/install/open_manipulator_msgs/lib:/usr/local/cuda-11.7/lib64:/home/hanse/Final_project/manipulator_deep/IoT-repo-3/install/open_manipulator_x_libs/lib:/home/hanse/Final_project/manipulator_deep/IoT-repo-3/install/robotis_manipulator/lib:/home/hanse/Final_project/manipulator_deep/IoT-repo-3/install/open_manipulator_msgs/lib:/home/hanse/Final_project/manipulator_deep/IoT-repo-3/install/dynamixel_workbench_toolbox/lib:/home/hanse/Final_project/manipulator_deep/IoT-repo-3/install/dynamixel_sdk_custom_interfaces/lib:/home/hanse/Final_project/manipulator_deep/IoT-repo-3/install/dynamixel_sdk/lib:/usr/lib/x86_64-linux-gnu/gazebo-11/plugins:/opt/ros/humble/opt/rviz_ogre_vendor/lib:/opt/ros/humble/lib/x86_64-linux-gnu:/opt/ros/humble/lib:/usr/local/cuda-11.7/lib64:/usr/local/cuda-11.7/lib64/:/usr/local/cuda-11.7/lib64/ PYTHONPATH=/home/hanse/git_ws/final_project/build/open_manipulator_x_teleop/prefix_override:/home/hanse/git_ws/final_project/install/open_manipulator_x_teleop/lib/python3.10/site-packages:/home/hanse/git_ws/final_project/install/open_manipulator_msgs/local/lib/python3.10/dist-packages:${PYTHONPATH} /usr/bin/python3 setup.py egg_info --egg-base ../../../build/open_manipulator_x_teleop build --build-base /home/hanse/git_ws/final_project/build/open_manipulator_x_teleop/build install --record /home/hanse/git_ws/final_project/build/open_manipulator_x_teleop/install.log --single-version-externally-managed
