[1.854s] Invoking command in '/home/kimdu/hanse/src/open_manipulator/open_manipulator_x_teleop': CMAKE_PREFIX_PATH=/home/kimdu/hanse/install/open_manipulator_msgs:/home/kimdu/hanse/install/open_manipulator:/home/kimdu/hanse/install/open_manipulator_x_controller:/home/kimdu/hanse/install/open_manipulator_x_libs:/home/kimdu/hanse/install/robotis_manipulator:/home/kimdu/hanse/install/open_manipulator_x_description:/home/kimdu/hanse/install/dynamixel_workbench:/home/kimdu/hanse/install/dynamixel_workbench_toolbox:/home/kimdu/hanse/install/dynamixel_sdk_examples:/home/kimdu/hanse/install/dynamixel_sdk_custom_interfaces:/home/kimdu/hanse/install/dynamixel_sdk:/home/kimdu/hanse/install/cmake_modules:/home/kimdu/pinkbot/install/minibot_navigation2:/home/kimdu/pinkbot/install/minibot_controllers:/home/kimdu/pinkbot/install/minibot_interfaces:/home/kimdu/pinkbot/install/minibot_hardware_interface:/home/kimdu/pinkbot/install/minibot_bringup:/home/kimdu/pinkbot/install/minibot_gazebo:/home/kimdu/pinkbot/install/minibot_description LD_LIBRARY_PATH=/home/kimdu/hanse/install/open_manipulator_msgs/lib:/home/kimdu/hanse/install/open_manipulator_x_libs/lib:/home/kimdu/hanse/install/robotis_manipulator/lib:/home/kimdu/hanse/install/dynamixel_workbench_toolbox/lib:/home/kimdu/hanse/install/dynamixel_sdk_custom_interfaces/lib:/home/kimdu/hanse/install/dynamixel_sdk/lib:/home/kimdu/pinkbot/install/minibot_controllers/lib:/home/kimdu/pinkbot/install/minibot_interfaces/lib:/home/kimdu/pinkbot/install/minibot_hardware_interface/lib:/usr/lib/x86_64-linux-gnu/gazebo-11/plugins:/opt/ros/humble/opt/rviz_ogre_vendor/lib:/opt/ros/humble/lib/x86_64-linux-gnu:/opt/ros/humble/lib PYTHONPATH=/home/kimdu/hanse/build/open_manipulator_x_teleop/prefix_override:/home/kimdu/hanse/install/open_manipulator_x_teleop/lib/python3.10/site-packages:${PYTHONPATH} /usr/bin/python3 setup.py egg_info --egg-base ../../../build/open_manipulator_x_teleop build --build-base /home/kimdu/hanse/build/open_manipulator_x_teleop/build install --record /home/kimdu/hanse/build/open_manipulator_x_teleop/install.log --single-version-externally-managed
[2.146s] running egg_info
[2.147s] writing ../../../build/open_manipulator_x_teleop/open_manipulator_x_teleop.egg-info/PKG-INFO
[2.147s] writing dependency_links to ../../../build/open_manipulator_x_teleop/open_manipulator_x_teleop.egg-info/dependency_links.txt
[2.147s] writing entry points to ../../../build/open_manipulator_x_teleop/open_manipulator_x_teleop.egg-info/entry_points.txt
[2.147s] writing requirements to ../../../build/open_manipulator_x_teleop/open_manipulator_x_teleop.egg-info/requires.txt
[2.147s] writing top-level names to ../../../build/open_manipulator_x_teleop/open_manipulator_x_teleop.egg-info/top_level.txt
[2.150s] reading manifest file '../../../build/open_manipulator_x_teleop/open_manipulator_x_teleop.egg-info/SOURCES.txt'
[2.151s] writing manifest file '../../../build/open_manipulator_x_teleop/open_manipulator_x_teleop.egg-info/SOURCES.txt'
[2.151s] running build
[2.151s] running build_py
[2.151s] running install
[2.151s] /usr/lib/python3/dist-packages/setuptools/command/install.py:34: SetuptoolsDeprecationWarning: setup.py install is deprecated. Use build and pip and other standards-based tools.
[2.151s]   warnings.warn(
[2.152s] running install_lib
[2.153s] running install_data
[2.154s] running install_egg_info
[2.156s] removing '/home/kimdu/hanse/install/open_manipulator_x_teleop/lib/python3.10/site-packages/open_manipulator_x_teleop-2.3.0-py3.10.egg-info' (and everything under it)
[2.156s] Copying ../../../build/open_manipulator_x_teleop/open_manipulator_x_teleop.egg-info to /home/kimdu/hanse/install/open_manipulator_x_teleop/lib/python3.10/site-packages/open_manipulator_x_teleop-2.3.0-py3.10.egg-info
[2.157s] running install_scripts
[2.181s] Installing make_my_model script to /home/kimdu/hanse/install/open_manipulator_x_teleop/lib/open_manipulator_x_teleop
[2.182s] Installing teleop_keyboard script to /home/kimdu/hanse/install/open_manipulator_x_teleop/lib/open_manipulator_x_teleop
[2.182s] writing list of installed files to '/home/kimdu/hanse/build/open_manipulator_x_teleop/install.log'
[2.244s] Invoked command in '/home/kimdu/hanse/src/open_manipulator/open_manipulator_x_teleop' returned '0': CMAKE_PREFIX_PATH=/home/kimdu/hanse/install/open_manipulator_msgs:/home/kimdu/hanse/install/open_manipulator:/home/kimdu/hanse/install/open_manipulator_x_controller:/home/kimdu/hanse/install/open_manipulator_x_libs:/home/kimdu/hanse/install/robotis_manipulator:/home/kimdu/hanse/install/open_manipulator_x_description:/home/kimdu/hanse/install/dynamixel_workbench:/home/kimdu/hanse/install/dynamixel_workbench_toolbox:/home/kimdu/hanse/install/dynamixel_sdk_examples:/home/kimdu/hanse/install/dynamixel_sdk_custom_interfaces:/home/kimdu/hanse/install/dynamixel_sdk:/home/kimdu/hanse/install/cmake_modules:/home/kimdu/pinkbot/install/minibot_navigation2:/home/kimdu/pinkbot/install/minibot_controllers:/home/kimdu/pinkbot/install/minibot_interfaces:/home/kimdu/pinkbot/install/minibot_hardware_interface:/home/kimdu/pinkbot/install/minibot_bringup:/home/kimdu/pinkbot/install/minibot_gazebo:/home/kimdu/pinkbot/install/minibot_description LD_LIBRARY_PATH=/home/kimdu/hanse/install/open_manipulator_msgs/lib:/home/kimdu/hanse/install/open_manipulator_x_libs/lib:/home/kimdu/hanse/install/robotis_manipulator/lib:/home/kimdu/hanse/install/dynamixel_workbench_toolbox/lib:/home/kimdu/hanse/install/dynamixel_sdk_custom_interfaces/lib:/home/kimdu/hanse/install/dynamixel_sdk/lib:/home/kimdu/pinkbot/install/minibot_controllers/lib:/home/kimdu/pinkbot/install/minibot_interfaces/lib:/home/kimdu/pinkbot/install/minibot_hardware_interface/lib:/usr/lib/x86_64-linux-gnu/gazebo-11/plugins:/opt/ros/humble/opt/rviz_ogre_vendor/lib:/opt/ros/humble/lib/x86_64-linux-gnu:/opt/ros/humble/lib PYTHONPATH=/home/kimdu/hanse/build/open_manipulator_x_teleop/prefix_override:/home/kimdu/hanse/install/open_manipulator_x_teleop/lib/python3.10/site-packages:${PYTHONPATH} /usr/bin/python3 setup.py egg_info --egg-base ../../../build/open_manipulator_x_teleop build --build-base /home/kimdu/hanse/build/open_manipulator_x_teleop/build install --record /home/kimdu/hanse/build/open_manipulator_x_teleop/install.log --single-version-externally-managed
