[0.204s] Invoking command in '/home/kimdu/hanse/build/robotis_manipulator': CMAKE_PREFIX_PATH=/home/kimdu/hanse/install/cmake_modules:/home/kimdu/hanse/install/open_manipulator:/home/kimdu/hanse/install/open_manipulator_x_controller:/home/kimdu/hanse/install/open_manipulator_x_libs:/home/kimdu/hanse/install/robotis_manipulator:/home/kimdu/hanse/install/open_manipulator_x_description:/home/kimdu/hanse/install/open_manipulator_msgs:/home/kimdu/hanse/install/dynamixel_workbench:/home/kimdu/hanse/install/dynamixel_workbench_toolbox:/home/kimdu/hanse/install/dynamixel_sdk_examples:/home/kimdu/hanse/install/dynamixel_sdk_custom_interfaces:/home/kimdu/hanse/install/dynamixel_sdk:/home/kimdu/pinkbot/install/minibot_navigation2:/home/kimdu/pinkbot/install/minibot_controllers:/home/kimdu/pinkbot/install/minibot_interfaces:/home/kimdu/pinkbot/install/minibot_hardware_interface:/home/kimdu/pinkbot/install/minibot_bringup:/home/kimdu/pinkbot/install/minibot_gazebo:/home/kimdu/pinkbot/install/minibot_description:/home/kimdu/hanse/install/open_manipulator_x_teleop:/home/kimdu/hanse/install/ai_manipulation:/home/kimdu/pinkbot/install/minibot_driving:/home/kimdu/pinkbot/install/mas_test:/opt/ros/humble /usr/bin/cmake /home/kimdu/hanse/src/robotis_manipulator -DCMAKE_INSTALL_PREFIX=/home/kimdu/hanse/install/robotis_manipulator
[0.271s] -- The C compiler identification is GNU 11.4.0
[0.334s] -- The CXX compiler identification is GNU 11.4.0
[0.342s] -- Detecting C compiler ABI info
[0.403s] -- Detecting C compiler ABI info - done
[0.408s] -- Check for working C compiler: /usr/bin/cc - skipped
[0.408s] -- Detecting C compile features
[0.409s] -- Detecting C compile features - done
[0.411s] -- Detecting CXX compiler ABI info
[0.528s] -- Detecting CXX compiler ABI info - done
[0.530s] -- Check for working CXX compiler: /usr/bin/c++ - skipped
[0.530s] -- Detecting CXX compile features
[0.530s] -- Detecting CXX compile features - done
[0.553s] -- Found ament_cmake: 1.3.5 (/opt/ros/humble/share/ament_cmake/cmake)
[0.752s] -- Found Python3: /usr/bin/python3.10 (found version "3.10.12") found components: Interpreter 
[0.875s] -- Found cmake_modules: 0.4.1 (/home/kimdu/hanse/install/cmake_modules/share/cmake_modules/cmake)
[0.882s] -- Found rclcpp: 16.0.6 (/opt/ros/humble/share/rclcpp/cmake)
[0.948s] -- Found rosidl_generator_c: 3.1.5 (/opt/ros/humble/share/rosidl_generator_c/cmake)
[0.959s] -- Found rosidl_adapter: 3.1.5 (/opt/ros/humble/share/rosidl_adapter/cmake)
[0.972s] -- Found rosidl_generator_cpp: 3.1.5 (/opt/ros/humble/share/rosidl_generator_cpp/cmake)
[0.992s] -- Using all available rosidl_typesupport_c: rosidl_typesupport_fastrtps_c;rosidl_typesupport_introspection_c
[1.019s] -- Using all available rosidl_typesupport_cpp: rosidl_typesupport_fastrtps_cpp;rosidl_typesupport_introspection_cpp
[1.139s] -- Found rmw_implementation_cmake: 6.1.1 (/opt/ros/humble/share/rmw_implementation_cmake/cmake)
[1.145s] -- Found rmw_fastrtps_cpp: 6.2.4 (/opt/ros/humble/share/rmw_fastrtps_cpp/cmake)
[1.539s] -- Found OpenSSL: /usr/lib/x86_64-linux-gnu/libcrypto.so (found version "3.0.2")  
[1.590s] -- Found FastRTPS: /opt/ros/humble/include  
[1.689s] -- Using RMW implementation 'rmw_fastrtps_cpp' as default
[1.746s] -- Looking for pthread.h
[2.188s] -- Looking for pthread.h - found
[2.188s] -- Performing Test CMAKE_HAVE_LIBC_PTHREAD
[2.397s] -- Performing Test CMAKE_HAVE_LIBC_PTHREAD - Success
[2.398s] -- Found Threads: TRUE  
[3.074s] -- Configuring done
[3.097s] -- Generating done
[3.099s] -- Build files have been written to: /home/kimdu/hanse/build/robotis_manipulator
[3.141s] Invoked command in '/home/kimdu/hanse/build/robotis_manipulator' returned '0': CMAKE_PREFIX_PATH=/home/kimdu/hanse/install/cmake_modules:/home/kimdu/hanse/install/open_manipulator:/home/kimdu/hanse/install/open_manipulator_x_controller:/home/kimdu/hanse/install/open_manipulator_x_libs:/home/kimdu/hanse/install/robotis_manipulator:/home/kimdu/hanse/install/open_manipulator_x_description:/home/kimdu/hanse/install/open_manipulator_msgs:/home/kimdu/hanse/install/dynamixel_workbench:/home/kimdu/hanse/install/dynamixel_workbench_toolbox:/home/kimdu/hanse/install/dynamixel_sdk_examples:/home/kimdu/hanse/install/dynamixel_sdk_custom_interfaces:/home/kimdu/hanse/install/dynamixel_sdk:/home/kimdu/pinkbot/install/minibot_navigation2:/home/kimdu/pinkbot/install/minibot_controllers:/home/kimdu/pinkbot/install/minibot_interfaces:/home/kimdu/pinkbot/install/minibot_hardware_interface:/home/kimdu/pinkbot/install/minibot_bringup:/home/kimdu/pinkbot/install/minibot_gazebo:/home/kimdu/pinkbot/install/minibot_description:/home/kimdu/hanse/install/open_manipulator_x_teleop:/home/kimdu/hanse/install/ai_manipulation:/home/kimdu/pinkbot/install/minibot_driving:/home/kimdu/pinkbot/install/mas_test:/opt/ros/humble /usr/bin/cmake /home/kimdu/hanse/src/robotis_manipulator -DCMAKE_INSTALL_PREFIX=/home/kimdu/hanse/install/robotis_manipulator
[3.142s] Invoking command in '/home/kimdu/hanse/build/robotis_manipulator': CMAKE_PREFIX_PATH=/home/kimdu/hanse/install/cmake_modules:/home/kimdu/hanse/install/open_manipulator:/home/kimdu/hanse/install/open_manipulator_x_controller:/home/kimdu/hanse/install/open_manipulator_x_libs:/home/kimdu/hanse/install/robotis_manipulator:/home/kimdu/hanse/install/open_manipulator_x_description:/home/kimdu/hanse/install/open_manipulator_msgs:/home/kimdu/hanse/install/dynamixel_workbench:/home/kimdu/hanse/install/dynamixel_workbench_toolbox:/home/kimdu/hanse/install/dynamixel_sdk_examples:/home/kimdu/hanse/install/dynamixel_sdk_custom_interfaces:/home/kimdu/hanse/install/dynamixel_sdk:/home/kimdu/pinkbot/install/minibot_navigation2:/home/kimdu/pinkbot/install/minibot_controllers:/home/kimdu/pinkbot/install/minibot_interfaces:/home/kimdu/pinkbot/install/minibot_hardware_interface:/home/kimdu/pinkbot/install/minibot_bringup:/home/kimdu/pinkbot/install/minibot_gazebo:/home/kimdu/pinkbot/install/minibot_description:/home/kimdu/hanse/install/open_manipulator_x_teleop:/home/kimdu/hanse/install/ai_manipulation:/home/kimdu/pinkbot/install/minibot_driving:/home/kimdu/pinkbot/install/mas_test:/opt/ros/humble /usr/bin/cmake --build /home/kimdu/hanse/build/robotis_manipulator -- -j8 -l8
[3.306s] [ 14%] [32mBuilding CXX object CMakeFiles/robotis_manipulator.dir/src/robotis_manipulator/robotis_manipulator.cpp.o[0m
[3.315s] [ 28%] [32mBuilding CXX object CMakeFiles/robotis_manipulator.dir/src/robotis_manipulator/robotis_manipulator_log.cpp.o[0m
[3.319s] [ 42%] [32mBuilding CXX object CMakeFiles/robotis_manipulator.dir/src/robotis_manipulator/robotis_manipulator_common.cpp.o[0m
[3.322s] [ 57%] [32mBuilding CXX object CMakeFiles/robotis_manipulator.dir/src/robotis_manipulator/robotis_manipulator_trajectory_generator.cpp.o[0m
[3.336s] [ 71%] [32mBuilding CXX object CMakeFiles/robotis_manipulator.dir/src/robotis_manipulator/robotis_manipulator_manager.cpp.o[0m
[3.364s] [ 85%] [32mBuilding CXX object CMakeFiles/robotis_manipulator.dir/src/robotis_manipulator/robotis_manipulator_math.cpp.o[0m
[14.398s] [100%] [32m[1mLinking CXX shared library librobotis_manipulator.so[0m
[14.841s] [100%] Built target robotis_manipulator
[15.077s] Invoked command in '/home/kimdu/hanse/build/robotis_manipulator' returned '0': CMAKE_PREFIX_PATH=/home/kimdu/hanse/install/cmake_modules:/home/kimdu/hanse/install/open_manipulator:/home/kimdu/hanse/install/open_manipulator_x_controller:/home/kimdu/hanse/install/open_manipulator_x_libs:/home/kimdu/hanse/install/robotis_manipulator:/home/kimdu/hanse/install/open_manipulator_x_description:/home/kimdu/hanse/install/open_manipulator_msgs:/home/kimdu/hanse/install/dynamixel_workbench:/home/kimdu/hanse/install/dynamixel_workbench_toolbox:/home/kimdu/hanse/install/dynamixel_sdk_examples:/home/kimdu/hanse/install/dynamixel_sdk_custom_interfaces:/home/kimdu/hanse/install/dynamixel_sdk:/home/kimdu/pinkbot/install/minibot_navigation2:/home/kimdu/pinkbot/install/minibot_controllers:/home/kimdu/pinkbot/install/minibot_interfaces:/home/kimdu/pinkbot/install/minibot_hardware_interface:/home/kimdu/pinkbot/install/minibot_bringup:/home/kimdu/pinkbot/install/minibot_gazebo:/home/kimdu/pinkbot/install/minibot_description:/home/kimdu/hanse/install/open_manipulator_x_teleop:/home/kimdu/hanse/install/ai_manipulation:/home/kimdu/pinkbot/install/minibot_driving:/home/kimdu/pinkbot/install/mas_test:/opt/ros/humble /usr/bin/cmake --build /home/kimdu/hanse/build/robotis_manipulator -- -j8 -l8
[15.527s] Invoking command in '/home/kimdu/hanse/build/robotis_manipulator': CMAKE_PREFIX_PATH=/home/kimdu/hanse/install/cmake_modules:/home/kimdu/hanse/install/open_manipulator:/home/kimdu/hanse/install/open_manipulator_x_controller:/home/kimdu/hanse/install/open_manipulator_x_libs:/home/kimdu/hanse/install/robotis_manipulator:/home/kimdu/hanse/install/open_manipulator_x_description:/home/kimdu/hanse/install/open_manipulator_msgs:/home/kimdu/hanse/install/dynamixel_workbench:/home/kimdu/hanse/install/dynamixel_workbench_toolbox:/home/kimdu/hanse/install/dynamixel_sdk_examples:/home/kimdu/hanse/install/dynamixel_sdk_custom_interfaces:/home/kimdu/hanse/install/dynamixel_sdk:/home/kimdu/pinkbot/install/minibot_navigation2:/home/kimdu/pinkbot/install/minibot_controllers:/home/kimdu/pinkbot/install/minibot_interfaces:/home/kimdu/pinkbot/install/minibot_hardware_interface:/home/kimdu/pinkbot/install/minibot_bringup:/home/kimdu/pinkbot/install/minibot_gazebo:/home/kimdu/pinkbot/install/minibot_description:/home/kimdu/hanse/install/open_manipulator_x_teleop:/home/kimdu/hanse/install/ai_manipulation:/home/kimdu/pinkbot/install/minibot_driving:/home/kimdu/pinkbot/install/mas_test:/opt/ros/humble /usr/bin/cmake --install /home/kimdu/hanse/build/robotis_manipulator
[15.535s] -- Install configuration: ""
[15.535s] -- Installing: /home/kimdu/hanse/install/robotis_manipulator/lib/librobotis_manipulator.so
[15.539s] -- Set runtime path of "/home/kimdu/hanse/install/robotis_manipulator/lib/librobotis_manipulator.so" to ""
[15.539s] -- Installing: /home/kimdu/hanse/install/robotis_manipulator/include/
[15.539s] -- Installing: /home/kimdu/hanse/install/robotis_manipulator/include//robotis_manipulator
[15.539s] -- Installing: /home/kimdu/hanse/install/robotis_manipulator/include//robotis_manipulator/robotis_manipulator_math.h
[15.540s] -- Installing: /home/kimdu/hanse/install/robotis_manipulator/include//robotis_manipulator/robotis_manipulator.h
[15.540s] -- Installing: /home/kimdu/hanse/install/robotis_manipulator/include//robotis_manipulator/robotis_manipulator_log.h
[15.540s] -- Installing: /home/kimdu/hanse/install/robotis_manipulator/include//robotis_manipulator/robotis_manipulator_manager.h
[15.540s] -- Installing: /home/kimdu/hanse/install/robotis_manipulator/include//robotis_manipulator/robotis_manipulator_common.h
[15.540s] -- Installing: /home/kimdu/hanse/install/robotis_manipulator/include//robotis_manipulator/robotis_manipulator_trajectory_generator.h
[15.540s] -- Installing: /home/kimdu/hanse/install/robotis_manipulator/share/robotis_manipulator/environment/library_path.sh
[15.541s] -- Installing: /home/kimdu/hanse/install/robotis_manipulator/share/robotis_manipulator/environment/library_path.dsv
[15.542s] -- Installing: /home/kimdu/hanse/install/robotis_manipulator/share/ament_index/resource_index/package_run_dependencies/robotis_manipulator
[15.542s] -- Installing: /home/kimdu/hanse/install/robotis_manipulator/share/ament_index/resource_index/parent_prefix_path/robotis_manipulator
[15.542s] -- Installing: /home/kimdu/hanse/install/robotis_manipulator/share/robotis_manipulator/environment/ament_prefix_path.sh
[15.542s] -- Installing: /home/kimdu/hanse/install/robotis_manipulator/share/robotis_manipulator/environment/ament_prefix_path.dsv
[15.542s] -- Installing: /home/kimdu/hanse/install/robotis_manipulator/share/robotis_manipulator/environment/path.sh
[15.544s] -- Installing: /home/kimdu/hanse/install/robotis_manipulator/share/robotis_manipulator/environment/path.dsv
[15.544s] -- Installing: /home/kimdu/hanse/install/robotis_manipulator/share/robotis_manipulator/local_setup.bash
[15.544s] -- Installing: /home/kimdu/hanse/install/robotis_manipulator/share/robotis_manipulator/local_setup.sh
[15.544s] -- Installing: /home/kimdu/hanse/install/robotis_manipulator/share/robotis_manipulator/local_setup.zsh
[15.544s] -- Installing: /home/kimdu/hanse/install/robotis_manipulator/share/robotis_manipulator/local_setup.dsv
[15.544s] -- Installing: /home/kimdu/hanse/install/robotis_manipulator/share/robotis_manipulator/package.dsv
[15.544s] -- Installing: /home/kimdu/hanse/install/robotis_manipulator/share/ament_index/resource_index/packages/robotis_manipulator
[15.544s] -- Installing: /home/kimdu/hanse/install/robotis_manipulator/share/robotis_manipulator/cmake/ament_cmake_export_include_directories-extras.cmake
[15.544s] -- Installing: /home/kimdu/hanse/install/robotis_manipulator/share/robotis_manipulator/cmake/ament_cmake_export_dependencies-extras.cmake
[15.551s] -- Installing: /home/kimdu/hanse/install/robotis_manipulator/share/robotis_manipulator/cmake/ament_cmake_export_libraries-extras.cmake
[15.551s] -- Installing: /home/kimdu/hanse/install/robotis_manipulator/share/robotis_manipulator/cmake/robotis_manipulatorConfig.cmake
[15.551s] -- Installing: /home/kimdu/hanse/install/robotis_manipulator/share/robotis_manipulator/cmake/robotis_manipulatorConfig-version.cmake
[15.552s] -- Installing: /home/kimdu/hanse/install/robotis_manipulator/share/robotis_manipulator/package.xml
[15.552s] Invoked command in '/home/kimdu/hanse/build/robotis_manipulator' returned '0': CMAKE_PREFIX_PATH=/home/kimdu/hanse/install/cmake_modules:/home/kimdu/hanse/install/open_manipulator:/home/kimdu/hanse/install/open_manipulator_x_controller:/home/kimdu/hanse/install/open_manipulator_x_libs:/home/kimdu/hanse/install/robotis_manipulator:/home/kimdu/hanse/install/open_manipulator_x_description:/home/kimdu/hanse/install/open_manipulator_msgs:/home/kimdu/hanse/install/dynamixel_workbench:/home/kimdu/hanse/install/dynamixel_workbench_toolbox:/home/kimdu/hanse/install/dynamixel_sdk_examples:/home/kimdu/hanse/install/dynamixel_sdk_custom_interfaces:/home/kimdu/hanse/install/dynamixel_sdk:/home/kimdu/pinkbot/install/minibot_navigation2:/home/kimdu/pinkbot/install/minibot_controllers:/home/kimdu/pinkbot/install/minibot_interfaces:/home/kimdu/pinkbot/install/minibot_hardware_interface:/home/kimdu/pinkbot/install/minibot_bringup:/home/kimdu/pinkbot/install/minibot_gazebo:/home/kimdu/pinkbot/install/minibot_description:/home/kimdu/hanse/install/open_manipulator_x_teleop:/home/kimdu/hanse/install/ai_manipulation:/home/kimdu/pinkbot/install/minibot_driving:/home/kimdu/pinkbot/install/mas_test:/opt/ros/humble /usr/bin/cmake --install /home/kimdu/hanse/build/robotis_manipulator
