[0.027s] Invoking command in '/home/sechan/colcon_ws/build/cmake_modules': CMAKE_PREFIX_PATH=${CMAKE_PREFIX_PATH}:/home/sechan/colcon_ws/install/open_manipulator_x_teleop:/opt/ros/humble /usr/bin/cmake /home/sechan/colcon_ws/src/open_manipulator_dependencies/cmake_modules -DAMENT_CMAKE_SYMLINK_INSTALL=1 -DCMAKE_INSTALL_PREFIX=/home/sechan/colcon_ws/install/cmake_modules
[0.090s] -- The C compiler identification is GNU 11.4.0
[0.160s] -- The CXX compiler identification is GNU 11.4.0
[0.170s] -- Detecting C compiler ABI info
[0.237s] -- Detecting C compiler ABI info - done
[0.248s] -- Check for working C compiler: /usr/bin/cc - skipped
[0.248s] -- Detecting C compile features
[0.248s] -- Detecting C compile features - done
[0.252s] -- Detecting CXX compiler ABI info
[0.337s] -- Detecting CXX compiler ABI info - done
[0.347s] -- Check for working CXX compiler: /usr/bin/c++ - skipped
[0.347s] -- Detecting CXX compile features
[0.348s] -- Detecting CXX compile features - done
[0.351s] -- Found ament_cmake: 1.3.5 (/opt/ros/humble/share/ament_cmake/cmake)
[0.596s] -- Found Python3: /usr/bin/python3.10 (found version "3.10.12") found components: Interpreter 
[0.707s] -- Override CMake install command with custom implementation using symlinks instead of copying resources
[0.822s] -- Configuring done
[0.825s] -- Generating done
[0.825s] -- Build files have been written to: /home/sechan/colcon_ws/build/cmake_modules
[0.831s] Invoked command in '/home/sechan/colcon_ws/build/cmake_modules' returned '0': CMAKE_PREFIX_PATH=${CMAKE_PREFIX_PATH}:/home/sechan/colcon_ws/install/open_manipulator_x_teleop:/opt/ros/humble /usr/bin/cmake /home/sechan/colcon_ws/src/open_manipulator_dependencies/cmake_modules -DAMENT_CMAKE_SYMLINK_INSTALL=1 -DCMAKE_INSTALL_PREFIX=/home/sechan/colcon_ws/install/cmake_modules
[0.833s] Invoking command in '/home/sechan/colcon_ws/build/cmake_modules': CMAKE_PREFIX_PATH=${CMAKE_PREFIX_PATH}:/home/sechan/colcon_ws/install/open_manipulator_x_teleop:/opt/ros/humble /usr/bin/cmake --build /home/sechan/colcon_ws/build/cmake_modules -- -j8 -l8
[0.919s] Invoked command in '/home/sechan/colcon_ws/build/cmake_modules' returned '0': CMAKE_PREFIX_PATH=${CMAKE_PREFIX_PATH}:/home/sechan/colcon_ws/install/open_manipulator_x_teleop:/opt/ros/humble /usr/bin/cmake --build /home/sechan/colcon_ws/build/cmake_modules -- -j8 -l8
[1.209s] Invoking command in '/home/sechan/colcon_ws/build/cmake_modules': CMAKE_PREFIX_PATH=${CMAKE_PREFIX_PATH}:/home/sechan/colcon_ws/install/open_manipulator_x_teleop:/opt/ros/humble /usr/bin/cmake --install /home/sechan/colcon_ws/build/cmake_modules
[1.222s] -- Install configuration: ""
[1.222s] -- Execute custom install script
[1.222s] -- Symlinking: /home/sechan/colcon_ws/install/cmake_modules/share/cmake_modules/cmake/Modules/FindGSL.cmake
[1.250s] -- Symlinking: /home/sechan/colcon_ws/install/cmake_modules/share/cmake_modules/cmake/Modules/FindGflags.cmake
[1.274s] -- Symlinking: /home/sechan/colcon_ws/install/cmake_modules/share/cmake_modules/cmake/Modules/FindNUMPY.cmake
[1.289s] -- Symlinking: /home/sechan/colcon_ws/install/cmake_modules/share/cmake_modules/cmake/Modules/FindPoco.cmake
[1.304s] -- Symlinking: /home/sechan/colcon_ws/install/cmake_modules/share/cmake_modules/cmake/Modules/FindTBB.cmake
[1.333s] -- Symlinking: /home/sechan/colcon_ws/install/cmake_modules/share/cmake_modules/cmake/Modules/FindTinyXML.cmake
[1.348s] -- Symlinking: /home/sechan/colcon_ws/install/cmake_modules/share/cmake_modules/cmake/Modules/FindTinyXML2.cmake
[1.369s] -- Symlinking: /home/sechan/colcon_ws/install/cmake_modules/share/cmake_modules/cmake/Modules/FindUUID.cmake
[1.389s] -- Symlinking: /home/sechan/colcon_ws/install/cmake_modules/share/cmake_modules/cmake/Modules/FindXenomai.cmake
[1.410s] -- Symlinking: /home/sechan/colcon_ws/install/cmake_modules/share/ament_index/resource_index/package_run_dependencies/cmake_modules
[1.426s] -- Symlinking: /home/sechan/colcon_ws/install/cmake_modules/share/ament_index/resource_index/parent_prefix_path/cmake_modules
[1.441s] -- Symlinking: /home/sechan/colcon_ws/install/cmake_modules/share/cmake_modules/environment/ament_prefix_path.sh
[1.455s] -- Symlinking: /home/sechan/colcon_ws/install/cmake_modules/share/cmake_modules/environment/ament_prefix_path.dsv
[1.472s] -- Symlinking: /home/sechan/colcon_ws/install/cmake_modules/share/cmake_modules/environment/path.sh
[1.487s] -- Symlinking: /home/sechan/colcon_ws/install/cmake_modules/share/cmake_modules/environment/path.dsv
[1.502s] -- Symlinking: /home/sechan/colcon_ws/install/cmake_modules/share/cmake_modules/local_setup.bash
[1.516s] -- Symlinking: /home/sechan/colcon_ws/install/cmake_modules/share/cmake_modules/local_setup.sh
[1.533s] -- Symlinking: /home/sechan/colcon_ws/install/cmake_modules/share/cmake_modules/local_setup.zsh
[1.549s] -- Symlinking: /home/sechan/colcon_ws/install/cmake_modules/share/cmake_modules/local_setup.dsv
[1.564s] -- Symlinking: /home/sechan/colcon_ws/install/cmake_modules/share/cmake_modules/package.dsv
[1.578s] -- Symlinking: /home/sechan/colcon_ws/install/cmake_modules/share/ament_index/resource_index/packages/cmake_modules
[1.592s] -- Symlinking: /home/sechan/colcon_ws/install/cmake_modules/share/cmake_modules/cmake/cmake_modules-extras.cmake
[1.607s] -- Symlinking: /home/sechan/colcon_ws/install/cmake_modules/share/cmake_modules/cmake/ament_cmake_export_dependencies-extras.cmake
[1.618s] -- Symlinking: /home/sechan/colcon_ws/install/cmake_modules/share/cmake_modules/cmake/cmake_modulesConfig.cmake
[1.630s] -- Symlinking: /home/sechan/colcon_ws/install/cmake_modules/share/cmake_modules/cmake/cmake_modulesConfig-version.cmake
[1.639s] -- Symlinking: /home/sechan/colcon_ws/install/cmake_modules/share/cmake_modules/package.xml
[1.673s] Invoked command in '/home/sechan/colcon_ws/build/cmake_modules' returned '0': CMAKE_PREFIX_PATH=${CMAKE_PREFIX_PATH}:/home/sechan/colcon_ws/install/open_manipulator_x_teleop:/opt/ros/humble /usr/bin/cmake --install /home/sechan/colcon_ws/build/cmake_modules
