[0.237s] Invoking command in '/home/kimdu/hanse/build/open_manipulator_msgs': CMAKE_PREFIX_PATH=${CMAKE_PREFIX_PATH}:/home/kimdu/hanse/install/open_manipulator_x_teleop:/home/kimdu/hanse/install/ai_manipulation:/home/kimdu/pinkbot/install/minibot_driving:/home/kimdu/pinkbot/install/mas_test:/opt/ros/humble /usr/bin/cmake --build /home/kimdu/hanse/build/open_manipulator_msgs -- -j8 -l8
[0.290s] [  1%] Built target open_manipulator_msgs__cpp
[0.297s] [ 12%] Built target open_manipulator_msgs__rosidl_generator_c
[0.304s] [ 12%] Built target ament_cmake_python_copy_open_manipulator_msgs
[0.331s] [ 32%] Built target open_manipulator_msgs__rosidl_typesupport_cpp
[0.331s] [ 35%] Built target open_manipulator_msgs__rosidl_typesupport_introspection_cpp
[0.347s] [ 47%] Built target open_manipulator_msgs__rosidl_typesupport_fastrtps_c
[0.347s] [ 58%] Built target open_manipulator_msgs__rosidl_typesupport_introspection_c
[0.352s] [ 70%] Built target open_manipulator_msgs__rosidl_typesupport_c
[0.354s] [ 82%] Built target open_manipulator_msgs__rosidl_typesupport_fastrtps_cpp
[0.381s] [ 82%] Built target open_manipulator_msgs
[0.396s] [ 83%] Built target open_manipulator_msgs__py
[0.419s] [ 93%] Built target open_manipulator_msgs__rosidl_generator_py
[0.450s] [ 96%] Built target open_manipulator_msgs__rosidl_typesupport_fastrtps_c__pyext
[0.451s] [ 97%] Built target open_manipulator_msgs__rosidl_typesupport_introspection_c__pyext
[0.453s] [100%] Built target open_manipulator_msgs__rosidl_typesupport_c__pyext
[0.561s] running egg_info
[0.561s] writing open_manipulator_msgs.egg-info/PKG-INFO
[0.561s] writing dependency_links to open_manipulator_msgs.egg-info/dependency_links.txt
[0.561s] writing top-level names to open_manipulator_msgs.egg-info/top_level.txt
[0.563s] reading manifest file 'open_manipulator_msgs.egg-info/SOURCES.txt'
[0.564s] writing manifest file 'open_manipulator_msgs.egg-info/SOURCES.txt'
[0.586s] [100%] Built target ament_cmake_python_build_open_manipulator_msgs_egg
[0.733s] Invoked command in '/home/kimdu/hanse/build/open_manipulator_msgs' returned '0': CMAKE_PREFIX_PATH=${CMAKE_PREFIX_PATH}:/home/kimdu/hanse/install/open_manipulator_x_teleop:/home/kimdu/hanse/install/ai_manipulation:/home/kimdu/pinkbot/install/minibot_driving:/home/kimdu/pinkbot/install/mas_test:/opt/ros/humble /usr/bin/cmake --build /home/kimdu/hanse/build/open_manipulator_msgs -- -j8 -l8
[0.912s] Invoking command in '/home/kimdu/hanse/build/open_manipulator_msgs': CMAKE_PREFIX_PATH=${CMAKE_PREFIX_PATH}:/home/kimdu/hanse/install/open_manipulator_x_teleop:/home/kimdu/hanse/install/ai_manipulation:/home/kimdu/pinkbot/install/minibot_driving:/home/kimdu/pinkbot/install/mas_test:/opt/ros/humble /usr/bin/cmake --install /home/kimdu/hanse/build/open_manipulator_msgs
[0.924s] -- Install configuration: ""
[0.924s] -- Up-to-date: /home/kimdu/hanse/install/open_manipulator_msgs/share/ament_index/resource_index/rosidl_interfaces/open_manipulator_msgs
[0.924s] -- Up-to-date: /home/kimdu/hanse/install/open_manipulator_msgs/include/open_manipulator_msgs/open_manipulator_msgs
[0.924s] -- Up-to-date: /home/kimdu/hanse/install/open_manipulator_msgs/include/open_manipulator_msgs/open_manipulator_msgs/msg
[0.924s] -- Up-to-date: /home/kimdu/hanse/install/open_manipulator_msgs/include/open_manipulator_msgs/open_manipulator_msgs/msg/open_manipulator_state.h
[0.924s] -- Up-to-date: /home/kimdu/hanse/install/open_manipulator_msgs/include/open_manipulator_msgs/open_manipulator_msgs/msg/kinematics_pose.h
[0.924s] -- Up-to-date: /home/kimdu/hanse/install/open_manipulator_msgs/include/open_manipulator_msgs/open_manipulator_msgs/msg/rosidl_generator_c__visibility_control.h
[0.924s] -- Up-to-date: /home/kimdu/hanse/install/open_manipulator_msgs/include/open_manipulator_msgs/open_manipulator_msgs/msg/joint_position.h
[0.925s] -- Up-to-date: /home/kimdu/hanse/install/open_manipulator_msgs/include/open_manipulator_msgs/open_manipulator_msgs/msg/detail
[0.925s] -- Up-to-date: /home/kimdu/hanse/install/open_manipulator_msgs/include/open_manipulator_msgs/open_manipulator_msgs/msg/detail/kinematics_pose__functions.c
[0.925s] -- Up-to-date: /home/kimdu/hanse/install/open_manipulator_msgs/include/open_manipulator_msgs/open_manipulator_msgs/msg/detail/joint_position__functions.h
[0.925s] -- Up-to-date: /home/kimdu/hanse/install/open_manipulator_msgs/include/open_manipulator_msgs/open_manipulator_msgs/msg/detail/open_manipulator_state__struct.h
[0.925s] -- Up-to-date: /home/kimdu/hanse/install/open_manipulator_msgs/include/open_manipulator_msgs/open_manipulator_msgs/msg/detail/kinematics_pose__type_support.h
[0.925s] -- Up-to-date: /home/kimdu/hanse/install/open_manipulator_msgs/include/open_manipulator_msgs/open_manipulator_msgs/msg/detail/kinematics_pose__functions.h
[0.925s] -- Up-to-date: /home/kimdu/hanse/install/open_manipulator_msgs/include/open_manipulator_msgs/open_manipulator_msgs/msg/detail/joint_position__struct.h
[0.925s] -- Up-to-date: /home/kimdu/hanse/install/open_manipulator_msgs/include/open_manipulator_msgs/open_manipulator_msgs/msg/detail/open_manipulator_state__functions.c
[0.925s] -- Up-to-date: /home/kimdu/hanse/install/open_manipulator_msgs/include/open_manipulator_msgs/open_manipulator_msgs/msg/detail/open_manipulator_state__functions.h
[0.925s] -- Up-to-date: /home/kimdu/hanse/install/open_manipulator_msgs/include/open_manipulator_msgs/open_manipulator_msgs/msg/detail/kinematics_pose__struct.h
[0.925s] -- Up-to-date: /home/kimdu/hanse/install/open_manipulator_msgs/include/open_manipulator_msgs/open_manipulator_msgs/msg/detail/open_manipulator_state__type_support.h
[0.926s] -- Up-to-date: /home/kimdu/hanse/install/open_manipulator_msgs/include/open_manipulator_msgs/open_manipulator_msgs/msg/detail/joint_position__type_support.h
[0.926s] -- Up-to-date: /home/kimdu/hanse/install/open_manipulator_msgs/include/open_manipulator_msgs/open_manipulator_msgs/msg/detail/joint_position__functions.c
[0.926s] -- Up-to-date: /home/kimdu/hanse/install/open_manipulator_msgs/include/open_manipulator_msgs/open_manipulator_msgs/srv
[0.926s] -- Up-to-date: /home/kimdu/hanse/install/open_manipulator_msgs/include/open_manipulator_msgs/open_manipulator_msgs/srv/set_actuator_state.h
[0.926s] -- Up-to-date: /home/kimdu/hanse/install/open_manipulator_msgs/include/open_manipulator_msgs/open_manipulator_msgs/srv/get_joint_position.h
[0.926s] -- Up-to-date: /home/kimdu/hanse/install/open_manipulator_msgs/include/open_manipulator_msgs/open_manipulator_msgs/srv/set_drawing_trajectory.h
[0.926s] -- Up-to-date: /home/kimdu/hanse/install/open_manipulator_msgs/include/open_manipulator_msgs/open_manipulator_msgs/srv/set_joint_position.h
[0.926s] -- Up-to-date: /home/kimdu/hanse/install/open_manipulator_msgs/include/open_manipulator_msgs/open_manipulator_msgs/srv/get_kinematics_pose.h
[0.926s] -- Up-to-date: /home/kimdu/hanse/install/open_manipulator_msgs/include/open_manipulator_msgs/open_manipulator_msgs/srv/detail
[0.926s] -- Up-to-date: /home/kimdu/hanse/install/open_manipulator_msgs/include/open_manipulator_msgs/open_manipulator_msgs/srv/detail/set_joint_position__functions.h
[0.926s] -- Up-to-date: /home/kimdu/hanse/install/open_manipulator_msgs/include/open_manipulator_msgs/open_manipulator_msgs/srv/detail/set_kinematics_pose__functions.h
[0.926s] -- Up-to-date: /home/kimdu/hanse/install/open_manipulator_msgs/include/open_manipulator_msgs/open_manipulator_msgs/srv/detail/set_kinematics_pose__functions.c
[0.927s] -- Up-to-date: /home/kimdu/hanse/install/open_manipulator_msgs/include/open_manipulator_msgs/open_manipulator_msgs/srv/detail/set_drawing_trajectory__struct.h
[0.927s] -- Up-to-date: /home/kimdu/hanse/install/open_manipulator_msgs/include/open_manipulator_msgs/open_manipulator_msgs/srv/detail/set_drawing_trajectory__type_support.h
[0.927s] -- Up-to-date: /home/kimdu/hanse/install/open_manipulator_msgs/include/open_manipulator_msgs/open_manipulator_msgs/srv/detail/get_joint_position__functions.c
[0.927s] -- Up-to-date: /home/kimdu/hanse/install/open_manipulator_msgs/include/open_manipulator_msgs/open_manipulator_msgs/srv/detail/set_actuator_state__functions.c
[0.927s] -- Up-to-date: /home/kimdu/hanse/install/open_manipulator_msgs/include/open_manipulator_msgs/open_manipulator_msgs/srv/detail/get_kinematics_pose__functions.h
[0.927s] -- Up-to-date: /home/kimdu/hanse/install/open_manipulator_msgs/include/open_manipulator_msgs/open_manipulator_msgs/srv/detail/get_kinematics_pose__type_support.h
[0.927s] -- Up-to-date: /home/kimdu/hanse/install/open_manipulator_msgs/include/open_manipulator_msgs/open_manipulator_msgs/srv/detail/set_joint_position__struct.h
[0.927s] -- Up-to-date: /home/kimdu/hanse/install/open_manipulator_msgs/include/open_manipulator_msgs/open_manipulator_msgs/srv/detail/get_joint_position__struct.h
[0.927s] -- Up-to-date: /home/kimdu/hanse/install/open_manipulator_msgs/include/open_manipulator_msgs/open_manipulator_msgs/srv/detail/get_kinematics_pose__struct.h
[0.927s] -- Up-to-date: /home/kimdu/hanse/install/open_manipulator_msgs/include/open_manipulator_msgs/open_manipulator_msgs/srv/detail/set_actuator_state__type_support.h
[0.927s] -- Up-to-date: /home/kimdu/hanse/install/open_manipulator_msgs/include/open_manipulator_msgs/open_manipulator_msgs/srv/detail/set_actuator_state__functions.h
[0.927s] -- Up-to-date: /home/kimdu/hanse/install/open_manipulator_msgs/include/open_manipulator_msgs/open_manipulator_msgs/srv/detail/set_kinematics_pose__type_support.h
[0.928s] -- Up-to-date: /home/kimdu/hanse/install/open_manipulator_msgs/include/open_manipulator_msgs/open_manipulator_msgs/srv/detail/set_joint_position__type_support.h
[0.928s] -- Up-to-date: /home/kimdu/hanse/install/open_manipulator_msgs/include/open_manipulator_msgs/open_manipulator_msgs/srv/detail/set_drawing_trajectory__functions.c
[0.928s] -- Up-to-date: /home/kimdu/hanse/install/open_manipulator_msgs/include/open_manipulator_msgs/open_manipulator_msgs/srv/detail/get_joint_position__functions.h
[0.928s] -- Up-to-date: /home/kimdu/hanse/install/open_manipulator_msgs/include/open_manipulator_msgs/open_manipulator_msgs/srv/detail/set_actuator_state__struct.h
[0.928s] -- Up-to-date: /home/kimdu/hanse/install/open_manipulator_msgs/include/open_manipulator_msgs/open_manipulator_msgs/srv/detail/set_drawing_trajectory__functions.h
[0.928s] -- Up-to-date: /home/kimdu/hanse/install/open_manipulator_msgs/include/open_manipulator_msgs/open_manipulator_msgs/srv/detail/get_joint_position__type_support.h
[0.928s] -- Up-to-date: /home/kimdu/hanse/install/open_manipulator_msgs/include/open_manipulator_msgs/open_manipulator_msgs/srv/detail/set_kinematics_pose__struct.h
[0.928s] -- Up-to-date: /home/kimdu/hanse/install/open_manipulator_msgs/include/open_manipulator_msgs/open_manipulator_msgs/srv/detail/get_kinematics_pose__functions.c
[0.928s] -- Up-to-date: /home/kimdu/hanse/install/open_manipulator_msgs/include/open_manipulator_msgs/open_manipulator_msgs/srv/detail/set_joint_position__functions.c
[0.928s] -- Up-to-date: /home/kimdu/hanse/install/open_manipulator_msgs/include/open_manipulator_msgs/open_manipulator_msgs/srv/set_kinematics_pose.h
[0.928s] -- Up-to-date: /home/kimdu/hanse/install/open_manipulator_msgs/share/open_manipulator_msgs/environment/library_path.sh
[0.928s] -- Up-to-date: /home/kimdu/hanse/install/open_manipulator_msgs/share/open_manipulator_msgs/environment/library_path.dsv
[0.928s] -- Up-to-date: /home/kimdu/hanse/install/open_manipulator_msgs/lib/libopen_manipulator_msgs__rosidl_generator_c.so
[0.928s] -- Up-to-date: /home/kimdu/hanse/install/open_manipulator_msgs/include/open_manipulator_msgs/open_manipulator_msgs
[0.929s] -- Up-to-date: /home/kimdu/hanse/install/open_manipulator_msgs/include/open_manipulator_msgs/open_manipulator_msgs/msg
[0.929s] -- Up-to-date: /home/kimdu/hanse/install/open_manipulator_msgs/include/open_manipulator_msgs/open_manipulator_msgs/msg/rosidl_typesupport_fastrtps_c__visibility_control.h
[0.929s] -- Up-to-date: /home/kimdu/hanse/install/open_manipulator_msgs/include/open_manipulator_msgs/open_manipulator_msgs/msg/detail
[0.929s] -- Up-to-date: /home/kimdu/hanse/install/open_manipulator_msgs/include/open_manipulator_msgs/open_manipulator_msgs/msg/detail/kinematics_pose__rosidl_typesupport_fastrtps_c.h
[0.929s] -- Up-to-date: /home/kimdu/hanse/install/open_manipulator_msgs/include/open_manipulator_msgs/open_manipulator_msgs/msg/detail/joint_position__rosidl_typesupport_fastrtps_c.h
[0.929s] -- Up-to-date: /home/kimdu/hanse/install/open_manipulator_msgs/include/open_manipulator_msgs/open_manipulator_msgs/msg/detail/open_manipulator_state__rosidl_typesupport_fastrtps_c.h
[0.929s] -- Up-to-date: /home/kimdu/hanse/install/open_manipulator_msgs/include/open_manipulator_msgs/open_manipulator_msgs/srv
[0.929s] -- Up-to-date: /home/kimdu/hanse/install/open_manipulator_msgs/include/open_manipulator_msgs/open_manipulator_msgs/srv/detail
[0.929s] -- Up-to-date: /home/kimdu/hanse/install/open_manipulator_msgs/include/open_manipulator_msgs/open_manipulator_msgs/srv/detail/get_kinematics_pose__rosidl_typesupport_fastrtps_c.h
[0.929s] -- Up-to-date: /home/kimdu/hanse/install/open_manipulator_msgs/include/open_manipulator_msgs/open_manipulator_msgs/srv/detail/set_drawing_trajectory__rosidl_typesupport_fastrtps_c.h
[0.929s] -- Up-to-date: /home/kimdu/hanse/install/open_manipulator_msgs/include/open_manipulator_msgs/open_manipulator_msgs/srv/detail/set_actuator_state__rosidl_typesupport_fastrtps_c.h
[0.929s] -- Up-to-date: /home/kimdu/hanse/install/open_manipulator_msgs/include/open_manipulator_msgs/open_manipulator_msgs/srv/detail/get_joint_position__rosidl_typesupport_fastrtps_c.h
[0.929s] -- Up-to-date: /home/kimdu/hanse/install/open_manipulator_msgs/include/open_manipulator_msgs/open_manipulator_msgs/srv/detail/set_kinematics_pose__rosidl_typesupport_fastrtps_c.h
[0.929s] -- Up-to-date: /home/kimdu/hanse/install/open_manipulator_msgs/include/open_manipulator_msgs/open_manipulator_msgs/srv/detail/set_joint_position__rosidl_typesupport_fastrtps_c.h
[0.929s] -- Up-to-date: /home/kimdu/hanse/install/open_manipulator_msgs/lib/libopen_manipulator_msgs__rosidl_typesupport_fastrtps_c.so
[0.930s] -- Up-to-date: /home/kimdu/hanse/install/open_manipulator_msgs/include/open_manipulator_msgs/open_manipulator_msgs
[0.930s] -- Up-to-date: /home/kimdu/hanse/install/open_manipulator_msgs/include/open_manipulator_msgs/open_manipulator_msgs/msg
[0.930s] -- Up-to-date: /home/kimdu/hanse/install/open_manipulator_msgs/include/open_manipulator_msgs/open_manipulator_msgs/msg/open_manipulator_state.hpp
[0.930s] -- Up-to-date: /home/kimdu/hanse/install/open_manipulator_msgs/include/open_manipulator_msgs/open_manipulator_msgs/msg/kinematics_pose.hpp
[0.930s] -- Up-to-date: /home/kimdu/hanse/install/open_manipulator_msgs/include/open_manipulator_msgs/open_manipulator_msgs/msg/joint_position.hpp
[0.930s] -- Up-to-date: /home/kimdu/hanse/install/open_manipulator_msgs/include/open_manipulator_msgs/open_manipulator_msgs/msg/detail
[0.930s] -- Up-to-date: /home/kimdu/hanse/install/open_manipulator_msgs/include/open_manipulator_msgs/open_manipulator_msgs/msg/detail/joint_position__struct.hpp
[0.930s] -- Up-to-date: /home/kimdu/hanse/install/open_manipulator_msgs/include/open_manipulator_msgs/open_manipulator_msgs/msg/detail/kinematics_pose__traits.hpp
[0.930s] -- Up-to-date: /home/kimdu/hanse/install/open_manipulator_msgs/include/open_manipulator_msgs/open_manipulator_msgs/msg/detail/joint_position__traits.hpp
[0.930s] -- Up-to-date: /home/kimdu/hanse/install/open_manipulator_msgs/include/open_manipulator_msgs/open_manipulator_msgs/msg/detail/open_manipulator_state__builder.hpp
[0.930s] -- Up-to-date: /home/kimdu/hanse/install/open_manipulator_msgs/include/open_manipulator_msgs/open_manipulator_msgs/msg/detail/kinematics_pose__builder.hpp
[0.930s] -- Up-to-date: /home/kimdu/hanse/install/open_manipulator_msgs/include/open_manipulator_msgs/open_manipulator_msgs/msg/detail/joint_position__builder.hpp
[0.930s] -- Up-to-date: /home/kimdu/hanse/install/open_manipulator_msgs/include/open_manipulator_msgs/open_manipulator_msgs/msg/detail/open_manipulator_state__traits.hpp
[0.930s] -- Up-to-date: /home/kimdu/hanse/install/open_manipulator_msgs/include/open_manipulator_msgs/open_manipulator_msgs/msg/detail/kinematics_pose__struct.hpp
[0.930s] -- Up-to-date: /home/kimdu/hanse/install/open_manipulator_msgs/include/open_manipulator_msgs/open_manipulator_msgs/msg/detail/open_manipulator_state__struct.hpp
[0.930s] -- Up-to-date: /home/kimdu/hanse/install/open_manipulator_msgs/include/open_manipulator_msgs/open_manipulator_msgs/srv
[0.930s] -- Up-to-date: /home/kimdu/hanse/install/open_manipulator_msgs/include/open_manipulator_msgs/open_manipulator_msgs/srv/set_joint_position.hpp
[0.930s] -- Up-to-date: /home/kimdu/hanse/install/open_manipulator_msgs/include/open_manipulator_msgs/open_manipulator_msgs/srv/get_joint_position.hpp
[0.931s] -- Up-to-date: /home/kimdu/hanse/install/open_manipulator_msgs/include/open_manipulator_msgs/open_manipulator_msgs/srv/set_drawing_trajectory.hpp
[0.931s] -- Up-to-date: /home/kimdu/hanse/install/open_manipulator_msgs/include/open_manipulator_msgs/open_manipulator_msgs/srv/get_kinematics_pose.hpp
[0.931s] -- Up-to-date: /home/kimdu/hanse/install/open_manipulator_msgs/include/open_manipulator_msgs/open_manipulator_msgs/srv/detail
[0.931s] -- Up-to-date: /home/kimdu/hanse/install/open_manipulator_msgs/include/open_manipulator_msgs/open_manipulator_msgs/srv/detail/get_kinematics_pose__builder.hpp
[0.931s] -- Up-to-date: /home/kimdu/hanse/install/open_manipulator_msgs/include/open_manipulator_msgs/open_manipulator_msgs/srv/detail/get_joint_position__struct.hpp
[0.931s] -- Up-to-date: /home/kimdu/hanse/install/open_manipulator_msgs/include/open_manipulator_msgs/open_manipulator_msgs/srv/detail/set_kinematics_pose__builder.hpp
[0.931s] -- Up-to-date: /home/kimdu/hanse/install/open_manipulator_msgs/include/open_manipulator_msgs/open_manipulator_msgs/srv/detail/set_joint_position__struct.hpp
[0.931s] -- Up-to-date: /home/kimdu/hanse/install/open_manipulator_msgs/include/open_manipulator_msgs/open_manipulator_msgs/srv/detail/set_drawing_trajectory__struct.hpp
[0.931s] -- Up-to-date: /home/kimdu/hanse/install/open_manipulator_msgs/include/open_manipulator_msgs/open_manipulator_msgs/srv/detail/get_kinematics_pose__struct.hpp
[0.931s] -- Up-to-date: /home/kimdu/hanse/install/open_manipulator_msgs/include/open_manipulator_msgs/open_manipulator_msgs/srv/detail/set_joint_position__traits.hpp
[0.931s] -- Up-to-date: /home/kimdu/hanse/install/open_manipulator_msgs/include/open_manipulator_msgs/open_manipulator_msgs/srv/detail/set_drawing_trajectory__traits.hpp
[0.931s] -- Up-to-date: /home/kimdu/hanse/install/open_manipulator_msgs/include/open_manipulator_msgs/open_manipulator_msgs/srv/detail/set_kinematics_pose__traits.hpp
[0.932s] -- Up-to-date: /home/kimdu/hanse/install/open_manipulator_msgs/include/open_manipulator_msgs/open_manipulator_msgs/srv/detail/get_joint_position__builder.hpp
[0.932s] -- Up-to-date: /home/kimdu/hanse/install/open_manipulator_msgs/include/open_manipulator_msgs/open_manipulator_msgs/srv/detail/set_drawing_trajectory__builder.hpp
[0.932s] -- Up-to-date: /home/kimdu/hanse/install/open_manipulator_msgs/include/open_manipulator_msgs/open_manipulator_msgs/srv/detail/set_actuator_state__struct.hpp
[0.932s] -- Up-to-date: /home/kimdu/hanse/install/open_manipulator_msgs/include/open_manipulator_msgs/open_manipulator_msgs/srv/detail/set_joint_position__builder.hpp
[0.932s] -- Up-to-date: /home/kimdu/hanse/install/open_manipulator_msgs/include/open_manipulator_msgs/open_manipulator_msgs/srv/detail/set_actuator_state__builder.hpp
[0.932s] -- Up-to-date: /home/kimdu/hanse/install/open_manipulator_msgs/include/open_manipulator_msgs/open_manipulator_msgs/srv/detail/get_joint_position__traits.hpp
[0.932s] -- Up-to-date: /home/kimdu/hanse/install/open_manipulator_msgs/include/open_manipulator_msgs/open_manipulator_msgs/srv/detail/get_kinematics_pose__traits.hpp
[0.932s] -- Up-to-date: /home/kimdu/hanse/install/open_manipulator_msgs/include/open_manipulator_msgs/open_manipulator_msgs/srv/detail/set_actuator_state__traits.hpp
[0.932s] -- Up-to-date: /home/kimdu/hanse/install/open_manipulator_msgs/include/open_manipulator_msgs/open_manipulator_msgs/srv/detail/set_kinematics_pose__struct.hpp
[0.932s] -- Up-to-date: /home/kimdu/hanse/install/open_manipulator_msgs/include/open_manipulator_msgs/open_manipulator_msgs/srv/set_actuator_state.hpp
[0.933s] -- Up-to-date: /home/kimdu/hanse/install/open_manipulator_msgs/include/open_manipulator_msgs/open_manipulator_msgs/srv/set_kinematics_pose.hpp
[0.933s] -- Up-to-date: /home/kimdu/hanse/install/open_manipulator_msgs/include/open_manipulator_msgs/open_manipulator_msgs
[0.933s] -- Up-to-date: /home/kimdu/hanse/install/open_manipulator_msgs/include/open_manipulator_msgs/open_manipulator_msgs/msg
[0.933s] -- Up-to-date: /home/kimdu/hanse/install/open_manipulator_msgs/include/open_manipulator_msgs/open_manipulator_msgs/msg/rosidl_typesupport_fastrtps_cpp__visibility_control.h
[0.933s] -- Up-to-date: /home/kimdu/hanse/install/open_manipulator_msgs/include/open_manipulator_msgs/open_manipulator_msgs/msg/detail
[0.933s] -- Up-to-date: /home/kimdu/hanse/install/open_manipulator_msgs/include/open_manipulator_msgs/open_manipulator_msgs/msg/detail/open_manipulator_state__rosidl_typesupport_fastrtps_cpp.hpp
[0.933s] -- Up-to-date: /home/kimdu/hanse/install/open_manipulator_msgs/include/open_manipulator_msgs/open_manipulator_msgs/msg/detail/joint_position__rosidl_typesupport_fastrtps_cpp.hpp
[0.933s] -- Up-to-date: /home/kimdu/hanse/install/open_manipulator_msgs/include/open_manipulator_msgs/open_manipulator_msgs/msg/detail/dds_fastrtps
[0.933s] -- Up-to-date: /home/kimdu/hanse/install/open_manipulator_msgs/include/open_manipulator_msgs/open_manipulator_msgs/msg/detail/kinematics_pose__rosidl_typesupport_fastrtps_cpp.hpp
[0.933s] -- Up-to-date: /home/kimdu/hanse/install/open_manipulator_msgs/include/open_manipulator_msgs/open_manipulator_msgs/srv
[0.933s] -- Up-to-date: /home/kimdu/hanse/install/open_manipulator_msgs/include/open_manipulator_msgs/open_manipulator_msgs/srv/detail
[0.933s] -- Up-to-date: /home/kimdu/hanse/install/open_manipulator_msgs/include/open_manipulator_msgs/open_manipulator_msgs/srv/detail/get_joint_position__rosidl_typesupport_fastrtps_cpp.hpp
[0.933s] -- Up-to-date: /home/kimdu/hanse/install/open_manipulator_msgs/include/open_manipulator_msgs/open_manipulator_msgs/srv/detail/set_drawing_trajectory__rosidl_typesupport_fastrtps_cpp.hpp
[0.933s] -- Up-to-date: /home/kimdu/hanse/install/open_manipulator_msgs/include/open_manipulator_msgs/open_manipulator_msgs/srv/detail/set_kinematics_pose__rosidl_typesupport_fastrtps_cpp.hpp
[0.933s] -- Up-to-date: /home/kimdu/hanse/install/open_manipulator_msgs/include/open_manipulator_msgs/open_manipulator_msgs/srv/detail/dds_fastrtps
[0.934s] -- Up-to-date: /home/kimdu/hanse/install/open_manipulator_msgs/include/open_manipulator_msgs/open_manipulator_msgs/srv/detail/set_joint_position__rosidl_typesupport_fastrtps_cpp.hpp
[0.934s] -- Up-to-date: /home/kimdu/hanse/install/open_manipulator_msgs/include/open_manipulator_msgs/open_manipulator_msgs/srv/detail/set_actuator_state__rosidl_typesupport_fastrtps_cpp.hpp
[0.934s] -- Up-to-date: /home/kimdu/hanse/install/open_manipulator_msgs/include/open_manipulator_msgs/open_manipulator_msgs/srv/detail/get_kinematics_pose__rosidl_typesupport_fastrtps_cpp.hpp
[0.934s] -- Up-to-date: /home/kimdu/hanse/install/open_manipulator_msgs/lib/libopen_manipulator_msgs__rosidl_typesupport_fastrtps_cpp.so
[0.934s] -- Up-to-date: /home/kimdu/hanse/install/open_manipulator_msgs/include/open_manipulator_msgs/open_manipulator_msgs
[0.934s] -- Up-to-date: /home/kimdu/hanse/install/open_manipulator_msgs/include/open_manipulator_msgs/open_manipulator_msgs/msg
[0.934s] -- Up-to-date: /home/kimdu/hanse/install/open_manipulator_msgs/include/open_manipulator_msgs/open_manipulator_msgs/msg/rosidl_typesupport_introspection_c__visibility_control.h
[0.934s] -- Up-to-date: /home/kimdu/hanse/install/open_manipulator_msgs/include/open_manipulator_msgs/open_manipulator_msgs/msg/detail
[0.934s] -- Up-to-date: /home/kimdu/hanse/install/open_manipulator_msgs/include/open_manipulator_msgs/open_manipulator_msgs/msg/detail/open_manipulator_state__type_support.c
[0.934s] -- Up-to-date: /home/kimdu/hanse/install/open_manipulator_msgs/include/open_manipulator_msgs/open_manipulator_msgs/msg/detail/kinematics_pose__rosidl_typesupport_introspection_c.h
[0.934s] -- Up-to-date: /home/kimdu/hanse/install/open_manipulator_msgs/include/open_manipulator_msgs/open_manipulator_msgs/msg/detail/joint_position__type_support.c
[0.934s] -- Up-to-date: /home/kimdu/hanse/install/open_manipulator_msgs/include/open_manipulator_msgs/open_manipulator_msgs/msg/detail/kinematics_pose__type_support.c
[0.934s] -- Up-to-date: /home/kimdu/hanse/install/open_manipulator_msgs/include/open_manipulator_msgs/open_manipulator_msgs/msg/detail/joint_position__rosidl_typesupport_introspection_c.h
[0.935s] -- Up-to-date: /home/kimdu/hanse/install/open_manipulator_msgs/include/open_manipulator_msgs/open_manipulator_msgs/msg/detail/open_manipulator_state__rosidl_typesupport_introspection_c.h
[0.935s] -- Up-to-date: /home/kimdu/hanse/install/open_manipulator_msgs/include/open_manipulator_msgs/open_manipulator_msgs/srv
[0.935s] -- Up-to-date: /home/kimdu/hanse/install/open_manipulator_msgs/include/open_manipulator_msgs/open_manipulator_msgs/srv/detail
[0.935s] -- Up-to-date: /home/kimdu/hanse/install/open_manipulator_msgs/include/open_manipulator_msgs/open_manipulator_msgs/srv/detail/set_drawing_trajectory__type_support.c
[0.935s] -- Up-to-date: /home/kimdu/hanse/install/open_manipulator_msgs/include/open_manipulator_msgs/open_manipulator_msgs/srv/detail/get_joint_position__rosidl_typesupport_introspection_c.h
[0.936s] -- Up-to-date: /home/kimdu/hanse/install/open_manipulator_msgs/include/open_manipulator_msgs/open_manipulator_msgs/srv/detail/set_actuator_state__rosidl_typesupport_introspection_c.h
[0.937s] -- Up-to-date: /home/kimdu/hanse/install/open_manipulator_msgs/include/open_manipulator_msgs/open_manipulator_msgs/srv/detail/set_drawing_trajectory__rosidl_typesupport_introspection_c.h
[0.937s] -- Up-to-date: /home/kimdu/hanse/install/open_manipulator_msgs/include/open_manipulator_msgs/open_manipulator_msgs/srv/detail/set_kinematics_pose__type_support.c
[0.937s] -- Up-to-date: /home/kimdu/hanse/install/open_manipulator_msgs/include/open_manipulator_msgs/open_manipulator_msgs/srv/detail/get_joint_position__type_support.c
[0.937s] -- Up-to-date: /home/kimdu/hanse/install/open_manipulator_msgs/include/open_manipulator_msgs/open_manipulator_msgs/srv/detail/set_joint_position__rosidl_typesupport_introspection_c.h
[0.937s] -- Up-to-date: /home/kimdu/hanse/install/open_manipulator_msgs/include/open_manipulator_msgs/open_manipulator_msgs/srv/detail/set_joint_position__type_support.c
[0.937s] -- Up-to-date: /home/kimdu/hanse/install/open_manipulator_msgs/include/open_manipulator_msgs/open_manipulator_msgs/srv/detail/set_kinematics_pose__rosidl_typesupport_introspection_c.h
[0.937s] -- Up-to-date: /home/kimdu/hanse/install/open_manipulator_msgs/include/open_manipulator_msgs/open_manipulator_msgs/srv/detail/get_kinematics_pose__rosidl_typesupport_introspection_c.h
[0.937s] -- Up-to-date: /home/kimdu/hanse/install/open_manipulator_msgs/include/open_manipulator_msgs/open_manipulator_msgs/srv/detail/get_kinematics_pose__type_support.c
[0.937s] -- Up-to-date: /home/kimdu/hanse/install/open_manipulator_msgs/include/open_manipulator_msgs/open_manipulator_msgs/srv/detail/set_actuator_state__type_support.c
[0.937s] -- Up-to-date: /home/kimdu/hanse/install/open_manipulator_msgs/lib/libopen_manipulator_msgs__rosidl_typesupport_introspection_c.so
[0.937s] -- Up-to-date: /home/kimdu/hanse/install/open_manipulator_msgs/lib/libopen_manipulator_msgs__rosidl_typesupport_c.so
[0.937s] -- Up-to-date: /home/kimdu/hanse/install/open_manipulator_msgs/include/open_manipulator_msgs/open_manipulator_msgs
[0.937s] -- Up-to-date: /home/kimdu/hanse/install/open_manipulator_msgs/include/open_manipulator_msgs/open_manipulator_msgs/msg
[0.937s] -- Up-to-date: /home/kimdu/hanse/install/open_manipulator_msgs/include/open_manipulator_msgs/open_manipulator_msgs/msg/detail
[0.937s] -- Up-to-date: /home/kimdu/hanse/install/open_manipulator_msgs/include/open_manipulator_msgs/open_manipulator_msgs/msg/detail/kinematics_pose__rosidl_typesupport_introspection_cpp.hpp
[0.938s] -- Up-to-date: /home/kimdu/hanse/install/open_manipulator_msgs/include/open_manipulator_msgs/open_manipulator_msgs/msg/detail/open_manipulator_state__type_support.cpp
[0.938s] -- Up-to-date: /home/kimdu/hanse/install/open_manipulator_msgs/include/open_manipulator_msgs/open_manipulator_msgs/msg/detail/joint_position__type_support.cpp
[0.938s] -- Up-to-date: /home/kimdu/hanse/install/open_manipulator_msgs/include/open_manipulator_msgs/open_manipulator_msgs/msg/detail/joint_position__rosidl_typesupport_introspection_cpp.hpp
[0.938s] -- Up-to-date: /home/kimdu/hanse/install/open_manipulator_msgs/include/open_manipulator_msgs/open_manipulator_msgs/msg/detail/open_manipulator_state__rosidl_typesupport_introspection_cpp.hpp
[0.938s] -- Up-to-date: /home/kimdu/hanse/install/open_manipulator_msgs/include/open_manipulator_msgs/open_manipulator_msgs/msg/detail/kinematics_pose__type_support.cpp
[0.938s] -- Up-to-date: /home/kimdu/hanse/install/open_manipulator_msgs/include/open_manipulator_msgs/open_manipulator_msgs/srv
[0.938s] -- Up-to-date: /home/kimdu/hanse/install/open_manipulator_msgs/include/open_manipulator_msgs/open_manipulator_msgs/srv/detail
[0.938s] -- Up-to-date: /home/kimdu/hanse/install/open_manipulator_msgs/include/open_manipulator_msgs/open_manipulator_msgs/srv/detail/set_joint_position__type_support.cpp
[0.938s] -- Up-to-date: /home/kimdu/hanse/install/open_manipulator_msgs/include/open_manipulator_msgs/open_manipulator_msgs/srv/detail/get_kinematics_pose__type_support.cpp
[0.938s] -- Up-to-date: /home/kimdu/hanse/install/open_manipulator_msgs/include/open_manipulator_msgs/open_manipulator_msgs/srv/detail/set_actuator_state__type_support.cpp
[0.938s] -- Up-to-date: /home/kimdu/hanse/install/open_manipulator_msgs/include/open_manipulator_msgs/open_manipulator_msgs/srv/detail/set_drawing_trajectory__type_support.cpp
[0.938s] -- Up-to-date: /home/kimdu/hanse/install/open_manipulator_msgs/include/open_manipulator_msgs/open_manipulator_msgs/srv/detail/get_kinematics_pose__rosidl_typesupport_introspection_cpp.hpp
[0.938s] -- Up-to-date: /home/kimdu/hanse/install/open_manipulator_msgs/include/open_manipulator_msgs/open_manipulator_msgs/srv/detail/set_kinematics_pose__rosidl_typesupport_introspection_cpp.hpp
[0.938s] -- Up-to-date: /home/kimdu/hanse/install/open_manipulator_msgs/include/open_manipulator_msgs/open_manipulator_msgs/srv/detail/set_kinematics_pose__type_support.cpp
[0.938s] -- Up-to-date: /home/kimdu/hanse/install/open_manipulator_msgs/include/open_manipulator_msgs/open_manipulator_msgs/srv/detail/get_joint_position__rosidl_typesupport_introspection_cpp.hpp
[0.939s] -- Up-to-date: /home/kimdu/hanse/install/open_manipulator_msgs/include/open_manipulator_msgs/open_manipulator_msgs/srv/detail/set_joint_position__rosidl_typesupport_introspection_cpp.hpp
[0.939s] -- Up-to-date: /home/kimdu/hanse/install/open_manipulator_msgs/include/open_manipulator_msgs/open_manipulator_msgs/srv/detail/set_actuator_state__rosidl_typesupport_introspection_cpp.hpp
[0.939s] -- Up-to-date: /home/kimdu/hanse/install/open_manipulator_msgs/include/open_manipulator_msgs/open_manipulator_msgs/srv/detail/get_joint_position__type_support.cpp
[0.939s] -- Up-to-date: /home/kimdu/hanse/install/open_manipulator_msgs/include/open_manipulator_msgs/open_manipulator_msgs/srv/detail/set_drawing_trajectory__rosidl_typesupport_introspection_cpp.hpp
[0.939s] -- Up-to-date: /home/kimdu/hanse/install/open_manipulator_msgs/lib/libopen_manipulator_msgs__rosidl_typesupport_introspection_cpp.so
[0.939s] -- Up-to-date: /home/kimdu/hanse/install/open_manipulator_msgs/lib/libopen_manipulator_msgs__rosidl_typesupport_cpp.so
[0.939s] -- Up-to-date: /home/kimdu/hanse/install/open_manipulator_msgs/share/open_manipulator_msgs/environment/pythonpath.sh
[0.939s] -- Up-to-date: /home/kimdu/hanse/install/open_manipulator_msgs/share/open_manipulator_msgs/environment/pythonpath.dsv
[0.939s] -- Up-to-date: /home/kimdu/hanse/install/open_manipulator_msgs/local/lib/python3.10/dist-packages/open_manipulator_msgs-2.2.0-py3.10.egg-info
[0.939s] -- Installing: /home/kimdu/hanse/install/open_manipulator_msgs/local/lib/python3.10/dist-packages/open_manipulator_msgs-2.2.0-py3.10.egg-info/top_level.txt
[0.939s] -- Installing: /home/kimdu/hanse/install/open_manipulator_msgs/local/lib/python3.10/dist-packages/open_manipulator_msgs-2.2.0-py3.10.egg-info/dependency_links.txt
[0.939s] -- Installing: /home/kimdu/hanse/install/open_manipulator_msgs/local/lib/python3.10/dist-packages/open_manipulator_msgs-2.2.0-py3.10.egg-info/PKG-INFO
[0.939s] -- Installing: /home/kimdu/hanse/install/open_manipulator_msgs/local/lib/python3.10/dist-packages/open_manipulator_msgs-2.2.0-py3.10.egg-info/SOURCES.txt
[0.939s] -- Up-to-date: /home/kimdu/hanse/install/open_manipulator_msgs/local/lib/python3.10/dist-packages/open_manipulator_msgs
[0.940s] -- Up-to-date: /home/kimdu/hanse/install/open_manipulator_msgs/local/lib/python3.10/dist-packages/open_manipulator_msgs/open_manipulator_msgs_s__rosidl_typesupport_c.cpython-310-x86_64-linux-gnu.so
[0.940s] -- Up-to-date: /home/kimdu/hanse/install/open_manipulator_msgs/local/lib/python3.10/dist-packages/open_manipulator_msgs/_open_manipulator_msgs_s.ep.rosidl_typesupport_fastrtps_c.c
[0.940s] -- Up-to-date: /home/kimdu/hanse/install/open_manipulator_msgs/local/lib/python3.10/dist-packages/open_manipulator_msgs/open_manipulator_msgs_s__rosidl_typesupport_fastrtps_c.cpython-310-x86_64-linux-gnu.so
[0.940s] -- Up-to-date: /home/kimdu/hanse/install/open_manipulator_msgs/local/lib/python3.10/dist-packages/open_manipulator_msgs/__init__.py
[0.940s] -- Up-to-date: /home/kimdu/hanse/install/open_manipulator_msgs/local/lib/python3.10/dist-packages/open_manipulator_msgs/msg
[0.940s] -- Up-to-date: /home/kimdu/hanse/install/open_manipulator_msgs/local/lib/python3.10/dist-packages/open_manipulator_msgs/msg/_joint_position_s.c
[0.941s] -- Up-to-date: /home/kimdu/hanse/install/open_manipulator_msgs/local/lib/python3.10/dist-packages/open_manipulator_msgs/msg/_open_manipulator_state_s.c
[0.941s] -- Up-to-date: /home/kimdu/hanse/install/open_manipulator_msgs/local/lib/python3.10/dist-packages/open_manipulator_msgs/msg/_open_manipulator_state.py
[0.941s] -- Up-to-date: /home/kimdu/hanse/install/open_manipulator_msgs/local/lib/python3.10/dist-packages/open_manipulator_msgs/msg/_kinematics_pose.py
[0.941s] -- Up-to-date: /home/kimdu/hanse/install/open_manipulator_msgs/local/lib/python3.10/dist-packages/open_manipulator_msgs/msg/__init__.py
[0.941s] -- Up-to-date: /home/kimdu/hanse/install/open_manipulator_msgs/local/lib/python3.10/dist-packages/open_manipulator_msgs/msg/_kinematics_pose_s.c
[0.941s] -- Up-to-date: /home/kimdu/hanse/install/open_manipulator_msgs/local/lib/python3.10/dist-packages/open_manipulator_msgs/msg/_joint_position.py
[0.941s] -- Up-to-date: /home/kimdu/hanse/install/open_manipulator_msgs/local/lib/python3.10/dist-packages/open_manipulator_msgs/libopen_manipulator_msgs__rosidl_generator_py.so
[0.941s] -- Up-to-date: /home/kimdu/hanse/install/open_manipulator_msgs/local/lib/python3.10/dist-packages/open_manipulator_msgs/_open_manipulator_msgs_s.ep.rosidl_typesupport_c.c
[0.941s] -- Up-to-date: /home/kimdu/hanse/install/open_manipulator_msgs/local/lib/python3.10/dist-packages/open_manipulator_msgs/_open_manipulator_msgs_s.ep.rosidl_typesupport_introspection_c.c
[0.941s] -- Up-to-date: /home/kimdu/hanse/install/open_manipulator_msgs/local/lib/python3.10/dist-packages/open_manipulator_msgs/srv
[0.942s] -- Up-to-date: /home/kimdu/hanse/install/open_manipulator_msgs/local/lib/python3.10/dist-packages/open_manipulator_msgs/srv/_set_actuator_state_s.c
[0.942s] -- Up-to-date: /home/kimdu/hanse/install/open_manipulator_msgs/local/lib/python3.10/dist-packages/open_manipulator_msgs/srv/_get_kinematics_pose_s.c
[0.942s] -- Up-to-date: /home/kimdu/hanse/install/open_manipulator_msgs/local/lib/python3.10/dist-packages/open_manipulator_msgs/srv/_set_drawing_trajectory_s.c
[0.942s] -- Up-to-date: /home/kimdu/hanse/install/open_manipulator_msgs/local/lib/python3.10/dist-packages/open_manipulator_msgs/srv/_set_joint_position.py
[0.942s] -- Up-to-date: /home/kimdu/hanse/install/open_manipulator_msgs/local/lib/python3.10/dist-packages/open_manipulator_msgs/srv/_get_joint_position.py
[0.942s] -- Up-to-date: /home/kimdu/hanse/install/open_manipulator_msgs/local/lib/python3.10/dist-packages/open_manipulator_msgs/srv/_set_actuator_state.py
[0.942s] -- Up-to-date: /home/kimdu/hanse/install/open_manipulator_msgs/local/lib/python3.10/dist-packages/open_manipulator_msgs/srv/_set_joint_position_s.c
[0.942s] -- Up-to-date: /home/kimdu/hanse/install/open_manipulator_msgs/local/lib/python3.10/dist-packages/open_manipulator_msgs/srv/__init__.py
[0.942s] -- Up-to-date: /home/kimdu/hanse/install/open_manipulator_msgs/local/lib/python3.10/dist-packages/open_manipulator_msgs/srv/_set_kinematics_pose.py
[0.942s] -- Up-to-date: /home/kimdu/hanse/install/open_manipulator_msgs/local/lib/python3.10/dist-packages/open_manipulator_msgs/srv/_get_joint_position_s.c
[0.942s] -- Up-to-date: /home/kimdu/hanse/install/open_manipulator_msgs/local/lib/python3.10/dist-packages/open_manipulator_msgs/srv/_set_kinematics_pose_s.c
[0.942s] -- Up-to-date: /home/kimdu/hanse/install/open_manipulator_msgs/local/lib/python3.10/dist-packages/open_manipulator_msgs/srv/_set_drawing_trajectory.py
[0.942s] -- Up-to-date: /home/kimdu/hanse/install/open_manipulator_msgs/local/lib/python3.10/dist-packages/open_manipulator_msgs/srv/_get_kinematics_pose.py
[0.943s] -- Up-to-date: /home/kimdu/hanse/install/open_manipulator_msgs/local/lib/python3.10/dist-packages/open_manipulator_msgs/open_manipulator_msgs_s__rosidl_typesupport_introspection_c.cpython-310-x86_64-linux-gnu.so
[0.969s] Listing '/home/kimdu/hanse/install/open_manipulator_msgs/local/lib/python3.10/dist-packages/open_manipulator_msgs'...
[0.969s] Listing '/home/kimdu/hanse/install/open_manipulator_msgs/local/lib/python3.10/dist-packages/open_manipulator_msgs/msg'...
[0.969s] Listing '/home/kimdu/hanse/install/open_manipulator_msgs/local/lib/python3.10/dist-packages/open_manipulator_msgs/srv'...
[0.974s] -- Up-to-date: /home/kimdu/hanse/install/open_manipulator_msgs/local/lib/python3.10/dist-packages/open_manipulator_msgs/open_manipulator_msgs_s__rosidl_typesupport_fastrtps_c.cpython-310-x86_64-linux-gnu.so
[0.974s] -- Up-to-date: /home/kimdu/hanse/install/open_manipulator_msgs/local/lib/python3.10/dist-packages/open_manipulator_msgs/open_manipulator_msgs_s__rosidl_typesupport_introspection_c.cpython-310-x86_64-linux-gnu.so
[0.974s] -- Up-to-date: /home/kimdu/hanse/install/open_manipulator_msgs/local/lib/python3.10/dist-packages/open_manipulator_msgs/open_manipulator_msgs_s__rosidl_typesupport_c.cpython-310-x86_64-linux-gnu.so
[0.974s] -- Up-to-date: /home/kimdu/hanse/install/open_manipulator_msgs/lib/libopen_manipulator_msgs__rosidl_generator_py.so
[0.974s] -- Up-to-date: /home/kimdu/hanse/install/open_manipulator_msgs/share/open_manipulator_msgs/msg/JointPosition.idl
[0.975s] -- Up-to-date: /home/kimdu/hanse/install/open_manipulator_msgs/share/open_manipulator_msgs/msg/KinematicsPose.idl
[0.975s] -- Up-to-date: /home/kimdu/hanse/install/open_manipulator_msgs/share/open_manipulator_msgs/msg/OpenManipulatorState.idl
[0.975s] -- Up-to-date: /home/kimdu/hanse/install/open_manipulator_msgs/share/open_manipulator_msgs/srv/GetJointPosition.idl
[0.975s] -- Up-to-date: /home/kimdu/hanse/install/open_manipulator_msgs/share/open_manipulator_msgs/srv/GetKinematicsPose.idl
[0.975s] -- Up-to-date: /home/kimdu/hanse/install/open_manipulator_msgs/share/open_manipulator_msgs/srv/SetJointPosition.idl
[0.975s] -- Up-to-date: /home/kimdu/hanse/install/open_manipulator_msgs/share/open_manipulator_msgs/srv/SetKinematicsPose.idl
[0.975s] -- Up-to-date: /home/kimdu/hanse/install/open_manipulator_msgs/share/open_manipulator_msgs/srv/SetDrawingTrajectory.idl
[0.975s] -- Up-to-date: /home/kimdu/hanse/install/open_manipulator_msgs/share/open_manipulator_msgs/srv/SetActuatorState.idl
[0.975s] -- Up-to-date: /home/kimdu/hanse/install/open_manipulator_msgs/share/open_manipulator_msgs/msg/JointPosition.msg
[0.975s] -- Up-to-date: /home/kimdu/hanse/install/open_manipulator_msgs/share/open_manipulator_msgs/msg/KinematicsPose.msg
[0.975s] -- Up-to-date: /home/kimdu/hanse/install/open_manipulator_msgs/share/open_manipulator_msgs/msg/OpenManipulatorState.msg
[0.976s] -- Up-to-date: /home/kimdu/hanse/install/open_manipulator_msgs/share/open_manipulator_msgs/srv/GetJointPosition.srv
[0.976s] -- Up-to-date: /home/kimdu/hanse/install/open_manipulator_msgs/share/open_manipulator_msgs/srv/GetJointPosition_Request.msg
[0.976s] -- Up-to-date: /home/kimdu/hanse/install/open_manipulator_msgs/share/open_manipulator_msgs/srv/GetJointPosition_Response.msg
[0.976s] -- Up-to-date: /home/kimdu/hanse/install/open_manipulator_msgs/share/open_manipulator_msgs/srv/GetKinematicsPose.srv
[0.976s] -- Up-to-date: /home/kimdu/hanse/install/open_manipulator_msgs/share/open_manipulator_msgs/srv/GetKinematicsPose_Request.msg
[0.976s] -- Up-to-date: /home/kimdu/hanse/install/open_manipulator_msgs/share/open_manipulator_msgs/srv/GetKinematicsPose_Response.msg
[0.976s] -- Up-to-date: /home/kimdu/hanse/install/open_manipulator_msgs/share/open_manipulator_msgs/srv/SetJointPosition.srv
[0.976s] -- Up-to-date: /home/kimdu/hanse/install/open_manipulator_msgs/share/open_manipulator_msgs/srv/SetJointPosition_Request.msg
[0.976s] -- Up-to-date: /home/kimdu/hanse/install/open_manipulator_msgs/share/open_manipulator_msgs/srv/SetJointPosition_Response.msg
[0.976s] -- Up-to-date: /home/kimdu/hanse/install/open_manipulator_msgs/share/open_manipulator_msgs/srv/SetKinematicsPose.srv
[0.977s] -- Up-to-date: /home/kimdu/hanse/install/open_manipulator_msgs/share/open_manipulator_msgs/srv/SetKinematicsPose_Request.msg
[0.977s] -- Up-to-date: /home/kimdu/hanse/install/open_manipulator_msgs/share/open_manipulator_msgs/srv/SetKinematicsPose_Response.msg
[0.977s] -- Up-to-date: /home/kimdu/hanse/install/open_manipulator_msgs/share/open_manipulator_msgs/srv/SetDrawingTrajectory.srv
[0.977s] -- Up-to-date: /home/kimdu/hanse/install/open_manipulator_msgs/share/open_manipulator_msgs/srv/SetDrawingTrajectory_Request.msg
[0.977s] -- Up-to-date: /home/kimdu/hanse/install/open_manipulator_msgs/share/open_manipulator_msgs/srv/SetDrawingTrajectory_Response.msg
[0.977s] -- Up-to-date: /home/kimdu/hanse/install/open_manipulator_msgs/share/open_manipulator_msgs/srv/SetActuatorState.srv
[0.977s] -- Up-to-date: /home/kimdu/hanse/install/open_manipulator_msgs/share/open_manipulator_msgs/srv/SetActuatorState_Request.msg
[0.977s] -- Up-to-date: /home/kimdu/hanse/install/open_manipulator_msgs/share/open_manipulator_msgs/srv/SetActuatorState_Response.msg
[0.977s] -- Up-to-date: /home/kimdu/hanse/install/open_manipulator_msgs/share/ament_index/resource_index/package_run_dependencies/open_manipulator_msgs
[0.977s] -- Up-to-date: /home/kimdu/hanse/install/open_manipulator_msgs/share/ament_index/resource_index/parent_prefix_path/open_manipulator_msgs
[0.977s] -- Up-to-date: /home/kimdu/hanse/install/open_manipulator_msgs/share/open_manipulator_msgs/environment/ament_prefix_path.sh
[0.978s] -- Up-to-date: /home/kimdu/hanse/install/open_manipulator_msgs/share/open_manipulator_msgs/environment/ament_prefix_path.dsv
[0.978s] -- Up-to-date: /home/kimdu/hanse/install/open_manipulator_msgs/share/open_manipulator_msgs/environment/path.sh
[0.978s] -- Up-to-date: /home/kimdu/hanse/install/open_manipulator_msgs/share/open_manipulator_msgs/environment/path.dsv
[0.978s] -- Up-to-date: /home/kimdu/hanse/install/open_manipulator_msgs/share/open_manipulator_msgs/local_setup.bash
[0.978s] -- Up-to-date: /home/kimdu/hanse/install/open_manipulator_msgs/share/open_manipulator_msgs/local_setup.sh
[0.978s] -- Up-to-date: /home/kimdu/hanse/install/open_manipulator_msgs/share/open_manipulator_msgs/local_setup.zsh
[0.978s] -- Up-to-date: /home/kimdu/hanse/install/open_manipulator_msgs/share/open_manipulator_msgs/local_setup.dsv
[0.978s] -- Installing: /home/kimdu/hanse/install/open_manipulator_msgs/share/open_manipulator_msgs/package.dsv
[0.978s] -- Up-to-date: /home/kimdu/hanse/install/open_manipulator_msgs/share/ament_index/resource_index/packages/open_manipulator_msgs
[0.978s] -- Up-to-date: /home/kimdu/hanse/install/open_manipulator_msgs/share/open_manipulator_msgs/cmake/export_open_manipulator_msgs__rosidl_generator_cExport.cmake
[0.979s] -- Up-to-date: /home/kimdu/hanse/install/open_manipulator_msgs/share/open_manipulator_msgs/cmake/export_open_manipulator_msgs__rosidl_generator_cExport-noconfig.cmake
[0.979s] -- Up-to-date: /home/kimdu/hanse/install/open_manipulator_msgs/share/open_manipulator_msgs/cmake/export_open_manipulator_msgs__rosidl_typesupport_fastrtps_cExport.cmake
[0.979s] -- Up-to-date: /home/kimdu/hanse/install/open_manipulator_msgs/share/open_manipulator_msgs/cmake/export_open_manipulator_msgs__rosidl_typesupport_fastrtps_cExport-noconfig.cmake
[0.979s] -- Up-to-date: /home/kimdu/hanse/install/open_manipulator_msgs/share/open_manipulator_msgs/cmake/export_open_manipulator_msgs__rosidl_generator_cppExport.cmake
[0.979s] -- Up-to-date: /home/kimdu/hanse/install/open_manipulator_msgs/share/open_manipulator_msgs/cmake/export_open_manipulator_msgs__rosidl_typesupport_fastrtps_cppExport.cmake
[0.979s] -- Up-to-date: /home/kimdu/hanse/install/open_manipulator_msgs/share/open_manipulator_msgs/cmake/export_open_manipulator_msgs__rosidl_typesupport_fastrtps_cppExport-noconfig.cmake
[0.980s] -- Up-to-date: /home/kimdu/hanse/install/open_manipulator_msgs/share/open_manipulator_msgs/cmake/open_manipulator_msgs__rosidl_typesupport_introspection_cExport.cmake
[0.980s] -- Up-to-date: /home/kimdu/hanse/install/open_manipulator_msgs/share/open_manipulator_msgs/cmake/open_manipulator_msgs__rosidl_typesupport_introspection_cExport-noconfig.cmake
[0.980s] -- Up-to-date: /home/kimdu/hanse/install/open_manipulator_msgs/share/open_manipulator_msgs/cmake/open_manipulator_msgs__rosidl_typesupport_cExport.cmake
[0.980s] -- Up-to-date: /home/kimdu/hanse/install/open_manipulator_msgs/share/open_manipulator_msgs/cmake/open_manipulator_msgs__rosidl_typesupport_cExport-noconfig.cmake
[0.980s] -- Up-to-date: /home/kimdu/hanse/install/open_manipulator_msgs/share/open_manipulator_msgs/cmake/open_manipulator_msgs__rosidl_typesupport_introspection_cppExport.cmake
[0.980s] -- Up-to-date: /home/kimdu/hanse/install/open_manipulator_msgs/share/open_manipulator_msgs/cmake/open_manipulator_msgs__rosidl_typesupport_introspection_cppExport-noconfig.cmake
[0.980s] -- Up-to-date: /home/kimdu/hanse/install/open_manipulator_msgs/share/open_manipulator_msgs/cmake/open_manipulator_msgs__rosidl_typesupport_cppExport.cmake
[0.980s] -- Up-to-date: /home/kimdu/hanse/install/open_manipulator_msgs/share/open_manipulator_msgs/cmake/open_manipulator_msgs__rosidl_typesupport_cppExport-noconfig.cmake
[0.980s] -- Up-to-date: /home/kimdu/hanse/install/open_manipulator_msgs/share/open_manipulator_msgs/cmake/export_open_manipulator_msgs__rosidl_generator_pyExport.cmake
[0.981s] -- Up-to-date: /home/kimdu/hanse/install/open_manipulator_msgs/share/open_manipulator_msgs/cmake/export_open_manipulator_msgs__rosidl_generator_pyExport-noconfig.cmake
[0.981s] -- Up-to-date: /home/kimdu/hanse/install/open_manipulator_msgs/share/open_manipulator_msgs/cmake/rosidl_cmake-extras.cmake
[0.981s] -- Up-to-date: /home/kimdu/hanse/install/open_manipulator_msgs/share/open_manipulator_msgs/cmake/ament_cmake_export_dependencies-extras.cmake
[0.981s] -- Up-to-date: /home/kimdu/hanse/install/open_manipulator_msgs/share/open_manipulator_msgs/cmake/ament_cmake_export_include_directories-extras.cmake
[0.981s] -- Up-to-date: /home/kimdu/hanse/install/open_manipulator_msgs/share/open_manipulator_msgs/cmake/ament_cmake_export_libraries-extras.cmake
[0.983s] -- Up-to-date: /home/kimdu/hanse/install/open_manipulator_msgs/share/open_manipulator_msgs/cmake/ament_cmake_export_targets-extras.cmake
[0.983s] -- Up-to-date: /home/kimdu/hanse/install/open_manipulator_msgs/share/open_manipulator_msgs/cmake/rosidl_cmake_export_typesupport_targets-extras.cmake
[0.983s] -- Up-to-date: /home/kimdu/hanse/install/open_manipulator_msgs/share/open_manipulator_msgs/cmake/rosidl_cmake_export_typesupport_libraries-extras.cmake
[0.983s] -- Up-to-date: /home/kimdu/hanse/install/open_manipulator_msgs/share/open_manipulator_msgs/cmake/open_manipulator_msgsConfig.cmake
[0.983s] -- Up-to-date: /home/kimdu/hanse/install/open_manipulator_msgs/share/open_manipulator_msgs/cmake/open_manipulator_msgsConfig-version.cmake
[0.983s] -- Up-to-date: /home/kimdu/hanse/install/open_manipulator_msgs/share/open_manipulator_msgs/package.xml
[1.113s] Invoked command in '/home/kimdu/hanse/build/open_manipulator_msgs' returned '0': CMAKE_PREFIX_PATH=${CMAKE_PREFIX_PATH}:/home/kimdu/hanse/install/open_manipulator_x_teleop:/home/kimdu/hanse/install/ai_manipulation:/home/kimdu/pinkbot/install/minibot_driving:/home/kimdu/pinkbot/install/mas_test:/opt/ros/humble /usr/bin/cmake --install /home/kimdu/hanse/build/open_manipulator_msgs
