[0.129s] Invoking command in '/home/hanse/git_ws/final_project/build/open_manipulator_msgs': CMAKE_PREFIX_PATH=${CMAKE_PREFIX_PATH}:/home/hanse/Final_project/manipulator_deep/IoT-repo-3/install/open_manipulator_x_teleop:/home/hanse/Final_project/manipulator_deep/IoT-repo-3/install/ai_manipulation:/opt/ros/humble /home/hanse/.local/bin/cmake /home/hanse/git_ws/final_project/src/open_manipulator_msgs -DCMAKE_INSTALL_PREFIX=/home/hanse/git_ws/final_project/install/open_manipulator_msgs
[0.197s] -- The C compiler identification is GNU 11.4.0
[0.241s] -- The CXX compiler identification is GNU 11.4.0
[0.251s] -- Detecting C compiler ABI info
[0.295s] -- Detecting C compiler ABI info - done
[0.307s] -- Check for working C compiler: /usr/bin/cc - skipped
[0.307s] -- Detecting C compile features
[0.308s] -- Detecting C compile features - done
[0.312s] -- Detecting CXX compiler ABI info
[0.362s] -- Detecting CXX compiler ABI info - done
[0.374s] -- Check for working CXX compiler: /usr/bin/c++ - skipped
[0.374s] -- Detecting CXX compile features
[0.375s] -- Detecting CXX compile features - done
[0.377s] -- Found ament_cmake: 1.3.5 (/opt/ros/humble/share/ament_cmake/cmake)
[0.665s] -- Found Python3: /usr/bin/python3.10 (found version "3.10.12") found components: Interpreter 
[0.742s] -- Found geometry_msgs: 4.2.3 (/opt/ros/humble/share/geometry_msgs/cmake)
[0.776s] -- Found rosidl_generator_c: 3.1.5 (/opt/ros/humble/share/rosidl_generator_c/cmake)
[0.780s] -- Found rosidl_adapter: 3.1.5 (/opt/ros/humble/share/rosidl_adapter/cmake)
[0.787s] -- Found rosidl_generator_cpp: 3.1.5 (/opt/ros/humble/share/rosidl_generator_cpp/cmake)
[0.799s] -- Using all available rosidl_typesupport_c: rosidl_typesupport_fastrtps_c;rosidl_typesupport_introspection_c
[0.817s] -- Using all available rosidl_typesupport_cpp: rosidl_typesupport_fastrtps_cpp;rosidl_typesupport_introspection_cpp
[0.929s] -- Found rosidl_default_generators: 1.2.0 (/opt/ros/humble/share/rosidl_default_generators/cmake)
[1.402s] -- Found ament_cmake_cppcheck: 0.12.8 (/opt/ros/humble/share/ament_cmake_cppcheck/cmake)
[1.405s] -- Found ament_cmake_cpplint: 0.12.8 (/opt/ros/humble/share/ament_cmake_cpplint/cmake)
[1.408s] -- Found ament_cmake_uncrustify: 0.12.8 (/opt/ros/humble/share/ament_cmake_uncrustify/cmake)
[1.411s] -- Found ament_cmake_ros: 0.10.0 (/opt/ros/humble/share/ament_cmake_ros/cmake)
[1.713s] -- Using all available rosidl_typesupport_c: rosidl_typesupport_fastrtps_c;rosidl_typesupport_introspection_c
[1.806s] -- Using all available rosidl_typesupport_cpp: rosidl_typesupport_fastrtps_cpp;rosidl_typesupport_introspection_cpp
[1.826s] -- Found PythonInterp: /usr/bin/python3 (found suitable version "3.10.12", minimum required is "3.6") 
[1.827s] -- Found python_cmake_module: 0.10.0 (/opt/ros/humble/share/python_cmake_module/cmake)
[1.847s] -- Found PythonLibs: /usr/lib/x86_64-linux-gnu/libpython3.10.so (found suitable version "3.10.12", minimum required is "3.5") 
[1.847s] -- Using PYTHON_EXECUTABLE: /usr/bin/python3
[1.847s] -- Using PYTHON_INCLUDE_DIRS: /usr/include/python3.10
[1.847s] -- Using PYTHON_LIBRARIES: /usr/lib/x86_64-linux-gnu/libpython3.10.so
[1.864s] -- Found PythonExtra: .so  
[1.929s] -- Found ament_cmake_flake8: 0.12.8 (/opt/ros/humble/share/ament_cmake_flake8/cmake)
[1.931s] -- Found ament_cmake_pep257: 0.12.8 (/opt/ros/humble/share/ament_cmake_pep257/cmake)
[1.941s] -- Configuring done
[2.015s] -- Generating done
[2.019s] -- Build files have been written to: /home/hanse/git_ws/final_project/build/open_manipulator_msgs
[2.036s] Invoked command in '/home/hanse/git_ws/final_project/build/open_manipulator_msgs' returned '0': CMAKE_PREFIX_PATH=${CMAKE_PREFIX_PATH}:/home/hanse/Final_project/manipulator_deep/IoT-repo-3/install/open_manipulator_x_teleop:/home/hanse/Final_project/manipulator_deep/IoT-repo-3/install/ai_manipulation:/opt/ros/humble /home/hanse/.local/bin/cmake /home/hanse/git_ws/final_project/src/open_manipulator_msgs -DCMAKE_INSTALL_PREFIX=/home/hanse/git_ws/final_project/install/open_manipulator_msgs
[2.037s] Invoking command in '/home/hanse/git_ws/final_project/build/open_manipulator_msgs': CMAKE_PREFIX_PATH=${CMAKE_PREFIX_PATH}:/home/hanse/Final_project/manipulator_deep/IoT-repo-3/install/open_manipulator_x_teleop:/home/hanse/Final_project/manipulator_deep/IoT-repo-3/install/ai_manipulation:/opt/ros/humble /home/hanse/.local/bin/cmake --build /home/hanse/git_ws/final_project/build/open_manipulator_msgs -- -j8 -l8
[2.167s] [  1%] [34m[1mGenerating C code for ROS interfaces[0m
[2.171s] [  2%] [34m[1mGenerating C++ code for ROS interfaces[0m
[2.201s] [  2%] Built target ament_cmake_python_copy_open_manipulator_msgs
[2.587s] running egg_info
[2.589s] creating open_manipulator_msgs.egg-info
[2.589s] writing open_manipulator_msgs.egg-info/PKG-INFO
[2.589s] writing dependency_links to open_manipulator_msgs.egg-info/dependency_links.txt
[2.589s] writing top-level names to open_manipulator_msgs.egg-info/top_level.txt
[2.589s] writing manifest file 'open_manipulator_msgs.egg-info/SOURCES.txt'
[2.592s] reading manifest file 'open_manipulator_msgs.egg-info/SOURCES.txt'
[2.593s] writing manifest file 'open_manipulator_msgs.egg-info/SOURCES.txt'
[2.625s] [  2%] Built target ament_cmake_python_build_open_manipulator_msgs_egg
[3.353s] [  2%] Built target open_manipulator_msgs__cpp
[3.358s] [  3%] [34m[1mGenerating C++ introspection for ROS interfaces[0m
[3.358s] [  5%] [34m[1mGenerating C++ type support dispatch for ROS interfaces[0m
[3.358s] [  5%] [34m[1mGenerating C++ type support for eProsima Fast-RTPS[0m
[3.537s] [  6%] [32mBuilding C object CMakeFiles/open_manipulator_msgs__rosidl_generator_c.dir/rosidl_generator_c/open_manipulator_msgs/msg/detail/joint_position__functions.c.o[0m
[3.545s] [  7%] [32mBuilding C object CMakeFiles/open_manipulator_msgs__rosidl_generator_c.dir/rosidl_generator_c/open_manipulator_msgs/msg/detail/kinematics_pose__functions.c.o[0m
[3.565s] [  8%] [32mBuilding C object CMakeFiles/open_manipulator_msgs__rosidl_generator_c.dir/rosidl_generator_c/open_manipulator_msgs/msg/detail/open_manipulator_state__functions.c.o[0m
[3.658s] [  9%] [32mBuilding C object CMakeFiles/open_manipulator_msgs__rosidl_generator_c.dir/rosidl_generator_c/open_manipulator_msgs/srv/detail/get_joint_position__functions.c.o[0m
[3.667s] [ 10%] [32mBuilding C object CMakeFiles/open_manipulator_msgs__rosidl_generator_c.dir/rosidl_generator_c/open_manipulator_msgs/srv/detail/get_kinematics_pose__functions.c.o[0m
[3.673s] [ 11%] [32mBuilding C object CMakeFiles/open_manipulator_msgs__rosidl_generator_c.dir/rosidl_generator_c/open_manipulator_msgs/srv/detail/set_joint_position__functions.c.o[0m
[3.693s] [ 12%] [32mBuilding C object CMakeFiles/open_manipulator_msgs__rosidl_generator_c.dir/rosidl_generator_c/open_manipulator_msgs/srv/detail/set_kinematics_pose__functions.c.o[0m
[3.741s] [ 13%] [32mBuilding C object CMakeFiles/open_manipulator_msgs__rosidl_generator_c.dir/rosidl_generator_c/open_manipulator_msgs/srv/detail/set_drawing_trajectory__functions.c.o[0m
[3.801s] [ 14%] [32mBuilding C object CMakeFiles/open_manipulator_msgs__rosidl_generator_c.dir/rosidl_generator_c/open_manipulator_msgs/srv/detail/set_actuator_state__functions.c.o[0m
[3.910s] [ 15%] [32m[1mLinking C shared library libopen_manipulator_msgs__rosidl_generator_c.so[0m
[4.041s] [ 15%] Built target open_manipulator_msgs__rosidl_generator_c
[4.064s] [ 16%] [34m[1mGenerating C type support for eProsima Fast-RTPS[0m
[4.067s] [ 17%] [34m[1mGenerating C introspection for ROS interfaces[0m
[4.074s] [ 18%] [34m[1mGenerating C type support dispatch for ROS interfaces[0m
[4.179s] [ 20%] [32mBuilding CXX object CMakeFiles/open_manipulator_msgs__rosidl_typesupport_cpp.dir/rosidl_typesupport_cpp/open_manipulator_msgs/msg/joint_position__type_support.cpp.o[0m
[4.205s] [ 21%] [32mBuilding CXX object CMakeFiles/open_manipulator_msgs__rosidl_typesupport_cpp.dir/rosidl_typesupport_cpp/open_manipulator_msgs/msg/kinematics_pose__type_support.cpp.o[0m
[4.229s] [ 22%] [32mBuilding CXX object CMakeFiles/open_manipulator_msgs__rosidl_typesupport_cpp.dir/rosidl_typesupport_cpp/open_manipulator_msgs/msg/open_manipulator_state__type_support.cpp.o[0m
[4.559s] [ 23%] [32mBuilding CXX object CMakeFiles/open_manipulator_msgs__rosidl_typesupport_fastrtps_cpp.dir/rosidl_typesupport_fastrtps_cpp/open_manipulator_msgs/msg/detail/dds_fastrtps/joint_position__type_support.cpp.o[0m
[4.719s] [ 24%] [32mBuilding CXX object CMakeFiles/open_manipulator_msgs__rosidl_typesupport_introspection_cpp.dir/rosidl_typesupport_introspection_cpp/open_manipulator_msgs/msg/detail/joint_position__type_support.cpp.o[0m
[4.730s] [ 25%] [32mBuilding CXX object CMakeFiles/open_manipulator_msgs__rosidl_typesupport_cpp.dir/rosidl_typesupport_cpp/open_manipulator_msgs/srv/get_joint_position__type_support.cpp.o[0m
[4.781s] [ 26%] [32mBuilding CXX object CMakeFiles/open_manipulator_msgs__rosidl_typesupport_introspection_cpp.dir/rosidl_typesupport_introspection_cpp/open_manipulator_msgs/msg/detail/kinematics_pose__type_support.cpp.o[0m
[4.873s] [ 27%] [32mBuilding CXX object CMakeFiles/open_manipulator_msgs__rosidl_typesupport_introspection_cpp.dir/rosidl_typesupport_introspection_cpp/open_manipulator_msgs/msg/detail/open_manipulator_state__type_support.cpp.o[0m
[5.377s] [ 28%] [32mBuilding CXX object CMakeFiles/open_manipulator_msgs__rosidl_typesupport_cpp.dir/rosidl_typesupport_cpp/open_manipulator_msgs/srv/get_kinematics_pose__type_support.cpp.o[0m
[5.499s] [ 29%] [32mBuilding CXX object CMakeFiles/open_manipulator_msgs__rosidl_typesupport_c.dir/rosidl_typesupport_c/open_manipulator_msgs/msg/joint_position__type_support.cpp.o[0m
[5.627s] [ 30%] [32mBuilding CXX object CMakeFiles/open_manipulator_msgs__rosidl_typesupport_c.dir/rosidl_typesupport_c/open_manipulator_msgs/msg/kinematics_pose__type_support.cpp.o[0m
[5.630s] [ 31%] [32mBuilding CXX object CMakeFiles/open_manipulator_msgs__rosidl_typesupport_fastrtps_cpp.dir/rosidl_typesupport_fastrtps_cpp/open_manipulator_msgs/msg/detail/dds_fastrtps/kinematics_pose__type_support.cpp.o[0m
[5.685s] [ 32%] [32mBuilding CXX object CMakeFiles/open_manipulator_msgs__rosidl_typesupport_c.dir/rosidl_typesupport_c/open_manipulator_msgs/msg/open_manipulator_state__type_support.cpp.o[0m
[5.687s] [ 33%] [32mBuilding CXX object CMakeFiles/open_manipulator_msgs__rosidl_typesupport_introspection_cpp.dir/rosidl_typesupport_introspection_cpp/open_manipulator_msgs/srv/detail/get_joint_position__type_support.cpp.o[0m
[5.801s] [ 34%] [32mBuilding CXX object CMakeFiles/open_manipulator_msgs__rosidl_typesupport_c.dir/rosidl_typesupport_c/open_manipulator_msgs/srv/get_joint_position__type_support.cpp.o[0m
[5.886s] [ 35%] [32mBuilding CXX object CMakeFiles/open_manipulator_msgs__rosidl_typesupport_fastrtps_c.dir/rosidl_typesupport_fastrtps_c/open_manipulator_msgs/msg/detail/joint_position__type_support_c.cpp.o[0m
[5.901s] [ 36%] [32mBuilding CXX object CMakeFiles/open_manipulator_msgs__rosidl_typesupport_c.dir/rosidl_typesupport_c/open_manipulator_msgs/srv/get_kinematics_pose__type_support.cpp.o[0m
[6.009s] [ 37%] [32mBuilding CXX object CMakeFiles/open_manipulator_msgs__rosidl_typesupport_c.dir/rosidl_typesupport_c/open_manipulator_msgs/srv/set_joint_position__type_support.cpp.o[0m
[6.025s] [ 38%] [32mBuilding CXX object CMakeFiles/open_manipulator_msgs__rosidl_typesupport_fastrtps_c.dir/rosidl_typesupport_fastrtps_c/open_manipulator_msgs/msg/detail/kinematics_pose__type_support_c.cpp.o[0m
[6.059s] [ 40%] [32mBuilding CXX object CMakeFiles/open_manipulator_msgs__rosidl_typesupport_cpp.dir/rosidl_typesupport_cpp/open_manipulator_msgs/srv/set_joint_position__type_support.cpp.o[0m
[6.150s] [ 41%] [32mBuilding CXX object CMakeFiles/open_manipulator_msgs__rosidl_typesupport_c.dir/rosidl_typesupport_c/open_manipulator_msgs/srv/set_kinematics_pose__type_support.cpp.o[0m
[6.217s] [ 42%] [32mBuilding CXX object CMakeFiles/open_manipulator_msgs__rosidl_typesupport_introspection_cpp.dir/rosidl_typesupport_introspection_cpp/open_manipulator_msgs/srv/detail/get_kinematics_pose__type_support.cpp.o[0m
[6.271s] [ 43%] [32mBuilding CXX object CMakeFiles/open_manipulator_msgs__rosidl_typesupport_c.dir/rosidl_typesupport_c/open_manipulator_msgs/srv/set_drawing_trajectory__type_support.cpp.o[0m
[6.361s] [ 44%] [32mBuilding CXX object CMakeFiles/open_manipulator_msgs__rosidl_typesupport_fastrtps_cpp.dir/rosidl_typesupport_fastrtps_cpp/open_manipulator_msgs/msg/detail/dds_fastrtps/open_manipulator_state__type_support.cpp.o[0m
[6.365s] [ 45%] [32mBuilding CXX object CMakeFiles/open_manipulator_msgs__rosidl_typesupport_fastrtps_c.dir/rosidl_typesupport_fastrtps_c/open_manipulator_msgs/msg/detail/open_manipulator_state__type_support_c.cpp.o[0m
[6.410s] [ 46%] [32mBuilding CXX object CMakeFiles/open_manipulator_msgs__rosidl_typesupport_c.dir/rosidl_typesupport_c/open_manipulator_msgs/srv/set_actuator_state__type_support.cpp.o[0m
[6.558s] [ 47%] [32m[1mLinking CXX shared library libopen_manipulator_msgs__rosidl_typesupport_c.so[0m
[6.639s] [ 48%] [32mBuilding C object CMakeFiles/open_manipulator_msgs__rosidl_typesupport_introspection_c.dir/rosidl_typesupport_introspection_c/open_manipulator_msgs/msg/detail/joint_position__type_support.c.o[0m
[6.643s] [ 48%] Built target open_manipulator_msgs__rosidl_typesupport_c
[6.659s] [ 49%] [32mBuilding CXX object CMakeFiles/open_manipulator_msgs__rosidl_typesupport_fastrtps_c.dir/rosidl_typesupport_fastrtps_c/open_manipulator_msgs/srv/detail/get_joint_position__type_support_c.cpp.o[0m
[6.747s] [ 50%] [32mBuilding C object CMakeFiles/open_manipulator_msgs__rosidl_typesupport_introspection_c.dir/rosidl_typesupport_introspection_c/open_manipulator_msgs/msg/detail/kinematics_pose__type_support.c.o[0m
[6.768s] [ 51%] [32mBuilding CXX object CMakeFiles/open_manipulator_msgs__rosidl_typesupport_cpp.dir/rosidl_typesupport_cpp/open_manipulator_msgs/srv/set_kinematics_pose__type_support.cpp.o[0m
[6.813s] [ 52%] [32mBuilding CXX object CMakeFiles/open_manipulator_msgs__rosidl_typesupport_introspection_cpp.dir/rosidl_typesupport_introspection_cpp/open_manipulator_msgs/srv/detail/set_joint_position__type_support.cpp.o[0m
[6.913s] [ 53%] [32mBuilding C object CMakeFiles/open_manipulator_msgs__rosidl_typesupport_introspection_c.dir/rosidl_typesupport_introspection_c/open_manipulator_msgs/msg/detail/open_manipulator_state__type_support.c.o[0m
[6.983s] [ 54%] [32mBuilding CXX object CMakeFiles/open_manipulator_msgs__rosidl_typesupport_introspection_cpp.dir/rosidl_typesupport_introspection_cpp/open_manipulator_msgs/srv/detail/set_kinematics_pose__type_support.cpp.o[0m
[7.074s] [ 55%] [32mBuilding C object CMakeFiles/open_manipulator_msgs__rosidl_typesupport_introspection_c.dir/rosidl_typesupport_introspection_c/open_manipulator_msgs/srv/detail/get_joint_position__type_support.c.o[0m
[7.272s] [ 56%] [32mBuilding CXX object CMakeFiles/open_manipulator_msgs__rosidl_typesupport_fastrtps_c.dir/rosidl_typesupport_fastrtps_c/open_manipulator_msgs/srv/detail/get_kinematics_pose__type_support_c.cpp.o[0m
[7.293s] [ 57%] [32mBuilding C object CMakeFiles/open_manipulator_msgs__rosidl_typesupport_introspection_c.dir/rosidl_typesupport_introspection_c/open_manipulator_msgs/srv/detail/get_kinematics_pose__type_support.c.o[0m
[7.344s] [ 58%] [32mBuilding CXX object CMakeFiles/open_manipulator_msgs__rosidl_typesupport_fastrtps_cpp.dir/rosidl_typesupport_fastrtps_cpp/open_manipulator_msgs/srv/detail/dds_fastrtps/get_joint_position__type_support.cpp.o[0m
[7.449s] [ 60%] [32mBuilding CXX object CMakeFiles/open_manipulator_msgs__rosidl_typesupport_cpp.dir/rosidl_typesupport_cpp/open_manipulator_msgs/srv/set_drawing_trajectory__type_support.cpp.o[0m
[7.450s] [ 61%] [32mBuilding C object CMakeFiles/open_manipulator_msgs__rosidl_typesupport_introspection_c.dir/rosidl_typesupport_introspection_c/open_manipulator_msgs/srv/detail/set_joint_position__type_support.c.o[0m
[7.450s] [ 62%] [32mBuilding CXX object CMakeFiles/open_manipulator_msgs__rosidl_typesupport_fastrtps_c.dir/rosidl_typesupport_fastrtps_c/open_manipulator_msgs/srv/detail/set_joint_position__type_support_c.cpp.o[0m
[7.474s] [ 63%] [32mBuilding CXX object CMakeFiles/open_manipulator_msgs__rosidl_typesupport_introspection_cpp.dir/rosidl_typesupport_introspection_cpp/open_manipulator_msgs/srv/detail/set_drawing_trajectory__type_support.cpp.o[0m
[7.594s] [ 64%] [32mBuilding C object CMakeFiles/open_manipulator_msgs__rosidl_typesupport_introspection_c.dir/rosidl_typesupport_introspection_c/open_manipulator_msgs/srv/detail/set_kinematics_pose__type_support.c.o[0m
[7.740s] [ 65%] [32mBuilding C object CMakeFiles/open_manipulator_msgs__rosidl_typesupport_introspection_c.dir/rosidl_typesupport_introspection_c/open_manipulator_msgs/srv/detail/set_drawing_trajectory__type_support.c.o[0m
[7.906s] [ 66%] [32mBuilding CXX object CMakeFiles/open_manipulator_msgs__rosidl_typesupport_introspection_cpp.dir/rosidl_typesupport_introspection_cpp/open_manipulator_msgs/srv/detail/set_actuator_state__type_support.cpp.o[0m
[7.931s] [ 67%] [32mBuilding C object CMakeFiles/open_manipulator_msgs__rosidl_typesupport_introspection_c.dir/rosidl_typesupport_introspection_c/open_manipulator_msgs/srv/detail/set_actuator_state__type_support.c.o[0m
[8.077s] [ 68%] [32m[1mLinking C shared library libopen_manipulator_msgs__rosidl_typesupport_introspection_c.so[0m
[8.147s] [ 69%] [32mBuilding CXX object CMakeFiles/open_manipulator_msgs__rosidl_typesupport_fastrtps_c.dir/rosidl_typesupport_fastrtps_c/open_manipulator_msgs/srv/detail/set_kinematics_pose__type_support_c.cpp.o[0m
[8.238s] [ 69%] Built target open_manipulator_msgs__rosidl_typesupport_introspection_c
[8.262s] [ 70%] [32mBuilding CXX object CMakeFiles/open_manipulator_msgs__rosidl_typesupport_cpp.dir/rosidl_typesupport_cpp/open_manipulator_msgs/srv/set_actuator_state__type_support.cpp.o[0m
[8.264s] [ 71%] [32mBuilding CXX object CMakeFiles/open_manipulator_msgs__rosidl_typesupport_fastrtps_c.dir/rosidl_typesupport_fastrtps_c/open_manipulator_msgs/srv/detail/set_drawing_trajectory__type_support_c.cpp.o[0m
[8.288s] [ 72%] [32mBuilding CXX object CMakeFiles/open_manipulator_msgs__rosidl_typesupport_fastrtps_cpp.dir/rosidl_typesupport_fastrtps_cpp/open_manipulator_msgs/srv/detail/dds_fastrtps/get_kinematics_pose__type_support.cpp.o[0m
[8.369s] [ 73%] [32mBuilding CXX object CMakeFiles/open_manipulator_msgs__rosidl_typesupport_fastrtps_cpp.dir/rosidl_typesupport_fastrtps_cpp/open_manipulator_msgs/srv/detail/dds_fastrtps/set_joint_position__type_support.cpp.o[0m
[8.423s] [ 74%] [32mBuilding CXX object CMakeFiles/open_manipulator_msgs__rosidl_typesupport_fastrtps_cpp.dir/rosidl_typesupport_fastrtps_cpp/open_manipulator_msgs/srv/detail/dds_fastrtps/set_kinematics_pose__type_support.cpp.o[0m
[8.699s] [ 75%] [32mBuilding CXX object CMakeFiles/open_manipulator_msgs__rosidl_typesupport_fastrtps_c.dir/rosidl_typesupport_fastrtps_c/open_manipulator_msgs/srv/detail/set_actuator_state__type_support_c.cpp.o[0m
[8.733s] [ 76%] [32m[1mLinking CXX shared library libopen_manipulator_msgs__rosidl_typesupport_introspection_cpp.so[0m
[8.867s] [ 77%] [32m[1mLinking CXX shared library libopen_manipulator_msgs__rosidl_typesupport_cpp.so[0m
[8.989s] [ 77%] Built target open_manipulator_msgs__rosidl_typesupport_cpp
[8.992s] [ 77%] Built target open_manipulator_msgs__rosidl_typesupport_introspection_cpp
[8.999s] [ 78%] [32mBuilding CXX object CMakeFiles/open_manipulator_msgs__rosidl_typesupport_fastrtps_cpp.dir/rosidl_typesupport_fastrtps_cpp/open_manipulator_msgs/srv/detail/dds_fastrtps/set_actuator_state__type_support.cpp.o[0m
[9.010s] [ 80%] [32mBuilding CXX object CMakeFiles/open_manipulator_msgs__rosidl_typesupport_fastrtps_cpp.dir/rosidl_typesupport_fastrtps_cpp/open_manipulator_msgs/srv/detail/dds_fastrtps/set_drawing_trajectory__type_support.cpp.o[0m
[9.199s] [ 81%] [32m[1mLinking CXX shared library libopen_manipulator_msgs__rosidl_typesupport_fastrtps_c.so[0m
[9.319s] [ 81%] Built target open_manipulator_msgs__rosidl_typesupport_fastrtps_c
[9.481s] [ 82%] [32m[1mLinking CXX shared library libopen_manipulator_msgs__rosidl_typesupport_fastrtps_cpp.so[0m
[9.533s] [ 82%] Built target open_manipulator_msgs__rosidl_typesupport_fastrtps_cpp
[9.541s] [ 82%] Built target open_manipulator_msgs
[9.548s] [ 83%] [34m[1mGenerating Python code for ROS interfaces[0m
[10.551s] [ 83%] Built target open_manipulator_msgs__py
[10.559s] [ 84%] [32mBuilding C object CMakeFiles/open_manipulator_msgs__rosidl_generator_py.dir/rosidl_generator_py/open_manipulator_msgs/msg/_joint_position_s.c.o[0m
[10.559s] [ 85%] [32mBuilding C object CMakeFiles/open_manipulator_msgs__rosidl_generator_py.dir/rosidl_generator_py/open_manipulator_msgs/msg/_kinematics_pose_s.c.o[0m
[10.559s] [ 86%] [32mBuilding C object CMakeFiles/open_manipulator_msgs__rosidl_generator_py.dir/rosidl_generator_py/open_manipulator_msgs/srv/_get_joint_position_s.c.o[0m
[10.559s] [ 87%] [32mBuilding C object CMakeFiles/open_manipulator_msgs__rosidl_generator_py.dir/rosidl_generator_py/open_manipulator_msgs/msg/_open_manipulator_state_s.c.o[0m
[10.560s] [ 88%] [32mBuilding C object CMakeFiles/open_manipulator_msgs__rosidl_generator_py.dir/rosidl_generator_py/open_manipulator_msgs/srv/_get_kinematics_pose_s.c.o[0m
[10.562s] [ 89%] [32mBuilding C object CMakeFiles/open_manipulator_msgs__rosidl_generator_py.dir/rosidl_generator_py/open_manipulator_msgs/srv/_set_joint_position_s.c.o[0m
[10.565s] [ 90%] [32mBuilding C object CMakeFiles/open_manipulator_msgs__rosidl_generator_py.dir/rosidl_generator_py/open_manipulator_msgs/srv/_set_drawing_trajectory_s.c.o[0m
[10.581s] [ 91%] [32mBuilding C object CMakeFiles/open_manipulator_msgs__rosidl_generator_py.dir/rosidl_generator_py/open_manipulator_msgs/srv/_set_kinematics_pose_s.c.o[0m
[10.701s] [ 92%] [32mBuilding C object CMakeFiles/open_manipulator_msgs__rosidl_generator_py.dir/rosidl_generator_py/open_manipulator_msgs/srv/_set_actuator_state_s.c.o[0m
[10.807s] [ 93%] [32m[1mLinking C shared library rosidl_generator_py/open_manipulator_msgs/libopen_manipulator_msgs__rosidl_generator_py.so[0m
[10.831s] [ 93%] Built target open_manipulator_msgs__rosidl_generator_py
[10.840s] [ 94%] [32mBuilding C object CMakeFiles/open_manipulator_msgs__rosidl_typesupport_c__pyext.dir/rosidl_generator_py/open_manipulator_msgs/_open_manipulator_msgs_s.ep.rosidl_typesupport_c.c.o[0m
[10.841s] [ 96%] [32mBuilding C object CMakeFiles/open_manipulator_msgs__rosidl_typesupport_introspection_c__pyext.dir/rosidl_generator_py/open_manipulator_msgs/_open_manipulator_msgs_s.ep.rosidl_typesupport_introspection_c.c.o[0m
[10.841s] [ 96%] [32mBuilding C object CMakeFiles/open_manipulator_msgs__rosidl_typesupport_fastrtps_c__pyext.dir/rosidl_generator_py/open_manipulator_msgs/_open_manipulator_msgs_s.ep.rosidl_typesupport_fastrtps_c.c.o[0m
[10.988s] [ 97%] [32m[1mLinking C shared library rosidl_generator_py/open_manipulator_msgs/open_manipulator_msgs_s__rosidl_typesupport_introspection_c.cpython-310-x86_64-linux-gnu.so[0m
[10.990s] [ 98%] [32m[1mLinking C shared library rosidl_generator_py/open_manipulator_msgs/open_manipulator_msgs_s__rosidl_typesupport_fastrtps_c.cpython-310-x86_64-linux-gnu.so[0m
[10.991s] [100%] [32m[1mLinking C shared library rosidl_generator_py/open_manipulator_msgs/open_manipulator_msgs_s__rosidl_typesupport_c.cpython-310-x86_64-linux-gnu.so[0m
[11.011s] [100%] Built target open_manipulator_msgs__rosidl_typesupport_introspection_c__pyext
[11.021s] [100%] Built target open_manipulator_msgs__rosidl_typesupport_fastrtps_c__pyext
[11.022s] [100%] Built target open_manipulator_msgs__rosidl_typesupport_c__pyext
[11.029s] Invoked command in '/home/hanse/git_ws/final_project/build/open_manipulator_msgs' returned '0': CMAKE_PREFIX_PATH=${CMAKE_PREFIX_PATH}:/home/hanse/Final_project/manipulator_deep/IoT-repo-3/install/open_manipulator_x_teleop:/home/hanse/Final_project/manipulator_deep/IoT-repo-3/install/ai_manipulation:/opt/ros/humble /home/hanse/.local/bin/cmake --build /home/hanse/git_ws/final_project/build/open_manipulator_msgs -- -j8 -l8
[11.208s] Invoking command in '/home/hanse/git_ws/final_project/build/open_manipulator_msgs': CMAKE_PREFIX_PATH=${CMAKE_PREFIX_PATH}:/home/hanse/Final_project/manipulator_deep/IoT-repo-3/install/open_manipulator_x_teleop:/home/hanse/Final_project/manipulator_deep/IoT-repo-3/install/ai_manipulation:/opt/ros/humble /home/hanse/.local/bin/cmake --install /home/hanse/git_ws/final_project/build/open_manipulator_msgs
[11.229s] -- Install configuration: ""
[11.229s] -- Installing: /home/hanse/git_ws/final_project/install/open_manipulator_msgs/share/ament_index/resource_index/rosidl_interfaces/open_manipulator_msgs
[11.229s] -- Installing: /home/hanse/git_ws/final_project/install/open_manipulator_msgs/include/open_manipulator_msgs/open_manipulator_msgs
[11.229s] -- Installing: /home/hanse/git_ws/final_project/install/open_manipulator_msgs/include/open_manipulator_msgs/open_manipulator_msgs/msg
[11.229s] -- Installing: /home/hanse/git_ws/final_project/install/open_manipulator_msgs/include/open_manipulator_msgs/open_manipulator_msgs/msg/detail
[11.229s] -- Installing: /home/hanse/git_ws/final_project/install/open_manipulator_msgs/include/open_manipulator_msgs/open_manipulator_msgs/msg/detail/kinematics_pose__struct.h
[11.229s] -- Installing: /home/hanse/git_ws/final_project/install/open_manipulator_msgs/include/open_manipulator_msgs/open_manipulator_msgs/msg/detail/joint_position__functions.c
[11.229s] -- Installing: /home/hanse/git_ws/final_project/install/open_manipulator_msgs/include/open_manipulator_msgs/open_manipulator_msgs/msg/detail/kinematics_pose__functions.h
[11.229s] -- Installing: /home/hanse/git_ws/final_project/install/open_manipulator_msgs/include/open_manipulator_msgs/open_manipulator_msgs/msg/detail/open_manipulator_state__functions.h
[11.229s] -- Installing: /home/hanse/git_ws/final_project/install/open_manipulator_msgs/include/open_manipulator_msgs/open_manipulator_msgs/msg/detail/joint_position__type_support.h
[11.229s] -- Installing: /home/hanse/git_ws/final_project/install/open_manipulator_msgs/include/open_manipulator_msgs/open_manipulator_msgs/msg/detail/joint_position__functions.h
[11.229s] -- Installing: /home/hanse/git_ws/final_project/install/open_manipulator_msgs/include/open_manipulator_msgs/open_manipulator_msgs/msg/detail/open_manipulator_state__functions.c
[11.230s] -- Installing: /home/hanse/git_ws/final_project/install/open_manipulator_msgs/include/open_manipulator_msgs/open_manipulator_msgs/msg/detail/open_manipulator_state__struct.h
[11.230s] -- Installing: /home/hanse/git_ws/final_project/install/open_manipulator_msgs/include/open_manipulator_msgs/open_manipulator_msgs/msg/detail/kinematics_pose__type_support.h
[11.230s] -- Installing: /home/hanse/git_ws/final_project/install/open_manipulator_msgs/include/open_manipulator_msgs/open_manipulator_msgs/msg/detail/joint_position__struct.h
[11.230s] -- Installing: /home/hanse/git_ws/final_project/install/open_manipulator_msgs/include/open_manipulator_msgs/open_manipulator_msgs/msg/detail/open_manipulator_state__type_support.h
[11.230s] -- Installing: /home/hanse/git_ws/final_project/install/open_manipulator_msgs/include/open_manipulator_msgs/open_manipulator_msgs/msg/detail/kinematics_pose__functions.c
[11.230s] -- Installing: /home/hanse/git_ws/final_project/install/open_manipulator_msgs/include/open_manipulator_msgs/open_manipulator_msgs/msg/kinematics_pose.h
[11.230s] -- Installing: /home/hanse/git_ws/final_project/install/open_manipulator_msgs/include/open_manipulator_msgs/open_manipulator_msgs/msg/rosidl_generator_c__visibility_control.h
[11.230s] -- Installing: /home/hanse/git_ws/final_project/install/open_manipulator_msgs/include/open_manipulator_msgs/open_manipulator_msgs/msg/open_manipulator_state.h
[11.230s] -- Installing: /home/hanse/git_ws/final_project/install/open_manipulator_msgs/include/open_manipulator_msgs/open_manipulator_msgs/msg/joint_position.h
[11.230s] -- Installing: /home/hanse/git_ws/final_project/install/open_manipulator_msgs/include/open_manipulator_msgs/open_manipulator_msgs/srv
[11.230s] -- Installing: /home/hanse/git_ws/final_project/install/open_manipulator_msgs/include/open_manipulator_msgs/open_manipulator_msgs/srv/set_kinematics_pose.h
[11.230s] -- Installing: /home/hanse/git_ws/final_project/install/open_manipulator_msgs/include/open_manipulator_msgs/open_manipulator_msgs/srv/detail
[11.230s] -- Installing: /home/hanse/git_ws/final_project/install/open_manipulator_msgs/include/open_manipulator_msgs/open_manipulator_msgs/srv/detail/get_joint_position__struct.h
[11.230s] -- Installing: /home/hanse/git_ws/final_project/install/open_manipulator_msgs/include/open_manipulator_msgs/open_manipulator_msgs/srv/detail/set_actuator_state__functions.c
[11.231s] -- Installing: /home/hanse/git_ws/final_project/install/open_manipulator_msgs/include/open_manipulator_msgs/open_manipulator_msgs/srv/detail/get_kinematics_pose__type_support.h
[11.231s] -- Installing: /home/hanse/git_ws/final_project/install/open_manipulator_msgs/include/open_manipulator_msgs/open_manipulator_msgs/srv/detail/set_drawing_trajectory__type_support.h
[11.231s] -- Installing: /home/hanse/git_ws/final_project/install/open_manipulator_msgs/include/open_manipulator_msgs/open_manipulator_msgs/srv/detail/set_actuator_state__struct.h
[11.231s] -- Installing: /home/hanse/git_ws/final_project/install/open_manipulator_msgs/include/open_manipulator_msgs/open_manipulator_msgs/srv/detail/set_joint_position__type_support.h
[11.231s] -- Installing: /home/hanse/git_ws/final_project/install/open_manipulator_msgs/include/open_manipulator_msgs/open_manipulator_msgs/srv/detail/get_kinematics_pose__functions.h
[11.231s] -- Installing: /home/hanse/git_ws/final_project/install/open_manipulator_msgs/include/open_manipulator_msgs/open_manipulator_msgs/srv/detail/get_kinematics_pose__functions.c
[11.231s] -- Installing: /home/hanse/git_ws/final_project/install/open_manipulator_msgs/include/open_manipulator_msgs/open_manipulator_msgs/srv/detail/get_joint_position__functions.c
[11.231s] -- Installing: /home/hanse/git_ws/final_project/install/open_manipulator_msgs/include/open_manipulator_msgs/open_manipulator_msgs/srv/detail/set_drawing_trajectory__functions.c
[11.231s] -- Installing: /home/hanse/git_ws/final_project/install/open_manipulator_msgs/include/open_manipulator_msgs/open_manipulator_msgs/srv/detail/set_joint_position__functions.h
[11.231s] -- Installing: /home/hanse/git_ws/final_project/install/open_manipulator_msgs/include/open_manipulator_msgs/open_manipulator_msgs/srv/detail/get_kinematics_pose__struct.h
[11.231s] -- Installing: /home/hanse/git_ws/final_project/install/open_manipulator_msgs/include/open_manipulator_msgs/open_manipulator_msgs/srv/detail/set_drawing_trajectory__struct.h
[11.231s] -- Installing: /home/hanse/git_ws/final_project/install/open_manipulator_msgs/include/open_manipulator_msgs/open_manipulator_msgs/srv/detail/set_joint_position__struct.h
[11.231s] -- Installing: /home/hanse/git_ws/final_project/install/open_manipulator_msgs/include/open_manipulator_msgs/open_manipulator_msgs/srv/detail/set_kinematics_pose__functions.h
[11.231s] -- Installing: /home/hanse/git_ws/final_project/install/open_manipulator_msgs/include/open_manipulator_msgs/open_manipulator_msgs/srv/detail/get_joint_position__type_support.h
[11.231s] -- Installing: /home/hanse/git_ws/final_project/install/open_manipulator_msgs/include/open_manipulator_msgs/open_manipulator_msgs/srv/detail/set_kinematics_pose__functions.c
[11.232s] -- Installing: /home/hanse/git_ws/final_project/install/open_manipulator_msgs/include/open_manipulator_msgs/open_manipulator_msgs/srv/detail/set_drawing_trajectory__functions.h
[11.232s] -- Installing: /home/hanse/git_ws/final_project/install/open_manipulator_msgs/include/open_manipulator_msgs/open_manipulator_msgs/srv/detail/set_kinematics_pose__type_support.h
[11.232s] -- Installing: /home/hanse/git_ws/final_project/install/open_manipulator_msgs/include/open_manipulator_msgs/open_manipulator_msgs/srv/detail/set_joint_position__functions.c
[11.232s] -- Installing: /home/hanse/git_ws/final_project/install/open_manipulator_msgs/include/open_manipulator_msgs/open_manipulator_msgs/srv/detail/get_joint_position__functions.h
[11.232s] -- Installing: /home/hanse/git_ws/final_project/install/open_manipulator_msgs/include/open_manipulator_msgs/open_manipulator_msgs/srv/detail/set_kinematics_pose__struct.h
[11.232s] -- Installing: /home/hanse/git_ws/final_project/install/open_manipulator_msgs/include/open_manipulator_msgs/open_manipulator_msgs/srv/detail/set_actuator_state__type_support.h
[11.232s] -- Installing: /home/hanse/git_ws/final_project/install/open_manipulator_msgs/include/open_manipulator_msgs/open_manipulator_msgs/srv/detail/set_actuator_state__functions.h
[11.232s] -- Installing: /home/hanse/git_ws/final_project/install/open_manipulator_msgs/include/open_manipulator_msgs/open_manipulator_msgs/srv/set_joint_position.h
[11.232s] -- Installing: /home/hanse/git_ws/final_project/install/open_manipulator_msgs/include/open_manipulator_msgs/open_manipulator_msgs/srv/set_drawing_trajectory.h
[11.232s] -- Installing: /home/hanse/git_ws/final_project/install/open_manipulator_msgs/include/open_manipulator_msgs/open_manipulator_msgs/srv/get_kinematics_pose.h
[11.232s] -- Installing: /home/hanse/git_ws/final_project/install/open_manipulator_msgs/include/open_manipulator_msgs/open_manipulator_msgs/srv/set_actuator_state.h
[11.232s] -- Installing: /home/hanse/git_ws/final_project/install/open_manipulator_msgs/include/open_manipulator_msgs/open_manipulator_msgs/srv/get_joint_position.h
[11.232s] -- Installing: /home/hanse/git_ws/final_project/install/open_manipulator_msgs/share/open_manipulator_msgs/environment/library_path.sh
[11.233s] -- Installing: /home/hanse/git_ws/final_project/install/open_manipulator_msgs/share/open_manipulator_msgs/environment/library_path.dsv
[11.233s] -- Installing: /home/hanse/git_ws/final_project/install/open_manipulator_msgs/lib/libopen_manipulator_msgs__rosidl_generator_c.so
[11.233s] -- Set runtime path of "/home/hanse/git_ws/final_project/install/open_manipulator_msgs/lib/libopen_manipulator_msgs__rosidl_generator_c.so" to ""
[11.233s] -- Up-to-date: /home/hanse/git_ws/final_project/install/open_manipulator_msgs/include/open_manipulator_msgs/open_manipulator_msgs
[11.233s] -- Up-to-date: /home/hanse/git_ws/final_project/install/open_manipulator_msgs/include/open_manipulator_msgs/open_manipulator_msgs/msg
[11.233s] -- Installing: /home/hanse/git_ws/final_project/install/open_manipulator_msgs/include/open_manipulator_msgs/open_manipulator_msgs/msg/rosidl_typesupport_fastrtps_c__visibility_control.h
[11.233s] -- Up-to-date: /home/hanse/git_ws/final_project/install/open_manipulator_msgs/include/open_manipulator_msgs/open_manipulator_msgs/msg/detail
[11.233s] -- Installing: /home/hanse/git_ws/final_project/install/open_manipulator_msgs/include/open_manipulator_msgs/open_manipulator_msgs/msg/detail/open_manipulator_state__rosidl_typesupport_fastrtps_c.h
[11.233s] -- Installing: /home/hanse/git_ws/final_project/install/open_manipulator_msgs/include/open_manipulator_msgs/open_manipulator_msgs/msg/detail/joint_position__rosidl_typesupport_fastrtps_c.h
[11.233s] -- Installing: /home/hanse/git_ws/final_project/install/open_manipulator_msgs/include/open_manipulator_msgs/open_manipulator_msgs/msg/detail/kinematics_pose__rosidl_typesupport_fastrtps_c.h
[11.233s] -- Up-to-date: /home/hanse/git_ws/final_project/install/open_manipulator_msgs/include/open_manipulator_msgs/open_manipulator_msgs/srv
[11.233s] -- Up-to-date: /home/hanse/git_ws/final_project/install/open_manipulator_msgs/include/open_manipulator_msgs/open_manipulator_msgs/srv/detail
[11.233s] -- Installing: /home/hanse/git_ws/final_project/install/open_manipulator_msgs/include/open_manipulator_msgs/open_manipulator_msgs/srv/detail/set_drawing_trajectory__rosidl_typesupport_fastrtps_c.h
[11.233s] -- Installing: /home/hanse/git_ws/final_project/install/open_manipulator_msgs/include/open_manipulator_msgs/open_manipulator_msgs/srv/detail/get_kinematics_pose__rosidl_typesupport_fastrtps_c.h
[11.234s] -- Installing: /home/hanse/git_ws/final_project/install/open_manipulator_msgs/include/open_manipulator_msgs/open_manipulator_msgs/srv/detail/set_actuator_state__rosidl_typesupport_fastrtps_c.h
[11.234s] -- Installing: /home/hanse/git_ws/final_project/install/open_manipulator_msgs/include/open_manipulator_msgs/open_manipulator_msgs/srv/detail/set_kinematics_pose__rosidl_typesupport_fastrtps_c.h
[11.234s] -- Installing: /home/hanse/git_ws/final_project/install/open_manipulator_msgs/include/open_manipulator_msgs/open_manipulator_msgs/srv/detail/set_joint_position__rosidl_typesupport_fastrtps_c.h
[11.234s] -- Installing: /home/hanse/git_ws/final_project/install/open_manipulator_msgs/include/open_manipulator_msgs/open_manipulator_msgs/srv/detail/get_joint_position__rosidl_typesupport_fastrtps_c.h
[11.234s] -- Installing: /home/hanse/git_ws/final_project/install/open_manipulator_msgs/lib/libopen_manipulator_msgs__rosidl_typesupport_fastrtps_c.so
[11.234s] -- Set runtime path of "/home/hanse/git_ws/final_project/install/open_manipulator_msgs/lib/libopen_manipulator_msgs__rosidl_typesupport_fastrtps_c.so" to ""
[11.234s] -- Up-to-date: /home/hanse/git_ws/final_project/install/open_manipulator_msgs/include/open_manipulator_msgs/open_manipulator_msgs
[11.234s] -- Up-to-date: /home/hanse/git_ws/final_project/install/open_manipulator_msgs/include/open_manipulator_msgs/open_manipulator_msgs/msg
[11.234s] -- Up-to-date: /home/hanse/git_ws/final_project/install/open_manipulator_msgs/include/open_manipulator_msgs/open_manipulator_msgs/msg/detail
[11.234s] -- Installing: /home/hanse/git_ws/final_project/install/open_manipulator_msgs/include/open_manipulator_msgs/open_manipulator_msgs/msg/detail/joint_position__builder.hpp
[11.234s] -- Installing: /home/hanse/git_ws/final_project/install/open_manipulator_msgs/include/open_manipulator_msgs/open_manipulator_msgs/msg/detail/kinematics_pose__builder.hpp
[11.234s] -- Installing: /home/hanse/git_ws/final_project/install/open_manipulator_msgs/include/open_manipulator_msgs/open_manipulator_msgs/msg/detail/kinematics_pose__traits.hpp
[11.234s] -- Installing: /home/hanse/git_ws/final_project/install/open_manipulator_msgs/include/open_manipulator_msgs/open_manipulator_msgs/msg/detail/kinematics_pose__struct.hpp
[11.234s] -- Installing: /home/hanse/git_ws/final_project/install/open_manipulator_msgs/include/open_manipulator_msgs/open_manipulator_msgs/msg/detail/open_manipulator_state__struct.hpp
[11.235s] -- Installing: /home/hanse/git_ws/final_project/install/open_manipulator_msgs/include/open_manipulator_msgs/open_manipulator_msgs/msg/detail/joint_position__traits.hpp
[11.235s] -- Installing: /home/hanse/git_ws/final_project/install/open_manipulator_msgs/include/open_manipulator_msgs/open_manipulator_msgs/msg/detail/open_manipulator_state__builder.hpp
[11.235s] -- Installing: /home/hanse/git_ws/final_project/install/open_manipulator_msgs/include/open_manipulator_msgs/open_manipulator_msgs/msg/detail/joint_position__struct.hpp
[11.235s] -- Installing: /home/hanse/git_ws/final_project/install/open_manipulator_msgs/include/open_manipulator_msgs/open_manipulator_msgs/msg/detail/open_manipulator_state__traits.hpp
[11.235s] -- Installing: /home/hanse/git_ws/final_project/install/open_manipulator_msgs/include/open_manipulator_msgs/open_manipulator_msgs/msg/kinematics_pose.hpp
[11.235s] -- Installing: /home/hanse/git_ws/final_project/install/open_manipulator_msgs/include/open_manipulator_msgs/open_manipulator_msgs/msg/joint_position.hpp
[11.235s] -- Installing: /home/hanse/git_ws/final_project/install/open_manipulator_msgs/include/open_manipulator_msgs/open_manipulator_msgs/msg/open_manipulator_state.hpp
[11.235s] -- Up-to-date: /home/hanse/git_ws/final_project/install/open_manipulator_msgs/include/open_manipulator_msgs/open_manipulator_msgs/srv
[11.235s] -- Up-to-date: /home/hanse/git_ws/final_project/install/open_manipulator_msgs/include/open_manipulator_msgs/open_manipulator_msgs/srv/detail
[11.235s] -- Installing: /home/hanse/git_ws/final_project/install/open_manipulator_msgs/include/open_manipulator_msgs/open_manipulator_msgs/srv/detail/get_kinematics_pose__traits.hpp
[11.235s] -- Installing: /home/hanse/git_ws/final_project/install/open_manipulator_msgs/include/open_manipulator_msgs/open_manipulator_msgs/srv/detail/set_drawing_trajectory__struct.hpp
[11.235s] -- Installing: /home/hanse/git_ws/final_project/install/open_manipulator_msgs/include/open_manipulator_msgs/open_manipulator_msgs/srv/detail/set_actuator_state__struct.hpp
[11.235s] -- Installing: /home/hanse/git_ws/final_project/install/open_manipulator_msgs/include/open_manipulator_msgs/open_manipulator_msgs/srv/detail/set_joint_position__builder.hpp
[11.235s] -- Installing: /home/hanse/git_ws/final_project/install/open_manipulator_msgs/include/open_manipulator_msgs/open_manipulator_msgs/srv/detail/set_drawing_trajectory__traits.hpp
[11.235s] -- Installing: /home/hanse/git_ws/final_project/install/open_manipulator_msgs/include/open_manipulator_msgs/open_manipulator_msgs/srv/detail/set_kinematics_pose__traits.hpp
[11.236s] -- Installing: /home/hanse/git_ws/final_project/install/open_manipulator_msgs/include/open_manipulator_msgs/open_manipulator_msgs/srv/detail/set_joint_position__struct.hpp
[11.236s] -- Installing: /home/hanse/git_ws/final_project/install/open_manipulator_msgs/include/open_manipulator_msgs/open_manipulator_msgs/srv/detail/set_joint_position__traits.hpp
[11.236s] -- Installing: /home/hanse/git_ws/final_project/install/open_manipulator_msgs/include/open_manipulator_msgs/open_manipulator_msgs/srv/detail/set_drawing_trajectory__builder.hpp
[11.236s] -- Installing: /home/hanse/git_ws/final_project/install/open_manipulator_msgs/include/open_manipulator_msgs/open_manipulator_msgs/srv/detail/set_kinematics_pose__struct.hpp
[11.236s] -- Installing: /home/hanse/git_ws/final_project/install/open_manipulator_msgs/include/open_manipulator_msgs/open_manipulator_msgs/srv/detail/get_kinematics_pose__struct.hpp
[11.236s] -- Installing: /home/hanse/git_ws/final_project/install/open_manipulator_msgs/include/open_manipulator_msgs/open_manipulator_msgs/srv/detail/set_actuator_state__traits.hpp
[11.236s] -- Installing: /home/hanse/git_ws/final_project/install/open_manipulator_msgs/include/open_manipulator_msgs/open_manipulator_msgs/srv/detail/get_joint_position__traits.hpp
[11.236s] -- Installing: /home/hanse/git_ws/final_project/install/open_manipulator_msgs/include/open_manipulator_msgs/open_manipulator_msgs/srv/detail/get_joint_position__builder.hpp
[11.236s] -- Installing: /home/hanse/git_ws/final_project/install/open_manipulator_msgs/include/open_manipulator_msgs/open_manipulator_msgs/srv/detail/set_kinematics_pose__builder.hpp
[11.236s] -- Installing: /home/hanse/git_ws/final_project/install/open_manipulator_msgs/include/open_manipulator_msgs/open_manipulator_msgs/srv/detail/get_joint_position__struct.hpp
[11.236s] -- Installing: /home/hanse/git_ws/final_project/install/open_manipulator_msgs/include/open_manipulator_msgs/open_manipulator_msgs/srv/detail/get_kinematics_pose__builder.hpp
[11.236s] -- Installing: /home/hanse/git_ws/final_project/install/open_manipulator_msgs/include/open_manipulator_msgs/open_manipulator_msgs/srv/detail/set_actuator_state__builder.hpp
[11.236s] -- Installing: /home/hanse/git_ws/final_project/install/open_manipulator_msgs/include/open_manipulator_msgs/open_manipulator_msgs/srv/set_drawing_trajectory.hpp
[11.236s] -- Installing: /home/hanse/git_ws/final_project/install/open_manipulator_msgs/include/open_manipulator_msgs/open_manipulator_msgs/srv/set_kinematics_pose.hpp
[11.236s] -- Installing: /home/hanse/git_ws/final_project/install/open_manipulator_msgs/include/open_manipulator_msgs/open_manipulator_msgs/srv/get_kinematics_pose.hpp
[11.237s] -- Installing: /home/hanse/git_ws/final_project/install/open_manipulator_msgs/include/open_manipulator_msgs/open_manipulator_msgs/srv/set_joint_position.hpp
[11.237s] -- Installing: /home/hanse/git_ws/final_project/install/open_manipulator_msgs/include/open_manipulator_msgs/open_manipulator_msgs/srv/get_joint_position.hpp
[11.237s] -- Installing: /home/hanse/git_ws/final_project/install/open_manipulator_msgs/include/open_manipulator_msgs/open_manipulator_msgs/srv/set_actuator_state.hpp
[11.237s] -- Up-to-date: /home/hanse/git_ws/final_project/install/open_manipulator_msgs/include/open_manipulator_msgs/open_manipulator_msgs
[11.237s] -- Up-to-date: /home/hanse/git_ws/final_project/install/open_manipulator_msgs/include/open_manipulator_msgs/open_manipulator_msgs/msg
[11.237s] -- Installing: /home/hanse/git_ws/final_project/install/open_manipulator_msgs/include/open_manipulator_msgs/open_manipulator_msgs/msg/rosidl_typesupport_fastrtps_cpp__visibility_control.h
[11.237s] -- Up-to-date: /home/hanse/git_ws/final_project/install/open_manipulator_msgs/include/open_manipulator_msgs/open_manipulator_msgs/msg/detail
[11.237s] -- Installing: /home/hanse/git_ws/final_project/install/open_manipulator_msgs/include/open_manipulator_msgs/open_manipulator_msgs/msg/detail/joint_position__rosidl_typesupport_fastrtps_cpp.hpp
[11.237s] -- Installing: /home/hanse/git_ws/final_project/install/open_manipulator_msgs/include/open_manipulator_msgs/open_manipulator_msgs/msg/detail/kinematics_pose__rosidl_typesupport_fastrtps_cpp.hpp
[11.237s] -- Installing: /home/hanse/git_ws/final_project/install/open_manipulator_msgs/include/open_manipulator_msgs/open_manipulator_msgs/msg/detail/open_manipulator_state__rosidl_typesupport_fastrtps_cpp.hpp
[11.237s] -- Installing: /home/hanse/git_ws/final_project/install/open_manipulator_msgs/include/open_manipulator_msgs/open_manipulator_msgs/msg/detail/dds_fastrtps
[11.237s] -- Up-to-date: /home/hanse/git_ws/final_project/install/open_manipulator_msgs/include/open_manipulator_msgs/open_manipulator_msgs/srv
[11.237s] -- Up-to-date: /home/hanse/git_ws/final_project/install/open_manipulator_msgs/include/open_manipulator_msgs/open_manipulator_msgs/srv/detail
[11.238s] -- Installing: /home/hanse/git_ws/final_project/install/open_manipulator_msgs/include/open_manipulator_msgs/open_manipulator_msgs/srv/detail/set_joint_position__rosidl_typesupport_fastrtps_cpp.hpp
[11.238s] -- Installing: /home/hanse/git_ws/final_project/install/open_manipulator_msgs/include/open_manipulator_msgs/open_manipulator_msgs/srv/detail/set_drawing_trajectory__rosidl_typesupport_fastrtps_cpp.hpp
[11.238s] -- Installing: /home/hanse/git_ws/final_project/install/open_manipulator_msgs/include/open_manipulator_msgs/open_manipulator_msgs/srv/detail/get_joint_position__rosidl_typesupport_fastrtps_cpp.hpp
[11.238s] -- Installing: /home/hanse/git_ws/final_project/install/open_manipulator_msgs/include/open_manipulator_msgs/open_manipulator_msgs/srv/detail/set_kinematics_pose__rosidl_typesupport_fastrtps_cpp.hpp
[11.238s] -- Installing: /home/hanse/git_ws/final_project/install/open_manipulator_msgs/include/open_manipulator_msgs/open_manipulator_msgs/srv/detail/get_kinematics_pose__rosidl_typesupport_fastrtps_cpp.hpp
[11.238s] -- Installing: /home/hanse/git_ws/final_project/install/open_manipulator_msgs/include/open_manipulator_msgs/open_manipulator_msgs/srv/detail/dds_fastrtps
[11.238s] -- Installing: /home/hanse/git_ws/final_project/install/open_manipulator_msgs/include/open_manipulator_msgs/open_manipulator_msgs/srv/detail/set_actuator_state__rosidl_typesupport_fastrtps_cpp.hpp
[11.238s] -- Installing: /home/hanse/git_ws/final_project/install/open_manipulator_msgs/lib/libopen_manipulator_msgs__rosidl_typesupport_fastrtps_cpp.so
[11.238s] -- Set runtime path of "/home/hanse/git_ws/final_project/install/open_manipulator_msgs/lib/libopen_manipulator_msgs__rosidl_typesupport_fastrtps_cpp.so" to ""
[11.238s] -- Up-to-date: /home/hanse/git_ws/final_project/install/open_manipulator_msgs/include/open_manipulator_msgs/open_manipulator_msgs
[11.238s] -- Up-to-date: /home/hanse/git_ws/final_project/install/open_manipulator_msgs/include/open_manipulator_msgs/open_manipulator_msgs/msg
[11.238s] -- Up-to-date: /home/hanse/git_ws/final_project/install/open_manipulator_msgs/include/open_manipulator_msgs/open_manipulator_msgs/msg/detail
[11.238s] -- Installing: /home/hanse/git_ws/final_project/install/open_manipulator_msgs/include/open_manipulator_msgs/open_manipulator_msgs/msg/detail/kinematics_pose__rosidl_typesupport_introspection_c.h
[11.238s] -- Installing: /home/hanse/git_ws/final_project/install/open_manipulator_msgs/include/open_manipulator_msgs/open_manipulator_msgs/msg/detail/joint_position__rosidl_typesupport_introspection_c.h
[11.238s] -- Installing: /home/hanse/git_ws/final_project/install/open_manipulator_msgs/include/open_manipulator_msgs/open_manipulator_msgs/msg/detail/open_manipulator_state__rosidl_typesupport_introspection_c.h
[11.239s] -- Installing: /home/hanse/git_ws/final_project/install/open_manipulator_msgs/include/open_manipulator_msgs/open_manipulator_msgs/msg/detail/open_manipulator_state__type_support.c
[11.239s] -- Installing: /home/hanse/git_ws/final_project/install/open_manipulator_msgs/include/open_manipulator_msgs/open_manipulator_msgs/msg/detail/joint_position__type_support.c
[11.239s] -- Installing: /home/hanse/git_ws/final_project/install/open_manipulator_msgs/include/open_manipulator_msgs/open_manipulator_msgs/msg/detail/kinematics_pose__type_support.c
[11.239s] -- Installing: /home/hanse/git_ws/final_project/install/open_manipulator_msgs/include/open_manipulator_msgs/open_manipulator_msgs/msg/rosidl_typesupport_introspection_c__visibility_control.h
[11.239s] -- Up-to-date: /home/hanse/git_ws/final_project/install/open_manipulator_msgs/include/open_manipulator_msgs/open_manipulator_msgs/srv
[11.239s] -- Up-to-date: /home/hanse/git_ws/final_project/install/open_manipulator_msgs/include/open_manipulator_msgs/open_manipulator_msgs/srv/detail
[11.239s] -- Installing: /home/hanse/git_ws/final_project/install/open_manipulator_msgs/include/open_manipulator_msgs/open_manipulator_msgs/srv/detail/set_drawing_trajectory__type_support.c
[11.239s] -- Installing: /home/hanse/git_ws/final_project/install/open_manipulator_msgs/include/open_manipulator_msgs/open_manipulator_msgs/srv/detail/get_kinematics_pose__type_support.c
[11.239s] -- Installing: /home/hanse/git_ws/final_project/install/open_manipulator_msgs/include/open_manipulator_msgs/open_manipulator_msgs/srv/detail/get_joint_position__type_support.c
[11.239s] -- Installing: /home/hanse/git_ws/final_project/install/open_manipulator_msgs/include/open_manipulator_msgs/open_manipulator_msgs/srv/detail/set_joint_position__type_support.c
[11.239s] -- Installing: /home/hanse/git_ws/final_project/install/open_manipulator_msgs/include/open_manipulator_msgs/open_manipulator_msgs/srv/detail/set_drawing_trajectory__rosidl_typesupport_introspection_c.h
[11.239s] -- Installing: /home/hanse/git_ws/final_project/install/open_manipulator_msgs/include/open_manipulator_msgs/open_manipulator_msgs/srv/detail/set_joint_position__rosidl_typesupport_introspection_c.h
[11.239s] -- Installing: /home/hanse/git_ws/final_project/install/open_manipulator_msgs/include/open_manipulator_msgs/open_manipulator_msgs/srv/detail/get_joint_position__rosidl_typesupport_introspection_c.h
[11.239s] -- Installing: /home/hanse/git_ws/final_project/install/open_manipulator_msgs/include/open_manipulator_msgs/open_manipulator_msgs/srv/detail/set_actuator_state__type_support.c
[11.239s] -- Installing: /home/hanse/git_ws/final_project/install/open_manipulator_msgs/include/open_manipulator_msgs/open_manipulator_msgs/srv/detail/set_kinematics_pose__rosidl_typesupport_introspection_c.h
[11.239s] -- Installing: /home/hanse/git_ws/final_project/install/open_manipulator_msgs/include/open_manipulator_msgs/open_manipulator_msgs/srv/detail/set_kinematics_pose__type_support.c
[11.240s] -- Installing: /home/hanse/git_ws/final_project/install/open_manipulator_msgs/include/open_manipulator_msgs/open_manipulator_msgs/srv/detail/get_kinematics_pose__rosidl_typesupport_introspection_c.h
[11.240s] -- Installing: /home/hanse/git_ws/final_project/install/open_manipulator_msgs/include/open_manipulator_msgs/open_manipulator_msgs/srv/detail/set_actuator_state__rosidl_typesupport_introspection_c.h
[11.240s] -- Installing: /home/hanse/git_ws/final_project/install/open_manipulator_msgs/lib/libopen_manipulator_msgs__rosidl_typesupport_introspection_c.so
[11.240s] -- Set runtime path of "/home/hanse/git_ws/final_project/install/open_manipulator_msgs/lib/libopen_manipulator_msgs__rosidl_typesupport_introspection_c.so" to ""
[11.240s] -- Installing: /home/hanse/git_ws/final_project/install/open_manipulator_msgs/lib/libopen_manipulator_msgs__rosidl_typesupport_c.so
[11.240s] -- Set runtime path of "/home/hanse/git_ws/final_project/install/open_manipulator_msgs/lib/libopen_manipulator_msgs__rosidl_typesupport_c.so" to ""
[11.240s] -- Up-to-date: /home/hanse/git_ws/final_project/install/open_manipulator_msgs/include/open_manipulator_msgs/open_manipulator_msgs
[11.240s] -- Up-to-date: /home/hanse/git_ws/final_project/install/open_manipulator_msgs/include/open_manipulator_msgs/open_manipulator_msgs/msg
[11.240s] -- Up-to-date: /home/hanse/git_ws/final_project/install/open_manipulator_msgs/include/open_manipulator_msgs/open_manipulator_msgs/msg/detail
[11.240s] -- Installing: /home/hanse/git_ws/final_project/install/open_manipulator_msgs/include/open_manipulator_msgs/open_manipulator_msgs/msg/detail/joint_position__type_support.cpp
[11.240s] -- Installing: /home/hanse/git_ws/final_project/install/open_manipulator_msgs/include/open_manipulator_msgs/open_manipulator_msgs/msg/detail/kinematics_pose__rosidl_typesupport_introspection_cpp.hpp
[11.240s] -- Installing: /home/hanse/git_ws/final_project/install/open_manipulator_msgs/include/open_manipulator_msgs/open_manipulator_msgs/msg/detail/kinematics_pose__type_support.cpp
[11.240s] -- Installing: /home/hanse/git_ws/final_project/install/open_manipulator_msgs/include/open_manipulator_msgs/open_manipulator_msgs/msg/detail/joint_position__rosidl_typesupport_introspection_cpp.hpp
[11.240s] -- Installing: /home/hanse/git_ws/final_project/install/open_manipulator_msgs/include/open_manipulator_msgs/open_manipulator_msgs/msg/detail/open_manipulator_state__rosidl_typesupport_introspection_cpp.hpp
[11.241s] -- Installing: /home/hanse/git_ws/final_project/install/open_manipulator_msgs/include/open_manipulator_msgs/open_manipulator_msgs/msg/detail/open_manipulator_state__type_support.cpp
[11.241s] -- Up-to-date: /home/hanse/git_ws/final_project/install/open_manipulator_msgs/include/open_manipulator_msgs/open_manipulator_msgs/srv
[11.241s] -- Up-to-date: /home/hanse/git_ws/final_project/install/open_manipulator_msgs/include/open_manipulator_msgs/open_manipulator_msgs/srv/detail
[11.241s] -- Installing: /home/hanse/git_ws/final_project/install/open_manipulator_msgs/include/open_manipulator_msgs/open_manipulator_msgs/srv/detail/set_actuator_state__type_support.cpp
[11.241s] -- Installing: /home/hanse/git_ws/final_project/install/open_manipulator_msgs/include/open_manipulator_msgs/open_manipulator_msgs/srv/detail/set_joint_position__type_support.cpp
[11.241s] -- Installing: /home/hanse/git_ws/final_project/install/open_manipulator_msgs/include/open_manipulator_msgs/open_manipulator_msgs/srv/detail/set_joint_position__rosidl_typesupport_introspection_cpp.hpp
[11.241s] -- Installing: /home/hanse/git_ws/final_project/install/open_manipulator_msgs/include/open_manipulator_msgs/open_manipulator_msgs/srv/detail/get_joint_position__type_support.cpp
[11.241s] -- Installing: /home/hanse/git_ws/final_project/install/open_manipulator_msgs/include/open_manipulator_msgs/open_manipulator_msgs/srv/detail/set_kinematics_pose__type_support.cpp
[11.241s] -- Installing: /home/hanse/git_ws/final_project/install/open_manipulator_msgs/include/open_manipulator_msgs/open_manipulator_msgs/srv/detail/get_kinematics_pose__rosidl_typesupport_introspection_cpp.hpp
[11.241s] -- Installing: /home/hanse/git_ws/final_project/install/open_manipulator_msgs/include/open_manipulator_msgs/open_manipulator_msgs/srv/detail/set_drawing_trajectory__type_support.cpp
[11.241s] -- Installing: /home/hanse/git_ws/final_project/install/open_manipulator_msgs/include/open_manipulator_msgs/open_manipulator_msgs/srv/detail/set_actuator_state__rosidl_typesupport_introspection_cpp.hpp
[11.241s] -- Installing: /home/hanse/git_ws/final_project/install/open_manipulator_msgs/include/open_manipulator_msgs/open_manipulator_msgs/srv/detail/set_kinematics_pose__rosidl_typesupport_introspection_cpp.hpp
[11.241s] -- Installing: /home/hanse/git_ws/final_project/install/open_manipulator_msgs/include/open_manipulator_msgs/open_manipulator_msgs/srv/detail/get_kinematics_pose__type_support.cpp
[11.241s] -- Installing: /home/hanse/git_ws/final_project/install/open_manipulator_msgs/include/open_manipulator_msgs/open_manipulator_msgs/srv/detail/set_drawing_trajectory__rosidl_typesupport_introspection_cpp.hpp
[11.241s] -- Installing: /home/hanse/git_ws/final_project/install/open_manipulator_msgs/include/open_manipulator_msgs/open_manipulator_msgs/srv/detail/get_joint_position__rosidl_typesupport_introspection_cpp.hpp
[11.241s] -- Installing: /home/hanse/git_ws/final_project/install/open_manipulator_msgs/lib/libopen_manipulator_msgs__rosidl_typesupport_introspection_cpp.so
[11.242s] -- Set runtime path of "/home/hanse/git_ws/final_project/install/open_manipulator_msgs/lib/libopen_manipulator_msgs__rosidl_typesupport_introspection_cpp.so" to ""
[11.242s] -- Installing: /home/hanse/git_ws/final_project/install/open_manipulator_msgs/lib/libopen_manipulator_msgs__rosidl_typesupport_cpp.so
[11.242s] -- Set runtime path of "/home/hanse/git_ws/final_project/install/open_manipulator_msgs/lib/libopen_manipulator_msgs__rosidl_typesupport_cpp.so" to ""
[11.242s] -- Installing: /home/hanse/git_ws/final_project/install/open_manipulator_msgs/share/open_manipulator_msgs/environment/pythonpath.sh
[11.242s] -- Installing: /home/hanse/git_ws/final_project/install/open_manipulator_msgs/share/open_manipulator_msgs/environment/pythonpath.dsv
[11.242s] -- Installing: /home/hanse/git_ws/final_project/install/open_manipulator_msgs/local/lib/python3.10/dist-packages/open_manipulator_msgs-2.2.0-py3.10.egg-info
[11.242s] -- Installing: /home/hanse/git_ws/final_project/install/open_manipulator_msgs/local/lib/python3.10/dist-packages/open_manipulator_msgs-2.2.0-py3.10.egg-info/SOURCES.txt
[11.242s] -- Installing: /home/hanse/git_ws/final_project/install/open_manipulator_msgs/local/lib/python3.10/dist-packages/open_manipulator_msgs-2.2.0-py3.10.egg-info/dependency_links.txt
[11.242s] -- Installing: /home/hanse/git_ws/final_project/install/open_manipulator_msgs/local/lib/python3.10/dist-packages/open_manipulator_msgs-2.2.0-py3.10.egg-info/top_level.txt
[11.242s] -- Installing: /home/hanse/git_ws/final_project/install/open_manipulator_msgs/local/lib/python3.10/dist-packages/open_manipulator_msgs-2.2.0-py3.10.egg-info/PKG-INFO
[11.242s] -- Installing: /home/hanse/git_ws/final_project/install/open_manipulator_msgs/local/lib/python3.10/dist-packages/open_manipulator_msgs
[11.242s] -- Installing: /home/hanse/git_ws/final_project/install/open_manipulator_msgs/local/lib/python3.10/dist-packages/open_manipulator_msgs/_open_manipulator_msgs_s.ep.rosidl_typesupport_introspection_c.c
[11.242s] -- Installing: /home/hanse/git_ws/final_project/install/open_manipulator_msgs/local/lib/python3.10/dist-packages/open_manipulator_msgs/open_manipulator_msgs_s__rosidl_typesupport_fastrtps_c.cpython-310-x86_64-linux-gnu.so
[11.242s] -- Installing: /home/hanse/git_ws/final_project/install/open_manipulator_msgs/local/lib/python3.10/dist-packages/open_manipulator_msgs/open_manipulator_msgs_s__rosidl_typesupport_introspection_c.cpython-310-x86_64-linux-gnu.so
[11.242s] -- Installing: /home/hanse/git_ws/final_project/install/open_manipulator_msgs/local/lib/python3.10/dist-packages/open_manipulator_msgs/libopen_manipulator_msgs__rosidl_generator_py.so
[11.242s] -- Installing: /home/hanse/git_ws/final_project/install/open_manipulator_msgs/local/lib/python3.10/dist-packages/open_manipulator_msgs/_open_manipulator_msgs_s.ep.rosidl_typesupport_fastrtps_c.c
[11.243s] -- Installing: /home/hanse/git_ws/final_project/install/open_manipulator_msgs/local/lib/python3.10/dist-packages/open_manipulator_msgs/msg
[11.243s] -- Installing: /home/hanse/git_ws/final_project/install/open_manipulator_msgs/local/lib/python3.10/dist-packages/open_manipulator_msgs/msg/_open_manipulator_state.py
[11.243s] -- Installing: /home/hanse/git_ws/final_project/install/open_manipulator_msgs/local/lib/python3.10/dist-packages/open_manipulator_msgs/msg/_kinematics_pose_s.c
[11.243s] -- Installing: /home/hanse/git_ws/final_project/install/open_manipulator_msgs/local/lib/python3.10/dist-packages/open_manipulator_msgs/msg/_kinematics_pose.py
[11.243s] -- Installing: /home/hanse/git_ws/final_project/install/open_manipulator_msgs/local/lib/python3.10/dist-packages/open_manipulator_msgs/msg/_joint_position_s.c
[11.243s] -- Installing: /home/hanse/git_ws/final_project/install/open_manipulator_msgs/local/lib/python3.10/dist-packages/open_manipulator_msgs/msg/_joint_position.py
[11.243s] -- Installing: /home/hanse/git_ws/final_project/install/open_manipulator_msgs/local/lib/python3.10/dist-packages/open_manipulator_msgs/msg/__init__.py
[11.243s] -- Installing: /home/hanse/git_ws/final_project/install/open_manipulator_msgs/local/lib/python3.10/dist-packages/open_manipulator_msgs/msg/_open_manipulator_state_s.c
[11.243s] -- Installing: /home/hanse/git_ws/final_project/install/open_manipulator_msgs/local/lib/python3.10/dist-packages/open_manipulator_msgs/srv
[11.243s] -- Installing: /home/hanse/git_ws/final_project/install/open_manipulator_msgs/local/lib/python3.10/dist-packages/open_manipulator_msgs/srv/_set_drawing_trajectory_s.c
[11.243s] -- Installing: /home/hanse/git_ws/final_project/install/open_manipulator_msgs/local/lib/python3.10/dist-packages/open_manipulator_msgs/srv/_get_kinematics_pose_s.c
[11.243s] -- Installing: /home/hanse/git_ws/final_project/install/open_manipulator_msgs/local/lib/python3.10/dist-packages/open_manipulator_msgs/srv/_set_joint_position.py
[11.243s] -- Installing: /home/hanse/git_ws/final_project/install/open_manipulator_msgs/local/lib/python3.10/dist-packages/open_manipulator_msgs/srv/_get_joint_position_s.c
[11.243s] -- Installing: /home/hanse/git_ws/final_project/install/open_manipulator_msgs/local/lib/python3.10/dist-packages/open_manipulator_msgs/srv/_set_drawing_trajectory.py
[11.243s] -- Installing: /home/hanse/git_ws/final_project/install/open_manipulator_msgs/local/lib/python3.10/dist-packages/open_manipulator_msgs/srv/_set_actuator_state.py
[11.243s] -- Installing: /home/hanse/git_ws/final_project/install/open_manipulator_msgs/local/lib/python3.10/dist-packages/open_manipulator_msgs/srv/_set_kinematics_pose.py
[11.243s] -- Installing: /home/hanse/git_ws/final_project/install/open_manipulator_msgs/local/lib/python3.10/dist-packages/open_manipulator_msgs/srv/_set_joint_position_s.c
[11.244s] -- Installing: /home/hanse/git_ws/final_project/install/open_manipulator_msgs/local/lib/python3.10/dist-packages/open_manipulator_msgs/srv/_set_kinematics_pose_s.c
[11.244s] -- Installing: /home/hanse/git_ws/final_project/install/open_manipulator_msgs/local/lib/python3.10/dist-packages/open_manipulator_msgs/srv/_get_kinematics_pose.py
[11.244s] -- Installing: /home/hanse/git_ws/final_project/install/open_manipulator_msgs/local/lib/python3.10/dist-packages/open_manipulator_msgs/srv/_set_actuator_state_s.c
[11.244s] -- Installing: /home/hanse/git_ws/final_project/install/open_manipulator_msgs/local/lib/python3.10/dist-packages/open_manipulator_msgs/srv/_get_joint_position.py
[11.244s] -- Installing: /home/hanse/git_ws/final_project/install/open_manipulator_msgs/local/lib/python3.10/dist-packages/open_manipulator_msgs/srv/__init__.py
[11.244s] -- Installing: /home/hanse/git_ws/final_project/install/open_manipulator_msgs/local/lib/python3.10/dist-packages/open_manipulator_msgs/_open_manipulator_msgs_s.ep.rosidl_typesupport_c.c
[11.244s] -- Installing: /home/hanse/git_ws/final_project/install/open_manipulator_msgs/local/lib/python3.10/dist-packages/open_manipulator_msgs/__init__.py
[11.244s] -- Installing: /home/hanse/git_ws/final_project/install/open_manipulator_msgs/local/lib/python3.10/dist-packages/open_manipulator_msgs/open_manipulator_msgs_s__rosidl_typesupport_c.cpython-310-x86_64-linux-gnu.so
[11.273s] Listing '/home/hanse/git_ws/final_project/install/open_manipulator_msgs/local/lib/python3.10/dist-packages/open_manipulator_msgs'...
[11.274s] Compiling '/home/hanse/git_ws/final_project/install/open_manipulator_msgs/local/lib/python3.10/dist-packages/open_manipulator_msgs/__init__.py'...
[11.274s] Listing '/home/hanse/git_ws/final_project/install/open_manipulator_msgs/local/lib/python3.10/dist-packages/open_manipulator_msgs/msg'...
[11.274s] Compiling '/home/hanse/git_ws/final_project/install/open_manipulator_msgs/local/lib/python3.10/dist-packages/open_manipulator_msgs/msg/__init__.py'...
[11.274s] Compiling '/home/hanse/git_ws/final_project/install/open_manipulator_msgs/local/lib/python3.10/dist-packages/open_manipulator_msgs/msg/_joint_position.py'...
[11.274s] Compiling '/home/hanse/git_ws/final_project/install/open_manipulator_msgs/local/lib/python3.10/dist-packages/open_manipulator_msgs/msg/_kinematics_pose.py'...
[11.274s] Compiling '/home/hanse/git_ws/final_project/install/open_manipulator_msgs/local/lib/python3.10/dist-packages/open_manipulator_msgs/msg/_open_manipulator_state.py'...
[11.274s] Listing '/home/hanse/git_ws/final_project/install/open_manipulator_msgs/local/lib/python3.10/dist-packages/open_manipulator_msgs/srv'...
[11.274s] Compiling '/home/hanse/git_ws/final_project/install/open_manipulator_msgs/local/lib/python3.10/dist-packages/open_manipulator_msgs/srv/__init__.py'...
[11.274s] Compiling '/home/hanse/git_ws/final_project/install/open_manipulator_msgs/local/lib/python3.10/dist-packages/open_manipulator_msgs/srv/_get_joint_position.py'...
[11.274s] Compiling '/home/hanse/git_ws/final_project/install/open_manipulator_msgs/local/lib/python3.10/dist-packages/open_manipulator_msgs/srv/_get_kinematics_pose.py'...
[11.274s] Compiling '/home/hanse/git_ws/final_project/install/open_manipulator_msgs/local/lib/python3.10/dist-packages/open_manipulator_msgs/srv/_set_actuator_state.py'...
[11.274s] Compiling '/home/hanse/git_ws/final_project/install/open_manipulator_msgs/local/lib/python3.10/dist-packages/open_manipulator_msgs/srv/_set_drawing_trajectory.py'...
[11.274s] Compiling '/home/hanse/git_ws/final_project/install/open_manipulator_msgs/local/lib/python3.10/dist-packages/open_manipulator_msgs/srv/_set_joint_position.py'...
[11.274s] Compiling '/home/hanse/git_ws/final_project/install/open_manipulator_msgs/local/lib/python3.10/dist-packages/open_manipulator_msgs/srv/_set_kinematics_pose.py'...
[11.277s] -- Installing: /home/hanse/git_ws/final_project/install/open_manipulator_msgs/local/lib/python3.10/dist-packages/open_manipulator_msgs/open_manipulator_msgs_s__rosidl_typesupport_fastrtps_c.cpython-310-x86_64-linux-gnu.so
[11.278s] -- Set runtime path of "/home/hanse/git_ws/final_project/install/open_manipulator_msgs/local/lib/python3.10/dist-packages/open_manipulator_msgs/open_manipulator_msgs_s__rosidl_typesupport_fastrtps_c.cpython-310-x86_64-linux-gnu.so" to ""
[11.278s] -- Installing: /home/hanse/git_ws/final_project/install/open_manipulator_msgs/local/lib/python3.10/dist-packages/open_manipulator_msgs/open_manipulator_msgs_s__rosidl_typesupport_introspection_c.cpython-310-x86_64-linux-gnu.so
[11.279s] -- Set runtime path of "/home/hanse/git_ws/final_project/install/open_manipulator_msgs/local/lib/python3.10/dist-packages/open_manipulator_msgs/open_manipulator_msgs_s__rosidl_typesupport_introspection_c.cpython-310-x86_64-linux-gnu.so" to ""
[11.279s] -- Installing: /home/hanse/git_ws/final_project/install/open_manipulator_msgs/local/lib/python3.10/dist-packages/open_manipulator_msgs/open_manipulator_msgs_s__rosidl_typesupport_c.cpython-310-x86_64-linux-gnu.so
[11.279s] -- Set runtime path of "/home/hanse/git_ws/final_project/install/open_manipulator_msgs/local/lib/python3.10/dist-packages/open_manipulator_msgs/open_manipulator_msgs_s__rosidl_typesupport_c.cpython-310-x86_64-linux-gnu.so" to ""
[11.279s] -- Installing: /home/hanse/git_ws/final_project/install/open_manipulator_msgs/lib/libopen_manipulator_msgs__rosidl_generator_py.so
[11.279s] -- Set runtime path of "/home/hanse/git_ws/final_project/install/open_manipulator_msgs/lib/libopen_manipulator_msgs__rosidl_generator_py.so" to ""
[11.279s] -- Installing: /home/hanse/git_ws/final_project/install/open_manipulator_msgs/share/open_manipulator_msgs/msg/JointPosition.idl
[11.279s] -- Installing: /home/hanse/git_ws/final_project/install/open_manipulator_msgs/share/open_manipulator_msgs/msg/KinematicsPose.idl
[11.279s] -- Installing: /home/hanse/git_ws/final_project/install/open_manipulator_msgs/share/open_manipulator_msgs/msg/OpenManipulatorState.idl
[11.279s] -- Installing: /home/hanse/git_ws/final_project/install/open_manipulator_msgs/share/open_manipulator_msgs/srv/GetJointPosition.idl
[11.279s] -- Installing: /home/hanse/git_ws/final_project/install/open_manipulator_msgs/share/open_manipulator_msgs/srv/GetKinematicsPose.idl
[11.279s] -- Installing: /home/hanse/git_ws/final_project/install/open_manipulator_msgs/share/open_manipulator_msgs/srv/SetJointPosition.idl
[11.279s] -- Installing: /home/hanse/git_ws/final_project/install/open_manipulator_msgs/share/open_manipulator_msgs/srv/SetKinematicsPose.idl
[11.279s] -- Installing: /home/hanse/git_ws/final_project/install/open_manipulator_msgs/share/open_manipulator_msgs/srv/SetDrawingTrajectory.idl
[11.279s] -- Installing: /home/hanse/git_ws/final_project/install/open_manipulator_msgs/share/open_manipulator_msgs/srv/SetActuatorState.idl
[11.279s] -- Installing: /home/hanse/git_ws/final_project/install/open_manipulator_msgs/share/open_manipulator_msgs/msg/JointPosition.msg
[11.280s] -- Installing: /home/hanse/git_ws/final_project/install/open_manipulator_msgs/share/open_manipulator_msgs/msg/KinematicsPose.msg
[11.280s] -- Installing: /home/hanse/git_ws/final_project/install/open_manipulator_msgs/share/open_manipulator_msgs/msg/OpenManipulatorState.msg
[11.280s] -- Installing: /home/hanse/git_ws/final_project/install/open_manipulator_msgs/share/open_manipulator_msgs/srv/GetJointPosition.srv
[11.280s] -- Installing: /home/hanse/git_ws/final_project/install/open_manipulator_msgs/share/open_manipulator_msgs/srv/GetJointPosition_Request.msg
[11.280s] -- Installing: /home/hanse/git_ws/final_project/install/open_manipulator_msgs/share/open_manipulator_msgs/srv/GetJointPosition_Response.msg
[11.280s] -- Installing: /home/hanse/git_ws/final_project/install/open_manipulator_msgs/share/open_manipulator_msgs/srv/GetKinematicsPose.srv
[11.280s] -- Installing: /home/hanse/git_ws/final_project/install/open_manipulator_msgs/share/open_manipulator_msgs/srv/GetKinematicsPose_Request.msg
[11.280s] -- Installing: /home/hanse/git_ws/final_project/install/open_manipulator_msgs/share/open_manipulator_msgs/srv/GetKinematicsPose_Response.msg
[11.280s] -- Installing: /home/hanse/git_ws/final_project/install/open_manipulator_msgs/share/open_manipulator_msgs/srv/SetJointPosition.srv
[11.280s] -- Installing: /home/hanse/git_ws/final_project/install/open_manipulator_msgs/share/open_manipulator_msgs/srv/SetJointPosition_Request.msg
[11.280s] -- Installing: /home/hanse/git_ws/final_project/install/open_manipulator_msgs/share/open_manipulator_msgs/srv/SetJointPosition_Response.msg
[11.280s] -- Installing: /home/hanse/git_ws/final_project/install/open_manipulator_msgs/share/open_manipulator_msgs/srv/SetKinematicsPose.srv
[11.280s] -- Installing: /home/hanse/git_ws/final_project/install/open_manipulator_msgs/share/open_manipulator_msgs/srv/SetKinematicsPose_Request.msg
[11.281s] -- Installing: /home/hanse/git_ws/final_project/install/open_manipulator_msgs/share/open_manipulator_msgs/srv/SetKinematicsPose_Response.msg
[11.281s] -- Installing: /home/hanse/git_ws/final_project/install/open_manipulator_msgs/share/open_manipulator_msgs/srv/SetDrawingTrajectory.srv
[11.281s] -- Installing: /home/hanse/git_ws/final_project/install/open_manipulator_msgs/share/open_manipulator_msgs/srv/SetDrawingTrajectory_Request.msg
[11.281s] -- Installing: /home/hanse/git_ws/final_project/install/open_manipulator_msgs/share/open_manipulator_msgs/srv/SetDrawingTrajectory_Response.msg
[11.281s] -- Installing: /home/hanse/git_ws/final_project/install/open_manipulator_msgs/share/open_manipulator_msgs/srv/SetActuatorState.srv
[11.281s] -- Installing: /home/hanse/git_ws/final_project/install/open_manipulator_msgs/share/open_manipulator_msgs/srv/SetActuatorState_Request.msg
[11.281s] -- Installing: /home/hanse/git_ws/final_project/install/open_manipulator_msgs/share/open_manipulator_msgs/srv/SetActuatorState_Response.msg
[11.281s] -- Installing: /home/hanse/git_ws/final_project/install/open_manipulator_msgs/share/ament_index/resource_index/package_run_dependencies/open_manipulator_msgs
[11.281s] -- Installing: /home/hanse/git_ws/final_project/install/open_manipulator_msgs/share/ament_index/resource_index/parent_prefix_path/open_manipulator_msgs
[11.281s] -- Installing: /home/hanse/git_ws/final_project/install/open_manipulator_msgs/share/open_manipulator_msgs/environment/ament_prefix_path.sh
[11.281s] -- Installing: /home/hanse/git_ws/final_project/install/open_manipulator_msgs/share/open_manipulator_msgs/environment/ament_prefix_path.dsv
[11.281s] -- Installing: /home/hanse/git_ws/final_project/install/open_manipulator_msgs/share/open_manipulator_msgs/environment/path.sh
[11.281s] -- Installing: /home/hanse/git_ws/final_project/install/open_manipulator_msgs/share/open_manipulator_msgs/environment/path.dsv
[11.281s] -- Installing: /home/hanse/git_ws/final_project/install/open_manipulator_msgs/share/open_manipulator_msgs/local_setup.bash
[11.281s] -- Installing: /home/hanse/git_ws/final_project/install/open_manipulator_msgs/share/open_manipulator_msgs/local_setup.sh
[11.282s] -- Installing: /home/hanse/git_ws/final_project/install/open_manipulator_msgs/share/open_manipulator_msgs/local_setup.zsh
[11.282s] -- Installing: /home/hanse/git_ws/final_project/install/open_manipulator_msgs/share/open_manipulator_msgs/local_setup.dsv
[11.282s] -- Installing: /home/hanse/git_ws/final_project/install/open_manipulator_msgs/share/open_manipulator_msgs/package.dsv
[11.282s] -- Installing: /home/hanse/git_ws/final_project/install/open_manipulator_msgs/share/ament_index/resource_index/packages/open_manipulator_msgs
[11.282s] -- Installing: /home/hanse/git_ws/final_project/install/open_manipulator_msgs/share/open_manipulator_msgs/cmake/export_open_manipulator_msgs__rosidl_generator_cExport.cmake
[11.282s] -- Installing: /home/hanse/git_ws/final_project/install/open_manipulator_msgs/share/open_manipulator_msgs/cmake/export_open_manipulator_msgs__rosidl_generator_cExport-noconfig.cmake
[11.282s] -- Installing: /home/hanse/git_ws/final_project/install/open_manipulator_msgs/share/open_manipulator_msgs/cmake/export_open_manipulator_msgs__rosidl_typesupport_fastrtps_cExport.cmake
[11.282s] -- Installing: /home/hanse/git_ws/final_project/install/open_manipulator_msgs/share/open_manipulator_msgs/cmake/export_open_manipulator_msgs__rosidl_typesupport_fastrtps_cExport-noconfig.cmake
[11.282s] -- Installing: /home/hanse/git_ws/final_project/install/open_manipulator_msgs/share/open_manipulator_msgs/cmake/export_open_manipulator_msgs__rosidl_generator_cppExport.cmake
[11.282s] -- Installing: /home/hanse/git_ws/final_project/install/open_manipulator_msgs/share/open_manipulator_msgs/cmake/export_open_manipulator_msgs__rosidl_typesupport_fastrtps_cppExport.cmake
[11.282s] -- Installing: /home/hanse/git_ws/final_project/install/open_manipulator_msgs/share/open_manipulator_msgs/cmake/export_open_manipulator_msgs__rosidl_typesupport_fastrtps_cppExport-noconfig.cmake
[11.282s] -- Installing: /home/hanse/git_ws/final_project/install/open_manipulator_msgs/share/open_manipulator_msgs/cmake/open_manipulator_msgs__rosidl_typesupport_introspection_cExport.cmake
[11.282s] -- Installing: /home/hanse/git_ws/final_project/install/open_manipulator_msgs/share/open_manipulator_msgs/cmake/open_manipulator_msgs__rosidl_typesupport_introspection_cExport-noconfig.cmake
[11.283s] -- Installing: /home/hanse/git_ws/final_project/install/open_manipulator_msgs/share/open_manipulator_msgs/cmake/open_manipulator_msgs__rosidl_typesupport_cExport.cmake
[11.283s] -- Installing: /home/hanse/git_ws/final_project/install/open_manipulator_msgs/share/open_manipulator_msgs/cmake/open_manipulator_msgs__rosidl_typesupport_cExport-noconfig.cmake
[11.283s] -- Installing: /home/hanse/git_ws/final_project/install/open_manipulator_msgs/share/open_manipulator_msgs/cmake/open_manipulator_msgs__rosidl_typesupport_introspection_cppExport.cmake
[11.283s] -- Installing: /home/hanse/git_ws/final_project/install/open_manipulator_msgs/share/open_manipulator_msgs/cmake/open_manipulator_msgs__rosidl_typesupport_introspection_cppExport-noconfig.cmake
[11.283s] -- Installing: /home/hanse/git_ws/final_project/install/open_manipulator_msgs/share/open_manipulator_msgs/cmake/open_manipulator_msgs__rosidl_typesupport_cppExport.cmake
[11.283s] -- Installing: /home/hanse/git_ws/final_project/install/open_manipulator_msgs/share/open_manipulator_msgs/cmake/open_manipulator_msgs__rosidl_typesupport_cppExport-noconfig.cmake
[11.283s] -- Installing: /home/hanse/git_ws/final_project/install/open_manipulator_msgs/share/open_manipulator_msgs/cmake/export_open_manipulator_msgs__rosidl_generator_pyExport.cmake
[11.283s] -- Installing: /home/hanse/git_ws/final_project/install/open_manipulator_msgs/share/open_manipulator_msgs/cmake/export_open_manipulator_msgs__rosidl_generator_pyExport-noconfig.cmake
[11.283s] -- Installing: /home/hanse/git_ws/final_project/install/open_manipulator_msgs/share/open_manipulator_msgs/cmake/rosidl_cmake-extras.cmake
[11.283s] -- Installing: /home/hanse/git_ws/final_project/install/open_manipulator_msgs/share/open_manipulator_msgs/cmake/ament_cmake_export_dependencies-extras.cmake
[11.283s] -- Installing: /home/hanse/git_ws/final_project/install/open_manipulator_msgs/share/open_manipulator_msgs/cmake/ament_cmake_export_include_directories-extras.cmake
[11.283s] -- Installing: /home/hanse/git_ws/final_project/install/open_manipulator_msgs/share/open_manipulator_msgs/cmake/ament_cmake_export_libraries-extras.cmake
[11.283s] -- Installing: /home/hanse/git_ws/final_project/install/open_manipulator_msgs/share/open_manipulator_msgs/cmake/ament_cmake_export_targets-extras.cmake
[11.283s] -- Installing: /home/hanse/git_ws/final_project/install/open_manipulator_msgs/share/open_manipulator_msgs/cmake/rosidl_cmake_export_typesupport_targets-extras.cmake
[11.283s] -- Installing: /home/hanse/git_ws/final_project/install/open_manipulator_msgs/share/open_manipulator_msgs/cmake/rosidl_cmake_export_typesupport_libraries-extras.cmake
[11.284s] -- Installing: /home/hanse/git_ws/final_project/install/open_manipulator_msgs/share/open_manipulator_msgs/cmake/open_manipulator_msgsConfig.cmake
[11.284s] -- Installing: /home/hanse/git_ws/final_project/install/open_manipulator_msgs/share/open_manipulator_msgs/cmake/open_manipulator_msgsConfig-version.cmake
[11.284s] -- Installing: /home/hanse/git_ws/final_project/install/open_manipulator_msgs/share/open_manipulator_msgs/package.xml
[11.288s] Invoked command in '/home/hanse/git_ws/final_project/build/open_manipulator_msgs' returned '0': CMAKE_PREFIX_PATH=${CMAKE_PREFIX_PATH}:/home/hanse/Final_project/manipulator_deep/IoT-repo-3/install/open_manipulator_x_teleop:/home/hanse/Final_project/manipulator_deep/IoT-repo-3/install/ai_manipulation:/opt/ros/humble /home/hanse/.local/bin/cmake --install /home/hanse/git_ws/final_project/build/open_manipulator_msgs
