[1.778s] Invoking command in '/home/kimdu/hanse/src/ai_manipulation': CMAKE_PREFIX_PATH=/home/kimdu/hanse/install/open_manipulator_msgs:/home/kimdu/hanse/robot-repo-2/install/open_manipulator:/home/kimdu/hanse/robot-repo-2/install/open_manipulator_x_controller:/home/kimdu/hanse/robot-repo-2/install/open_manipulator_x_libs:/home/kimdu/hanse/robot-repo-2/install/robotis_manipulator:/home/kimdu/hanse/robot-repo-2/install/open_manipulator_x_description:/home/kimdu/hanse/robot-repo-2/install/open_manipulator_msgs:/home/kimdu/hanse/robot-repo-2/install/dynamixel_workbench:/home/kimdu/hanse/robot-repo-2/install/dynamixel_workbench_toolbox:/home/kimdu/hanse/robot-repo-2/install/dynamixel_sdk_examples:/home/kimdu/hanse/robot-repo-2/install/dynamixel_sdk_custom_interfaces:/home/kimdu/hanse/robot-repo-2/install/dynamixel_sdk:/home/kimdu/hanse/robot-repo-2/install/cmake_modules:/home/kimdu/hanse/install/open_manipulator:/home/kimdu/hanse/install/open_manipulator_x_controller:/home/kimdu/hanse/install/open_manipulator_x_libs:/home/kimdu/hanse/install/robotis_manipulator:/home/kimdu/hanse/install/open_manipulator_x_description:/home/kimdu/hanse/install/dynamixel_workbench:/home/kimdu/hanse/install/dynamixel_workbench_toolbox:/home/kimdu/hanse/install/dynamixel_sdk_examples:/home/kimdu/hanse/install/dynamixel_sdk_custom_interfaces:/home/kimdu/hanse/install/dynamixel_sdk:/home/kimdu/hanse/install/cmake_modules:/home/kimdu/pinkbot/install/minibot_navigation2:/home/kimdu/pinkbot/install/minibot_controllers:/home/kimdu/pinkbot/install/minibot_interfaces:/home/kimdu/pinkbot/install/minibot_hardware_interface:/home/kimdu/pinkbot/install/minibot_bringup:/home/kimdu/pinkbot/install/minibot_gazebo:/home/kimdu/pinkbot/install/minibot_description LD_LIBRARY_PATH=/home/kimdu/hanse/install/open_manipulator_msgs/lib:/home/kimdu/hanse/robot-repo-2/install/open_manipulator_x_libs/lib:/home/kimdu/hanse/robot-repo-2/install/robotis_manipulator/lib:/home/kimdu/hanse/robot-repo-2/install/open_manipulator_msgs/lib:/home/kimdu/hanse/robot-repo-2/install/dynamixel_workbench_toolbox/lib:/home/kimdu/hanse/robot-repo-2/install/dynamixel_sdk_custom_interfaces/lib:/home/kimdu/hanse/robot-repo-2/install/dynamixel_sdk/lib:/home/kimdu/hanse/install/open_manipulator_x_libs/lib:/home/kimdu/hanse/install/robotis_manipulator/lib:/home/kimdu/hanse/install/dynamixel_workbench_toolbox/lib:/home/kimdu/hanse/install/dynamixel_sdk_custom_interfaces/lib:/home/kimdu/hanse/install/dynamixel_sdk/lib:/home/kimdu/pinkbot/install/minibot_controllers/lib:/home/kimdu/pinkbot/install/minibot_interfaces/lib:/home/kimdu/pinkbot/install/minibot_hardware_interface/lib:/usr/lib/x86_64-linux-gnu/gazebo-11/plugins:/opt/ros/humble/opt/rviz_ogre_vendor/lib:/opt/ros/humble/lib/x86_64-linux-gnu:/opt/ros/humble/lib PYTHONPATH=/home/kimdu/hanse/build/ai_manipulation/prefix_override:/home/kimdu/hanse/install/ai_manipulation/lib/python3.10/site-packages:${PYTHONPATH} /usr/bin/python3 setup.py egg_info --egg-base ../../build/ai_manipulation build --build-base /home/kimdu/hanse/build/ai_manipulation/build install --record /home/kimdu/hanse/build/ai_manipulation/install.log --single-version-externally-managed
[2.115s] running egg_info
[2.116s] writing ../../build/ai_manipulation/ai_manipulation.egg-info/PKG-INFO
[2.117s] writing dependency_links to ../../build/ai_manipulation/ai_manipulation.egg-info/dependency_links.txt
[2.122s] writing entry points to ../../build/ai_manipulation/ai_manipulation.egg-info/entry_points.txt
[2.125s] writing requirements to ../../build/ai_manipulation/ai_manipulation.egg-info/requires.txt
[2.126s] writing top-level names to ../../build/ai_manipulation/ai_manipulation.egg-info/top_level.txt
[2.137s] reading manifest file '../../build/ai_manipulation/ai_manipulation.egg-info/SOURCES.txt'
[2.140s] writing manifest file '../../build/ai_manipulation/ai_manipulation.egg-info/SOURCES.txt'
[2.141s] running build
[2.141s] running build_py
[2.142s] copying ai_manipulation/script/six_dxl_model.py -> /home/kimdu/hanse/build/ai_manipulation/build/lib/ai_manipulation/script
[2.151s] running install
[2.152s] /usr/lib/python3/dist-packages/setuptools/command/install.py:34: SetuptoolsDeprecationWarning: setup.py install is deprecated. Use build and pip and other standards-based tools.
[2.152s]   warnings.warn(
[2.153s] running install_lib
[2.155s] copying /home/kimdu/hanse/build/ai_manipulation/build/lib/ai_manipulation/script/six_dxl_model.py -> /home/kimdu/hanse/install/ai_manipulation/lib/python3.10/site-packages/ai_manipulation/script
[2.158s] byte-compiling /home/kimdu/hanse/install/ai_manipulation/lib/python3.10/site-packages/ai_manipulation/script/six_dxl_model.py to six_dxl_model.cpython-310.pyc
[2.169s] running install_data
[2.170s] running install_egg_info
[2.173s] removing '/home/kimdu/hanse/install/ai_manipulation/lib/python3.10/site-packages/ai_manipulation-0.0.0-py3.10.egg-info' (and everything under it)
[2.178s] Copying ../../build/ai_manipulation/ai_manipulation.egg-info to /home/kimdu/hanse/install/ai_manipulation/lib/python3.10/site-packages/ai_manipulation-0.0.0-py3.10.egg-info
[2.185s] running install_scripts
[2.222s] Installing make_my_model script to /home/kimdu/hanse/install/ai_manipulation/lib/ai_manipulation
[2.222s] Installing run_my_model script to /home/kimdu/hanse/install/ai_manipulation/lib/ai_manipulation
[2.222s] Installing shoe_drop_point_gen script to /home/kimdu/hanse/install/ai_manipulation/lib/ai_manipulation
[2.222s] Installing six_dxl_model script to /home/kimdu/hanse/install/ai_manipulation/lib/ai_manipulation
[2.222s] Installing six_dxl_run script to /home/kimdu/hanse/install/ai_manipulation/lib/ai_manipulation
[2.222s] Installing test_seokwon script to /home/kimdu/hanse/install/ai_manipulation/lib/ai_manipulation
[2.225s] Installing testing script to /home/kimdu/hanse/install/ai_manipulation/lib/ai_manipulation
[2.226s] writing list of installed files to '/home/kimdu/hanse/build/ai_manipulation/install.log'
[2.306s] Invoked command in '/home/kimdu/hanse/src/ai_manipulation' returned '0': CMAKE_PREFIX_PATH=/home/kimdu/hanse/install/open_manipulator_msgs:/home/kimdu/hanse/robot-repo-2/install/open_manipulator:/home/kimdu/hanse/robot-repo-2/install/open_manipulator_x_controller:/home/kimdu/hanse/robot-repo-2/install/open_manipulator_x_libs:/home/kimdu/hanse/robot-repo-2/install/robotis_manipulator:/home/kimdu/hanse/robot-repo-2/install/open_manipulator_x_description:/home/kimdu/hanse/robot-repo-2/install/open_manipulator_msgs:/home/kimdu/hanse/robot-repo-2/install/dynamixel_workbench:/home/kimdu/hanse/robot-repo-2/install/dynamixel_workbench_toolbox:/home/kimdu/hanse/robot-repo-2/install/dynamixel_sdk_examples:/home/kimdu/hanse/robot-repo-2/install/dynamixel_sdk_custom_interfaces:/home/kimdu/hanse/robot-repo-2/install/dynamixel_sdk:/home/kimdu/hanse/robot-repo-2/install/cmake_modules:/home/kimdu/hanse/install/open_manipulator:/home/kimdu/hanse/install/open_manipulator_x_controller:/home/kimdu/hanse/install/open_manipulator_x_libs:/home/kimdu/hanse/install/robotis_manipulator:/home/kimdu/hanse/install/open_manipulator_x_description:/home/kimdu/hanse/install/dynamixel_workbench:/home/kimdu/hanse/install/dynamixel_workbench_toolbox:/home/kimdu/hanse/install/dynamixel_sdk_examples:/home/kimdu/hanse/install/dynamixel_sdk_custom_interfaces:/home/kimdu/hanse/install/dynamixel_sdk:/home/kimdu/hanse/install/cmake_modules:/home/kimdu/pinkbot/install/minibot_navigation2:/home/kimdu/pinkbot/install/minibot_controllers:/home/kimdu/pinkbot/install/minibot_interfaces:/home/kimdu/pinkbot/install/minibot_hardware_interface:/home/kimdu/pinkbot/install/minibot_bringup:/home/kimdu/pinkbot/install/minibot_gazebo:/home/kimdu/pinkbot/install/minibot_description LD_LIBRARY_PATH=/home/kimdu/hanse/install/open_manipulator_msgs/lib:/home/kimdu/hanse/robot-repo-2/install/open_manipulator_x_libs/lib:/home/kimdu/hanse/robot-repo-2/install/robotis_manipulator/lib:/home/kimdu/hanse/robot-repo-2/install/open_manipulator_msgs/lib:/home/kimdu/hanse/robot-repo-2/install/dynamixel_workbench_toolbox/lib:/home/kimdu/hanse/robot-repo-2/install/dynamixel_sdk_custom_interfaces/lib:/home/kimdu/hanse/robot-repo-2/install/dynamixel_sdk/lib:/home/kimdu/hanse/install/open_manipulator_x_libs/lib:/home/kimdu/hanse/install/robotis_manipulator/lib:/home/kimdu/hanse/install/dynamixel_workbench_toolbox/lib:/home/kimdu/hanse/install/dynamixel_sdk_custom_interfaces/lib:/home/kimdu/hanse/install/dynamixel_sdk/lib:/home/kimdu/pinkbot/install/minibot_controllers/lib:/home/kimdu/pinkbot/install/minibot_interfaces/lib:/home/kimdu/pinkbot/install/minibot_hardware_interface/lib:/usr/lib/x86_64-linux-gnu/gazebo-11/plugins:/opt/ros/humble/opt/rviz_ogre_vendor/lib:/opt/ros/humble/lib/x86_64-linux-gnu:/opt/ros/humble/lib PYTHONPATH=/home/kimdu/hanse/build/ai_manipulation/prefix_override:/home/kimdu/hanse/install/ai_manipulation/lib/python3.10/site-packages:${PYTHONPATH} /usr/bin/python3 setup.py egg_info --egg-base ../../build/ai_manipulation build --build-base /home/kimdu/hanse/build/ai_manipulation/build install --record /home/kimdu/hanse/build/ai_manipulation/install.log --single-version-externally-managed
