[1.250s] Invoking command in '/home/kimdu/hanse/src/ai_manipulation': CMAKE_PREFIX_PATH=/home/kimdu/hanse/install/open_manipulator_msgs:/home/kimdu/hanse/install/open_manipulator:/home/kimdu/hanse/install/open_manipulator_x_controller:/home/kimdu/hanse/install/open_manipulator_x_libs:/home/kimdu/hanse/install/robotis_manipulator:/home/kimdu/hanse/install/open_manipulator_x_description:/home/kimdu/hanse/install/dynamixel_workbench:/home/kimdu/hanse/install/dynamixel_workbench_toolbox:/home/kimdu/hanse/install/dynamixel_sdk_examples:/home/kimdu/hanse/install/dynamixel_sdk_custom_interfaces:/home/kimdu/hanse/install/dynamixel_sdk:/home/kimdu/hanse/install/cmake_modules:/home/kimdu/pinkbot/install/minibot_navigation2:/home/kimdu/pinkbot/install/minibot_controllers:/home/kimdu/pinkbot/install/minibot_interfaces:/home/kimdu/pinkbot/install/minibot_hardware_interface:/home/kimdu/pinkbot/install/minibot_bringup:/home/kimdu/pinkbot/install/minibot_gazebo:/home/kimdu/pinkbot/install/minibot_description LD_LIBRARY_PATH=/home/kimdu/hanse/install/open_manipulator_msgs/lib:/home/kimdu/hanse/install/open_manipulator_x_libs/lib:/home/kimdu/hanse/install/robotis_manipulator/lib:/home/kimdu/hanse/install/dynamixel_workbench_toolbox/lib:/home/kimdu/hanse/install/dynamixel_sdk_custom_interfaces/lib:/home/kimdu/hanse/install/dynamixel_sdk/lib:/home/kimdu/pinkbot/install/minibot_controllers/lib:/home/kimdu/pinkbot/install/minibot_interfaces/lib:/home/kimdu/pinkbot/install/minibot_hardware_interface/lib:/usr/lib/x86_64-linux-gnu/gazebo-11/plugins:/opt/ros/humble/opt/rviz_ogre_vendor/lib:/opt/ros/humble/lib/x86_64-linux-gnu:/opt/ros/humble/lib PYTHONPATH=/home/kimdu/hanse/build/ai_manipulation/prefix_override:/home/kimdu/hanse/install/ai_manipulation/lib/python3.10/site-packages:${PYTHONPATH} /usr/bin/python3 setup.py egg_info --egg-base ../../build/ai_manipulation build --build-base /home/kimdu/hanse/build/ai_manipulation/build install --record /home/kimdu/hanse/build/ai_manipulation/install.log --single-version-externally-managed
[1.442s] running egg_info
[1.442s] writing ../../build/ai_manipulation/ai_manipulation.egg-info/PKG-INFO
[1.442s] writing dependency_links to ../../build/ai_manipulation/ai_manipulation.egg-info/dependency_links.txt
[1.442s] writing entry points to ../../build/ai_manipulation/ai_manipulation.egg-info/entry_points.txt
[1.442s] writing requirements to ../../build/ai_manipulation/ai_manipulation.egg-info/requires.txt
[1.442s] writing top-level names to ../../build/ai_manipulation/ai_manipulation.egg-info/top_level.txt
[1.444s] reading manifest file '../../build/ai_manipulation/ai_manipulation.egg-info/SOURCES.txt'
[1.445s] writing manifest file '../../build/ai_manipulation/ai_manipulation.egg-info/SOURCES.txt'
[1.445s] running build
[1.445s] running build_py
[1.446s] copying ai_manipulation/script/six_dxl_model.py -> /home/kimdu/hanse/build/ai_manipulation/build/lib/ai_manipulation/script
[1.448s] running install
[1.448s] /usr/lib/python3/dist-packages/setuptools/command/install.py:34: SetuptoolsDeprecationWarning: setup.py install is deprecated. Use build and pip and other standards-based tools.
[1.448s]   warnings.warn(
[1.448s] running install_lib
[1.448s] copying /home/kimdu/hanse/build/ai_manipulation/build/lib/ai_manipulation/script/six_dxl_model.py -> /home/kimdu/hanse/install/ai_manipulation/lib/python3.10/site-packages/ai_manipulation/script
[1.450s] byte-compiling /home/kimdu/hanse/install/ai_manipulation/lib/python3.10/site-packages/ai_manipulation/script/six_dxl_model.py to six_dxl_model.cpython-310.pyc
[1.453s] running install_data
[1.453s] running install_egg_info
[1.454s] removing '/home/kimdu/hanse/install/ai_manipulation/lib/python3.10/site-packages/ai_manipulation-0.0.0-py3.10.egg-info' (and everything under it)
[1.454s] Copying ../../build/ai_manipulation/ai_manipulation.egg-info to /home/kimdu/hanse/install/ai_manipulation/lib/python3.10/site-packages/ai_manipulation-0.0.0-py3.10.egg-info
[1.455s] running install_scripts
[1.475s] Installing make_my_model script to /home/kimdu/hanse/install/ai_manipulation/lib/ai_manipulation
[1.475s] Installing run_my_model script to /home/kimdu/hanse/install/ai_manipulation/lib/ai_manipulation
[1.475s] Installing shoe_drop_point_gen script to /home/kimdu/hanse/install/ai_manipulation/lib/ai_manipulation
[1.475s] Installing six_dxl_model script to /home/kimdu/hanse/install/ai_manipulation/lib/ai_manipulation
[1.475s] Installing six_dxl_run script to /home/kimdu/hanse/install/ai_manipulation/lib/ai_manipulation
[1.475s] Installing test_seokwon script to /home/kimdu/hanse/install/ai_manipulation/lib/ai_manipulation
[1.475s] Installing testing script to /home/kimdu/hanse/install/ai_manipulation/lib/ai_manipulation
[1.476s] writing list of installed files to '/home/kimdu/hanse/build/ai_manipulation/install.log'
[1.501s] Invoked command in '/home/kimdu/hanse/src/ai_manipulation' returned '0': CMAKE_PREFIX_PATH=/home/kimdu/hanse/install/open_manipulator_msgs:/home/kimdu/hanse/install/open_manipulator:/home/kimdu/hanse/install/open_manipulator_x_controller:/home/kimdu/hanse/install/open_manipulator_x_libs:/home/kimdu/hanse/install/robotis_manipulator:/home/kimdu/hanse/install/open_manipulator_x_description:/home/kimdu/hanse/install/dynamixel_workbench:/home/kimdu/hanse/install/dynamixel_workbench_toolbox:/home/kimdu/hanse/install/dynamixel_sdk_examples:/home/kimdu/hanse/install/dynamixel_sdk_custom_interfaces:/home/kimdu/hanse/install/dynamixel_sdk:/home/kimdu/hanse/install/cmake_modules:/home/kimdu/pinkbot/install/minibot_navigation2:/home/kimdu/pinkbot/install/minibot_controllers:/home/kimdu/pinkbot/install/minibot_interfaces:/home/kimdu/pinkbot/install/minibot_hardware_interface:/home/kimdu/pinkbot/install/minibot_bringup:/home/kimdu/pinkbot/install/minibot_gazebo:/home/kimdu/pinkbot/install/minibot_description LD_LIBRARY_PATH=/home/kimdu/hanse/install/open_manipulator_msgs/lib:/home/kimdu/hanse/install/open_manipulator_x_libs/lib:/home/kimdu/hanse/install/robotis_manipulator/lib:/home/kimdu/hanse/install/dynamixel_workbench_toolbox/lib:/home/kimdu/hanse/install/dynamixel_sdk_custom_interfaces/lib:/home/kimdu/hanse/install/dynamixel_sdk/lib:/home/kimdu/pinkbot/install/minibot_controllers/lib:/home/kimdu/pinkbot/install/minibot_interfaces/lib:/home/kimdu/pinkbot/install/minibot_hardware_interface/lib:/usr/lib/x86_64-linux-gnu/gazebo-11/plugins:/opt/ros/humble/opt/rviz_ogre_vendor/lib:/opt/ros/humble/lib/x86_64-linux-gnu:/opt/ros/humble/lib PYTHONPATH=/home/kimdu/hanse/build/ai_manipulation/prefix_override:/home/kimdu/hanse/install/ai_manipulation/lib/python3.10/site-packages:${PYTHONPATH} /usr/bin/python3 setup.py egg_info --egg-base ../../build/ai_manipulation build --build-base /home/kimdu/hanse/build/ai_manipulation/build install --record /home/kimdu/hanse/build/ai_manipulation/install.log --single-version-externally-managed
