[0.184s] Invoking command in '/home/hanse/git_ws/final_project/build/open_manipulator_msgs': CMAKE_PREFIX_PATH=${CMAKE_PREFIX_PATH}:/home/hanse/git_ws/final_project/install/open_manipulator_x_teleop:/home/hanse/git_ws/final_project/install/ai_manipulation:/opt/ros/humble /home/hanse/.local/bin/cmake --build /home/hanse/git_ws/final_project/build/open_manipulator_msgs -- -j8 -l8
[0.243s] [ 11%] Built target open_manipulator_msgs__rosidl_generator_c
[0.243s] [ 12%] Built target open_manipulator_msgs__cpp
[0.244s] [ 12%] Built target ament_cmake_python_copy_open_manipulator_msgs
[0.276s] [ 25%] Built target open_manipulator_msgs__rosidl_typesupport_fastrtps_c
[0.276s] [ 35%] Built target open_manipulator_msgs__rosidl_typesupport_introspection_c
[0.278s] [ 47%] Built target open_manipulator_msgs__rosidl_typesupport_c
[0.280s] [ 58%] Built target open_manipulator_msgs__rosidl_typesupport_introspection_cpp
[0.301s] [ 70%] Built target open_manipulator_msgs__rosidl_typesupport_cpp
[0.324s] [ 82%] Built target open_manipulator_msgs__rosidl_typesupport_fastrtps_cpp
[0.339s] [ 82%] Built target open_manipulator_msgs
[0.351s] [ 83%] Built target open_manipulator_msgs__py
[0.368s] [ 93%] Built target open_manipulator_msgs__rosidl_generator_py
[0.385s] [ 95%] Built target open_manipulator_msgs__rosidl_typesupport_fastrtps_c__pyext
[0.388s] [ 97%] Built target open_manipulator_msgs__rosidl_typesupport_c__pyext
[0.392s] [100%] Built target open_manipulator_msgs__rosidl_typesupport_introspection_c__pyext
[0.478s] running egg_info
[0.492s] writing open_manipulator_msgs.egg-info/PKG-INFO
[0.492s] writing dependency_links to open_manipulator_msgs.egg-info/dependency_links.txt
[0.492s] writing top-level names to open_manipulator_msgs.egg-info/top_level.txt
[0.535s] reading manifest file 'open_manipulator_msgs.egg-info/SOURCES.txt'
[0.536s] writing manifest file 'open_manipulator_msgs.egg-info/SOURCES.txt'
[0.552s] [100%] Built target ament_cmake_python_build_open_manipulator_msgs_egg
[0.653s] Invoked command in '/home/hanse/git_ws/final_project/build/open_manipulator_msgs' returned '0': CMAKE_PREFIX_PATH=${CMAKE_PREFIX_PATH}:/home/hanse/git_ws/final_project/install/open_manipulator_x_teleop:/home/hanse/git_ws/final_project/install/ai_manipulation:/opt/ros/humble /home/hanse/.local/bin/cmake --build /home/hanse/git_ws/final_project/build/open_manipulator_msgs -- -j8 -l8
[0.931s] Invoking command in '/home/hanse/git_ws/final_project/build/open_manipulator_msgs': CMAKE_PREFIX_PATH=${CMAKE_PREFIX_PATH}:/home/hanse/git_ws/final_project/install/open_manipulator_x_teleop:/home/hanse/git_ws/final_project/install/ai_manipulation:/opt/ros/humble /home/hanse/.local/bin/cmake --install /home/hanse/git_ws/final_project/build/open_manipulator_msgs
[0.953s] -- Install configuration: ""
[0.954s] -- Up-to-date: /home/hanse/git_ws/final_project/install/open_manipulator_msgs/share/ament_index/resource_index/rosidl_interfaces/open_manipulator_msgs
[0.954s] -- Up-to-date: /home/hanse/git_ws/final_project/install/open_manipulator_msgs/include/open_manipulator_msgs/open_manipulator_msgs
[0.954s] -- Up-to-date: /home/hanse/git_ws/final_project/install/open_manipulator_msgs/include/open_manipulator_msgs/open_manipulator_msgs/msg
[0.954s] -- Up-to-date: /home/hanse/git_ws/final_project/install/open_manipulator_msgs/include/open_manipulator_msgs/open_manipulator_msgs/msg/detail
[0.955s] -- Up-to-date: /home/hanse/git_ws/final_project/install/open_manipulator_msgs/include/open_manipulator_msgs/open_manipulator_msgs/msg/detail/kinematics_pose__struct.h
[0.955s] -- Up-to-date: /home/hanse/git_ws/final_project/install/open_manipulator_msgs/include/open_manipulator_msgs/open_manipulator_msgs/msg/detail/joint_position__functions.c
[0.955s] -- Up-to-date: /home/hanse/git_ws/final_project/install/open_manipulator_msgs/include/open_manipulator_msgs/open_manipulator_msgs/msg/detail/kinematics_pose__functions.h
[0.955s] -- Up-to-date: /home/hanse/git_ws/final_project/install/open_manipulator_msgs/include/open_manipulator_msgs/open_manipulator_msgs/msg/detail/open_manipulator_state__functions.h
[0.955s] -- Up-to-date: /home/hanse/git_ws/final_project/install/open_manipulator_msgs/include/open_manipulator_msgs/open_manipulator_msgs/msg/detail/joint_position__type_support.h
[0.955s] -- Up-to-date: /home/hanse/git_ws/final_project/install/open_manipulator_msgs/include/open_manipulator_msgs/open_manipulator_msgs/msg/detail/joint_position__functions.h
[0.955s] -- Up-to-date: /home/hanse/git_ws/final_project/install/open_manipulator_msgs/include/open_manipulator_msgs/open_manipulator_msgs/msg/detail/open_manipulator_state__functions.c
[0.956s] -- Up-to-date: /home/hanse/git_ws/final_project/install/open_manipulator_msgs/include/open_manipulator_msgs/open_manipulator_msgs/msg/detail/open_manipulator_state__struct.h
[0.956s] -- Up-to-date: /home/hanse/git_ws/final_project/install/open_manipulator_msgs/include/open_manipulator_msgs/open_manipulator_msgs/msg/detail/kinematics_pose__type_support.h
[0.956s] -- Up-to-date: /home/hanse/git_ws/final_project/install/open_manipulator_msgs/include/open_manipulator_msgs/open_manipulator_msgs/msg/detail/joint_position__struct.h
[0.956s] -- Up-to-date: /home/hanse/git_ws/final_project/install/open_manipulator_msgs/include/open_manipulator_msgs/open_manipulator_msgs/msg/detail/open_manipulator_state__type_support.h
[0.956s] -- Up-to-date: /home/hanse/git_ws/final_project/install/open_manipulator_msgs/include/open_manipulator_msgs/open_manipulator_msgs/msg/detail/kinematics_pose__functions.c
[0.956s] -- Up-to-date: /home/hanse/git_ws/final_project/install/open_manipulator_msgs/include/open_manipulator_msgs/open_manipulator_msgs/msg/kinematics_pose.h
[0.956s] -- Up-to-date: /home/hanse/git_ws/final_project/install/open_manipulator_msgs/include/open_manipulator_msgs/open_manipulator_msgs/msg/rosidl_generator_c__visibility_control.h
[0.956s] -- Up-to-date: /home/hanse/git_ws/final_project/install/open_manipulator_msgs/include/open_manipulator_msgs/open_manipulator_msgs/msg/open_manipulator_state.h
[0.956s] -- Up-to-date: /home/hanse/git_ws/final_project/install/open_manipulator_msgs/include/open_manipulator_msgs/open_manipulator_msgs/msg/joint_position.h
[0.956s] -- Up-to-date: /home/hanse/git_ws/final_project/install/open_manipulator_msgs/include/open_manipulator_msgs/open_manipulator_msgs/srv
[0.956s] -- Up-to-date: /home/hanse/git_ws/final_project/install/open_manipulator_msgs/include/open_manipulator_msgs/open_manipulator_msgs/srv/set_kinematics_pose.h
[0.956s] -- Up-to-date: /home/hanse/git_ws/final_project/install/open_manipulator_msgs/include/open_manipulator_msgs/open_manipulator_msgs/srv/detail
[0.956s] -- Up-to-date: /home/hanse/git_ws/final_project/install/open_manipulator_msgs/include/open_manipulator_msgs/open_manipulator_msgs/srv/detail/get_joint_position__struct.h
[0.956s] -- Up-to-date: /home/hanse/git_ws/final_project/install/open_manipulator_msgs/include/open_manipulator_msgs/open_manipulator_msgs/srv/detail/set_actuator_state__functions.c
[0.956s] -- Up-to-date: /home/hanse/git_ws/final_project/install/open_manipulator_msgs/include/open_manipulator_msgs/open_manipulator_msgs/srv/detail/get_kinematics_pose__type_support.h
[0.956s] -- Up-to-date: /home/hanse/git_ws/final_project/install/open_manipulator_msgs/include/open_manipulator_msgs/open_manipulator_msgs/srv/detail/set_drawing_trajectory__type_support.h
[0.956s] -- Up-to-date: /home/hanse/git_ws/final_project/install/open_manipulator_msgs/include/open_manipulator_msgs/open_manipulator_msgs/srv/detail/set_actuator_state__struct.h
[0.957s] -- Up-to-date: /home/hanse/git_ws/final_project/install/open_manipulator_msgs/include/open_manipulator_msgs/open_manipulator_msgs/srv/detail/set_joint_position__type_support.h
[0.957s] -- Up-to-date: /home/hanse/git_ws/final_project/install/open_manipulator_msgs/include/open_manipulator_msgs/open_manipulator_msgs/srv/detail/get_kinematics_pose__functions.h
[0.957s] -- Up-to-date: /home/hanse/git_ws/final_project/install/open_manipulator_msgs/include/open_manipulator_msgs/open_manipulator_msgs/srv/detail/get_kinematics_pose__functions.c
[0.957s] -- Up-to-date: /home/hanse/git_ws/final_project/install/open_manipulator_msgs/include/open_manipulator_msgs/open_manipulator_msgs/srv/detail/get_joint_position__functions.c
[0.957s] -- Up-to-date: /home/hanse/git_ws/final_project/install/open_manipulator_msgs/include/open_manipulator_msgs/open_manipulator_msgs/srv/detail/set_drawing_trajectory__functions.c
[0.957s] -- Up-to-date: /home/hanse/git_ws/final_project/install/open_manipulator_msgs/include/open_manipulator_msgs/open_manipulator_msgs/srv/detail/set_joint_position__functions.h
[0.957s] -- Up-to-date: /home/hanse/git_ws/final_project/install/open_manipulator_msgs/include/open_manipulator_msgs/open_manipulator_msgs/srv/detail/get_kinematics_pose__struct.h
[0.957s] -- Up-to-date: /home/hanse/git_ws/final_project/install/open_manipulator_msgs/include/open_manipulator_msgs/open_manipulator_msgs/srv/detail/set_drawing_trajectory__struct.h
[0.957s] -- Up-to-date: /home/hanse/git_ws/final_project/install/open_manipulator_msgs/include/open_manipulator_msgs/open_manipulator_msgs/srv/detail/set_joint_position__struct.h
[0.958s] -- Up-to-date: /home/hanse/git_ws/final_project/install/open_manipulator_msgs/include/open_manipulator_msgs/open_manipulator_msgs/srv/detail/set_kinematics_pose__functions.h
[0.958s] -- Up-to-date: /home/hanse/git_ws/final_project/install/open_manipulator_msgs/include/open_manipulator_msgs/open_manipulator_msgs/srv/detail/get_joint_position__type_support.h
[0.958s] -- Up-to-date: /home/hanse/git_ws/final_project/install/open_manipulator_msgs/include/open_manipulator_msgs/open_manipulator_msgs/srv/detail/set_kinematics_pose__functions.c
[0.958s] -- Up-to-date: /home/hanse/git_ws/final_project/install/open_manipulator_msgs/include/open_manipulator_msgs/open_manipulator_msgs/srv/detail/set_drawing_trajectory__functions.h
[0.958s] -- Up-to-date: /home/hanse/git_ws/final_project/install/open_manipulator_msgs/include/open_manipulator_msgs/open_manipulator_msgs/srv/detail/set_kinematics_pose__type_support.h
[0.958s] -- Up-to-date: /home/hanse/git_ws/final_project/install/open_manipulator_msgs/include/open_manipulator_msgs/open_manipulator_msgs/srv/detail/set_joint_position__functions.c
[0.958s] -- Up-to-date: /home/hanse/git_ws/final_project/install/open_manipulator_msgs/include/open_manipulator_msgs/open_manipulator_msgs/srv/detail/get_joint_position__functions.h
[0.958s] -- Up-to-date: /home/hanse/git_ws/final_project/install/open_manipulator_msgs/include/open_manipulator_msgs/open_manipulator_msgs/srv/detail/set_kinematics_pose__struct.h
[0.958s] -- Up-to-date: /home/hanse/git_ws/final_project/install/open_manipulator_msgs/include/open_manipulator_msgs/open_manipulator_msgs/srv/detail/set_actuator_state__type_support.h
[0.958s] -- Up-to-date: /home/hanse/git_ws/final_project/install/open_manipulator_msgs/include/open_manipulator_msgs/open_manipulator_msgs/srv/detail/set_actuator_state__functions.h
[0.958s] -- Up-to-date: /home/hanse/git_ws/final_project/install/open_manipulator_msgs/include/open_manipulator_msgs/open_manipulator_msgs/srv/set_joint_position.h
[0.958s] -- Up-to-date: /home/hanse/git_ws/final_project/install/open_manipulator_msgs/include/open_manipulator_msgs/open_manipulator_msgs/srv/set_drawing_trajectory.h
[0.958s] -- Up-to-date: /home/hanse/git_ws/final_project/install/open_manipulator_msgs/include/open_manipulator_msgs/open_manipulator_msgs/srv/get_kinematics_pose.h
[0.958s] -- Up-to-date: /home/hanse/git_ws/final_project/install/open_manipulator_msgs/include/open_manipulator_msgs/open_manipulator_msgs/srv/set_actuator_state.h
[0.958s] -- Up-to-date: /home/hanse/git_ws/final_project/install/open_manipulator_msgs/include/open_manipulator_msgs/open_manipulator_msgs/srv/get_joint_position.h
[0.958s] -- Up-to-date: /home/hanse/git_ws/final_project/install/open_manipulator_msgs/share/open_manipulator_msgs/environment/library_path.sh
[0.958s] -- Up-to-date: /home/hanse/git_ws/final_project/install/open_manipulator_msgs/share/open_manipulator_msgs/environment/library_path.dsv
[0.959s] -- Up-to-date: /home/hanse/git_ws/final_project/install/open_manipulator_msgs/lib/libopen_manipulator_msgs__rosidl_generator_c.so
[0.959s] -- Up-to-date: /home/hanse/git_ws/final_project/install/open_manipulator_msgs/include/open_manipulator_msgs/open_manipulator_msgs
[0.959s] -- Up-to-date: /home/hanse/git_ws/final_project/install/open_manipulator_msgs/include/open_manipulator_msgs/open_manipulator_msgs/msg
[0.959s] -- Up-to-date: /home/hanse/git_ws/final_project/install/open_manipulator_msgs/include/open_manipulator_msgs/open_manipulator_msgs/msg/rosidl_typesupport_fastrtps_c__visibility_control.h
[0.959s] -- Up-to-date: /home/hanse/git_ws/final_project/install/open_manipulator_msgs/include/open_manipulator_msgs/open_manipulator_msgs/msg/detail
[0.959s] -- Up-to-date: /home/hanse/git_ws/final_project/install/open_manipulator_msgs/include/open_manipulator_msgs/open_manipulator_msgs/msg/detail/open_manipulator_state__rosidl_typesupport_fastrtps_c.h
[0.959s] -- Up-to-date: /home/hanse/git_ws/final_project/install/open_manipulator_msgs/include/open_manipulator_msgs/open_manipulator_msgs/msg/detail/joint_position__rosidl_typesupport_fastrtps_c.h
[0.959s] -- Up-to-date: /home/hanse/git_ws/final_project/install/open_manipulator_msgs/include/open_manipulator_msgs/open_manipulator_msgs/msg/detail/kinematics_pose__rosidl_typesupport_fastrtps_c.h
[0.959s] -- Up-to-date: /home/hanse/git_ws/final_project/install/open_manipulator_msgs/include/open_manipulator_msgs/open_manipulator_msgs/srv
[0.959s] -- Up-to-date: /home/hanse/git_ws/final_project/install/open_manipulator_msgs/include/open_manipulator_msgs/open_manipulator_msgs/srv/detail
[0.959s] -- Up-to-date: /home/hanse/git_ws/final_project/install/open_manipulator_msgs/include/open_manipulator_msgs/open_manipulator_msgs/srv/detail/set_drawing_trajectory__rosidl_typesupport_fastrtps_c.h
[0.959s] -- Up-to-date: /home/hanse/git_ws/final_project/install/open_manipulator_msgs/include/open_manipulator_msgs/open_manipulator_msgs/srv/detail/get_kinematics_pose__rosidl_typesupport_fastrtps_c.h
[0.959s] -- Up-to-date: /home/hanse/git_ws/final_project/install/open_manipulator_msgs/include/open_manipulator_msgs/open_manipulator_msgs/srv/detail/set_actuator_state__rosidl_typesupport_fastrtps_c.h
[0.959s] -- Up-to-date: /home/hanse/git_ws/final_project/install/open_manipulator_msgs/include/open_manipulator_msgs/open_manipulator_msgs/srv/detail/set_kinematics_pose__rosidl_typesupport_fastrtps_c.h
[0.959s] -- Up-to-date: /home/hanse/git_ws/final_project/install/open_manipulator_msgs/include/open_manipulator_msgs/open_manipulator_msgs/srv/detail/set_joint_position__rosidl_typesupport_fastrtps_c.h
[0.959s] -- Up-to-date: /home/hanse/git_ws/final_project/install/open_manipulator_msgs/include/open_manipulator_msgs/open_manipulator_msgs/srv/detail/get_joint_position__rosidl_typesupport_fastrtps_c.h
[0.960s] -- Up-to-date: /home/hanse/git_ws/final_project/install/open_manipulator_msgs/lib/libopen_manipulator_msgs__rosidl_typesupport_fastrtps_c.so
[0.960s] -- Up-to-date: /home/hanse/git_ws/final_project/install/open_manipulator_msgs/include/open_manipulator_msgs/open_manipulator_msgs
[0.960s] -- Up-to-date: /home/hanse/git_ws/final_project/install/open_manipulator_msgs/include/open_manipulator_msgs/open_manipulator_msgs/msg
[0.960s] -- Up-to-date: /home/hanse/git_ws/final_project/install/open_manipulator_msgs/include/open_manipulator_msgs/open_manipulator_msgs/msg/detail
[0.960s] -- Up-to-date: /home/hanse/git_ws/final_project/install/open_manipulator_msgs/include/open_manipulator_msgs/open_manipulator_msgs/msg/detail/joint_position__builder.hpp
[0.960s] -- Up-to-date: /home/hanse/git_ws/final_project/install/open_manipulator_msgs/include/open_manipulator_msgs/open_manipulator_msgs/msg/detail/kinematics_pose__builder.hpp
[0.960s] -- Up-to-date: /home/hanse/git_ws/final_project/install/open_manipulator_msgs/include/open_manipulator_msgs/open_manipulator_msgs/msg/detail/kinematics_pose__traits.hpp
[0.960s] -- Up-to-date: /home/hanse/git_ws/final_project/install/open_manipulator_msgs/include/open_manipulator_msgs/open_manipulator_msgs/msg/detail/kinematics_pose__struct.hpp
[0.960s] -- Up-to-date: /home/hanse/git_ws/final_project/install/open_manipulator_msgs/include/open_manipulator_msgs/open_manipulator_msgs/msg/detail/open_manipulator_state__struct.hpp
[0.960s] -- Up-to-date: /home/hanse/git_ws/final_project/install/open_manipulator_msgs/include/open_manipulator_msgs/open_manipulator_msgs/msg/detail/joint_position__traits.hpp
[0.960s] -- Up-to-date: /home/hanse/git_ws/final_project/install/open_manipulator_msgs/include/open_manipulator_msgs/open_manipulator_msgs/msg/detail/open_manipulator_state__builder.hpp
[0.960s] -- Up-to-date: /home/hanse/git_ws/final_project/install/open_manipulator_msgs/include/open_manipulator_msgs/open_manipulator_msgs/msg/detail/joint_position__struct.hpp
[0.960s] -- Up-to-date: /home/hanse/git_ws/final_project/install/open_manipulator_msgs/include/open_manipulator_msgs/open_manipulator_msgs/msg/detail/open_manipulator_state__traits.hpp
[0.960s] -- Up-to-date: /home/hanse/git_ws/final_project/install/open_manipulator_msgs/include/open_manipulator_msgs/open_manipulator_msgs/msg/kinematics_pose.hpp
[0.960s] -- Up-to-date: /home/hanse/git_ws/final_project/install/open_manipulator_msgs/include/open_manipulator_msgs/open_manipulator_msgs/msg/joint_position.hpp
[0.960s] -- Up-to-date: /home/hanse/git_ws/final_project/install/open_manipulator_msgs/include/open_manipulator_msgs/open_manipulator_msgs/msg/open_manipulator_state.hpp
[0.960s] -- Up-to-date: /home/hanse/git_ws/final_project/install/open_manipulator_msgs/include/open_manipulator_msgs/open_manipulator_msgs/srv
[0.960s] -- Up-to-date: /home/hanse/git_ws/final_project/install/open_manipulator_msgs/include/open_manipulator_msgs/open_manipulator_msgs/srv/detail
[0.961s] -- Up-to-date: /home/hanse/git_ws/final_project/install/open_manipulator_msgs/include/open_manipulator_msgs/open_manipulator_msgs/srv/detail/get_kinematics_pose__traits.hpp
[0.961s] -- Up-to-date: /home/hanse/git_ws/final_project/install/open_manipulator_msgs/include/open_manipulator_msgs/open_manipulator_msgs/srv/detail/set_drawing_trajectory__struct.hpp
[0.961s] -- Up-to-date: /home/hanse/git_ws/final_project/install/open_manipulator_msgs/include/open_manipulator_msgs/open_manipulator_msgs/srv/detail/set_actuator_state__struct.hpp
[0.961s] -- Up-to-date: /home/hanse/git_ws/final_project/install/open_manipulator_msgs/include/open_manipulator_msgs/open_manipulator_msgs/srv/detail/set_joint_position__builder.hpp
[0.961s] -- Up-to-date: /home/hanse/git_ws/final_project/install/open_manipulator_msgs/include/open_manipulator_msgs/open_manipulator_msgs/srv/detail/set_drawing_trajectory__traits.hpp
[0.961s] -- Up-to-date: /home/hanse/git_ws/final_project/install/open_manipulator_msgs/include/open_manipulator_msgs/open_manipulator_msgs/srv/detail/set_kinematics_pose__traits.hpp
[0.961s] -- Up-to-date: /home/hanse/git_ws/final_project/install/open_manipulator_msgs/include/open_manipulator_msgs/open_manipulator_msgs/srv/detail/set_joint_position__struct.hpp
[0.961s] -- Up-to-date: /home/hanse/git_ws/final_project/install/open_manipulator_msgs/include/open_manipulator_msgs/open_manipulator_msgs/srv/detail/set_joint_position__traits.hpp
[0.961s] -- Up-to-date: /home/hanse/git_ws/final_project/install/open_manipulator_msgs/include/open_manipulator_msgs/open_manipulator_msgs/srv/detail/set_drawing_trajectory__builder.hpp
[0.961s] -- Up-to-date: /home/hanse/git_ws/final_project/install/open_manipulator_msgs/include/open_manipulator_msgs/open_manipulator_msgs/srv/detail/set_kinematics_pose__struct.hpp
[0.961s] -- Up-to-date: /home/hanse/git_ws/final_project/install/open_manipulator_msgs/include/open_manipulator_msgs/open_manipulator_msgs/srv/detail/get_kinematics_pose__struct.hpp
[0.961s] -- Up-to-date: /home/hanse/git_ws/final_project/install/open_manipulator_msgs/include/open_manipulator_msgs/open_manipulator_msgs/srv/detail/set_actuator_state__traits.hpp
[0.961s] -- Up-to-date: /home/hanse/git_ws/final_project/install/open_manipulator_msgs/include/open_manipulator_msgs/open_manipulator_msgs/srv/detail/get_joint_position__traits.hpp
[0.961s] -- Up-to-date: /home/hanse/git_ws/final_project/install/open_manipulator_msgs/include/open_manipulator_msgs/open_manipulator_msgs/srv/detail/get_joint_position__builder.hpp
[0.961s] -- Up-to-date: /home/hanse/git_ws/final_project/install/open_manipulator_msgs/include/open_manipulator_msgs/open_manipulator_msgs/srv/detail/set_kinematics_pose__builder.hpp
[0.961s] -- Up-to-date: /home/hanse/git_ws/final_project/install/open_manipulator_msgs/include/open_manipulator_msgs/open_manipulator_msgs/srv/detail/get_joint_position__struct.hpp
[0.961s] -- Up-to-date: /home/hanse/git_ws/final_project/install/open_manipulator_msgs/include/open_manipulator_msgs/open_manipulator_msgs/srv/detail/get_kinematics_pose__builder.hpp
[0.961s] -- Up-to-date: /home/hanse/git_ws/final_project/install/open_manipulator_msgs/include/open_manipulator_msgs/open_manipulator_msgs/srv/detail/set_actuator_state__builder.hpp
[0.961s] -- Up-to-date: /home/hanse/git_ws/final_project/install/open_manipulator_msgs/include/open_manipulator_msgs/open_manipulator_msgs/srv/set_drawing_trajectory.hpp
[0.961s] -- Up-to-date: /home/hanse/git_ws/final_project/install/open_manipulator_msgs/include/open_manipulator_msgs/open_manipulator_msgs/srv/set_kinematics_pose.hpp
[0.961s] -- Up-to-date: /home/hanse/git_ws/final_project/install/open_manipulator_msgs/include/open_manipulator_msgs/open_manipulator_msgs/srv/get_kinematics_pose.hpp
[0.961s] -- Up-to-date: /home/hanse/git_ws/final_project/install/open_manipulator_msgs/include/open_manipulator_msgs/open_manipulator_msgs/srv/set_joint_position.hpp
[0.961s] -- Up-to-date: /home/hanse/git_ws/final_project/install/open_manipulator_msgs/include/open_manipulator_msgs/open_manipulator_msgs/srv/get_joint_position.hpp
[0.961s] -- Up-to-date: /home/hanse/git_ws/final_project/install/open_manipulator_msgs/include/open_manipulator_msgs/open_manipulator_msgs/srv/set_actuator_state.hpp
[0.961s] -- Up-to-date: /home/hanse/git_ws/final_project/install/open_manipulator_msgs/include/open_manipulator_msgs/open_manipulator_msgs
[0.961s] -- Up-to-date: /home/hanse/git_ws/final_project/install/open_manipulator_msgs/include/open_manipulator_msgs/open_manipulator_msgs/msg
[0.961s] -- Up-to-date: /home/hanse/git_ws/final_project/install/open_manipulator_msgs/include/open_manipulator_msgs/open_manipulator_msgs/msg/rosidl_typesupport_fastrtps_cpp__visibility_control.h
[0.962s] -- Up-to-date: /home/hanse/git_ws/final_project/install/open_manipulator_msgs/include/open_manipulator_msgs/open_manipulator_msgs/msg/detail
[0.962s] -- Up-to-date: /home/hanse/git_ws/final_project/install/open_manipulator_msgs/include/open_manipulator_msgs/open_manipulator_msgs/msg/detail/joint_position__rosidl_typesupport_fastrtps_cpp.hpp
[0.962s] -- Up-to-date: /home/hanse/git_ws/final_project/install/open_manipulator_msgs/include/open_manipulator_msgs/open_manipulator_msgs/msg/detail/kinematics_pose__rosidl_typesupport_fastrtps_cpp.hpp
[0.962s] -- Up-to-date: /home/hanse/git_ws/final_project/install/open_manipulator_msgs/include/open_manipulator_msgs/open_manipulator_msgs/msg/detail/open_manipulator_state__rosidl_typesupport_fastrtps_cpp.hpp
[0.962s] -- Up-to-date: /home/hanse/git_ws/final_project/install/open_manipulator_msgs/include/open_manipulator_msgs/open_manipulator_msgs/msg/detail/dds_fastrtps
[0.962s] -- Up-to-date: /home/hanse/git_ws/final_project/install/open_manipulator_msgs/include/open_manipulator_msgs/open_manipulator_msgs/srv
[0.962s] -- Up-to-date: /home/hanse/git_ws/final_project/install/open_manipulator_msgs/include/open_manipulator_msgs/open_manipulator_msgs/srv/detail
[0.962s] -- Up-to-date: /home/hanse/git_ws/final_project/install/open_manipulator_msgs/include/open_manipulator_msgs/open_manipulator_msgs/srv/detail/set_joint_position__rosidl_typesupport_fastrtps_cpp.hpp
[0.962s] -- Up-to-date: /home/hanse/git_ws/final_project/install/open_manipulator_msgs/include/open_manipulator_msgs/open_manipulator_msgs/srv/detail/set_drawing_trajectory__rosidl_typesupport_fastrtps_cpp.hpp
[0.962s] -- Up-to-date: /home/hanse/git_ws/final_project/install/open_manipulator_msgs/include/open_manipulator_msgs/open_manipulator_msgs/srv/detail/get_joint_position__rosidl_typesupport_fastrtps_cpp.hpp
[0.962s] -- Up-to-date: /home/hanse/git_ws/final_project/install/open_manipulator_msgs/include/open_manipulator_msgs/open_manipulator_msgs/srv/detail/set_kinematics_pose__rosidl_typesupport_fastrtps_cpp.hpp
[0.962s] -- Up-to-date: /home/hanse/git_ws/final_project/install/open_manipulator_msgs/include/open_manipulator_msgs/open_manipulator_msgs/srv/detail/get_kinematics_pose__rosidl_typesupport_fastrtps_cpp.hpp
[0.962s] -- Up-to-date: /home/hanse/git_ws/final_project/install/open_manipulator_msgs/include/open_manipulator_msgs/open_manipulator_msgs/srv/detail/dds_fastrtps
[0.962s] -- Up-to-date: /home/hanse/git_ws/final_project/install/open_manipulator_msgs/include/open_manipulator_msgs/open_manipulator_msgs/srv/detail/set_actuator_state__rosidl_typesupport_fastrtps_cpp.hpp
[0.962s] -- Up-to-date: /home/hanse/git_ws/final_project/install/open_manipulator_msgs/lib/libopen_manipulator_msgs__rosidl_typesupport_fastrtps_cpp.so
[0.962s] -- Up-to-date: /home/hanse/git_ws/final_project/install/open_manipulator_msgs/include/open_manipulator_msgs/open_manipulator_msgs
[0.963s] -- Up-to-date: /home/hanse/git_ws/final_project/install/open_manipulator_msgs/include/open_manipulator_msgs/open_manipulator_msgs/msg
[0.963s] -- Up-to-date: /home/hanse/git_ws/final_project/install/open_manipulator_msgs/include/open_manipulator_msgs/open_manipulator_msgs/msg/detail
[0.963s] -- Up-to-date: /home/hanse/git_ws/final_project/install/open_manipulator_msgs/include/open_manipulator_msgs/open_manipulator_msgs/msg/detail/kinematics_pose__rosidl_typesupport_introspection_c.h
[0.963s] -- Up-to-date: /home/hanse/git_ws/final_project/install/open_manipulator_msgs/include/open_manipulator_msgs/open_manipulator_msgs/msg/detail/joint_position__rosidl_typesupport_introspection_c.h
[0.963s] -- Up-to-date: /home/hanse/git_ws/final_project/install/open_manipulator_msgs/include/open_manipulator_msgs/open_manipulator_msgs/msg/detail/open_manipulator_state__rosidl_typesupport_introspection_c.h
[0.963s] -- Up-to-date: /home/hanse/git_ws/final_project/install/open_manipulator_msgs/include/open_manipulator_msgs/open_manipulator_msgs/msg/detail/open_manipulator_state__type_support.c
[0.963s] -- Up-to-date: /home/hanse/git_ws/final_project/install/open_manipulator_msgs/include/open_manipulator_msgs/open_manipulator_msgs/msg/detail/joint_position__type_support.c
[0.963s] -- Up-to-date: /home/hanse/git_ws/final_project/install/open_manipulator_msgs/include/open_manipulator_msgs/open_manipulator_msgs/msg/detail/kinematics_pose__type_support.c
[0.963s] -- Up-to-date: /home/hanse/git_ws/final_project/install/open_manipulator_msgs/include/open_manipulator_msgs/open_manipulator_msgs/msg/rosidl_typesupport_introspection_c__visibility_control.h
[0.963s] -- Up-to-date: /home/hanse/git_ws/final_project/install/open_manipulator_msgs/include/open_manipulator_msgs/open_manipulator_msgs/srv
[0.963s] -- Up-to-date: /home/hanse/git_ws/final_project/install/open_manipulator_msgs/include/open_manipulator_msgs/open_manipulator_msgs/srv/detail
[0.963s] -- Up-to-date: /home/hanse/git_ws/final_project/install/open_manipulator_msgs/include/open_manipulator_msgs/open_manipulator_msgs/srv/detail/set_drawing_trajectory__type_support.c
[0.963s] -- Up-to-date: /home/hanse/git_ws/final_project/install/open_manipulator_msgs/include/open_manipulator_msgs/open_manipulator_msgs/srv/detail/get_kinematics_pose__type_support.c
[0.963s] -- Up-to-date: /home/hanse/git_ws/final_project/install/open_manipulator_msgs/include/open_manipulator_msgs/open_manipulator_msgs/srv/detail/get_joint_position__type_support.c
[0.963s] -- Up-to-date: /home/hanse/git_ws/final_project/install/open_manipulator_msgs/include/open_manipulator_msgs/open_manipulator_msgs/srv/detail/set_joint_position__type_support.c
[0.963s] -- Up-to-date: /home/hanse/git_ws/final_project/install/open_manipulator_msgs/include/open_manipulator_msgs/open_manipulator_msgs/srv/detail/set_drawing_trajectory__rosidl_typesupport_introspection_c.h
[0.963s] -- Up-to-date: /home/hanse/git_ws/final_project/install/open_manipulator_msgs/include/open_manipulator_msgs/open_manipulator_msgs/srv/detail/set_joint_position__rosidl_typesupport_introspection_c.h
[0.964s] -- Up-to-date: /home/hanse/git_ws/final_project/install/open_manipulator_msgs/include/open_manipulator_msgs/open_manipulator_msgs/srv/detail/get_joint_position__rosidl_typesupport_introspection_c.h
[0.964s] -- Up-to-date: /home/hanse/git_ws/final_project/install/open_manipulator_msgs/include/open_manipulator_msgs/open_manipulator_msgs/srv/detail/set_actuator_state__type_support.c
[0.964s] -- Up-to-date: /home/hanse/git_ws/final_project/install/open_manipulator_msgs/include/open_manipulator_msgs/open_manipulator_msgs/srv/detail/set_kinematics_pose__rosidl_typesupport_introspection_c.h
[0.964s] -- Up-to-date: /home/hanse/git_ws/final_project/install/open_manipulator_msgs/include/open_manipulator_msgs/open_manipulator_msgs/srv/detail/set_kinematics_pose__type_support.c
[0.964s] -- Up-to-date: /home/hanse/git_ws/final_project/install/open_manipulator_msgs/include/open_manipulator_msgs/open_manipulator_msgs/srv/detail/get_kinematics_pose__rosidl_typesupport_introspection_c.h
[0.964s] -- Up-to-date: /home/hanse/git_ws/final_project/install/open_manipulator_msgs/include/open_manipulator_msgs/open_manipulator_msgs/srv/detail/set_actuator_state__rosidl_typesupport_introspection_c.h
[0.964s] -- Up-to-date: /home/hanse/git_ws/final_project/install/open_manipulator_msgs/lib/libopen_manipulator_msgs__rosidl_typesupport_introspection_c.so
[0.964s] -- Up-to-date: /home/hanse/git_ws/final_project/install/open_manipulator_msgs/lib/libopen_manipulator_msgs__rosidl_typesupport_c.so
[0.964s] -- Up-to-date: /home/hanse/git_ws/final_project/install/open_manipulator_msgs/include/open_manipulator_msgs/open_manipulator_msgs
[0.964s] -- Up-to-date: /home/hanse/git_ws/final_project/install/open_manipulator_msgs/include/open_manipulator_msgs/open_manipulator_msgs/msg
[0.964s] -- Up-to-date: /home/hanse/git_ws/final_project/install/open_manipulator_msgs/include/open_manipulator_msgs/open_manipulator_msgs/msg/detail
[0.964s] -- Up-to-date: /home/hanse/git_ws/final_project/install/open_manipulator_msgs/include/open_manipulator_msgs/open_manipulator_msgs/msg/detail/joint_position__type_support.cpp
[0.964s] -- Up-to-date: /home/hanse/git_ws/final_project/install/open_manipulator_msgs/include/open_manipulator_msgs/open_manipulator_msgs/msg/detail/kinematics_pose__rosidl_typesupport_introspection_cpp.hpp
[0.964s] -- Up-to-date: /home/hanse/git_ws/final_project/install/open_manipulator_msgs/include/open_manipulator_msgs/open_manipulator_msgs/msg/detail/kinematics_pose__type_support.cpp
[0.964s] -- Up-to-date: /home/hanse/git_ws/final_project/install/open_manipulator_msgs/include/open_manipulator_msgs/open_manipulator_msgs/msg/detail/joint_position__rosidl_typesupport_introspection_cpp.hpp
[0.964s] -- Up-to-date: /home/hanse/git_ws/final_project/install/open_manipulator_msgs/include/open_manipulator_msgs/open_manipulator_msgs/msg/detail/open_manipulator_state__rosidl_typesupport_introspection_cpp.hpp
[0.964s] -- Up-to-date: /home/hanse/git_ws/final_project/install/open_manipulator_msgs/include/open_manipulator_msgs/open_manipulator_msgs/msg/detail/open_manipulator_state__type_support.cpp
[0.965s] -- Up-to-date: /home/hanse/git_ws/final_project/install/open_manipulator_msgs/include/open_manipulator_msgs/open_manipulator_msgs/srv
[0.965s] -- Up-to-date: /home/hanse/git_ws/final_project/install/open_manipulator_msgs/include/open_manipulator_msgs/open_manipulator_msgs/srv/detail
[0.965s] -- Up-to-date: /home/hanse/git_ws/final_project/install/open_manipulator_msgs/include/open_manipulator_msgs/open_manipulator_msgs/srv/detail/set_actuator_state__type_support.cpp
[0.965s] -- Up-to-date: /home/hanse/git_ws/final_project/install/open_manipulator_msgs/include/open_manipulator_msgs/open_manipulator_msgs/srv/detail/set_joint_position__type_support.cpp
[0.965s] -- Up-to-date: /home/hanse/git_ws/final_project/install/open_manipulator_msgs/include/open_manipulator_msgs/open_manipulator_msgs/srv/detail/set_joint_position__rosidl_typesupport_introspection_cpp.hpp
[0.965s] -- Up-to-date: /home/hanse/git_ws/final_project/install/open_manipulator_msgs/include/open_manipulator_msgs/open_manipulator_msgs/srv/detail/get_joint_position__type_support.cpp
[0.965s] -- Up-to-date: /home/hanse/git_ws/final_project/install/open_manipulator_msgs/include/open_manipulator_msgs/open_manipulator_msgs/srv/detail/set_kinematics_pose__type_support.cpp
[0.965s] -- Up-to-date: /home/hanse/git_ws/final_project/install/open_manipulator_msgs/include/open_manipulator_msgs/open_manipulator_msgs/srv/detail/get_kinematics_pose__rosidl_typesupport_introspection_cpp.hpp
[0.965s] -- Up-to-date: /home/hanse/git_ws/final_project/install/open_manipulator_msgs/include/open_manipulator_msgs/open_manipulator_msgs/srv/detail/set_drawing_trajectory__type_support.cpp
[0.965s] -- Up-to-date: /home/hanse/git_ws/final_project/install/open_manipulator_msgs/include/open_manipulator_msgs/open_manipulator_msgs/srv/detail/set_actuator_state__rosidl_typesupport_introspection_cpp.hpp
[0.965s] -- Up-to-date: /home/hanse/git_ws/final_project/install/open_manipulator_msgs/include/open_manipulator_msgs/open_manipulator_msgs/srv/detail/set_kinematics_pose__rosidl_typesupport_introspection_cpp.hpp
[0.965s] -- Up-to-date: /home/hanse/git_ws/final_project/install/open_manipulator_msgs/include/open_manipulator_msgs/open_manipulator_msgs/srv/detail/get_kinematics_pose__type_support.cpp
[0.965s] -- Up-to-date: /home/hanse/git_ws/final_project/install/open_manipulator_msgs/include/open_manipulator_msgs/open_manipulator_msgs/srv/detail/set_drawing_trajectory__rosidl_typesupport_introspection_cpp.hpp
[0.965s] -- Up-to-date: /home/hanse/git_ws/final_project/install/open_manipulator_msgs/include/open_manipulator_msgs/open_manipulator_msgs/srv/detail/get_joint_position__rosidl_typesupport_introspection_cpp.hpp
[0.965s] -- Up-to-date: /home/hanse/git_ws/final_project/install/open_manipulator_msgs/lib/libopen_manipulator_msgs__rosidl_typesupport_introspection_cpp.so
[0.965s] -- Up-to-date: /home/hanse/git_ws/final_project/install/open_manipulator_msgs/lib/libopen_manipulator_msgs__rosidl_typesupport_cpp.so
[0.965s] -- Up-to-date: /home/hanse/git_ws/final_project/install/open_manipulator_msgs/share/open_manipulator_msgs/environment/pythonpath.sh
[0.965s] -- Up-to-date: /home/hanse/git_ws/final_project/install/open_manipulator_msgs/share/open_manipulator_msgs/environment/pythonpath.dsv
[0.966s] -- Up-to-date: /home/hanse/git_ws/final_project/install/open_manipulator_msgs/local/lib/python3.10/dist-packages/open_manipulator_msgs-2.2.0-py3.10.egg-info
[0.966s] -- Installing: /home/hanse/git_ws/final_project/install/open_manipulator_msgs/local/lib/python3.10/dist-packages/open_manipulator_msgs-2.2.0-py3.10.egg-info/SOURCES.txt
[0.966s] -- Installing: /home/hanse/git_ws/final_project/install/open_manipulator_msgs/local/lib/python3.10/dist-packages/open_manipulator_msgs-2.2.0-py3.10.egg-info/dependency_links.txt
[0.966s] -- Installing: /home/hanse/git_ws/final_project/install/open_manipulator_msgs/local/lib/python3.10/dist-packages/open_manipulator_msgs-2.2.0-py3.10.egg-info/top_level.txt
[0.966s] -- Installing: /home/hanse/git_ws/final_project/install/open_manipulator_msgs/local/lib/python3.10/dist-packages/open_manipulator_msgs-2.2.0-py3.10.egg-info/PKG-INFO
[0.966s] -- Up-to-date: /home/hanse/git_ws/final_project/install/open_manipulator_msgs/local/lib/python3.10/dist-packages/open_manipulator_msgs
[0.966s] -- Up-to-date: /home/hanse/git_ws/final_project/install/open_manipulator_msgs/local/lib/python3.10/dist-packages/open_manipulator_msgs/_open_manipulator_msgs_s.ep.rosidl_typesupport_introspection_c.c
[0.966s] -- Up-to-date: /home/hanse/git_ws/final_project/install/open_manipulator_msgs/local/lib/python3.10/dist-packages/open_manipulator_msgs/open_manipulator_msgs_s__rosidl_typesupport_fastrtps_c.cpython-310-x86_64-linux-gnu.so
[0.966s] -- Up-to-date: /home/hanse/git_ws/final_project/install/open_manipulator_msgs/local/lib/python3.10/dist-packages/open_manipulator_msgs/open_manipulator_msgs_s__rosidl_typesupport_introspection_c.cpython-310-x86_64-linux-gnu.so
[0.966s] -- Up-to-date: /home/hanse/git_ws/final_project/install/open_manipulator_msgs/local/lib/python3.10/dist-packages/open_manipulator_msgs/libopen_manipulator_msgs__rosidl_generator_py.so
[0.966s] -- Up-to-date: /home/hanse/git_ws/final_project/install/open_manipulator_msgs/local/lib/python3.10/dist-packages/open_manipulator_msgs/_open_manipulator_msgs_s.ep.rosidl_typesupport_fastrtps_c.c
[0.966s] -- Up-to-date: /home/hanse/git_ws/final_project/install/open_manipulator_msgs/local/lib/python3.10/dist-packages/open_manipulator_msgs/msg
[0.966s] -- Up-to-date: /home/hanse/git_ws/final_project/install/open_manipulator_msgs/local/lib/python3.10/dist-packages/open_manipulator_msgs/msg/_open_manipulator_state.py
[0.966s] -- Up-to-date: /home/hanse/git_ws/final_project/install/open_manipulator_msgs/local/lib/python3.10/dist-packages/open_manipulator_msgs/msg/_kinematics_pose_s.c
[0.966s] -- Up-to-date: /home/hanse/git_ws/final_project/install/open_manipulator_msgs/local/lib/python3.10/dist-packages/open_manipulator_msgs/msg/_kinematics_pose.py
[0.966s] -- Up-to-date: /home/hanse/git_ws/final_project/install/open_manipulator_msgs/local/lib/python3.10/dist-packages/open_manipulator_msgs/msg/_joint_position_s.c
[0.966s] -- Up-to-date: /home/hanse/git_ws/final_project/install/open_manipulator_msgs/local/lib/python3.10/dist-packages/open_manipulator_msgs/msg/_joint_position.py
[0.966s] -- Up-to-date: /home/hanse/git_ws/final_project/install/open_manipulator_msgs/local/lib/python3.10/dist-packages/open_manipulator_msgs/msg/__init__.py
[0.966s] -- Up-to-date: /home/hanse/git_ws/final_project/install/open_manipulator_msgs/local/lib/python3.10/dist-packages/open_manipulator_msgs/msg/_open_manipulator_state_s.c
[0.967s] -- Up-to-date: /home/hanse/git_ws/final_project/install/open_manipulator_msgs/local/lib/python3.10/dist-packages/open_manipulator_msgs/srv
[0.967s] -- Up-to-date: /home/hanse/git_ws/final_project/install/open_manipulator_msgs/local/lib/python3.10/dist-packages/open_manipulator_msgs/srv/_set_drawing_trajectory_s.c
[0.967s] -- Up-to-date: /home/hanse/git_ws/final_project/install/open_manipulator_msgs/local/lib/python3.10/dist-packages/open_manipulator_msgs/srv/_get_kinematics_pose_s.c
[0.967s] -- Up-to-date: /home/hanse/git_ws/final_project/install/open_manipulator_msgs/local/lib/python3.10/dist-packages/open_manipulator_msgs/srv/_set_joint_position.py
[0.967s] -- Up-to-date: /home/hanse/git_ws/final_project/install/open_manipulator_msgs/local/lib/python3.10/dist-packages/open_manipulator_msgs/srv/_get_joint_position_s.c
[0.967s] -- Up-to-date: /home/hanse/git_ws/final_project/install/open_manipulator_msgs/local/lib/python3.10/dist-packages/open_manipulator_msgs/srv/_set_drawing_trajectory.py
[0.967s] -- Up-to-date: /home/hanse/git_ws/final_project/install/open_manipulator_msgs/local/lib/python3.10/dist-packages/open_manipulator_msgs/srv/_set_actuator_state.py
[0.967s] -- Up-to-date: /home/hanse/git_ws/final_project/install/open_manipulator_msgs/local/lib/python3.10/dist-packages/open_manipulator_msgs/srv/_set_kinematics_pose.py
[0.967s] -- Up-to-date: /home/hanse/git_ws/final_project/install/open_manipulator_msgs/local/lib/python3.10/dist-packages/open_manipulator_msgs/srv/_set_joint_position_s.c
[0.967s] -- Up-to-date: /home/hanse/git_ws/final_project/install/open_manipulator_msgs/local/lib/python3.10/dist-packages/open_manipulator_msgs/srv/_set_kinematics_pose_s.c
[0.967s] -- Up-to-date: /home/hanse/git_ws/final_project/install/open_manipulator_msgs/local/lib/python3.10/dist-packages/open_manipulator_msgs/srv/_get_kinematics_pose.py
[0.967s] -- Up-to-date: /home/hanse/git_ws/final_project/install/open_manipulator_msgs/local/lib/python3.10/dist-packages/open_manipulator_msgs/srv/_set_actuator_state_s.c
[0.967s] -- Up-to-date: /home/hanse/git_ws/final_project/install/open_manipulator_msgs/local/lib/python3.10/dist-packages/open_manipulator_msgs/srv/_get_joint_position.py
[0.967s] -- Up-to-date: /home/hanse/git_ws/final_project/install/open_manipulator_msgs/local/lib/python3.10/dist-packages/open_manipulator_msgs/srv/__init__.py
[0.967s] -- Up-to-date: /home/hanse/git_ws/final_project/install/open_manipulator_msgs/local/lib/python3.10/dist-packages/open_manipulator_msgs/_open_manipulator_msgs_s.ep.rosidl_typesupport_c.c
[0.967s] -- Up-to-date: /home/hanse/git_ws/final_project/install/open_manipulator_msgs/local/lib/python3.10/dist-packages/open_manipulator_msgs/__init__.py
[0.967s] -- Up-to-date: /home/hanse/git_ws/final_project/install/open_manipulator_msgs/local/lib/python3.10/dist-packages/open_manipulator_msgs/open_manipulator_msgs_s__rosidl_typesupport_c.cpython-310-x86_64-linux-gnu.so
[0.994s] Listing '/home/hanse/git_ws/final_project/install/open_manipulator_msgs/local/lib/python3.10/dist-packages/open_manipulator_msgs'...
[0.994s] Listing '/home/hanse/git_ws/final_project/install/open_manipulator_msgs/local/lib/python3.10/dist-packages/open_manipulator_msgs/msg'...
[0.994s] Listing '/home/hanse/git_ws/final_project/install/open_manipulator_msgs/local/lib/python3.10/dist-packages/open_manipulator_msgs/srv'...
[0.998s] -- Up-to-date: /home/hanse/git_ws/final_project/install/open_manipulator_msgs/local/lib/python3.10/dist-packages/open_manipulator_msgs/open_manipulator_msgs_s__rosidl_typesupport_fastrtps_c.cpython-310-x86_64-linux-gnu.so
[0.999s] -- Up-to-date: /home/hanse/git_ws/final_project/install/open_manipulator_msgs/local/lib/python3.10/dist-packages/open_manipulator_msgs/open_manipulator_msgs_s__rosidl_typesupport_introspection_c.cpython-310-x86_64-linux-gnu.so
[0.999s] -- Up-to-date: /home/hanse/git_ws/final_project/install/open_manipulator_msgs/local/lib/python3.10/dist-packages/open_manipulator_msgs/open_manipulator_msgs_s__rosidl_typesupport_c.cpython-310-x86_64-linux-gnu.so
[0.999s] -- Up-to-date: /home/hanse/git_ws/final_project/install/open_manipulator_msgs/lib/libopen_manipulator_msgs__rosidl_generator_py.so
[0.999s] -- Up-to-date: /home/hanse/git_ws/final_project/install/open_manipulator_msgs/share/open_manipulator_msgs/msg/JointPosition.idl
[1.000s] -- Up-to-date: /home/hanse/git_ws/final_project/install/open_manipulator_msgs/share/open_manipulator_msgs/msg/KinematicsPose.idl
[1.000s] -- Up-to-date: /home/hanse/git_ws/final_project/install/open_manipulator_msgs/share/open_manipulator_msgs/msg/OpenManipulatorState.idl
[1.000s] -- Up-to-date: /home/hanse/git_ws/final_project/install/open_manipulator_msgs/share/open_manipulator_msgs/srv/GetJointPosition.idl
[1.000s] -- Up-to-date: /home/hanse/git_ws/final_project/install/open_manipulator_msgs/share/open_manipulator_msgs/srv/GetKinematicsPose.idl
[1.000s] -- Up-to-date: /home/hanse/git_ws/final_project/install/open_manipulator_msgs/share/open_manipulator_msgs/srv/SetJointPosition.idl
[1.000s] -- Up-to-date: /home/hanse/git_ws/final_project/install/open_manipulator_msgs/share/open_manipulator_msgs/srv/SetKinematicsPose.idl
[1.000s] -- Up-to-date: /home/hanse/git_ws/final_project/install/open_manipulator_msgs/share/open_manipulator_msgs/srv/SetDrawingTrajectory.idl
[1.000s] -- Up-to-date: /home/hanse/git_ws/final_project/install/open_manipulator_msgs/share/open_manipulator_msgs/srv/SetActuatorState.idl
[1.006s] -- Up-to-date: /home/hanse/git_ws/final_project/install/open_manipulator_msgs/share/open_manipulator_msgs/msg/JointPosition.msg
[1.007s] -- Up-to-date: /home/hanse/git_ws/final_project/install/open_manipulator_msgs/share/open_manipulator_msgs/msg/KinematicsPose.msg
[1.007s] -- Up-to-date: /home/hanse/git_ws/final_project/install/open_manipulator_msgs/share/open_manipulator_msgs/msg/OpenManipulatorState.msg
[1.007s] -- Up-to-date: /home/hanse/git_ws/final_project/install/open_manipulator_msgs/share/open_manipulator_msgs/srv/GetJointPosition.srv
[1.007s] -- Up-to-date: /home/hanse/git_ws/final_project/install/open_manipulator_msgs/share/open_manipulator_msgs/srv/GetJointPosition_Request.msg
[1.007s] -- Up-to-date: /home/hanse/git_ws/final_project/install/open_manipulator_msgs/share/open_manipulator_msgs/srv/GetJointPosition_Response.msg
[1.008s] -- Up-to-date: /home/hanse/git_ws/final_project/install/open_manipulator_msgs/share/open_manipulator_msgs/srv/GetKinematicsPose.srv
[1.008s] -- Up-to-date: /home/hanse/git_ws/final_project/install/open_manipulator_msgs/share/open_manipulator_msgs/srv/GetKinematicsPose_Request.msg
[1.008s] -- Up-to-date: /home/hanse/git_ws/final_project/install/open_manipulator_msgs/share/open_manipulator_msgs/srv/GetKinematicsPose_Response.msg
[1.008s] -- Up-to-date: /home/hanse/git_ws/final_project/install/open_manipulator_msgs/share/open_manipulator_msgs/srv/SetJointPosition.srv
[1.008s] -- Up-to-date: /home/hanse/git_ws/final_project/install/open_manipulator_msgs/share/open_manipulator_msgs/srv/SetJointPosition_Request.msg
[1.009s] -- Up-to-date: /home/hanse/git_ws/final_project/install/open_manipulator_msgs/share/open_manipulator_msgs/srv/SetJointPosition_Response.msg
[1.009s] -- Up-to-date: /home/hanse/git_ws/final_project/install/open_manipulator_msgs/share/open_manipulator_msgs/srv/SetKinematicsPose.srv
[1.010s] -- Up-to-date: /home/hanse/git_ws/final_project/install/open_manipulator_msgs/share/open_manipulator_msgs/srv/SetKinematicsPose_Request.msg
[1.010s] -- Up-to-date: /home/hanse/git_ws/final_project/install/open_manipulator_msgs/share/open_manipulator_msgs/srv/SetKinematicsPose_Response.msg
[1.010s] -- Up-to-date: /home/hanse/git_ws/final_project/install/open_manipulator_msgs/share/open_manipulator_msgs/srv/SetDrawingTrajectory.srv
[1.010s] -- Up-to-date: /home/hanse/git_ws/final_project/install/open_manipulator_msgs/share/open_manipulator_msgs/srv/SetDrawingTrajectory_Request.msg
[1.011s] -- Up-to-date: /home/hanse/git_ws/final_project/install/open_manipulator_msgs/share/open_manipulator_msgs/srv/SetDrawingTrajectory_Response.msg
[1.019s] -- Up-to-date: /home/hanse/git_ws/final_project/install/open_manipulator_msgs/share/open_manipulator_msgs/srv/SetActuatorState.srv
[1.019s] -- Up-to-date: /home/hanse/git_ws/final_project/install/open_manipulator_msgs/share/open_manipulator_msgs/srv/SetActuatorState_Request.msg
[1.019s] -- Up-to-date: /home/hanse/git_ws/final_project/install/open_manipulator_msgs/share/open_manipulator_msgs/srv/SetActuatorState_Response.msg
[1.019s] -- Up-to-date: /home/hanse/git_ws/final_project/install/open_manipulator_msgs/share/ament_index/resource_index/package_run_dependencies/open_manipulator_msgs
[1.019s] -- Up-to-date: /home/hanse/git_ws/final_project/install/open_manipulator_msgs/share/ament_index/resource_index/parent_prefix_path/open_manipulator_msgs
[1.019s] -- Up-to-date: /home/hanse/git_ws/final_project/install/open_manipulator_msgs/share/open_manipulator_msgs/environment/ament_prefix_path.sh
[1.019s] -- Up-to-date: /home/hanse/git_ws/final_project/install/open_manipulator_msgs/share/open_manipulator_msgs/environment/ament_prefix_path.dsv
[1.019s] -- Up-to-date: /home/hanse/git_ws/final_project/install/open_manipulator_msgs/share/open_manipulator_msgs/environment/path.sh
[1.019s] -- Up-to-date: /home/hanse/git_ws/final_project/install/open_manipulator_msgs/share/open_manipulator_msgs/environment/path.dsv
[1.019s] -- Up-to-date: /home/hanse/git_ws/final_project/install/open_manipulator_msgs/share/open_manipulator_msgs/local_setup.bash
[1.019s] -- Up-to-date: /home/hanse/git_ws/final_project/install/open_manipulator_msgs/share/open_manipulator_msgs/local_setup.sh
[1.019s] -- Up-to-date: /home/hanse/git_ws/final_project/install/open_manipulator_msgs/share/open_manipulator_msgs/local_setup.zsh
[1.019s] -- Up-to-date: /home/hanse/git_ws/final_project/install/open_manipulator_msgs/share/open_manipulator_msgs/local_setup.dsv
[1.019s] -- Installing: /home/hanse/git_ws/final_project/install/open_manipulator_msgs/share/open_manipulator_msgs/package.dsv
[1.019s] -- Up-to-date: /home/hanse/git_ws/final_project/install/open_manipulator_msgs/share/ament_index/resource_index/packages/open_manipulator_msgs
[1.019s] -- Up-to-date: /home/hanse/git_ws/final_project/install/open_manipulator_msgs/share/open_manipulator_msgs/cmake/export_open_manipulator_msgs__rosidl_generator_cExport.cmake
[1.019s] -- Up-to-date: /home/hanse/git_ws/final_project/install/open_manipulator_msgs/share/open_manipulator_msgs/cmake/export_open_manipulator_msgs__rosidl_generator_cExport-noconfig.cmake
[1.020s] -- Up-to-date: /home/hanse/git_ws/final_project/install/open_manipulator_msgs/share/open_manipulator_msgs/cmake/export_open_manipulator_msgs__rosidl_typesupport_fastrtps_cExport.cmake
[1.020s] -- Up-to-date: /home/hanse/git_ws/final_project/install/open_manipulator_msgs/share/open_manipulator_msgs/cmake/export_open_manipulator_msgs__rosidl_typesupport_fastrtps_cExport-noconfig.cmake
[1.020s] -- Up-to-date: /home/hanse/git_ws/final_project/install/open_manipulator_msgs/share/open_manipulator_msgs/cmake/export_open_manipulator_msgs__rosidl_generator_cppExport.cmake
[1.020s] -- Up-to-date: /home/hanse/git_ws/final_project/install/open_manipulator_msgs/share/open_manipulator_msgs/cmake/export_open_manipulator_msgs__rosidl_typesupport_fastrtps_cppExport.cmake
[1.020s] -- Up-to-date: /home/hanse/git_ws/final_project/install/open_manipulator_msgs/share/open_manipulator_msgs/cmake/export_open_manipulator_msgs__rosidl_typesupport_fastrtps_cppExport-noconfig.cmake
[1.020s] -- Up-to-date: /home/hanse/git_ws/final_project/install/open_manipulator_msgs/share/open_manipulator_msgs/cmake/open_manipulator_msgs__rosidl_typesupport_introspection_cExport.cmake
[1.020s] -- Up-to-date: /home/hanse/git_ws/final_project/install/open_manipulator_msgs/share/open_manipulator_msgs/cmake/open_manipulator_msgs__rosidl_typesupport_introspection_cExport-noconfig.cmake
[1.020s] -- Up-to-date: /home/hanse/git_ws/final_project/install/open_manipulator_msgs/share/open_manipulator_msgs/cmake/open_manipulator_msgs__rosidl_typesupport_cExport.cmake
[1.020s] -- Up-to-date: /home/hanse/git_ws/final_project/install/open_manipulator_msgs/share/open_manipulator_msgs/cmake/open_manipulator_msgs__rosidl_typesupport_cExport-noconfig.cmake
[1.020s] -- Up-to-date: /home/hanse/git_ws/final_project/install/open_manipulator_msgs/share/open_manipulator_msgs/cmake/open_manipulator_msgs__rosidl_typesupport_introspection_cppExport.cmake
[1.020s] -- Up-to-date: /home/hanse/git_ws/final_project/install/open_manipulator_msgs/share/open_manipulator_msgs/cmake/open_manipulator_msgs__rosidl_typesupport_introspection_cppExport-noconfig.cmake
[1.020s] -- Up-to-date: /home/hanse/git_ws/final_project/install/open_manipulator_msgs/share/open_manipulator_msgs/cmake/open_manipulator_msgs__rosidl_typesupport_cppExport.cmake
[1.020s] -- Up-to-date: /home/hanse/git_ws/final_project/install/open_manipulator_msgs/share/open_manipulator_msgs/cmake/open_manipulator_msgs__rosidl_typesupport_cppExport-noconfig.cmake
[1.020s] -- Up-to-date: /home/hanse/git_ws/final_project/install/open_manipulator_msgs/share/open_manipulator_msgs/cmake/export_open_manipulator_msgs__rosidl_generator_pyExport.cmake
[1.020s] -- Up-to-date: /home/hanse/git_ws/final_project/install/open_manipulator_msgs/share/open_manipulator_msgs/cmake/export_open_manipulator_msgs__rosidl_generator_pyExport-noconfig.cmake
[1.020s] -- Up-to-date: /home/hanse/git_ws/final_project/install/open_manipulator_msgs/share/open_manipulator_msgs/cmake/rosidl_cmake-extras.cmake
[1.020s] -- Up-to-date: /home/hanse/git_ws/final_project/install/open_manipulator_msgs/share/open_manipulator_msgs/cmake/ament_cmake_export_dependencies-extras.cmake
[1.021s] -- Up-to-date: /home/hanse/git_ws/final_project/install/open_manipulator_msgs/share/open_manipulator_msgs/cmake/ament_cmake_export_include_directories-extras.cmake
[1.021s] -- Up-to-date: /home/hanse/git_ws/final_project/install/open_manipulator_msgs/share/open_manipulator_msgs/cmake/ament_cmake_export_libraries-extras.cmake
[1.021s] -- Up-to-date: /home/hanse/git_ws/final_project/install/open_manipulator_msgs/share/open_manipulator_msgs/cmake/ament_cmake_export_targets-extras.cmake
[1.021s] -- Up-to-date: /home/hanse/git_ws/final_project/install/open_manipulator_msgs/share/open_manipulator_msgs/cmake/rosidl_cmake_export_typesupport_targets-extras.cmake
[1.021s] -- Up-to-date: /home/hanse/git_ws/final_project/install/open_manipulator_msgs/share/open_manipulator_msgs/cmake/rosidl_cmake_export_typesupport_libraries-extras.cmake
[1.021s] -- Up-to-date: /home/hanse/git_ws/final_project/install/open_manipulator_msgs/share/open_manipulator_msgs/cmake/open_manipulator_msgsConfig.cmake
[1.021s] -- Up-to-date: /home/hanse/git_ws/final_project/install/open_manipulator_msgs/share/open_manipulator_msgs/cmake/open_manipulator_msgsConfig-version.cmake
[1.021s] -- Up-to-date: /home/hanse/git_ws/final_project/install/open_manipulator_msgs/share/open_manipulator_msgs/package.xml
[1.083s] Invoked command in '/home/hanse/git_ws/final_project/build/open_manipulator_msgs' returned '0': CMAKE_PREFIX_PATH=${CMAKE_PREFIX_PATH}:/home/hanse/git_ws/final_project/install/open_manipulator_x_teleop:/home/hanse/git_ws/final_project/install/ai_manipulation:/opt/ros/humble /home/hanse/.local/bin/cmake --install /home/hanse/git_ws/final_project/build/open_manipulator_msgs
