[0.735s] Invoking command in '/home/sechan/colcon_ws/build/open_manipulator_x_teleop': CMAKE_PREFIX_PATH=/home/sechan/colcon_ws/install/open_manipulator_msgs:/home/sechan/colcon_ws/install/open_manipulator_teleop:/home/sechan/colcon_ws/install/my_teleop:/home/sechan/colcon_ws/install/open_manipulator:/home/sechan/colcon_ws/install/open_manipulator_x_controller:/home/sechan/colcon_ws/install/open_manipulator_x_libs:/home/sechan/colcon_ws/install/robotis_manipulator:/home/sechan/colcon_ws/install/open_manipulator_x_description:/home/sechan/colcon_ws/install/dynamixel_workbench:/home/sechan/colcon_ws/install/dynamixel_workbench_toolbox:/home/sechan/colcon_ws/install/dynamixel_sdk_examples:/home/sechan/colcon_ws/install/dynamixel_sdk_custom_interfaces:/home/sechan/colcon_ws/install/dynamixel_sdk:/home/sechan/colcon_ws/install/cmake_modules LD_LIBRARY_PATH=/home/sechan/colcon_ws/install/open_manipulator_msgs/lib:/usr/local/cuda-11.8/lib64:/usr/local/cuda-11.8/lib64:/usr/local/cuda-11.8/lib64:/usr/local/cuda-11.8/lib64:/usr/local/cuda-11.8/lib64:/usr/local/cuda-11.8/lib64:/usr/local/cuda-11.8/lib64:/usr/local/cuda-11.8/lib64:/usr/local/cuda-11.8/lib64:/usr/local/cuda-11.8/lib64:/usr/local/cuda-11.8/lib64:/usr/local/cuda-11.8/lib64:/usr/local/cuda-11.8/lib64:/usr/local/cuda-11.8/lib64:/usr/local/cuda-11.8/lib64:/usr/local/cuda-11.8/lib64:/usr/local/cuda-11.8/lib64:/usr/local/cuda-11.8/lib64:/usr/local/cuda-11.8/lib64:/usr/local/cuda-11.8/lib64:/usr/local/cuda-11.8/lib64:/home/sechan/colcon_ws/install/open_manipulator_x_libs/lib:/home/sechan/colcon_ws/install/robotis_manipulator/lib:/home/sechan/colcon_ws/install/dynamixel_workbench_toolbox/lib:/home/sechan/colcon_ws/install/dynamixel_sdk_custom_interfaces/lib:/home/sechan/colcon_ws/install/dynamixel_sdk/lib:/usr/local/cuda-11.8/lib64:/opt/ros/humble/opt/rviz_ogre_vendor/lib:/opt/ros/humble/lib/x86_64-linux-gnu:/opt/ros/humble/lib:/usr/local/cuda-11.8/lib64:/usr/local/cuda-11.8/lib64:/usr/local/cuda-11.8/lib64/:/usr/local/cuda-11.8/lib64/:/usr/local/cuda-11.8/lib64/:/usr/local/cuda-11.8/lib64/:/usr/local/cuda-11.8/lib64/:/usr/local/cuda-11.8/lib64/:/usr/local/cuda-11.8/lib64/:/usr/local/cuda-11.8/lib64/:/usr/local/cuda-11.8/lib64/:/usr/local/cuda-11.8/lib64/:/usr/local/cuda-11.8/lib64/:/usr/local/cuda-11.8/lib64/:/usr/local/cuda-11.8/lib64/:/usr/local/cuda-11.8/lib64/:/usr/local/cuda-11.8/lib64/:/usr/local/cuda-11.8/lib64/:/usr/local/cuda-11.8/lib64/:/usr/local/cuda-11.8/lib64/:/usr/local/cuda-11.8/lib64/:/usr/local/cuda-11.8/lib64/:/usr/local/cuda-11.8/lib64/:/usr/local/cuda-11.8/lib64/:/usr/local/cuda-11.8/lib64/:/usr/local/cuda-11.8/lib64/ PYTHONPATH=/home/sechan/colcon_ws/build/open_manipulator_x_teleop/prefix_override:/home/sechan/colcon_ws/install/open_manipulator_x_teleop/lib/python3.10/site-packages:${PYTHONPATH} /usr/bin/python3 setup.py develop --editable --build-directory /home/sechan/colcon_ws/build/open_manipulator_x_teleop/build --no-deps install_data
[1.019s] running develop
[1.019s] /usr/lib/python3/dist-packages/setuptools/command/easy_install.py:158: EasyInstallDeprecationWarning: easy_install command is deprecated. Use build and pip and other standards-based tools.
[1.019s]   warnings.warn(
[1.020s] /usr/lib/python3/dist-packages/setuptools/command/install.py:34: SetuptoolsDeprecationWarning: setup.py install is deprecated. Use build and pip and other standards-based tools.
[1.021s]   warnings.warn(
[1.230s] running egg_info
[1.230s] creating open_manipulator_x_teleop.egg-info
[1.230s] writing open_manipulator_x_teleop.egg-info/PKG-INFO
[1.230s] writing dependency_links to open_manipulator_x_teleop.egg-info/dependency_links.txt
[1.231s] writing entry points to open_manipulator_x_teleop.egg-info/entry_points.txt
[1.231s] writing requirements to open_manipulator_x_teleop.egg-info/requires.txt
[1.231s] writing top-level names to open_manipulator_x_teleop.egg-info/top_level.txt
[1.231s] writing manifest file 'open_manipulator_x_teleop.egg-info/SOURCES.txt'
[1.234s] reading manifest file 'open_manipulator_x_teleop.egg-info/SOURCES.txt'
[1.234s] writing manifest file 'open_manipulator_x_teleop.egg-info/SOURCES.txt'
[1.236s] running build_ext
[1.236s] Creating /home/sechan/colcon_ws/install/open_manipulator_x_teleop/lib/python3.10/site-packages/open-manipulator-x-teleop.egg-link (link to .)
[1.238s] Installing teleop_keyboard script to /home/sechan/colcon_ws/install/open_manipulator_x_teleop/lib/open_manipulator_x_teleop
[1.238s] 
[1.239s] Installed /home/sechan/colcon_ws/build/open_manipulator_x_teleop
[1.239s] running install_data
[1.239s] creating /home/sechan/colcon_ws/install/open_manipulator_x_teleop/share/ament_index
[1.239s] creating /home/sechan/colcon_ws/install/open_manipulator_x_teleop/share/ament_index/resource_index
[1.239s] creating /home/sechan/colcon_ws/install/open_manipulator_x_teleop/share/ament_index/resource_index/packages
[1.239s] copying resource/open_manipulator_x_teleop -> /home/sechan/colcon_ws/install/open_manipulator_x_teleop/share/ament_index/resource_index/packages
[1.239s] copying package.xml -> /home/sechan/colcon_ws/install/open_manipulator_x_teleop/share/open_manipulator_x_teleop
[1.294s] Invoked command in '/home/sechan/colcon_ws/build/open_manipulator_x_teleop' returned '0': CMAKE_PREFIX_PATH=/home/sechan/colcon_ws/install/open_manipulator_msgs:/home/sechan/colcon_ws/install/open_manipulator_teleop:/home/sechan/colcon_ws/install/my_teleop:/home/sechan/colcon_ws/install/open_manipulator:/home/sechan/colcon_ws/install/open_manipulator_x_controller:/home/sechan/colcon_ws/install/open_manipulator_x_libs:/home/sechan/colcon_ws/install/robotis_manipulator:/home/sechan/colcon_ws/install/open_manipulator_x_description:/home/sechan/colcon_ws/install/dynamixel_workbench:/home/sechan/colcon_ws/install/dynamixel_workbench_toolbox:/home/sechan/colcon_ws/install/dynamixel_sdk_examples:/home/sechan/colcon_ws/install/dynamixel_sdk_custom_interfaces:/home/sechan/colcon_ws/install/dynamixel_sdk:/home/sechan/colcon_ws/install/cmake_modules LD_LIBRARY_PATH=/home/sechan/colcon_ws/install/open_manipulator_msgs/lib:/usr/local/cuda-11.8/lib64:/usr/local/cuda-11.8/lib64:/usr/local/cuda-11.8/lib64:/usr/local/cuda-11.8/lib64:/usr/local/cuda-11.8/lib64:/usr/local/cuda-11.8/lib64:/usr/local/cuda-11.8/lib64:/usr/local/cuda-11.8/lib64:/usr/local/cuda-11.8/lib64:/usr/local/cuda-11.8/lib64:/usr/local/cuda-11.8/lib64:/usr/local/cuda-11.8/lib64:/usr/local/cuda-11.8/lib64:/usr/local/cuda-11.8/lib64:/usr/local/cuda-11.8/lib64:/usr/local/cuda-11.8/lib64:/usr/local/cuda-11.8/lib64:/usr/local/cuda-11.8/lib64:/usr/local/cuda-11.8/lib64:/usr/local/cuda-11.8/lib64:/usr/local/cuda-11.8/lib64:/home/sechan/colcon_ws/install/open_manipulator_x_libs/lib:/home/sechan/colcon_ws/install/robotis_manipulator/lib:/home/sechan/colcon_ws/install/dynamixel_workbench_toolbox/lib:/home/sechan/colcon_ws/install/dynamixel_sdk_custom_interfaces/lib:/home/sechan/colcon_ws/install/dynamixel_sdk/lib:/usr/local/cuda-11.8/lib64:/opt/ros/humble/opt/rviz_ogre_vendor/lib:/opt/ros/humble/lib/x86_64-linux-gnu:/opt/ros/humble/lib:/usr/local/cuda-11.8/lib64:/usr/local/cuda-11.8/lib64:/usr/local/cuda-11.8/lib64/:/usr/local/cuda-11.8/lib64/:/usr/local/cuda-11.8/lib64/:/usr/local/cuda-11.8/lib64/:/usr/local/cuda-11.8/lib64/:/usr/local/cuda-11.8/lib64/:/usr/local/cuda-11.8/lib64/:/usr/local/cuda-11.8/lib64/:/usr/local/cuda-11.8/lib64/:/usr/local/cuda-11.8/lib64/:/usr/local/cuda-11.8/lib64/:/usr/local/cuda-11.8/lib64/:/usr/local/cuda-11.8/lib64/:/usr/local/cuda-11.8/lib64/:/usr/local/cuda-11.8/lib64/:/usr/local/cuda-11.8/lib64/:/usr/local/cuda-11.8/lib64/:/usr/local/cuda-11.8/lib64/:/usr/local/cuda-11.8/lib64/:/usr/local/cuda-11.8/lib64/:/usr/local/cuda-11.8/lib64/:/usr/local/cuda-11.8/lib64/:/usr/local/cuda-11.8/lib64/:/usr/local/cuda-11.8/lib64/ PYTHONPATH=/home/sechan/colcon_ws/build/open_manipulator_x_teleop/prefix_override:/home/sechan/colcon_ws/install/open_manipulator_x_teleop/lib/python3.10/site-packages:${PYTHONPATH} /usr/bin/python3 setup.py develop --editable --build-directory /home/sechan/colcon_ws/build/open_manipulator_x_teleop/build --no-deps install_data
