[0.198s] Invoking command in '/home/hanse/git_ws/final_project/build/open_manipulator_msgs': CMAKE_PREFIX_PATH=${CMAKE_PREFIX_PATH}:/home/hanse/git_ws/final_project/install/open_manipulator_x_teleop:/home/hanse/git_ws/final_project/install/ai_manipulation:/opt/ros/humble /home/hanse/.local/bin/cmake --build /home/hanse/git_ws/final_project/build/open_manipulator_msgs -- -j8 -l8
[0.247s] [  1%] Built target open_manipulator_msgs__cpp
[0.254s] [  1%] Built target ament_cmake_python_copy_open_manipulator_msgs
[0.255s] [ 12%] Built target open_manipulator_msgs__rosidl_generator_c
[0.267s] [ 24%] Built target open_manipulator_msgs__rosidl_typesupport_cpp
[0.275s] [ 35%] Built target open_manipulator_msgs__rosidl_typesupport_fastrtps_cpp
[0.288s] [ 47%] Built target open_manipulator_msgs__rosidl_typesupport_introspection_c
[0.289s] [ 58%] Built target open_manipulator_msgs__rosidl_typesupport_fastrtps_c
[0.295s] [ 70%] Built target open_manipulator_msgs__rosidl_typesupport_c
[0.301s] [ 82%] Built target open_manipulator_msgs__rosidl_typesupport_introspection_cpp
[0.316s] [ 82%] Built target open_manipulator_msgs
[0.325s] [ 83%] Built target open_manipulator_msgs__py
[0.342s] [ 93%] Built target open_manipulator_msgs__rosidl_generator_py
[0.361s] [ 96%] Built target open_manipulator_msgs__rosidl_typesupport_introspection_c__pyext
[0.362s] [ 98%] Built target open_manipulator_msgs__rosidl_typesupport_fastrtps_c__pyext
[0.362s] [100%] Built target open_manipulator_msgs__rosidl_typesupport_c__pyext
[0.538s] running egg_info
[0.562s] writing open_manipulator_msgs.egg-info/PKG-INFO
[0.563s] writing dependency_links to open_manipulator_msgs.egg-info/dependency_links.txt
[0.563s] writing top-level names to open_manipulator_msgs.egg-info/top_level.txt
[0.635s] reading manifest file 'open_manipulator_msgs.egg-info/SOURCES.txt'
[0.636s] writing manifest file 'open_manipulator_msgs.egg-info/SOURCES.txt'
[0.666s] [100%] Built target ament_cmake_python_build_open_manipulator_msgs_egg
[0.892s] Invoked command in '/home/hanse/git_ws/final_project/build/open_manipulator_msgs' returned '0': CMAKE_PREFIX_PATH=${CMAKE_PREFIX_PATH}:/home/hanse/git_ws/final_project/install/open_manipulator_x_teleop:/home/hanse/git_ws/final_project/install/ai_manipulation:/opt/ros/humble /home/hanse/.local/bin/cmake --build /home/hanse/git_ws/final_project/build/open_manipulator_msgs -- -j8 -l8
[1.126s] Invoking command in '/home/hanse/git_ws/final_project/build/open_manipulator_msgs': CMAKE_PREFIX_PATH=${CMAKE_PREFIX_PATH}:/home/hanse/git_ws/final_project/install/open_manipulator_x_teleop:/home/hanse/git_ws/final_project/install/ai_manipulation:/opt/ros/humble /home/hanse/.local/bin/cmake --install /home/hanse/git_ws/final_project/build/open_manipulator_msgs
[1.159s] -- Install configuration: ""
[1.159s] -- Up-to-date: /home/hanse/git_ws/final_project/install/open_manipulator_msgs/share/ament_index/resource_index/rosidl_interfaces/open_manipulator_msgs
[1.159s] -- Up-to-date: /home/hanse/git_ws/final_project/install/open_manipulator_msgs/include/open_manipulator_msgs/open_manipulator_msgs
[1.159s] -- Up-to-date: /home/hanse/git_ws/final_project/install/open_manipulator_msgs/include/open_manipulator_msgs/open_manipulator_msgs/msg
[1.160s] -- Up-to-date: /home/hanse/git_ws/final_project/install/open_manipulator_msgs/include/open_manipulator_msgs/open_manipulator_msgs/msg/detail
[1.160s] -- Up-to-date: /home/hanse/git_ws/final_project/install/open_manipulator_msgs/include/open_manipulator_msgs/open_manipulator_msgs/msg/detail/kinematics_pose__struct.h
[1.160s] -- Up-to-date: /home/hanse/git_ws/final_project/install/open_manipulator_msgs/include/open_manipulator_msgs/open_manipulator_msgs/msg/detail/joint_position__functions.c
[1.160s] -- Up-to-date: /home/hanse/git_ws/final_project/install/open_manipulator_msgs/include/open_manipulator_msgs/open_manipulator_msgs/msg/detail/kinematics_pose__functions.h
[1.160s] -- Up-to-date: /home/hanse/git_ws/final_project/install/open_manipulator_msgs/include/open_manipulator_msgs/open_manipulator_msgs/msg/detail/open_manipulator_state__functions.h
[1.160s] -- Up-to-date: /home/hanse/git_ws/final_project/install/open_manipulator_msgs/include/open_manipulator_msgs/open_manipulator_msgs/msg/detail/joint_position__type_support.h
[1.160s] -- Up-to-date: /home/hanse/git_ws/final_project/install/open_manipulator_msgs/include/open_manipulator_msgs/open_manipulator_msgs/msg/detail/joint_position__functions.h
[1.160s] -- Up-to-date: /home/hanse/git_ws/final_project/install/open_manipulator_msgs/include/open_manipulator_msgs/open_manipulator_msgs/msg/detail/open_manipulator_state__functions.c
[1.160s] -- Up-to-date: /home/hanse/git_ws/final_project/install/open_manipulator_msgs/include/open_manipulator_msgs/open_manipulator_msgs/msg/detail/open_manipulator_state__struct.h
[1.161s] -- Up-to-date: /home/hanse/git_ws/final_project/install/open_manipulator_msgs/include/open_manipulator_msgs/open_manipulator_msgs/msg/detail/kinematics_pose__type_support.h
[1.161s] -- Up-to-date: /home/hanse/git_ws/final_project/install/open_manipulator_msgs/include/open_manipulator_msgs/open_manipulator_msgs/msg/detail/joint_position__struct.h
[1.161s] -- Up-to-date: /home/hanse/git_ws/final_project/install/open_manipulator_msgs/include/open_manipulator_msgs/open_manipulator_msgs/msg/detail/open_manipulator_state__type_support.h
[1.161s] -- Up-to-date: /home/hanse/git_ws/final_project/install/open_manipulator_msgs/include/open_manipulator_msgs/open_manipulator_msgs/msg/detail/kinematics_pose__functions.c
[1.161s] -- Up-to-date: /home/hanse/git_ws/final_project/install/open_manipulator_msgs/include/open_manipulator_msgs/open_manipulator_msgs/msg/kinematics_pose.h
[1.161s] -- Up-to-date: /home/hanse/git_ws/final_project/install/open_manipulator_msgs/include/open_manipulator_msgs/open_manipulator_msgs/msg/rosidl_generator_c__visibility_control.h
[1.161s] -- Up-to-date: /home/hanse/git_ws/final_project/install/open_manipulator_msgs/include/open_manipulator_msgs/open_manipulator_msgs/msg/open_manipulator_state.h
[1.162s] -- Up-to-date: /home/hanse/git_ws/final_project/install/open_manipulator_msgs/include/open_manipulator_msgs/open_manipulator_msgs/msg/joint_position.h
[1.162s] -- Up-to-date: /home/hanse/git_ws/final_project/install/open_manipulator_msgs/include/open_manipulator_msgs/open_manipulator_msgs/srv
[1.162s] -- Up-to-date: /home/hanse/git_ws/final_project/install/open_manipulator_msgs/include/open_manipulator_msgs/open_manipulator_msgs/srv/set_kinematics_pose.h
[1.162s] -- Up-to-date: /home/hanse/git_ws/final_project/install/open_manipulator_msgs/include/open_manipulator_msgs/open_manipulator_msgs/srv/detail
[1.162s] -- Up-to-date: /home/hanse/git_ws/final_project/install/open_manipulator_msgs/include/open_manipulator_msgs/open_manipulator_msgs/srv/detail/get_joint_position__struct.h
[1.162s] -- Up-to-date: /home/hanse/git_ws/final_project/install/open_manipulator_msgs/include/open_manipulator_msgs/open_manipulator_msgs/srv/detail/set_actuator_state__functions.c
[1.162s] -- Up-to-date: /home/hanse/git_ws/final_project/install/open_manipulator_msgs/include/open_manipulator_msgs/open_manipulator_msgs/srv/detail/get_kinematics_pose__type_support.h
[1.162s] -- Up-to-date: /home/hanse/git_ws/final_project/install/open_manipulator_msgs/include/open_manipulator_msgs/open_manipulator_msgs/srv/detail/set_drawing_trajectory__type_support.h
[1.162s] -- Up-to-date: /home/hanse/git_ws/final_project/install/open_manipulator_msgs/include/open_manipulator_msgs/open_manipulator_msgs/srv/detail/set_actuator_state__struct.h
[1.162s] -- Up-to-date: /home/hanse/git_ws/final_project/install/open_manipulator_msgs/include/open_manipulator_msgs/open_manipulator_msgs/srv/detail/set_joint_position__type_support.h
[1.162s] -- Up-to-date: /home/hanse/git_ws/final_project/install/open_manipulator_msgs/include/open_manipulator_msgs/open_manipulator_msgs/srv/detail/get_kinematics_pose__functions.h
[1.162s] -- Up-to-date: /home/hanse/git_ws/final_project/install/open_manipulator_msgs/include/open_manipulator_msgs/open_manipulator_msgs/srv/detail/get_kinematics_pose__functions.c
[1.163s] -- Up-to-date: /home/hanse/git_ws/final_project/install/open_manipulator_msgs/include/open_manipulator_msgs/open_manipulator_msgs/srv/detail/get_joint_position__functions.c
[1.163s] -- Up-to-date: /home/hanse/git_ws/final_project/install/open_manipulator_msgs/include/open_manipulator_msgs/open_manipulator_msgs/srv/detail/set_drawing_trajectory__functions.c
[1.163s] -- Up-to-date: /home/hanse/git_ws/final_project/install/open_manipulator_msgs/include/open_manipulator_msgs/open_manipulator_msgs/srv/detail/set_joint_position__functions.h
[1.163s] -- Up-to-date: /home/hanse/git_ws/final_project/install/open_manipulator_msgs/include/open_manipulator_msgs/open_manipulator_msgs/srv/detail/get_kinematics_pose__struct.h
[1.163s] -- Up-to-date: /home/hanse/git_ws/final_project/install/open_manipulator_msgs/include/open_manipulator_msgs/open_manipulator_msgs/srv/detail/set_drawing_trajectory__struct.h
[1.163s] -- Up-to-date: /home/hanse/git_ws/final_project/install/open_manipulator_msgs/include/open_manipulator_msgs/open_manipulator_msgs/srv/detail/set_joint_position__struct.h
[1.163s] -- Up-to-date: /home/hanse/git_ws/final_project/install/open_manipulator_msgs/include/open_manipulator_msgs/open_manipulator_msgs/srv/detail/set_kinematics_pose__functions.h
[1.163s] -- Up-to-date: /home/hanse/git_ws/final_project/install/open_manipulator_msgs/include/open_manipulator_msgs/open_manipulator_msgs/srv/detail/get_joint_position__type_support.h
[1.163s] -- Up-to-date: /home/hanse/git_ws/final_project/install/open_manipulator_msgs/include/open_manipulator_msgs/open_manipulator_msgs/srv/detail/set_kinematics_pose__functions.c
[1.163s] -- Up-to-date: /home/hanse/git_ws/final_project/install/open_manipulator_msgs/include/open_manipulator_msgs/open_manipulator_msgs/srv/detail/set_drawing_trajectory__functions.h
[1.164s] -- Up-to-date: /home/hanse/git_ws/final_project/install/open_manipulator_msgs/include/open_manipulator_msgs/open_manipulator_msgs/srv/detail/set_kinematics_pose__type_support.h
[1.164s] -- Up-to-date: /home/hanse/git_ws/final_project/install/open_manipulator_msgs/include/open_manipulator_msgs/open_manipulator_msgs/srv/detail/set_joint_position__functions.c
[1.164s] -- Up-to-date: /home/hanse/git_ws/final_project/install/open_manipulator_msgs/include/open_manipulator_msgs/open_manipulator_msgs/srv/detail/get_joint_position__functions.h
[1.164s] -- Up-to-date: /home/hanse/git_ws/final_project/install/open_manipulator_msgs/include/open_manipulator_msgs/open_manipulator_msgs/srv/detail/set_kinematics_pose__struct.h
[1.164s] -- Up-to-date: /home/hanse/git_ws/final_project/install/open_manipulator_msgs/include/open_manipulator_msgs/open_manipulator_msgs/srv/detail/set_actuator_state__type_support.h
[1.164s] -- Up-to-date: /home/hanse/git_ws/final_project/install/open_manipulator_msgs/include/open_manipulator_msgs/open_manipulator_msgs/srv/detail/set_actuator_state__functions.h
[1.164s] -- Up-to-date: /home/hanse/git_ws/final_project/install/open_manipulator_msgs/include/open_manipulator_msgs/open_manipulator_msgs/srv/set_joint_position.h
[1.164s] -- Up-to-date: /home/hanse/git_ws/final_project/install/open_manipulator_msgs/include/open_manipulator_msgs/open_manipulator_msgs/srv/set_drawing_trajectory.h
[1.164s] -- Up-to-date: /home/hanse/git_ws/final_project/install/open_manipulator_msgs/include/open_manipulator_msgs/open_manipulator_msgs/srv/get_kinematics_pose.h
[1.164s] -- Up-to-date: /home/hanse/git_ws/final_project/install/open_manipulator_msgs/include/open_manipulator_msgs/open_manipulator_msgs/srv/set_actuator_state.h
[1.165s] -- Up-to-date: /home/hanse/git_ws/final_project/install/open_manipulator_msgs/include/open_manipulator_msgs/open_manipulator_msgs/srv/get_joint_position.h
[1.165s] -- Up-to-date: /home/hanse/git_ws/final_project/install/open_manipulator_msgs/share/open_manipulator_msgs/environment/library_path.sh
[1.165s] -- Up-to-date: /home/hanse/git_ws/final_project/install/open_manipulator_msgs/share/open_manipulator_msgs/environment/library_path.dsv
[1.165s] -- Up-to-date: /home/hanse/git_ws/final_project/install/open_manipulator_msgs/lib/libopen_manipulator_msgs__rosidl_generator_c.so
[1.165s] -- Up-to-date: /home/hanse/git_ws/final_project/install/open_manipulator_msgs/include/open_manipulator_msgs/open_manipulator_msgs
[1.165s] -- Up-to-date: /home/hanse/git_ws/final_project/install/open_manipulator_msgs/include/open_manipulator_msgs/open_manipulator_msgs/msg
[1.165s] -- Up-to-date: /home/hanse/git_ws/final_project/install/open_manipulator_msgs/include/open_manipulator_msgs/open_manipulator_msgs/msg/rosidl_typesupport_fastrtps_c__visibility_control.h
[1.165s] -- Up-to-date: /home/hanse/git_ws/final_project/install/open_manipulator_msgs/include/open_manipulator_msgs/open_manipulator_msgs/msg/detail
[1.166s] -- Up-to-date: /home/hanse/git_ws/final_project/install/open_manipulator_msgs/include/open_manipulator_msgs/open_manipulator_msgs/msg/detail/open_manipulator_state__rosidl_typesupport_fastrtps_c.h
[1.166s] -- Up-to-date: /home/hanse/git_ws/final_project/install/open_manipulator_msgs/include/open_manipulator_msgs/open_manipulator_msgs/msg/detail/joint_position__rosidl_typesupport_fastrtps_c.h
[1.166s] -- Up-to-date: /home/hanse/git_ws/final_project/install/open_manipulator_msgs/include/open_manipulator_msgs/open_manipulator_msgs/msg/detail/kinematics_pose__rosidl_typesupport_fastrtps_c.h
[1.166s] -- Up-to-date: /home/hanse/git_ws/final_project/install/open_manipulator_msgs/include/open_manipulator_msgs/open_manipulator_msgs/srv
[1.166s] -- Up-to-date: /home/hanse/git_ws/final_project/install/open_manipulator_msgs/include/open_manipulator_msgs/open_manipulator_msgs/srv/detail
[1.166s] -- Up-to-date: /home/hanse/git_ws/final_project/install/open_manipulator_msgs/include/open_manipulator_msgs/open_manipulator_msgs/srv/detail/set_drawing_trajectory__rosidl_typesupport_fastrtps_c.h
[1.166s] -- Up-to-date: /home/hanse/git_ws/final_project/install/open_manipulator_msgs/include/open_manipulator_msgs/open_manipulator_msgs/srv/detail/get_kinematics_pose__rosidl_typesupport_fastrtps_c.h
[1.166s] -- Up-to-date: /home/hanse/git_ws/final_project/install/open_manipulator_msgs/include/open_manipulator_msgs/open_manipulator_msgs/srv/detail/set_actuator_state__rosidl_typesupport_fastrtps_c.h
[1.166s] -- Up-to-date: /home/hanse/git_ws/final_project/install/open_manipulator_msgs/include/open_manipulator_msgs/open_manipulator_msgs/srv/detail/set_kinematics_pose__rosidl_typesupport_fastrtps_c.h
[1.166s] -- Up-to-date: /home/hanse/git_ws/final_project/install/open_manipulator_msgs/include/open_manipulator_msgs/open_manipulator_msgs/srv/detail/set_joint_position__rosidl_typesupport_fastrtps_c.h
[1.166s] -- Up-to-date: /home/hanse/git_ws/final_project/install/open_manipulator_msgs/include/open_manipulator_msgs/open_manipulator_msgs/srv/detail/get_joint_position__rosidl_typesupport_fastrtps_c.h
[1.167s] -- Up-to-date: /home/hanse/git_ws/final_project/install/open_manipulator_msgs/lib/libopen_manipulator_msgs__rosidl_typesupport_fastrtps_c.so
[1.167s] -- Up-to-date: /home/hanse/git_ws/final_project/install/open_manipulator_msgs/include/open_manipulator_msgs/open_manipulator_msgs
[1.167s] -- Up-to-date: /home/hanse/git_ws/final_project/install/open_manipulator_msgs/include/open_manipulator_msgs/open_manipulator_msgs/msg
[1.167s] -- Up-to-date: /home/hanse/git_ws/final_project/install/open_manipulator_msgs/include/open_manipulator_msgs/open_manipulator_msgs/msg/detail
[1.167s] -- Up-to-date: /home/hanse/git_ws/final_project/install/open_manipulator_msgs/include/open_manipulator_msgs/open_manipulator_msgs/msg/detail/joint_position__builder.hpp
[1.167s] -- Up-to-date: /home/hanse/git_ws/final_project/install/open_manipulator_msgs/include/open_manipulator_msgs/open_manipulator_msgs/msg/detail/kinematics_pose__builder.hpp
[1.167s] -- Up-to-date: /home/hanse/git_ws/final_project/install/open_manipulator_msgs/include/open_manipulator_msgs/open_manipulator_msgs/msg/detail/kinematics_pose__traits.hpp
[1.167s] -- Up-to-date: /home/hanse/git_ws/final_project/install/open_manipulator_msgs/include/open_manipulator_msgs/open_manipulator_msgs/msg/detail/kinematics_pose__struct.hpp
[1.167s] -- Up-to-date: /home/hanse/git_ws/final_project/install/open_manipulator_msgs/include/open_manipulator_msgs/open_manipulator_msgs/msg/detail/open_manipulator_state__struct.hpp
[1.168s] -- Up-to-date: /home/hanse/git_ws/final_project/install/open_manipulator_msgs/include/open_manipulator_msgs/open_manipulator_msgs/msg/detail/joint_position__traits.hpp
[1.168s] -- Up-to-date: /home/hanse/git_ws/final_project/install/open_manipulator_msgs/include/open_manipulator_msgs/open_manipulator_msgs/msg/detail/open_manipulator_state__builder.hpp
[1.168s] -- Up-to-date: /home/hanse/git_ws/final_project/install/open_manipulator_msgs/include/open_manipulator_msgs/open_manipulator_msgs/msg/detail/joint_position__struct.hpp
[1.168s] -- Up-to-date: /home/hanse/git_ws/final_project/install/open_manipulator_msgs/include/open_manipulator_msgs/open_manipulator_msgs/msg/detail/open_manipulator_state__traits.hpp
[1.168s] -- Up-to-date: /home/hanse/git_ws/final_project/install/open_manipulator_msgs/include/open_manipulator_msgs/open_manipulator_msgs/msg/kinematics_pose.hpp
[1.168s] -- Up-to-date: /home/hanse/git_ws/final_project/install/open_manipulator_msgs/include/open_manipulator_msgs/open_manipulator_msgs/msg/joint_position.hpp
[1.168s] -- Up-to-date: /home/hanse/git_ws/final_project/install/open_manipulator_msgs/include/open_manipulator_msgs/open_manipulator_msgs/msg/open_manipulator_state.hpp
[1.168s] -- Up-to-date: /home/hanse/git_ws/final_project/install/open_manipulator_msgs/include/open_manipulator_msgs/open_manipulator_msgs/srv
[1.168s] -- Up-to-date: /home/hanse/git_ws/final_project/install/open_manipulator_msgs/include/open_manipulator_msgs/open_manipulator_msgs/srv/detail
[1.168s] -- Up-to-date: /home/hanse/git_ws/final_project/install/open_manipulator_msgs/include/open_manipulator_msgs/open_manipulator_msgs/srv/detail/get_kinematics_pose__traits.hpp
[1.168s] -- Up-to-date: /home/hanse/git_ws/final_project/install/open_manipulator_msgs/include/open_manipulator_msgs/open_manipulator_msgs/srv/detail/set_drawing_trajectory__struct.hpp
[1.168s] -- Up-to-date: /home/hanse/git_ws/final_project/install/open_manipulator_msgs/include/open_manipulator_msgs/open_manipulator_msgs/srv/detail/set_actuator_state__struct.hpp
[1.169s] -- Up-to-date: /home/hanse/git_ws/final_project/install/open_manipulator_msgs/include/open_manipulator_msgs/open_manipulator_msgs/srv/detail/set_joint_position__builder.hpp
[1.169s] -- Up-to-date: /home/hanse/git_ws/final_project/install/open_manipulator_msgs/include/open_manipulator_msgs/open_manipulator_msgs/srv/detail/set_drawing_trajectory__traits.hpp
[1.169s] -- Up-to-date: /home/hanse/git_ws/final_project/install/open_manipulator_msgs/include/open_manipulator_msgs/open_manipulator_msgs/srv/detail/set_kinematics_pose__traits.hpp
[1.169s] -- Up-to-date: /home/hanse/git_ws/final_project/install/open_manipulator_msgs/include/open_manipulator_msgs/open_manipulator_msgs/srv/detail/set_joint_position__struct.hpp
[1.169s] -- Up-to-date: /home/hanse/git_ws/final_project/install/open_manipulator_msgs/include/open_manipulator_msgs/open_manipulator_msgs/srv/detail/set_joint_position__traits.hpp
[1.169s] -- Up-to-date: /home/hanse/git_ws/final_project/install/open_manipulator_msgs/include/open_manipulator_msgs/open_manipulator_msgs/srv/detail/set_drawing_trajectory__builder.hpp
[1.169s] -- Up-to-date: /home/hanse/git_ws/final_project/install/open_manipulator_msgs/include/open_manipulator_msgs/open_manipulator_msgs/srv/detail/set_kinematics_pose__struct.hpp
[1.169s] -- Up-to-date: /home/hanse/git_ws/final_project/install/open_manipulator_msgs/include/open_manipulator_msgs/open_manipulator_msgs/srv/detail/get_kinematics_pose__struct.hpp
[1.169s] -- Up-to-date: /home/hanse/git_ws/final_project/install/open_manipulator_msgs/include/open_manipulator_msgs/open_manipulator_msgs/srv/detail/set_actuator_state__traits.hpp
[1.169s] -- Up-to-date: /home/hanse/git_ws/final_project/install/open_manipulator_msgs/include/open_manipulator_msgs/open_manipulator_msgs/srv/detail/get_joint_position__traits.hpp
[1.169s] -- Up-to-date: /home/hanse/git_ws/final_project/install/open_manipulator_msgs/include/open_manipulator_msgs/open_manipulator_msgs/srv/detail/get_joint_position__builder.hpp
[1.169s] -- Up-to-date: /home/hanse/git_ws/final_project/install/open_manipulator_msgs/include/open_manipulator_msgs/open_manipulator_msgs/srv/detail/set_kinematics_pose__builder.hpp
[1.169s] -- Up-to-date: /home/hanse/git_ws/final_project/install/open_manipulator_msgs/include/open_manipulator_msgs/open_manipulator_msgs/srv/detail/get_joint_position__struct.hpp
[1.169s] -- Up-to-date: /home/hanse/git_ws/final_project/install/open_manipulator_msgs/include/open_manipulator_msgs/open_manipulator_msgs/srv/detail/get_kinematics_pose__builder.hpp
[1.170s] -- Up-to-date: /home/hanse/git_ws/final_project/install/open_manipulator_msgs/include/open_manipulator_msgs/open_manipulator_msgs/srv/detail/set_actuator_state__builder.hpp
[1.170s] -- Up-to-date: /home/hanse/git_ws/final_project/install/open_manipulator_msgs/include/open_manipulator_msgs/open_manipulator_msgs/srv/set_drawing_trajectory.hpp
[1.170s] -- Up-to-date: /home/hanse/git_ws/final_project/install/open_manipulator_msgs/include/open_manipulator_msgs/open_manipulator_msgs/srv/set_kinematics_pose.hpp
[1.170s] -- Up-to-date: /home/hanse/git_ws/final_project/install/open_manipulator_msgs/include/open_manipulator_msgs/open_manipulator_msgs/srv/get_kinematics_pose.hpp
[1.170s] -- Up-to-date: /home/hanse/git_ws/final_project/install/open_manipulator_msgs/include/open_manipulator_msgs/open_manipulator_msgs/srv/set_joint_position.hpp
[1.170s] -- Up-to-date: /home/hanse/git_ws/final_project/install/open_manipulator_msgs/include/open_manipulator_msgs/open_manipulator_msgs/srv/get_joint_position.hpp
[1.170s] -- Up-to-date: /home/hanse/git_ws/final_project/install/open_manipulator_msgs/include/open_manipulator_msgs/open_manipulator_msgs/srv/set_actuator_state.hpp
[1.170s] -- Up-to-date: /home/hanse/git_ws/final_project/install/open_manipulator_msgs/include/open_manipulator_msgs/open_manipulator_msgs
[1.170s] -- Up-to-date: /home/hanse/git_ws/final_project/install/open_manipulator_msgs/include/open_manipulator_msgs/open_manipulator_msgs/msg
[1.170s] -- Up-to-date: /home/hanse/git_ws/final_project/install/open_manipulator_msgs/include/open_manipulator_msgs/open_manipulator_msgs/msg/rosidl_typesupport_fastrtps_cpp__visibility_control.h
[1.170s] -- Up-to-date: /home/hanse/git_ws/final_project/install/open_manipulator_msgs/include/open_manipulator_msgs/open_manipulator_msgs/msg/detail
[1.170s] -- Up-to-date: /home/hanse/git_ws/final_project/install/open_manipulator_msgs/include/open_manipulator_msgs/open_manipulator_msgs/msg/detail/joint_position__rosidl_typesupport_fastrtps_cpp.hpp
[1.171s] -- Up-to-date: /home/hanse/git_ws/final_project/install/open_manipulator_msgs/include/open_manipulator_msgs/open_manipulator_msgs/msg/detail/kinematics_pose__rosidl_typesupport_fastrtps_cpp.hpp
[1.171s] -- Up-to-date: /home/hanse/git_ws/final_project/install/open_manipulator_msgs/include/open_manipulator_msgs/open_manipulator_msgs/msg/detail/open_manipulator_state__rosidl_typesupport_fastrtps_cpp.hpp
[1.171s] -- Up-to-date: /home/hanse/git_ws/final_project/install/open_manipulator_msgs/include/open_manipulator_msgs/open_manipulator_msgs/msg/detail/dds_fastrtps
[1.171s] -- Up-to-date: /home/hanse/git_ws/final_project/install/open_manipulator_msgs/include/open_manipulator_msgs/open_manipulator_msgs/srv
[1.171s] -- Up-to-date: /home/hanse/git_ws/final_project/install/open_manipulator_msgs/include/open_manipulator_msgs/open_manipulator_msgs/srv/detail
[1.171s] -- Up-to-date: /home/hanse/git_ws/final_project/install/open_manipulator_msgs/include/open_manipulator_msgs/open_manipulator_msgs/srv/detail/set_joint_position__rosidl_typesupport_fastrtps_cpp.hpp
[1.171s] -- Up-to-date: /home/hanse/git_ws/final_project/install/open_manipulator_msgs/include/open_manipulator_msgs/open_manipulator_msgs/srv/detail/set_drawing_trajectory__rosidl_typesupport_fastrtps_cpp.hpp
[1.171s] -- Up-to-date: /home/hanse/git_ws/final_project/install/open_manipulator_msgs/include/open_manipulator_msgs/open_manipulator_msgs/srv/detail/get_joint_position__rosidl_typesupport_fastrtps_cpp.hpp
[1.171s] -- Up-to-date: /home/hanse/git_ws/final_project/install/open_manipulator_msgs/include/open_manipulator_msgs/open_manipulator_msgs/srv/detail/set_kinematics_pose__rosidl_typesupport_fastrtps_cpp.hpp
[1.172s] -- Up-to-date: /home/hanse/git_ws/final_project/install/open_manipulator_msgs/include/open_manipulator_msgs/open_manipulator_msgs/srv/detail/get_kinematics_pose__rosidl_typesupport_fastrtps_cpp.hpp
[1.172s] -- Up-to-date: /home/hanse/git_ws/final_project/install/open_manipulator_msgs/include/open_manipulator_msgs/open_manipulator_msgs/srv/detail/dds_fastrtps
[1.172s] -- Up-to-date: /home/hanse/git_ws/final_project/install/open_manipulator_msgs/include/open_manipulator_msgs/open_manipulator_msgs/srv/detail/set_actuator_state__rosidl_typesupport_fastrtps_cpp.hpp
[1.172s] -- Up-to-date: /home/hanse/git_ws/final_project/install/open_manipulator_msgs/lib/libopen_manipulator_msgs__rosidl_typesupport_fastrtps_cpp.so
[1.172s] -- Up-to-date: /home/hanse/git_ws/final_project/install/open_manipulator_msgs/include/open_manipulator_msgs/open_manipulator_msgs
[1.172s] -- Up-to-date: /home/hanse/git_ws/final_project/install/open_manipulator_msgs/include/open_manipulator_msgs/open_manipulator_msgs/msg
[1.172s] -- Up-to-date: /home/hanse/git_ws/final_project/install/open_manipulator_msgs/include/open_manipulator_msgs/open_manipulator_msgs/msg/detail
[1.172s] -- Up-to-date: /home/hanse/git_ws/final_project/install/open_manipulator_msgs/include/open_manipulator_msgs/open_manipulator_msgs/msg/detail/kinematics_pose__rosidl_typesupport_introspection_c.h
[1.172s] -- Up-to-date: /home/hanse/git_ws/final_project/install/open_manipulator_msgs/include/open_manipulator_msgs/open_manipulator_msgs/msg/detail/joint_position__rosidl_typesupport_introspection_c.h
[1.172s] -- Up-to-date: /home/hanse/git_ws/final_project/install/open_manipulator_msgs/include/open_manipulator_msgs/open_manipulator_msgs/msg/detail/open_manipulator_state__rosidl_typesupport_introspection_c.h
[1.172s] -- Up-to-date: /home/hanse/git_ws/final_project/install/open_manipulator_msgs/include/open_manipulator_msgs/open_manipulator_msgs/msg/detail/open_manipulator_state__type_support.c
[1.172s] -- Up-to-date: /home/hanse/git_ws/final_project/install/open_manipulator_msgs/include/open_manipulator_msgs/open_manipulator_msgs/msg/detail/joint_position__type_support.c
[1.172s] -- Up-to-date: /home/hanse/git_ws/final_project/install/open_manipulator_msgs/include/open_manipulator_msgs/open_manipulator_msgs/msg/detail/kinematics_pose__type_support.c
[1.173s] -- Up-to-date: /home/hanse/git_ws/final_project/install/open_manipulator_msgs/include/open_manipulator_msgs/open_manipulator_msgs/msg/rosidl_typesupport_introspection_c__visibility_control.h
[1.173s] -- Up-to-date: /home/hanse/git_ws/final_project/install/open_manipulator_msgs/include/open_manipulator_msgs/open_manipulator_msgs/srv
[1.173s] -- Up-to-date: /home/hanse/git_ws/final_project/install/open_manipulator_msgs/include/open_manipulator_msgs/open_manipulator_msgs/srv/detail
[1.173s] -- Up-to-date: /home/hanse/git_ws/final_project/install/open_manipulator_msgs/include/open_manipulator_msgs/open_manipulator_msgs/srv/detail/set_drawing_trajectory__type_support.c
[1.173s] -- Up-to-date: /home/hanse/git_ws/final_project/install/open_manipulator_msgs/include/open_manipulator_msgs/open_manipulator_msgs/srv/detail/get_kinematics_pose__type_support.c
[1.173s] -- Up-to-date: /home/hanse/git_ws/final_project/install/open_manipulator_msgs/include/open_manipulator_msgs/open_manipulator_msgs/srv/detail/get_joint_position__type_support.c
[1.174s] -- Up-to-date: /home/hanse/git_ws/final_project/install/open_manipulator_msgs/include/open_manipulator_msgs/open_manipulator_msgs/srv/detail/set_joint_position__type_support.c
[1.174s] -- Up-to-date: /home/hanse/git_ws/final_project/install/open_manipulator_msgs/include/open_manipulator_msgs/open_manipulator_msgs/srv/detail/set_drawing_trajectory__rosidl_typesupport_introspection_c.h
[1.174s] -- Up-to-date: /home/hanse/git_ws/final_project/install/open_manipulator_msgs/include/open_manipulator_msgs/open_manipulator_msgs/srv/detail/set_joint_position__rosidl_typesupport_introspection_c.h
[1.174s] -- Up-to-date: /home/hanse/git_ws/final_project/install/open_manipulator_msgs/include/open_manipulator_msgs/open_manipulator_msgs/srv/detail/get_joint_position__rosidl_typesupport_introspection_c.h
[1.174s] -- Up-to-date: /home/hanse/git_ws/final_project/install/open_manipulator_msgs/include/open_manipulator_msgs/open_manipulator_msgs/srv/detail/set_actuator_state__type_support.c
[1.174s] -- Up-to-date: /home/hanse/git_ws/final_project/install/open_manipulator_msgs/include/open_manipulator_msgs/open_manipulator_msgs/srv/detail/set_kinematics_pose__rosidl_typesupport_introspection_c.h
[1.174s] -- Up-to-date: /home/hanse/git_ws/final_project/install/open_manipulator_msgs/include/open_manipulator_msgs/open_manipulator_msgs/srv/detail/set_kinematics_pose__type_support.c
[1.174s] -- Up-to-date: /home/hanse/git_ws/final_project/install/open_manipulator_msgs/include/open_manipulator_msgs/open_manipulator_msgs/srv/detail/get_kinematics_pose__rosidl_typesupport_introspection_c.h
[1.174s] -- Up-to-date: /home/hanse/git_ws/final_project/install/open_manipulator_msgs/include/open_manipulator_msgs/open_manipulator_msgs/srv/detail/set_actuator_state__rosidl_typesupport_introspection_c.h
[1.174s] -- Up-to-date: /home/hanse/git_ws/final_project/install/open_manipulator_msgs/lib/libopen_manipulator_msgs__rosidl_typesupport_introspection_c.so
[1.175s] -- Up-to-date: /home/hanse/git_ws/final_project/install/open_manipulator_msgs/lib/libopen_manipulator_msgs__rosidl_typesupport_c.so
[1.175s] -- Up-to-date: /home/hanse/git_ws/final_project/install/open_manipulator_msgs/include/open_manipulator_msgs/open_manipulator_msgs
[1.175s] -- Up-to-date: /home/hanse/git_ws/final_project/install/open_manipulator_msgs/include/open_manipulator_msgs/open_manipulator_msgs/msg
[1.175s] -- Up-to-date: /home/hanse/git_ws/final_project/install/open_manipulator_msgs/include/open_manipulator_msgs/open_manipulator_msgs/msg/detail
[1.175s] -- Up-to-date: /home/hanse/git_ws/final_project/install/open_manipulator_msgs/include/open_manipulator_msgs/open_manipulator_msgs/msg/detail/joint_position__type_support.cpp
[1.175s] -- Up-to-date: /home/hanse/git_ws/final_project/install/open_manipulator_msgs/include/open_manipulator_msgs/open_manipulator_msgs/msg/detail/kinematics_pose__rosidl_typesupport_introspection_cpp.hpp
[1.175s] -- Up-to-date: /home/hanse/git_ws/final_project/install/open_manipulator_msgs/include/open_manipulator_msgs/open_manipulator_msgs/msg/detail/kinematics_pose__type_support.cpp
[1.175s] -- Up-to-date: /home/hanse/git_ws/final_project/install/open_manipulator_msgs/include/open_manipulator_msgs/open_manipulator_msgs/msg/detail/joint_position__rosidl_typesupport_introspection_cpp.hpp
[1.175s] -- Up-to-date: /home/hanse/git_ws/final_project/install/open_manipulator_msgs/include/open_manipulator_msgs/open_manipulator_msgs/msg/detail/open_manipulator_state__rosidl_typesupport_introspection_cpp.hpp
[1.175s] -- Up-to-date: /home/hanse/git_ws/final_project/install/open_manipulator_msgs/include/open_manipulator_msgs/open_manipulator_msgs/msg/detail/open_manipulator_state__type_support.cpp
[1.176s] -- Up-to-date: /home/hanse/git_ws/final_project/install/open_manipulator_msgs/include/open_manipulator_msgs/open_manipulator_msgs/srv
[1.176s] -- Up-to-date: /home/hanse/git_ws/final_project/install/open_manipulator_msgs/include/open_manipulator_msgs/open_manipulator_msgs/srv/detail
[1.176s] -- Up-to-date: /home/hanse/git_ws/final_project/install/open_manipulator_msgs/include/open_manipulator_msgs/open_manipulator_msgs/srv/detail/set_actuator_state__type_support.cpp
[1.176s] -- Up-to-date: /home/hanse/git_ws/final_project/install/open_manipulator_msgs/include/open_manipulator_msgs/open_manipulator_msgs/srv/detail/set_joint_position__type_support.cpp
[1.176s] -- Up-to-date: /home/hanse/git_ws/final_project/install/open_manipulator_msgs/include/open_manipulator_msgs/open_manipulator_msgs/srv/detail/set_joint_position__rosidl_typesupport_introspection_cpp.hpp
[1.176s] -- Up-to-date: /home/hanse/git_ws/final_project/install/open_manipulator_msgs/include/open_manipulator_msgs/open_manipulator_msgs/srv/detail/get_joint_position__type_support.cpp
[1.176s] -- Up-to-date: /home/hanse/git_ws/final_project/install/open_manipulator_msgs/include/open_manipulator_msgs/open_manipulator_msgs/srv/detail/set_kinematics_pose__type_support.cpp
[1.176s] -- Up-to-date: /home/hanse/git_ws/final_project/install/open_manipulator_msgs/include/open_manipulator_msgs/open_manipulator_msgs/srv/detail/get_kinematics_pose__rosidl_typesupport_introspection_cpp.hpp
[1.176s] -- Up-to-date: /home/hanse/git_ws/final_project/install/open_manipulator_msgs/include/open_manipulator_msgs/open_manipulator_msgs/srv/detail/set_drawing_trajectory__type_support.cpp
[1.176s] -- Up-to-date: /home/hanse/git_ws/final_project/install/open_manipulator_msgs/include/open_manipulator_msgs/open_manipulator_msgs/srv/detail/set_actuator_state__rosidl_typesupport_introspection_cpp.hpp
[1.176s] -- Up-to-date: /home/hanse/git_ws/final_project/install/open_manipulator_msgs/include/open_manipulator_msgs/open_manipulator_msgs/srv/detail/set_kinematics_pose__rosidl_typesupport_introspection_cpp.hpp
[1.176s] -- Up-to-date: /home/hanse/git_ws/final_project/install/open_manipulator_msgs/include/open_manipulator_msgs/open_manipulator_msgs/srv/detail/get_kinematics_pose__type_support.cpp
[1.176s] -- Up-to-date: /home/hanse/git_ws/final_project/install/open_manipulator_msgs/include/open_manipulator_msgs/open_manipulator_msgs/srv/detail/set_drawing_trajectory__rosidl_typesupport_introspection_cpp.hpp
[1.176s] -- Up-to-date: /home/hanse/git_ws/final_project/install/open_manipulator_msgs/include/open_manipulator_msgs/open_manipulator_msgs/srv/detail/get_joint_position__rosidl_typesupport_introspection_cpp.hpp
[1.176s] -- Up-to-date: /home/hanse/git_ws/final_project/install/open_manipulator_msgs/lib/libopen_manipulator_msgs__rosidl_typesupport_introspection_cpp.so
[1.176s] -- Up-to-date: /home/hanse/git_ws/final_project/install/open_manipulator_msgs/lib/libopen_manipulator_msgs__rosidl_typesupport_cpp.so
[1.176s] -- Up-to-date: /home/hanse/git_ws/final_project/install/open_manipulator_msgs/share/open_manipulator_msgs/environment/pythonpath.sh
[1.176s] -- Up-to-date: /home/hanse/git_ws/final_project/install/open_manipulator_msgs/share/open_manipulator_msgs/environment/pythonpath.dsv
[1.176s] -- Up-to-date: /home/hanse/git_ws/final_project/install/open_manipulator_msgs/local/lib/python3.10/dist-packages/open_manipulator_msgs-2.2.0-py3.10.egg-info
[1.176s] -- Installing: /home/hanse/git_ws/final_project/install/open_manipulator_msgs/local/lib/python3.10/dist-packages/open_manipulator_msgs-2.2.0-py3.10.egg-info/SOURCES.txt
[1.177s] -- Installing: /home/hanse/git_ws/final_project/install/open_manipulator_msgs/local/lib/python3.10/dist-packages/open_manipulator_msgs-2.2.0-py3.10.egg-info/dependency_links.txt
[1.177s] -- Installing: /home/hanse/git_ws/final_project/install/open_manipulator_msgs/local/lib/python3.10/dist-packages/open_manipulator_msgs-2.2.0-py3.10.egg-info/top_level.txt
[1.177s] -- Installing: /home/hanse/git_ws/final_project/install/open_manipulator_msgs/local/lib/python3.10/dist-packages/open_manipulator_msgs-2.2.0-py3.10.egg-info/PKG-INFO
[1.177s] -- Up-to-date: /home/hanse/git_ws/final_project/install/open_manipulator_msgs/local/lib/python3.10/dist-packages/open_manipulator_msgs
[1.177s] -- Up-to-date: /home/hanse/git_ws/final_project/install/open_manipulator_msgs/local/lib/python3.10/dist-packages/open_manipulator_msgs/_open_manipulator_msgs_s.ep.rosidl_typesupport_introspection_c.c
[1.177s] -- Up-to-date: /home/hanse/git_ws/final_project/install/open_manipulator_msgs/local/lib/python3.10/dist-packages/open_manipulator_msgs/open_manipulator_msgs_s__rosidl_typesupport_fastrtps_c.cpython-310-x86_64-linux-gnu.so
[1.177s] -- Up-to-date: /home/hanse/git_ws/final_project/install/open_manipulator_msgs/local/lib/python3.10/dist-packages/open_manipulator_msgs/open_manipulator_msgs_s__rosidl_typesupport_introspection_c.cpython-310-x86_64-linux-gnu.so
[1.177s] -- Up-to-date: /home/hanse/git_ws/final_project/install/open_manipulator_msgs/local/lib/python3.10/dist-packages/open_manipulator_msgs/libopen_manipulator_msgs__rosidl_generator_py.so
[1.178s] -- Up-to-date: /home/hanse/git_ws/final_project/install/open_manipulator_msgs/local/lib/python3.10/dist-packages/open_manipulator_msgs/_open_manipulator_msgs_s.ep.rosidl_typesupport_fastrtps_c.c
[1.178s] -- Up-to-date: /home/hanse/git_ws/final_project/install/open_manipulator_msgs/local/lib/python3.10/dist-packages/open_manipulator_msgs/msg
[1.178s] -- Up-to-date: /home/hanse/git_ws/final_project/install/open_manipulator_msgs/local/lib/python3.10/dist-packages/open_manipulator_msgs/msg/_open_manipulator_state.py
[1.178s] -- Up-to-date: /home/hanse/git_ws/final_project/install/open_manipulator_msgs/local/lib/python3.10/dist-packages/open_manipulator_msgs/msg/_kinematics_pose_s.c
[1.178s] -- Up-to-date: /home/hanse/git_ws/final_project/install/open_manipulator_msgs/local/lib/python3.10/dist-packages/open_manipulator_msgs/msg/_kinematics_pose.py
[1.178s] -- Up-to-date: /home/hanse/git_ws/final_project/install/open_manipulator_msgs/local/lib/python3.10/dist-packages/open_manipulator_msgs/msg/_joint_position_s.c
[1.178s] -- Up-to-date: /home/hanse/git_ws/final_project/install/open_manipulator_msgs/local/lib/python3.10/dist-packages/open_manipulator_msgs/msg/_joint_position.py
[1.178s] -- Up-to-date: /home/hanse/git_ws/final_project/install/open_manipulator_msgs/local/lib/python3.10/dist-packages/open_manipulator_msgs/msg/__init__.py
[1.179s] -- Up-to-date: /home/hanse/git_ws/final_project/install/open_manipulator_msgs/local/lib/python3.10/dist-packages/open_manipulator_msgs/msg/_open_manipulator_state_s.c
[1.179s] -- Up-to-date: /home/hanse/git_ws/final_project/install/open_manipulator_msgs/local/lib/python3.10/dist-packages/open_manipulator_msgs/srv
[1.179s] -- Up-to-date: /home/hanse/git_ws/final_project/install/open_manipulator_msgs/local/lib/python3.10/dist-packages/open_manipulator_msgs/srv/_set_drawing_trajectory_s.c
[1.179s] -- Up-to-date: /home/hanse/git_ws/final_project/install/open_manipulator_msgs/local/lib/python3.10/dist-packages/open_manipulator_msgs/srv/_get_kinematics_pose_s.c
[1.179s] -- Up-to-date: /home/hanse/git_ws/final_project/install/open_manipulator_msgs/local/lib/python3.10/dist-packages/open_manipulator_msgs/srv/_set_joint_position.py
[1.179s] -- Up-to-date: /home/hanse/git_ws/final_project/install/open_manipulator_msgs/local/lib/python3.10/dist-packages/open_manipulator_msgs/srv/_get_joint_position_s.c
[1.179s] -- Up-to-date: /home/hanse/git_ws/final_project/install/open_manipulator_msgs/local/lib/python3.10/dist-packages/open_manipulator_msgs/srv/_set_drawing_trajectory.py
[1.179s] -- Up-to-date: /home/hanse/git_ws/final_project/install/open_manipulator_msgs/local/lib/python3.10/dist-packages/open_manipulator_msgs/srv/_set_actuator_state.py
[1.179s] -- Up-to-date: /home/hanse/git_ws/final_project/install/open_manipulator_msgs/local/lib/python3.10/dist-packages/open_manipulator_msgs/srv/_set_kinematics_pose.py
[1.179s] -- Up-to-date: /home/hanse/git_ws/final_project/install/open_manipulator_msgs/local/lib/python3.10/dist-packages/open_manipulator_msgs/srv/_set_joint_position_s.c
[1.179s] -- Up-to-date: /home/hanse/git_ws/final_project/install/open_manipulator_msgs/local/lib/python3.10/dist-packages/open_manipulator_msgs/srv/_set_kinematics_pose_s.c
[1.179s] -- Up-to-date: /home/hanse/git_ws/final_project/install/open_manipulator_msgs/local/lib/python3.10/dist-packages/open_manipulator_msgs/srv/_get_kinematics_pose.py
[1.179s] -- Up-to-date: /home/hanse/git_ws/final_project/install/open_manipulator_msgs/local/lib/python3.10/dist-packages/open_manipulator_msgs/srv/_set_actuator_state_s.c
[1.179s] -- Up-to-date: /home/hanse/git_ws/final_project/install/open_manipulator_msgs/local/lib/python3.10/dist-packages/open_manipulator_msgs/srv/_get_joint_position.py
[1.179s] -- Up-to-date: /home/hanse/git_ws/final_project/install/open_manipulator_msgs/local/lib/python3.10/dist-packages/open_manipulator_msgs/srv/__init__.py
[1.180s] -- Up-to-date: /home/hanse/git_ws/final_project/install/open_manipulator_msgs/local/lib/python3.10/dist-packages/open_manipulator_msgs/_open_manipulator_msgs_s.ep.rosidl_typesupport_c.c
[1.180s] -- Up-to-date: /home/hanse/git_ws/final_project/install/open_manipulator_msgs/local/lib/python3.10/dist-packages/open_manipulator_msgs/__init__.py
[1.180s] -- Up-to-date: /home/hanse/git_ws/final_project/install/open_manipulator_msgs/local/lib/python3.10/dist-packages/open_manipulator_msgs/open_manipulator_msgs_s__rosidl_typesupport_c.cpython-310-x86_64-linux-gnu.so
[1.197s] Listing '/home/hanse/git_ws/final_project/install/open_manipulator_msgs/local/lib/python3.10/dist-packages/open_manipulator_msgs'...
[1.197s] Listing '/home/hanse/git_ws/final_project/install/open_manipulator_msgs/local/lib/python3.10/dist-packages/open_manipulator_msgs/msg'...
[1.197s] Listing '/home/hanse/git_ws/final_project/install/open_manipulator_msgs/local/lib/python3.10/dist-packages/open_manipulator_msgs/srv'...
[1.201s] -- Up-to-date: /home/hanse/git_ws/final_project/install/open_manipulator_msgs/local/lib/python3.10/dist-packages/open_manipulator_msgs/open_manipulator_msgs_s__rosidl_typesupport_fastrtps_c.cpython-310-x86_64-linux-gnu.so
[1.201s] -- Up-to-date: /home/hanse/git_ws/final_project/install/open_manipulator_msgs/local/lib/python3.10/dist-packages/open_manipulator_msgs/open_manipulator_msgs_s__rosidl_typesupport_introspection_c.cpython-310-x86_64-linux-gnu.so
[1.201s] -- Up-to-date: /home/hanse/git_ws/final_project/install/open_manipulator_msgs/local/lib/python3.10/dist-packages/open_manipulator_msgs/open_manipulator_msgs_s__rosidl_typesupport_c.cpython-310-x86_64-linux-gnu.so
[1.201s] -- Up-to-date: /home/hanse/git_ws/final_project/install/open_manipulator_msgs/lib/libopen_manipulator_msgs__rosidl_generator_py.so
[1.202s] -- Up-to-date: /home/hanse/git_ws/final_project/install/open_manipulator_msgs/share/open_manipulator_msgs/msg/JointPosition.idl
[1.202s] -- Up-to-date: /home/hanse/git_ws/final_project/install/open_manipulator_msgs/share/open_manipulator_msgs/msg/KinematicsPose.idl
[1.202s] -- Up-to-date: /home/hanse/git_ws/final_project/install/open_manipulator_msgs/share/open_manipulator_msgs/msg/OpenManipulatorState.idl
[1.202s] -- Up-to-date: /home/hanse/git_ws/final_project/install/open_manipulator_msgs/share/open_manipulator_msgs/srv/GetJointPosition.idl
[1.202s] -- Up-to-date: /home/hanse/git_ws/final_project/install/open_manipulator_msgs/share/open_manipulator_msgs/srv/GetKinematicsPose.idl
[1.202s] -- Up-to-date: /home/hanse/git_ws/final_project/install/open_manipulator_msgs/share/open_manipulator_msgs/srv/SetJointPosition.idl
[1.202s] -- Up-to-date: /home/hanse/git_ws/final_project/install/open_manipulator_msgs/share/open_manipulator_msgs/srv/SetKinematicsPose.idl
[1.202s] -- Up-to-date: /home/hanse/git_ws/final_project/install/open_manipulator_msgs/share/open_manipulator_msgs/srv/SetDrawingTrajectory.idl
[1.203s] -- Up-to-date: /home/hanse/git_ws/final_project/install/open_manipulator_msgs/share/open_manipulator_msgs/srv/SetActuatorState.idl
[1.203s] -- Up-to-date: /home/hanse/git_ws/final_project/install/open_manipulator_msgs/share/open_manipulator_msgs/msg/JointPosition.msg
[1.203s] -- Up-to-date: /home/hanse/git_ws/final_project/install/open_manipulator_msgs/share/open_manipulator_msgs/msg/KinematicsPose.msg
[1.203s] -- Up-to-date: /home/hanse/git_ws/final_project/install/open_manipulator_msgs/share/open_manipulator_msgs/msg/OpenManipulatorState.msg
[1.203s] -- Up-to-date: /home/hanse/git_ws/final_project/install/open_manipulator_msgs/share/open_manipulator_msgs/srv/GetJointPosition.srv
[1.204s] -- Up-to-date: /home/hanse/git_ws/final_project/install/open_manipulator_msgs/share/open_manipulator_msgs/srv/GetJointPosition_Request.msg
[1.204s] -- Up-to-date: /home/hanse/git_ws/final_project/install/open_manipulator_msgs/share/open_manipulator_msgs/srv/GetJointPosition_Response.msg
[1.204s] -- Up-to-date: /home/hanse/git_ws/final_project/install/open_manipulator_msgs/share/open_manipulator_msgs/srv/GetKinematicsPose.srv
[1.204s] -- Up-to-date: /home/hanse/git_ws/final_project/install/open_manipulator_msgs/share/open_manipulator_msgs/srv/GetKinematicsPose_Request.msg
[1.204s] -- Up-to-date: /home/hanse/git_ws/final_project/install/open_manipulator_msgs/share/open_manipulator_msgs/srv/GetKinematicsPose_Response.msg
[1.204s] -- Up-to-date: /home/hanse/git_ws/final_project/install/open_manipulator_msgs/share/open_manipulator_msgs/srv/SetJointPosition.srv
[1.204s] -- Up-to-date: /home/hanse/git_ws/final_project/install/open_manipulator_msgs/share/open_manipulator_msgs/srv/SetJointPosition_Request.msg
[1.204s] -- Up-to-date: /home/hanse/git_ws/final_project/install/open_manipulator_msgs/share/open_manipulator_msgs/srv/SetJointPosition_Response.msg
[1.204s] -- Up-to-date: /home/hanse/git_ws/final_project/install/open_manipulator_msgs/share/open_manipulator_msgs/srv/SetKinematicsPose.srv
[1.205s] -- Up-to-date: /home/hanse/git_ws/final_project/install/open_manipulator_msgs/share/open_manipulator_msgs/srv/SetKinematicsPose_Request.msg
[1.205s] -- Up-to-date: /home/hanse/git_ws/final_project/install/open_manipulator_msgs/share/open_manipulator_msgs/srv/SetKinematicsPose_Response.msg
[1.205s] -- Up-to-date: /home/hanse/git_ws/final_project/install/open_manipulator_msgs/share/open_manipulator_msgs/srv/SetDrawingTrajectory.srv
[1.205s] -- Up-to-date: /home/hanse/git_ws/final_project/install/open_manipulator_msgs/share/open_manipulator_msgs/srv/SetDrawingTrajectory_Request.msg
[1.205s] -- Up-to-date: /home/hanse/git_ws/final_project/install/open_manipulator_msgs/share/open_manipulator_msgs/srv/SetDrawingTrajectory_Response.msg
[1.205s] -- Up-to-date: /home/hanse/git_ws/final_project/install/open_manipulator_msgs/share/open_manipulator_msgs/srv/SetActuatorState.srv
[1.205s] -- Up-to-date: /home/hanse/git_ws/final_project/install/open_manipulator_msgs/share/open_manipulator_msgs/srv/SetActuatorState_Request.msg
[1.205s] -- Up-to-date: /home/hanse/git_ws/final_project/install/open_manipulator_msgs/share/open_manipulator_msgs/srv/SetActuatorState_Response.msg
[1.205s] -- Up-to-date: /home/hanse/git_ws/final_project/install/open_manipulator_msgs/share/ament_index/resource_index/package_run_dependencies/open_manipulator_msgs
[1.205s] -- Up-to-date: /home/hanse/git_ws/final_project/install/open_manipulator_msgs/share/ament_index/resource_index/parent_prefix_path/open_manipulator_msgs
[1.205s] -- Up-to-date: /home/hanse/git_ws/final_project/install/open_manipulator_msgs/share/open_manipulator_msgs/environment/ament_prefix_path.sh
[1.205s] -- Up-to-date: /home/hanse/git_ws/final_project/install/open_manipulator_msgs/share/open_manipulator_msgs/environment/ament_prefix_path.dsv
[1.205s] -- Up-to-date: /home/hanse/git_ws/final_project/install/open_manipulator_msgs/share/open_manipulator_msgs/environment/path.sh
[1.205s] -- Up-to-date: /home/hanse/git_ws/final_project/install/open_manipulator_msgs/share/open_manipulator_msgs/environment/path.dsv
[1.205s] -- Up-to-date: /home/hanse/git_ws/final_project/install/open_manipulator_msgs/share/open_manipulator_msgs/local_setup.bash
[1.205s] -- Up-to-date: /home/hanse/git_ws/final_project/install/open_manipulator_msgs/share/open_manipulator_msgs/local_setup.sh
[1.205s] -- Up-to-date: /home/hanse/git_ws/final_project/install/open_manipulator_msgs/share/open_manipulator_msgs/local_setup.zsh
[1.205s] -- Up-to-date: /home/hanse/git_ws/final_project/install/open_manipulator_msgs/share/open_manipulator_msgs/local_setup.dsv
[1.205s] -- Installing: /home/hanse/git_ws/final_project/install/open_manipulator_msgs/share/open_manipulator_msgs/package.dsv
[1.205s] -- Up-to-date: /home/hanse/git_ws/final_project/install/open_manipulator_msgs/share/ament_index/resource_index/packages/open_manipulator_msgs
[1.205s] -- Up-to-date: /home/hanse/git_ws/final_project/install/open_manipulator_msgs/share/open_manipulator_msgs/cmake/export_open_manipulator_msgs__rosidl_generator_cExport.cmake
[1.205s] -- Up-to-date: /home/hanse/git_ws/final_project/install/open_manipulator_msgs/share/open_manipulator_msgs/cmake/export_open_manipulator_msgs__rosidl_generator_cExport-noconfig.cmake
[1.206s] -- Up-to-date: /home/hanse/git_ws/final_project/install/open_manipulator_msgs/share/open_manipulator_msgs/cmake/export_open_manipulator_msgs__rosidl_typesupport_fastrtps_cExport.cmake
[1.206s] -- Up-to-date: /home/hanse/git_ws/final_project/install/open_manipulator_msgs/share/open_manipulator_msgs/cmake/export_open_manipulator_msgs__rosidl_typesupport_fastrtps_cExport-noconfig.cmake
[1.206s] -- Up-to-date: /home/hanse/git_ws/final_project/install/open_manipulator_msgs/share/open_manipulator_msgs/cmake/export_open_manipulator_msgs__rosidl_generator_cppExport.cmake
[1.206s] -- Up-to-date: /home/hanse/git_ws/final_project/install/open_manipulator_msgs/share/open_manipulator_msgs/cmake/export_open_manipulator_msgs__rosidl_typesupport_fastrtps_cppExport.cmake
[1.206s] -- Up-to-date: /home/hanse/git_ws/final_project/install/open_manipulator_msgs/share/open_manipulator_msgs/cmake/export_open_manipulator_msgs__rosidl_typesupport_fastrtps_cppExport-noconfig.cmake
[1.206s] -- Up-to-date: /home/hanse/git_ws/final_project/install/open_manipulator_msgs/share/open_manipulator_msgs/cmake/open_manipulator_msgs__rosidl_typesupport_introspection_cExport.cmake
[1.206s] -- Up-to-date: /home/hanse/git_ws/final_project/install/open_manipulator_msgs/share/open_manipulator_msgs/cmake/open_manipulator_msgs__rosidl_typesupport_introspection_cExport-noconfig.cmake
[1.206s] -- Up-to-date: /home/hanse/git_ws/final_project/install/open_manipulator_msgs/share/open_manipulator_msgs/cmake/open_manipulator_msgs__rosidl_typesupport_cExport.cmake
[1.206s] -- Up-to-date: /home/hanse/git_ws/final_project/install/open_manipulator_msgs/share/open_manipulator_msgs/cmake/open_manipulator_msgs__rosidl_typesupport_cExport-noconfig.cmake
[1.206s] -- Up-to-date: /home/hanse/git_ws/final_project/install/open_manipulator_msgs/share/open_manipulator_msgs/cmake/open_manipulator_msgs__rosidl_typesupport_introspection_cppExport.cmake
[1.206s] -- Up-to-date: /home/hanse/git_ws/final_project/install/open_manipulator_msgs/share/open_manipulator_msgs/cmake/open_manipulator_msgs__rosidl_typesupport_introspection_cppExport-noconfig.cmake
[1.206s] -- Up-to-date: /home/hanse/git_ws/final_project/install/open_manipulator_msgs/share/open_manipulator_msgs/cmake/open_manipulator_msgs__rosidl_typesupport_cppExport.cmake
[1.206s] -- Up-to-date: /home/hanse/git_ws/final_project/install/open_manipulator_msgs/share/open_manipulator_msgs/cmake/open_manipulator_msgs__rosidl_typesupport_cppExport-noconfig.cmake
[1.207s] -- Up-to-date: /home/hanse/git_ws/final_project/install/open_manipulator_msgs/share/open_manipulator_msgs/cmake/export_open_manipulator_msgs__rosidl_generator_pyExport.cmake
[1.207s] -- Up-to-date: /home/hanse/git_ws/final_project/install/open_manipulator_msgs/share/open_manipulator_msgs/cmake/export_open_manipulator_msgs__rosidl_generator_pyExport-noconfig.cmake
[1.207s] -- Up-to-date: /home/hanse/git_ws/final_project/install/open_manipulator_msgs/share/open_manipulator_msgs/cmake/rosidl_cmake-extras.cmake
[1.207s] -- Up-to-date: /home/hanse/git_ws/final_project/install/open_manipulator_msgs/share/open_manipulator_msgs/cmake/ament_cmake_export_dependencies-extras.cmake
[1.207s] -- Up-to-date: /home/hanse/git_ws/final_project/install/open_manipulator_msgs/share/open_manipulator_msgs/cmake/ament_cmake_export_include_directories-extras.cmake
[1.207s] -- Up-to-date: /home/hanse/git_ws/final_project/install/open_manipulator_msgs/share/open_manipulator_msgs/cmake/ament_cmake_export_libraries-extras.cmake
[1.207s] -- Up-to-date: /home/hanse/git_ws/final_project/install/open_manipulator_msgs/share/open_manipulator_msgs/cmake/ament_cmake_export_targets-extras.cmake
[1.207s] -- Up-to-date: /home/hanse/git_ws/final_project/install/open_manipulator_msgs/share/open_manipulator_msgs/cmake/rosidl_cmake_export_typesupport_targets-extras.cmake
[1.207s] -- Up-to-date: /home/hanse/git_ws/final_project/install/open_manipulator_msgs/share/open_manipulator_msgs/cmake/rosidl_cmake_export_typesupport_libraries-extras.cmake
[1.207s] -- Up-to-date: /home/hanse/git_ws/final_project/install/open_manipulator_msgs/share/open_manipulator_msgs/cmake/open_manipulator_msgsConfig.cmake
[1.207s] -- Up-to-date: /home/hanse/git_ws/final_project/install/open_manipulator_msgs/share/open_manipulator_msgs/cmake/open_manipulator_msgsConfig-version.cmake
[1.207s] -- Up-to-date: /home/hanse/git_ws/final_project/install/open_manipulator_msgs/share/open_manipulator_msgs/package.xml
[1.398s] Invoked command in '/home/hanse/git_ws/final_project/build/open_manipulator_msgs' returned '0': CMAKE_PREFIX_PATH=${CMAKE_PREFIX_PATH}:/home/hanse/git_ws/final_project/install/open_manipulator_x_teleop:/home/hanse/git_ws/final_project/install/ai_manipulation:/opt/ros/humble /home/hanse/.local/bin/cmake --install /home/hanse/git_ws/final_project/build/open_manipulator_msgs
