[  0%] Built target open_manipulator_msgs_generate_messages_eus
[  0%] Built target open_manipulator_msgs_generate_messages_cpp
[  0%] Built target open_manipulator_msgs_generate_messages_lisp
[  0%] Built target geometry_msgs_generate_messages_eus
[  0%] Built target rosgraph_msgs_generate_messages_eus
[  0%] Built target rosgraph_msgs_generate_messages_cpp
[  0%] Built target std_msgs_generate_messages_eus
[  0%] Built target roscpp_generate_messages_nodejs
[  0%] Built target sensor_msgs_generate_messages_py
[  0%] Built target open_manipulator_msgs_generate_messages_py
[  0%] Built target geometry_msgs_generate_messages_lisp
[  0%] Built target sensor_msgs_generate_messages_lisp
[  0%] Built target roscpp_generate_messages_eus
[  0%] Built target geometry_msgs_generate_messages_py
[  0%] Built target geometry_msgs_generate_messages_cpp
[  0%] Built target geometry_msgs_generate_messages_nodejs
[  0%] Built target sensor_msgs_generate_messages_nodejs
[  0%] Built target rosgraph_msgs_generate_messages_py
[  0%] Built target roscpp_generate_messages_py
[  0%] Built target sensor_msgs_generate_messages_eus
[  0%] Built target roscpp_generate_messages_cpp
[  0%] Built target rosgraph_msgs_generate_messages_lisp
[  0%] Built target std_msgs_generate_messages_lisp
[  0%] Built target rosgraph_msgs_generate_messages_nodejs
[  0%] Built target open_manipulator_msgs_generate_messages_nodejs
[  0%] Built target roscpp_generate_messages_lisp
[  0%] Built target std_msgs_generate_messages_nodejs
[  0%] Built target std_msgs_generate_messages_cpp
[  0%] Built target std_msgs_generate_messages_py
[  0%] Built target sensor_msgs_generate_messages_cpp
[  9%] [34m[1mGenerating include/open_manipulator_control_gui/moc_qnode.cpp[0m
[35m[1mScanning dependencies of target open_manipulator_control_gui[0m
[ 27%] [32mBuilding CXX object CMakeFiles/open_manipulator_control_gui.dir/src/qnode.cpp.o[0m
[ 27%] [32mBuilding CXX object CMakeFiles/open_manipulator_control_gui.dir/src/main_window.cpp.o[0m
[ 36%] [32mBuilding CXX object CMakeFiles/open_manipulator_control_gui.dir/src/main.cpp.o[0m
[ 45%] [32mBuilding CXX object CMakeFiles/open_manipulator_control_gui.dir/include/open_manipulator_control_gui/moc_main_window.cpp.o[0m
[ 54%] [32mBuilding CXX object CMakeFiles/open_manipulator_control_gui.dir/include/open_manipulator_control_gui/moc_qnode.cpp.o[0m
[ 63%] [32m[1mLinking CXX executable /home/wang/catkin_ws/devel/.private/open_manipulator_control_gui/lib/open_manipulator_control_gui/open_manipulator_control_gui[0m
[100%] Built target open_manipulator_control_gui
