[0.031s] Invoking command in '/home/sechan/colcon_ws/build/cmake_modules': CMAKE_PREFIX_PATH=${CMAKE_PREFIX_PATH}:/home/sechan/colcon_ws/install/open_manipulator_x_teleop:/opt/ros/humble /usr/bin/cmake --build /home/sechan/colcon_ws/build/cmake_modules -- -j8 -l8
[0.076s] Invoked command in '/home/sechan/colcon_ws/build/cmake_modules' returned '0': CMAKE_PREFIX_PATH=${CMAKE_PREFIX_PATH}:/home/sechan/colcon_ws/install/open_manipulator_x_teleop:/opt/ros/humble /usr/bin/cmake --build /home/sechan/colcon_ws/build/cmake_modules -- -j8 -l8
[0.161s] Invoking command in '/home/sechan/colcon_ws/build/cmake_modules': CMAKE_PREFIX_PATH=${CMAKE_PREFIX_PATH}:/home/sechan/colcon_ws/install/open_manipulator_x_teleop:/opt/ros/humble /usr/bin/cmake --install /home/sechan/colcon_ws/build/cmake_modules
[0.181s] -- Install configuration: ""
[0.182s] -- Execute custom install script
[0.182s] -- Up-to-date symlink: /home/sechan/colcon_ws/install/cmake_modules/share/cmake_modules/cmake/Modules/FindGSL.cmake
[0.182s] -- Up-to-date symlink: /home/sechan/colcon_ws/install/cmake_modules/share/cmake_modules/cmake/Modules/FindGflags.cmake
[0.183s] -- Up-to-date symlink: /home/sechan/colcon_ws/install/cmake_modules/share/cmake_modules/cmake/Modules/FindNUMPY.cmake
[0.183s] -- Up-to-date symlink: /home/sechan/colcon_ws/install/cmake_modules/share/cmake_modules/cmake/Modules/FindPoco.cmake
[0.183s] -- Up-to-date symlink: /home/sechan/colcon_ws/install/cmake_modules/share/cmake_modules/cmake/Modules/FindTBB.cmake
[0.183s] -- Up-to-date symlink: /home/sechan/colcon_ws/install/cmake_modules/share/cmake_modules/cmake/Modules/FindTinyXML.cmake
[0.183s] -- Up-to-date symlink: /home/sechan/colcon_ws/install/cmake_modules/share/cmake_modules/cmake/Modules/FindTinyXML2.cmake
[0.183s] -- Up-to-date symlink: /home/sechan/colcon_ws/install/cmake_modules/share/cmake_modules/cmake/Modules/FindUUID.cmake
[0.184s] -- Up-to-date symlink: /home/sechan/colcon_ws/install/cmake_modules/share/cmake_modules/cmake/Modules/FindXenomai.cmake
[0.184s] -- Up-to-date symlink: /home/sechan/colcon_ws/install/cmake_modules/share/ament_index/resource_index/package_run_dependencies/cmake_modules
[0.184s] -- Up-to-date symlink: /home/sechan/colcon_ws/install/cmake_modules/share/ament_index/resource_index/parent_prefix_path/cmake_modules
[0.184s] -- Up-to-date symlink: /home/sechan/colcon_ws/install/cmake_modules/share/cmake_modules/environment/ament_prefix_path.sh
[0.185s] -- Up-to-date symlink: /home/sechan/colcon_ws/install/cmake_modules/share/cmake_modules/environment/ament_prefix_path.dsv
[0.185s] -- Up-to-date symlink: /home/sechan/colcon_ws/install/cmake_modules/share/cmake_modules/environment/path.sh
[0.185s] -- Up-to-date symlink: /home/sechan/colcon_ws/install/cmake_modules/share/cmake_modules/environment/path.dsv
[0.185s] -- Up-to-date symlink: /home/sechan/colcon_ws/install/cmake_modules/share/cmake_modules/local_setup.bash
[0.185s] -- Up-to-date symlink: /home/sechan/colcon_ws/install/cmake_modules/share/cmake_modules/local_setup.sh
[0.186s] -- Up-to-date symlink: /home/sechan/colcon_ws/install/cmake_modules/share/cmake_modules/local_setup.zsh
[0.186s] -- Up-to-date symlink: /home/sechan/colcon_ws/install/cmake_modules/share/cmake_modules/local_setup.dsv
[0.186s] -- Symlinking: /home/sechan/colcon_ws/install/cmake_modules/share/cmake_modules/package.dsv
[0.198s] -- Up-to-date symlink: /home/sechan/colcon_ws/install/cmake_modules/share/ament_index/resource_index/packages/cmake_modules
[0.199s] -- Up-to-date symlink: /home/sechan/colcon_ws/install/cmake_modules/share/cmake_modules/cmake/cmake_modules-extras.cmake
[0.199s] -- Up-to-date symlink: /home/sechan/colcon_ws/install/cmake_modules/share/cmake_modules/cmake/ament_cmake_export_dependencies-extras.cmake
[0.199s] -- Up-to-date symlink: /home/sechan/colcon_ws/install/cmake_modules/share/cmake_modules/cmake/cmake_modulesConfig.cmake
[0.199s] -- Up-to-date symlink: /home/sechan/colcon_ws/install/cmake_modules/share/cmake_modules/cmake/cmake_modulesConfig-version.cmake
[0.200s] -- Up-to-date symlink: /home/sechan/colcon_ws/install/cmake_modules/share/cmake_modules/package.xml
[0.211s] Invoked command in '/home/sechan/colcon_ws/build/cmake_modules' returned '0': CMAKE_PREFIX_PATH=${CMAKE_PREFIX_PATH}:/home/sechan/colcon_ws/install/open_manipulator_x_teleop:/opt/ros/humble /usr/bin/cmake --install /home/sechan/colcon_ws/build/cmake_modules
