[0.132s] Invoking command in '/home/kimdu/hanse/build/open_manipulator_x_description': CMAKE_PREFIX_PATH=${CMAKE_PREFIX_PATH}:/home/kimdu/hanse/install/open_manipulator_x_teleop:/home/kimdu/hanse/install/ai_manipulation:/home/kimdu/pinkbot/install/minibot_driving:/home/kimdu/pinkbot/install/mas_test:/opt/ros/humble /usr/bin/cmake /home/kimdu/hanse/src/open_manipulator/open_manipulator_x_description -DCMAKE_INSTALL_PREFIX=/home/kimdu/hanse/install/open_manipulator_x_description
[0.200s] -- The C compiler identification is GNU 11.4.0
[0.272s] -- The CXX compiler identification is GNU 11.4.0
[0.282s] -- Detecting C compiler ABI info
[0.451s] -- Detecting C compiler ABI info - done
[0.459s] -- Check for working C compiler: /usr/bin/cc - skipped
[0.460s] -- Detecting C compile features
[0.461s] -- Detecting C compile features - done
[0.467s] -- Detecting CXX compiler ABI info
[0.646s] -- Detecting CXX compiler ABI info - done
[0.663s] -- Check for working CXX compiler: /usr/bin/c++ - skipped
[0.663s] -- Detecting CXX compile features
[0.664s] -- Detecting CXX compile features - done
[0.668s] -- Found ament_cmake: 1.3.5 (/opt/ros/humble/share/ament_cmake/cmake)
[1.025s] -- Found Python3: /usr/bin/python3.10 (found version "3.10.12") found components: Interpreter 
[1.249s] -- Configuring done
[1.257s] -- Generating done
[1.261s] -- Build files have been written to: /home/kimdu/hanse/build/open_manipulator_x_description
[1.274s] Invoked command in '/home/kimdu/hanse/build/open_manipulator_x_description' returned '0': CMAKE_PREFIX_PATH=${CMAKE_PREFIX_PATH}:/home/kimdu/hanse/install/open_manipulator_x_teleop:/home/kimdu/hanse/install/ai_manipulation:/home/kimdu/pinkbot/install/minibot_driving:/home/kimdu/pinkbot/install/mas_test:/opt/ros/humble /usr/bin/cmake /home/kimdu/hanse/src/open_manipulator/open_manipulator_x_description -DCMAKE_INSTALL_PREFIX=/home/kimdu/hanse/install/open_manipulator_x_description
[1.275s] Invoking command in '/home/kimdu/hanse/build/open_manipulator_x_description': CMAKE_PREFIX_PATH=${CMAKE_PREFIX_PATH}:/home/kimdu/hanse/install/open_manipulator_x_teleop:/home/kimdu/hanse/install/ai_manipulation:/home/kimdu/pinkbot/install/minibot_driving:/home/kimdu/pinkbot/install/mas_test:/opt/ros/humble /usr/bin/cmake --build /home/kimdu/hanse/build/open_manipulator_x_description -- -j8 -l8
[1.378s] Invoked command in '/home/kimdu/hanse/build/open_manipulator_x_description' returned '0': CMAKE_PREFIX_PATH=${CMAKE_PREFIX_PATH}:/home/kimdu/hanse/install/open_manipulator_x_teleop:/home/kimdu/hanse/install/ai_manipulation:/home/kimdu/pinkbot/install/minibot_driving:/home/kimdu/pinkbot/install/mas_test:/opt/ros/humble /usr/bin/cmake --build /home/kimdu/hanse/build/open_manipulator_x_description -- -j8 -l8
[1.634s] Invoking command in '/home/kimdu/hanse/build/open_manipulator_x_description': CMAKE_PREFIX_PATH=${CMAKE_PREFIX_PATH}:/home/kimdu/hanse/install/open_manipulator_x_teleop:/home/kimdu/hanse/install/ai_manipulation:/home/kimdu/pinkbot/install/minibot_driving:/home/kimdu/pinkbot/install/mas_test:/opt/ros/humble /usr/bin/cmake --install /home/kimdu/hanse/build/open_manipulator_x_description
[1.644s] -- Install configuration: ""
[1.644s] -- Installing: /home/kimdu/hanse/install/open_manipulator_x_description/share/open_manipulator_x_description/launch
[1.644s] -- Installing: /home/kimdu/hanse/install/open_manipulator_x_description/share/open_manipulator_x_description/launch/open_manipulator_x_rviz.launch.py
[1.644s] -- Installing: /home/kimdu/hanse/install/open_manipulator_x_description/share/open_manipulator_x_description/launch/.DS_Store
[1.644s] -- Installing: /home/kimdu/hanse/install/open_manipulator_x_description/share/open_manipulator_x_description/meshes
[1.644s] -- Installing: /home/kimdu/hanse/install/open_manipulator_x_description/share/open_manipulator_x_description/meshes/chain_link1.stl
[1.645s] -- Installing: /home/kimdu/hanse/install/open_manipulator_x_description/share/open_manipulator_x_description/meshes/chain_link_grip_l.stl
[1.650s] -- Installing: /home/kimdu/hanse/install/open_manipulator_x_description/share/open_manipulator_x_description/meshes/chain_link4.stl
[1.650s] -- Installing: /home/kimdu/hanse/install/open_manipulator_x_description/share/open_manipulator_x_description/meshes/chain_link2.stl
[1.650s] -- Installing: /home/kimdu/hanse/install/open_manipulator_x_description/share/open_manipulator_x_description/meshes/chain_link_grip_r.stl
[1.651s] -- Installing: /home/kimdu/hanse/install/open_manipulator_x_description/share/open_manipulator_x_description/meshes/chain_link5.stl
[1.651s] -- Installing: /home/kimdu/hanse/install/open_manipulator_x_description/share/open_manipulator_x_description/meshes/chain_link3.stl
[1.651s] -- Installing: /home/kimdu/hanse/install/open_manipulator_x_description/share/open_manipulator_x_description/rviz
[1.652s] -- Installing: /home/kimdu/hanse/install/open_manipulator_x_description/share/open_manipulator_x_description/rviz/open_manipulator_x.rviz
[1.652s] -- Installing: /home/kimdu/hanse/install/open_manipulator_x_description/share/open_manipulator_x_description/urdf
[1.653s] -- Installing: /home/kimdu/hanse/install/open_manipulator_x_description/share/open_manipulator_x_description/urdf/open_manipulator_x.transmission.xacro
[1.653s] -- Installing: /home/kimdu/hanse/install/open_manipulator_x_description/share/open_manipulator_x_description/urdf/open_manipulator_x.urdf.xacro
[1.653s] -- Installing: /home/kimdu/hanse/install/open_manipulator_x_description/share/open_manipulator_x_description/urdf/open_manipulator_x_robot.urdf.xacro
[1.653s] -- Installing: /home/kimdu/hanse/install/open_manipulator_x_description/share/open_manipulator_x_description/urdf/materials.xacro
[1.654s] -- Installing: /home/kimdu/hanse/install/open_manipulator_x_description/share/open_manipulator_x_description/urdf/open_manipulator_x.gazebo.xacro
[1.654s] -- Installing: /home/kimdu/hanse/install/open_manipulator_x_description/share/ament_index/resource_index/package_run_dependencies/open_manipulator_x_description
[1.654s] -- Installing: /home/kimdu/hanse/install/open_manipulator_x_description/share/ament_index/resource_index/parent_prefix_path/open_manipulator_x_description
[1.654s] -- Installing: /home/kimdu/hanse/install/open_manipulator_x_description/share/open_manipulator_x_description/environment/ament_prefix_path.sh
[1.654s] -- Installing: /home/kimdu/hanse/install/open_manipulator_x_description/share/open_manipulator_x_description/environment/ament_prefix_path.dsv
[1.654s] -- Installing: /home/kimdu/hanse/install/open_manipulator_x_description/share/open_manipulator_x_description/environment/path.sh
[1.654s] -- Installing: /home/kimdu/hanse/install/open_manipulator_x_description/share/open_manipulator_x_description/environment/path.dsv
[1.654s] -- Installing: /home/kimdu/hanse/install/open_manipulator_x_description/share/open_manipulator_x_description/local_setup.bash
[1.654s] -- Installing: /home/kimdu/hanse/install/open_manipulator_x_description/share/open_manipulator_x_description/local_setup.sh
[1.654s] -- Installing: /home/kimdu/hanse/install/open_manipulator_x_description/share/open_manipulator_x_description/local_setup.zsh
[1.654s] -- Installing: /home/kimdu/hanse/install/open_manipulator_x_description/share/open_manipulator_x_description/local_setup.dsv
[1.654s] -- Installing: /home/kimdu/hanse/install/open_manipulator_x_description/share/open_manipulator_x_description/package.dsv
[1.654s] -- Installing: /home/kimdu/hanse/install/open_manipulator_x_description/share/ament_index/resource_index/packages/open_manipulator_x_description
[1.654s] -- Installing: /home/kimdu/hanse/install/open_manipulator_x_description/share/open_manipulator_x_description/cmake/open_manipulator_x_descriptionConfig.cmake
[1.654s] -- Installing: /home/kimdu/hanse/install/open_manipulator_x_description/share/open_manipulator_x_description/cmake/open_manipulator_x_descriptionConfig-version.cmake
[1.654s] -- Installing: /home/kimdu/hanse/install/open_manipulator_x_description/share/open_manipulator_x_description/package.xml
[1.760s] Invoked command in '/home/kimdu/hanse/build/open_manipulator_x_description' returned '0': CMAKE_PREFIX_PATH=${CMAKE_PREFIX_PATH}:/home/kimdu/hanse/install/open_manipulator_x_teleop:/home/kimdu/hanse/install/ai_manipulation:/home/kimdu/pinkbot/install/minibot_driving:/home/kimdu/pinkbot/install/mas_test:/opt/ros/humble /usr/bin/cmake --install /home/kimdu/hanse/build/open_manipulator_x_description
