[0.163s] Invoking command in '/home/hanse/git_ws/final_project/build/robotis_manipulator': AMENT_PREFIX_PATH=/home/hanse/git_ws/final_project/install/cmake_modules:${AMENT_PREFIX_PATH} CMAKE_PREFIX_PATH=/home/hanse/git_ws/final_project/install/cmake_modules:/opt/ros/humble PS1=\[\e]0;\u@\h: \w\a\]${debian_chroot:+($debian_chroot)}\[\033[01;32m\]\u@\h\[\033[00m\]:\[\033[01;34m\]\w\[\033[00m\]\$ /home/hanse/.local/bin/cmake --build /home/hanse/git_ws/final_project/build/robotis_manipulator -- -j8 -l8
[0.225s] [100%] Built target robotis_manipulator
[0.240s] Invoked command in '/home/hanse/git_ws/final_project/build/robotis_manipulator' returned '0': AMENT_PREFIX_PATH=/home/hanse/git_ws/final_project/install/cmake_modules:${AMENT_PREFIX_PATH} CMAKE_PREFIX_PATH=/home/hanse/git_ws/final_project/install/cmake_modules:/opt/ros/humble PS1=\[\e]0;\u@\h: \w\a\]${debian_chroot:+($debian_chroot)}\[\033[01;32m\]\u@\h\[\033[00m\]:\[\033[01;34m\]\w\[\033[00m\]\$ /home/hanse/.local/bin/cmake --build /home/hanse/git_ws/final_project/build/robotis_manipulator -- -j8 -l8
[0.299s] Invoking command in '/home/hanse/git_ws/final_project/build/robotis_manipulator': AMENT_PREFIX_PATH=/home/hanse/git_ws/final_project/install/cmake_modules:${AMENT_PREFIX_PATH} CMAKE_PREFIX_PATH=/home/hanse/git_ws/final_project/install/cmake_modules:/opt/ros/humble PS1=\[\e]0;\u@\h: \w\a\]${debian_chroot:+($debian_chroot)}\[\033[01;32m\]\u@\h\[\033[00m\]:\[\033[01;34m\]\w\[\033[00m\]\$ /home/hanse/.local/bin/cmake --install /home/hanse/git_ws/final_project/build/robotis_manipulator
[0.322s] -- Install configuration: ""
[0.323s] -- Up-to-date: /home/hanse/git_ws/final_project/install/robotis_manipulator/lib/librobotis_manipulator.so
[0.323s] -- Up-to-date: /home/hanse/git_ws/final_project/install/robotis_manipulator/include/
[0.323s] -- Up-to-date: /home/hanse/git_ws/final_project/install/robotis_manipulator/include//robotis_manipulator
[0.324s] -- Up-to-date: /home/hanse/git_ws/final_project/install/robotis_manipulator/include//robotis_manipulator/robotis_manipulator_log.h
[0.324s] -- Up-to-date: /home/hanse/git_ws/final_project/install/robotis_manipulator/include//robotis_manipulator/robotis_manipulator_math.h
[0.324s] -- Up-to-date: /home/hanse/git_ws/final_project/install/robotis_manipulator/include//robotis_manipulator/robotis_manipulator.h
[0.324s] -- Up-to-date: /home/hanse/git_ws/final_project/install/robotis_manipulator/include//robotis_manipulator/robotis_manipulator_common.h
[0.324s] -- Up-to-date: /home/hanse/git_ws/final_project/install/robotis_manipulator/include//robotis_manipulator/robotis_manipulator_trajectory_generator.h
[0.324s] -- Up-to-date: /home/hanse/git_ws/final_project/install/robotis_manipulator/include//robotis_manipulator/robotis_manipulator_manager.h
[0.324s] -- Up-to-date: /home/hanse/git_ws/final_project/install/robotis_manipulator/share/robotis_manipulator/environment/library_path.sh
[0.324s] -- Up-to-date: /home/hanse/git_ws/final_project/install/robotis_manipulator/share/robotis_manipulator/environment/library_path.dsv
[0.324s] -- Up-to-date: /home/hanse/git_ws/final_project/install/robotis_manipulator/share/ament_index/resource_index/package_run_dependencies/robotis_manipulator
[0.324s] -- Up-to-date: /home/hanse/git_ws/final_project/install/robotis_manipulator/share/ament_index/resource_index/parent_prefix_path/robotis_manipulator
[0.324s] -- Up-to-date: /home/hanse/git_ws/final_project/install/robotis_manipulator/share/robotis_manipulator/environment/ament_prefix_path.sh
[0.324s] -- Up-to-date: /home/hanse/git_ws/final_project/install/robotis_manipulator/share/robotis_manipulator/environment/ament_prefix_path.dsv
[0.324s] -- Up-to-date: /home/hanse/git_ws/final_project/install/robotis_manipulator/share/robotis_manipulator/environment/path.sh
[0.324s] -- Up-to-date: /home/hanse/git_ws/final_project/install/robotis_manipulator/share/robotis_manipulator/environment/path.dsv
[0.324s] -- Up-to-date: /home/hanse/git_ws/final_project/install/robotis_manipulator/share/robotis_manipulator/local_setup.bash
[0.324s] -- Up-to-date: /home/hanse/git_ws/final_project/install/robotis_manipulator/share/robotis_manipulator/local_setup.sh
[0.325s] -- Up-to-date: /home/hanse/git_ws/final_project/install/robotis_manipulator/share/robotis_manipulator/local_setup.zsh
[0.325s] -- Up-to-date: /home/hanse/git_ws/final_project/install/robotis_manipulator/share/robotis_manipulator/local_setup.dsv
[0.325s] -- Installing: /home/hanse/git_ws/final_project/install/robotis_manipulator/share/robotis_manipulator/package.dsv
[0.325s] -- Up-to-date: /home/hanse/git_ws/final_project/install/robotis_manipulator/share/ament_index/resource_index/packages/robotis_manipulator
[0.325s] -- Up-to-date: /home/hanse/git_ws/final_project/install/robotis_manipulator/share/robotis_manipulator/cmake/ament_cmake_export_include_directories-extras.cmake
[0.325s] -- Up-to-date: /home/hanse/git_ws/final_project/install/robotis_manipulator/share/robotis_manipulator/cmake/ament_cmake_export_dependencies-extras.cmake
[0.325s] -- Up-to-date: /home/hanse/git_ws/final_project/install/robotis_manipulator/share/robotis_manipulator/cmake/ament_cmake_export_libraries-extras.cmake
[0.325s] -- Up-to-date: /home/hanse/git_ws/final_project/install/robotis_manipulator/share/robotis_manipulator/cmake/robotis_manipulatorConfig.cmake
[0.325s] -- Up-to-date: /home/hanse/git_ws/final_project/install/robotis_manipulator/share/robotis_manipulator/cmake/robotis_manipulatorConfig-version.cmake
[0.325s] -- Up-to-date: /home/hanse/git_ws/final_project/install/robotis_manipulator/share/robotis_manipulator/package.xml
[0.330s] Invoked command in '/home/hanse/git_ws/final_project/build/robotis_manipulator' returned '0': AMENT_PREFIX_PATH=/home/hanse/git_ws/final_project/install/cmake_modules:${AMENT_PREFIX_PATH} CMAKE_PREFIX_PATH=/home/hanse/git_ws/final_project/install/cmake_modules:/opt/ros/humble PS1=\[\e]0;\u@\h: \w\a\]${debian_chroot:+($debian_chroot)}\[\033[01;32m\]\u@\h\[\033[00m\]:\[\033[01;34m\]\w\[\033[00m\]\$ /home/hanse/.local/bin/cmake --install /home/hanse/git_ws/final_project/build/robotis_manipulator
