[0.304s] Invoking command in '/home/kimdu/hanse/build/cmake_modules': CMAKE_PREFIX_PATH=${CMAKE_PREFIX_PATH}:/home/kimdu/hanse/robot-repo-2/install/open_manipulator_x_teleop:/home/kimdu/hanse/robot-repo-2/install/ai_manipulation:/home/kimdu/hanse/install/open_manipulator_x_teleop:/home/kimdu/hanse/install/ai_manipulation:/home/kimdu/pinkbot/install/minibot_driving:/home/kimdu/pinkbot/install/mas_test:/opt/ros/humble /usr/bin/cmake --build /home/kimdu/hanse/build/cmake_modules -- -j8 -l8
[0.336s] Invoked command in '/home/kimdu/hanse/build/cmake_modules' returned '0': CMAKE_PREFIX_PATH=${CMAKE_PREFIX_PATH}:/home/kimdu/hanse/robot-repo-2/install/open_manipulator_x_teleop:/home/kimdu/hanse/robot-repo-2/install/ai_manipulation:/home/kimdu/hanse/install/open_manipulator_x_teleop:/home/kimdu/hanse/install/ai_manipulation:/home/kimdu/pinkbot/install/minibot_driving:/home/kimdu/pinkbot/install/mas_test:/opt/ros/humble /usr/bin/cmake --build /home/kimdu/hanse/build/cmake_modules -- -j8 -l8
[0.393s] Invoking command in '/home/kimdu/hanse/build/cmake_modules': CMAKE_PREFIX_PATH=${CMAKE_PREFIX_PATH}:/home/kimdu/hanse/robot-repo-2/install/open_manipulator_x_teleop:/home/kimdu/hanse/robot-repo-2/install/ai_manipulation:/home/kimdu/hanse/install/open_manipulator_x_teleop:/home/kimdu/hanse/install/ai_manipulation:/home/kimdu/pinkbot/install/minibot_driving:/home/kimdu/pinkbot/install/mas_test:/opt/ros/humble /usr/bin/cmake --install /home/kimdu/hanse/build/cmake_modules
[0.404s] -- Install configuration: ""
[0.404s] -- Up-to-date: /home/kimdu/hanse/install/cmake_modules/share/cmake_modules/cmake/Modules
[0.404s] -- Up-to-date: /home/kimdu/hanse/install/cmake_modules/share/cmake_modules/cmake/Modules/FindGflags.cmake
[0.404s] -- Up-to-date: /home/kimdu/hanse/install/cmake_modules/share/cmake_modules/cmake/Modules/FindNUMPY.cmake
[0.404s] -- Up-to-date: /home/kimdu/hanse/install/cmake_modules/share/cmake_modules/cmake/Modules/FindTinyXML.cmake
[0.404s] -- Up-to-date: /home/kimdu/hanse/install/cmake_modules/share/cmake_modules/cmake/Modules/FindGSL.cmake
[0.405s] -- Up-to-date: /home/kimdu/hanse/install/cmake_modules/share/cmake_modules/cmake/Modules/FindXenomai.cmake
[0.405s] -- Up-to-date: /home/kimdu/hanse/install/cmake_modules/share/cmake_modules/cmake/Modules/FindTinyXML2.cmake
[0.405s] -- Up-to-date: /home/kimdu/hanse/install/cmake_modules/share/cmake_modules/cmake/Modules/FindTBB.cmake
[0.405s] -- Up-to-date: /home/kimdu/hanse/install/cmake_modules/share/cmake_modules/cmake/Modules/FindPoco.cmake
[0.405s] -- Up-to-date: /home/kimdu/hanse/install/cmake_modules/share/cmake_modules/cmake/Modules/FindUUID.cmake
[0.405s] -- Up-to-date: /home/kimdu/hanse/install/cmake_modules/share/ament_index/resource_index/package_run_dependencies/cmake_modules
[0.405s] -- Up-to-date: /home/kimdu/hanse/install/cmake_modules/share/ament_index/resource_index/parent_prefix_path/cmake_modules
[0.405s] -- Up-to-date: /home/kimdu/hanse/install/cmake_modules/share/cmake_modules/environment/ament_prefix_path.sh
[0.405s] -- Up-to-date: /home/kimdu/hanse/install/cmake_modules/share/cmake_modules/environment/ament_prefix_path.dsv
[0.405s] -- Up-to-date: /home/kimdu/hanse/install/cmake_modules/share/cmake_modules/environment/path.sh
[0.405s] -- Up-to-date: /home/kimdu/hanse/install/cmake_modules/share/cmake_modules/environment/path.dsv
[0.405s] -- Up-to-date: /home/kimdu/hanse/install/cmake_modules/share/cmake_modules/local_setup.bash
[0.405s] -- Up-to-date: /home/kimdu/hanse/install/cmake_modules/share/cmake_modules/local_setup.sh
[0.405s] -- Up-to-date: /home/kimdu/hanse/install/cmake_modules/share/cmake_modules/local_setup.zsh
[0.405s] -- Up-to-date: /home/kimdu/hanse/install/cmake_modules/share/cmake_modules/local_setup.dsv
[0.405s] -- Installing: /home/kimdu/hanse/install/cmake_modules/share/cmake_modules/package.dsv
[0.406s] -- Up-to-date: /home/kimdu/hanse/install/cmake_modules/share/ament_index/resource_index/packages/cmake_modules
[0.406s] -- Up-to-date: /home/kimdu/hanse/install/cmake_modules/share/cmake_modules/cmake/cmake_modules-extras.cmake
[0.406s] -- Up-to-date: /home/kimdu/hanse/install/cmake_modules/share/cmake_modules/cmake/ament_cmake_export_dependencies-extras.cmake
[0.406s] -- Up-to-date: /home/kimdu/hanse/install/cmake_modules/share/cmake_modules/cmake/cmake_modulesConfig.cmake
[0.406s] -- Up-to-date: /home/kimdu/hanse/install/cmake_modules/share/cmake_modules/cmake/cmake_modulesConfig-version.cmake
[0.406s] -- Up-to-date: /home/kimdu/hanse/install/cmake_modules/share/cmake_modules/package.xml
[0.414s] Invoked command in '/home/kimdu/hanse/build/cmake_modules' returned '0': CMAKE_PREFIX_PATH=${CMAKE_PREFIX_PATH}:/home/kimdu/hanse/robot-repo-2/install/open_manipulator_x_teleop:/home/kimdu/hanse/robot-repo-2/install/ai_manipulation:/home/kimdu/hanse/install/open_manipulator_x_teleop:/home/kimdu/hanse/install/ai_manipulation:/home/kimdu/pinkbot/install/minibot_driving:/home/kimdu/pinkbot/install/mas_test:/opt/ros/humble /usr/bin/cmake --install /home/kimdu/hanse/build/cmake_modules
