[0.167s] Invoking command in '/home/hanse/git_ws/final_project/build/robotis_manipulator': AMENT_PREFIX_PATH=/home/hanse/git_ws/final_project/install/cmake_modules:${AMENT_PREFIX_PATH} CMAKE_PREFIX_PATH=/home/hanse/git_ws/final_project/install/cmake_modules:/home/hanse/Final_project/manipulator_deep/IoT-repo-3/install/open_manipulator:/home/hanse/Final_project/manipulator_deep/IoT-repo-3/install/open_manipulator_x_controller:/home/hanse/Final_project/manipulator_deep/IoT-repo-3/install/open_manipulator_x_libs:/home/hanse/Final_project/manipulator_deep/IoT-repo-3/install/robotis_manipulator:/home/hanse/Final_project/manipulator_deep/IoT-repo-3/install/open_manipulator_x_description:/home/hanse/Final_project/manipulator_deep/IoT-repo-3/install/open_manipulator_msgs:/home/hanse/Final_project/manipulator_deep/IoT-repo-3/install/dynamixel_workbench:/home/hanse/Final_project/manipulator_deep/IoT-repo-3/install/dynamixel_workbench_toolbox:/home/hanse/Final_project/manipulator_deep/IoT-repo-3/install/dynamixel_sdk_examples:/home/hanse/Final_project/manipulator_deep/IoT-repo-3/install/dynamixel_sdk_custom_interfaces:/home/hanse/Final_project/manipulator_deep/IoT-repo-3/install/dynamixel_sdk:/home/hanse/Final_project/manipulator_deep/IoT-repo-3/install/cmake_modules:/home/hanse/Final_project/manipulator_deep/IoT-repo-3/install/open_manipulator_x_teleop:/home/hanse/Final_project/manipulator_deep/IoT-repo-3/install/ai_manipulation:/opt/ros/humble /home/hanse/.local/bin/cmake /home/hanse/git_ws/final_project/src/robotis_manipulator -DCMAKE_INSTALL_PREFIX=/home/hanse/git_ws/final_project/install/robotis_manipulator
[0.229s] -- The C compiler identification is GNU 11.4.0
[0.287s] -- The CXX compiler identification is GNU 11.4.0
[0.297s] -- Detecting C compiler ABI info
[0.351s] -- Detecting C compiler ABI info - done
[0.359s] -- Check for working C compiler: /usr/bin/cc - skipped
[0.360s] -- Detecting C compile features
[0.360s] -- Detecting C compile features - done
[0.362s] -- Detecting CXX compiler ABI info
[0.413s] -- Detecting CXX compiler ABI info - done
[0.422s] -- Check for working CXX compiler: /usr/bin/c++ - skipped
[0.422s] -- Detecting CXX compile features
[0.423s] -- Detecting CXX compile features - done
[0.436s] -- Found ament_cmake: 1.3.5 (/opt/ros/humble/share/ament_cmake/cmake)
[0.748s] -- Found Python3: /usr/bin/python3.10 (found version "3.10.12") found components: Interpreter 
[0.835s] -- Found cmake_modules: 0.4.1 (/home/hanse/git_ws/final_project/install/cmake_modules/share/cmake_modules/cmake)
[0.838s] -- Found rclcpp: 16.0.6 (/opt/ros/humble/share/rclcpp/cmake)
[0.894s] -- Found rosidl_generator_c: 3.1.5 (/opt/ros/humble/share/rosidl_generator_c/cmake)
[0.912s] -- Found rosidl_adapter: 3.1.5 (/opt/ros/humble/share/rosidl_adapter/cmake)
[0.924s] -- Found rosidl_generator_cpp: 3.1.5 (/opt/ros/humble/share/rosidl_generator_cpp/cmake)
[0.946s] -- Using all available rosidl_typesupport_c: rosidl_typesupport_fastrtps_c;rosidl_typesupport_introspection_c
[0.985s] -- Using all available rosidl_typesupport_cpp: rosidl_typesupport_fastrtps_cpp;rosidl_typesupport_introspection_cpp
[1.155s] -- Found rmw_implementation_cmake: 6.1.1 (/opt/ros/humble/share/rmw_implementation_cmake/cmake)
[1.168s] -- Found rmw_fastrtps_cpp: 6.2.4 (/opt/ros/humble/share/rmw_fastrtps_cpp/cmake)
[1.418s] -- Found OpenSSL: /usr/lib/x86_64-linux-gnu/libcrypto.so (found version "3.0.2")  
[1.459s] -- Found FastRTPS: /opt/ros/humble/include  
[1.535s] -- Using RMW implementation 'rmw_fastrtps_cpp' as default
[1.555s] -- Performing Test CMAKE_HAVE_LIBC_PTHREAD
[1.683s] -- Performing Test CMAKE_HAVE_LIBC_PTHREAD - Success
[1.685s] -- Found Threads: TRUE  
[2.014s] -- Configuring done
[2.025s] -- Generating done
[2.027s] -- Build files have been written to: /home/hanse/git_ws/final_project/build/robotis_manipulator
[2.046s] Invoked command in '/home/hanse/git_ws/final_project/build/robotis_manipulator' returned '0': AMENT_PREFIX_PATH=/home/hanse/git_ws/final_project/install/cmake_modules:${AMENT_PREFIX_PATH} CMAKE_PREFIX_PATH=/home/hanse/git_ws/final_project/install/cmake_modules:/home/hanse/Final_project/manipulator_deep/IoT-repo-3/install/open_manipulator:/home/hanse/Final_project/manipulator_deep/IoT-repo-3/install/open_manipulator_x_controller:/home/hanse/Final_project/manipulator_deep/IoT-repo-3/install/open_manipulator_x_libs:/home/hanse/Final_project/manipulator_deep/IoT-repo-3/install/robotis_manipulator:/home/hanse/Final_project/manipulator_deep/IoT-repo-3/install/open_manipulator_x_description:/home/hanse/Final_project/manipulator_deep/IoT-repo-3/install/open_manipulator_msgs:/home/hanse/Final_project/manipulator_deep/IoT-repo-3/install/dynamixel_workbench:/home/hanse/Final_project/manipulator_deep/IoT-repo-3/install/dynamixel_workbench_toolbox:/home/hanse/Final_project/manipulator_deep/IoT-repo-3/install/dynamixel_sdk_examples:/home/hanse/Final_project/manipulator_deep/IoT-repo-3/install/dynamixel_sdk_custom_interfaces:/home/hanse/Final_project/manipulator_deep/IoT-repo-3/install/dynamixel_sdk:/home/hanse/Final_project/manipulator_deep/IoT-repo-3/install/cmake_modules:/home/hanse/Final_project/manipulator_deep/IoT-repo-3/install/open_manipulator_x_teleop:/home/hanse/Final_project/manipulator_deep/IoT-repo-3/install/ai_manipulation:/opt/ros/humble /home/hanse/.local/bin/cmake /home/hanse/git_ws/final_project/src/robotis_manipulator -DCMAKE_INSTALL_PREFIX=/home/hanse/git_ws/final_project/install/robotis_manipulator
[2.046s] Invoking command in '/home/hanse/git_ws/final_project/build/robotis_manipulator': AMENT_PREFIX_PATH=/home/hanse/git_ws/final_project/install/cmake_modules:${AMENT_PREFIX_PATH} CMAKE_PREFIX_PATH=/home/hanse/git_ws/final_project/install/cmake_modules:/home/hanse/Final_project/manipulator_deep/IoT-repo-3/install/open_manipulator:/home/hanse/Final_project/manipulator_deep/IoT-repo-3/install/open_manipulator_x_controller:/home/hanse/Final_project/manipulator_deep/IoT-repo-3/install/open_manipulator_x_libs:/home/hanse/Final_project/manipulator_deep/IoT-repo-3/install/robotis_manipulator:/home/hanse/Final_project/manipulator_deep/IoT-repo-3/install/open_manipulator_x_description:/home/hanse/Final_project/manipulator_deep/IoT-repo-3/install/open_manipulator_msgs:/home/hanse/Final_project/manipulator_deep/IoT-repo-3/install/dynamixel_workbench:/home/hanse/Final_project/manipulator_deep/IoT-repo-3/install/dynamixel_workbench_toolbox:/home/hanse/Final_project/manipulator_deep/IoT-repo-3/install/dynamixel_sdk_examples:/home/hanse/Final_project/manipulator_deep/IoT-repo-3/install/dynamixel_sdk_custom_interfaces:/home/hanse/Final_project/manipulator_deep/IoT-repo-3/install/dynamixel_sdk:/home/hanse/Final_project/manipulator_deep/IoT-repo-3/install/cmake_modules:/home/hanse/Final_project/manipulator_deep/IoT-repo-3/install/open_manipulator_x_teleop:/home/hanse/Final_project/manipulator_deep/IoT-repo-3/install/ai_manipulation:/opt/ros/humble /home/hanse/.local/bin/cmake --build /home/hanse/git_ws/final_project/build/robotis_manipulator -- -j8 -l8
[2.105s] [ 14%] [32mBuilding CXX object CMakeFiles/robotis_manipulator.dir/src/robotis_manipulator/robotis_manipulator_log.cpp.o[0m
[2.108s] [ 28%] [32mBuilding CXX object CMakeFiles/robotis_manipulator.dir/src/robotis_manipulator/robotis_manipulator_common.cpp.o[0m
[2.110s] [ 42%] [32mBuilding CXX object CMakeFiles/robotis_manipulator.dir/src/robotis_manipulator/robotis_manipulator_trajectory_generator.cpp.o[0m
[2.116s] [ 57%] [32mBuilding CXX object CMakeFiles/robotis_manipulator.dir/src/robotis_manipulator/robotis_manipulator_manager.cpp.o[0m
[2.117s] [ 71%] [32mBuilding CXX object CMakeFiles/robotis_manipulator.dir/src/robotis_manipulator/robotis_manipulator.cpp.o[0m
[2.184s] [ 85%] [32mBuilding CXX object CMakeFiles/robotis_manipulator.dir/src/robotis_manipulator/robotis_manipulator_math.cpp.o[0m
[10.522s] [100%] [32m[1mLinking CXX shared library librobotis_manipulator.so[0m
[10.781s] [100%] Built target robotis_manipulator
[11.104s] Invoked command in '/home/hanse/git_ws/final_project/build/robotis_manipulator' returned '0': AMENT_PREFIX_PATH=/home/hanse/git_ws/final_project/install/cmake_modules:${AMENT_PREFIX_PATH} CMAKE_PREFIX_PATH=/home/hanse/git_ws/final_project/install/cmake_modules:/home/hanse/Final_project/manipulator_deep/IoT-repo-3/install/open_manipulator:/home/hanse/Final_project/manipulator_deep/IoT-repo-3/install/open_manipulator_x_controller:/home/hanse/Final_project/manipulator_deep/IoT-repo-3/install/open_manipulator_x_libs:/home/hanse/Final_project/manipulator_deep/IoT-repo-3/install/robotis_manipulator:/home/hanse/Final_project/manipulator_deep/IoT-repo-3/install/open_manipulator_x_description:/home/hanse/Final_project/manipulator_deep/IoT-repo-3/install/open_manipulator_msgs:/home/hanse/Final_project/manipulator_deep/IoT-repo-3/install/dynamixel_workbench:/home/hanse/Final_project/manipulator_deep/IoT-repo-3/install/dynamixel_workbench_toolbox:/home/hanse/Final_project/manipulator_deep/IoT-repo-3/install/dynamixel_sdk_examples:/home/hanse/Final_project/manipulator_deep/IoT-repo-3/install/dynamixel_sdk_custom_interfaces:/home/hanse/Final_project/manipulator_deep/IoT-repo-3/install/dynamixel_sdk:/home/hanse/Final_project/manipulator_deep/IoT-repo-3/install/cmake_modules:/home/hanse/Final_project/manipulator_deep/IoT-repo-3/install/open_manipulator_x_teleop:/home/hanse/Final_project/manipulator_deep/IoT-repo-3/install/ai_manipulation:/opt/ros/humble /home/hanse/.local/bin/cmake --build /home/hanse/git_ws/final_project/build/robotis_manipulator -- -j8 -l8
[11.152s] Invoking command in '/home/hanse/git_ws/final_project/build/robotis_manipulator': AMENT_PREFIX_PATH=/home/hanse/git_ws/final_project/install/cmake_modules:${AMENT_PREFIX_PATH} CMAKE_PREFIX_PATH=/home/hanse/git_ws/final_project/install/cmake_modules:/home/hanse/Final_project/manipulator_deep/IoT-repo-3/install/open_manipulator:/home/hanse/Final_project/manipulator_deep/IoT-repo-3/install/open_manipulator_x_controller:/home/hanse/Final_project/manipulator_deep/IoT-repo-3/install/open_manipulator_x_libs:/home/hanse/Final_project/manipulator_deep/IoT-repo-3/install/robotis_manipulator:/home/hanse/Final_project/manipulator_deep/IoT-repo-3/install/open_manipulator_x_description:/home/hanse/Final_project/manipulator_deep/IoT-repo-3/install/open_manipulator_msgs:/home/hanse/Final_project/manipulator_deep/IoT-repo-3/install/dynamixel_workbench:/home/hanse/Final_project/manipulator_deep/IoT-repo-3/install/dynamixel_workbench_toolbox:/home/hanse/Final_project/manipulator_deep/IoT-repo-3/install/dynamixel_sdk_examples:/home/hanse/Final_project/manipulator_deep/IoT-repo-3/install/dynamixel_sdk_custom_interfaces:/home/hanse/Final_project/manipulator_deep/IoT-repo-3/install/dynamixel_sdk:/home/hanse/Final_project/manipulator_deep/IoT-repo-3/install/cmake_modules:/home/hanse/Final_project/manipulator_deep/IoT-repo-3/install/open_manipulator_x_teleop:/home/hanse/Final_project/manipulator_deep/IoT-repo-3/install/ai_manipulation:/opt/ros/humble /home/hanse/.local/bin/cmake --install /home/hanse/git_ws/final_project/build/robotis_manipulator
[11.172s] -- Install configuration: ""
[11.172s] -- Installing: /home/hanse/git_ws/final_project/install/robotis_manipulator/lib/librobotis_manipulator.so
[11.176s] -- Set runtime path of "/home/hanse/git_ws/final_project/install/robotis_manipulator/lib/librobotis_manipulator.so" to ""
[11.176s] -- Installing: /home/hanse/git_ws/final_project/install/robotis_manipulator/include/
[11.176s] -- Installing: /home/hanse/git_ws/final_project/install/robotis_manipulator/include//robotis_manipulator
[11.176s] -- Installing: /home/hanse/git_ws/final_project/install/robotis_manipulator/include//robotis_manipulator/robotis_manipulator_log.h
[11.176s] -- Installing: /home/hanse/git_ws/final_project/install/robotis_manipulator/include//robotis_manipulator/robotis_manipulator_math.h
[11.176s] -- Installing: /home/hanse/git_ws/final_project/install/robotis_manipulator/include//robotis_manipulator/robotis_manipulator.h
[11.176s] -- Installing: /home/hanse/git_ws/final_project/install/robotis_manipulator/include//robotis_manipulator/robotis_manipulator_common.h
[11.176s] -- Installing: /home/hanse/git_ws/final_project/install/robotis_manipulator/include//robotis_manipulator/robotis_manipulator_trajectory_generator.h
[11.176s] -- Installing: /home/hanse/git_ws/final_project/install/robotis_manipulator/include//robotis_manipulator/robotis_manipulator_manager.h
[11.177s] -- Installing: /home/hanse/git_ws/final_project/install/robotis_manipulator/share/robotis_manipulator/environment/library_path.sh
[11.177s] -- Installing: /home/hanse/git_ws/final_project/install/robotis_manipulator/share/robotis_manipulator/environment/library_path.dsv
[11.177s] -- Installing: /home/hanse/git_ws/final_project/install/robotis_manipulator/share/ament_index/resource_index/package_run_dependencies/robotis_manipulator
[11.177s] -- Installing: /home/hanse/git_ws/final_project/install/robotis_manipulator/share/ament_index/resource_index/parent_prefix_path/robotis_manipulator
[11.177s] -- Installing: /home/hanse/git_ws/final_project/install/robotis_manipulator/share/robotis_manipulator/environment/ament_prefix_path.sh
[11.177s] -- Installing: /home/hanse/git_ws/final_project/install/robotis_manipulator/share/robotis_manipulator/environment/ament_prefix_path.dsv
[11.177s] -- Installing: /home/hanse/git_ws/final_project/install/robotis_manipulator/share/robotis_manipulator/environment/path.sh
[11.177s] -- Installing: /home/hanse/git_ws/final_project/install/robotis_manipulator/share/robotis_manipulator/environment/path.dsv
[11.177s] -- Installing: /home/hanse/git_ws/final_project/install/robotis_manipulator/share/robotis_manipulator/local_setup.bash
[11.177s] -- Installing: /home/hanse/git_ws/final_project/install/robotis_manipulator/share/robotis_manipulator/local_setup.sh
[11.177s] -- Installing: /home/hanse/git_ws/final_project/install/robotis_manipulator/share/robotis_manipulator/local_setup.zsh
[11.177s] -- Installing: /home/hanse/git_ws/final_project/install/robotis_manipulator/share/robotis_manipulator/local_setup.dsv
[11.177s] -- Installing: /home/hanse/git_ws/final_project/install/robotis_manipulator/share/robotis_manipulator/package.dsv
[11.178s] -- Installing: /home/hanse/git_ws/final_project/install/robotis_manipulator/share/ament_index/resource_index/packages/robotis_manipulator
[11.178s] -- Installing: /home/hanse/git_ws/final_project/install/robotis_manipulator/share/robotis_manipulator/cmake/ament_cmake_export_include_directories-extras.cmake
[11.178s] -- Installing: /home/hanse/git_ws/final_project/install/robotis_manipulator/share/robotis_manipulator/cmake/ament_cmake_export_dependencies-extras.cmake
[11.178s] -- Installing: /home/hanse/git_ws/final_project/install/robotis_manipulator/share/robotis_manipulator/cmake/ament_cmake_export_libraries-extras.cmake
[11.178s] -- Installing: /home/hanse/git_ws/final_project/install/robotis_manipulator/share/robotis_manipulator/cmake/robotis_manipulatorConfig.cmake
[11.178s] -- Installing: /home/hanse/git_ws/final_project/install/robotis_manipulator/share/robotis_manipulator/cmake/robotis_manipulatorConfig-version.cmake
[11.178s] -- Installing: /home/hanse/git_ws/final_project/install/robotis_manipulator/share/robotis_manipulator/package.xml
[11.182s] Invoked command in '/home/hanse/git_ws/final_project/build/robotis_manipulator' returned '0': AMENT_PREFIX_PATH=/home/hanse/git_ws/final_project/install/cmake_modules:${AMENT_PREFIX_PATH} CMAKE_PREFIX_PATH=/home/hanse/git_ws/final_project/install/cmake_modules:/home/hanse/Final_project/manipulator_deep/IoT-repo-3/install/open_manipulator:/home/hanse/Final_project/manipulator_deep/IoT-repo-3/install/open_manipulator_x_controller:/home/hanse/Final_project/manipulator_deep/IoT-repo-3/install/open_manipulator_x_libs:/home/hanse/Final_project/manipulator_deep/IoT-repo-3/install/robotis_manipulator:/home/hanse/Final_project/manipulator_deep/IoT-repo-3/install/open_manipulator_x_description:/home/hanse/Final_project/manipulator_deep/IoT-repo-3/install/open_manipulator_msgs:/home/hanse/Final_project/manipulator_deep/IoT-repo-3/install/dynamixel_workbench:/home/hanse/Final_project/manipulator_deep/IoT-repo-3/install/dynamixel_workbench_toolbox:/home/hanse/Final_project/manipulator_deep/IoT-repo-3/install/dynamixel_sdk_examples:/home/hanse/Final_project/manipulator_deep/IoT-repo-3/install/dynamixel_sdk_custom_interfaces:/home/hanse/Final_project/manipulator_deep/IoT-repo-3/install/dynamixel_sdk:/home/hanse/Final_project/manipulator_deep/IoT-repo-3/install/cmake_modules:/home/hanse/Final_project/manipulator_deep/IoT-repo-3/install/open_manipulator_x_teleop:/home/hanse/Final_project/manipulator_deep/IoT-repo-3/install/ai_manipulation:/opt/ros/humble /home/hanse/.local/bin/cmake --install /home/hanse/git_ws/final_project/build/robotis_manipulator
