[1.729s] Invoking command in '/home/hanse/git_ws/final_project/src/ai_manipulation': CMAKE_PREFIX_PATH=/home/hanse/git_ws/final_project/install/open_manipulator_msgs:/home/hanse/ros2_study/install/my_first_package_msgs:/home/hanse/ros2_study/install/arduino_ros_msgs:/home/hanse/git_ws/final_project/install/open_manipulator:/home/hanse/git_ws/final_project/install/open_manipulator_x_controller:/home/hanse/git_ws/final_project/install/open_manipulator_x_libs:/home/hanse/git_ws/final_project/install/robotis_manipulator:/home/hanse/git_ws/final_project/install/open_manipulator_x_description:/home/hanse/git_ws/final_project/install/dynamixel_workbench:/home/hanse/git_ws/final_project/install/dynamixel_workbench_toolbox:/home/hanse/git_ws/final_project/install/dynamixel_sdk_examples:/home/hanse/git_ws/final_project/install/dynamixel_sdk_custom_interfaces:/home/hanse/git_ws/final_project/install/dynamixel_sdk:/home/hanse/git_ws/final_project/install/cmake_modules LD_LIBRARY_PATH=/home/hanse/git_ws/final_project/install/open_manipulator_msgs/lib:/home/hanse/ros2_study/install/my_first_package_msgs/lib:/home/hanse/ros2_study/install/arduino_ros_msgs/lib:/home/hanse/git_ws/final_project/install/open_manipulator_x_libs/lib:/home/hanse/git_ws/final_project/install/robotis_manipulator/lib:/home/hanse/git_ws/final_project/install/dynamixel_workbench_toolbox/lib:/home/hanse/git_ws/final_project/install/dynamixel_sdk_custom_interfaces/lib:/home/hanse/git_ws/final_project/install/dynamixel_sdk/lib:/usr/lib/x86_64-linux-gnu/gazebo-11/plugins:/opt/ros/humble/opt/rviz_ogre_vendor/lib:/opt/ros/humble/lib/x86_64-linux-gnu:/opt/ros/humble/lib:/usr/local/cuda-11.7/lib64:/usr/local/cuda-11.7/lib64/ PYTHONPATH=/home/hanse/git_ws/final_project/build/ai_manipulation/prefix_override:/home/hanse/git_ws/final_project/install/ai_manipulation/lib/python3.10/site-packages:${PYTHONPATH} /usr/bin/python3 setup.py egg_info --egg-base ../../build/ai_manipulation build --build-base /home/hanse/git_ws/final_project/build/ai_manipulation/build install --record /home/hanse/git_ws/final_project/build/ai_manipulation/install.log --single-version-externally-managed
[2.016s] running egg_info
[2.036s] writing ../../build/ai_manipulation/ai_manipulation.egg-info/PKG-INFO
[2.038s] writing dependency_links to ../../build/ai_manipulation/ai_manipulation.egg-info/dependency_links.txt
[2.038s] writing entry points to ../../build/ai_manipulation/ai_manipulation.egg-info/entry_points.txt
[2.038s] writing requirements to ../../build/ai_manipulation/ai_manipulation.egg-info/requires.txt
[2.038s] writing top-level names to ../../build/ai_manipulation/ai_manipulation.egg-info/top_level.txt
[2.080s] reading manifest file '../../build/ai_manipulation/ai_manipulation.egg-info/SOURCES.txt'
[2.081s] writing manifest file '../../build/ai_manipulation/ai_manipulation.egg-info/SOURCES.txt'
[2.082s] running build
[2.082s] running build_py
[2.082s] copying ai_manipulation/script/six_dxl_model.py -> /home/hanse/git_ws/final_project/build/ai_manipulation/build/lib/ai_manipulation/script
[2.092s] copying ai_manipulation/utils/best.pt -> /home/hanse/git_ws/final_project/build/ai_manipulation/build/lib/ai_manipulation/utils
[2.102s] copying ai_manipulation/utils/best_3(신발 모형 200개).pt -> /home/hanse/git_ws/final_project/build/ai_manipulation/build/lib/ai_manipulation/utils
[2.120s] running install
[2.120s] /home/hanse/.local/lib/python3.10/site-packages/setuptools/_distutils/cmd.py:66: SetuptoolsDeprecationWarning: setup.py install is deprecated.
[2.120s] !!
[2.120s] 
[2.120s]         ********************************************************************************
[2.120s]         Please avoid running ``setup.py`` directly.
[2.120s]         Instead, use pypa/build, pypa/installer or other
[2.120s]         standards-based tools.
[2.120s] 
[2.121s]         See https://blog.ganssle.io/articles/2021/10/setup-py-deprecated.html for details.
[2.121s]         ********************************************************************************
[2.121s] 
[2.121s] !!
[2.121s]   self.initialize_options()
[2.128s] running install_lib
[2.151s] copying /home/hanse/git_ws/final_project/build/ai_manipulation/build/lib/ai_manipulation/utils/best.pt -> /home/hanse/git_ws/final_project/install/ai_manipulation/lib/python3.10/site-packages/ai_manipulation/utils
[2.166s] copying /home/hanse/git_ws/final_project/build/ai_manipulation/build/lib/ai_manipulation/utils/best_3(신발 모형 200개).pt -> /home/hanse/git_ws/final_project/install/ai_manipulation/lib/python3.10/site-packages/ai_manipulation/utils
[2.182s] copying /home/hanse/git_ws/final_project/build/ai_manipulation/build/lib/ai_manipulation/script/six_dxl_model.py -> /home/hanse/git_ws/final_project/install/ai_manipulation/lib/python3.10/site-packages/ai_manipulation/script
[2.184s] byte-compiling /home/hanse/git_ws/final_project/install/ai_manipulation/lib/python3.10/site-packages/ai_manipulation/script/six_dxl_model.py to six_dxl_model.cpython-310.pyc
[2.193s] running install_data
[2.228s] running install_egg_info
[2.239s] removing '/home/hanse/git_ws/final_project/install/ai_manipulation/lib/python3.10/site-packages/ai_manipulation-0.0.0-py3.10.egg-info' (and everything under it)
[2.239s] Copying ../../build/ai_manipulation/ai_manipulation.egg-info to /home/hanse/git_ws/final_project/install/ai_manipulation/lib/python3.10/site-packages/ai_manipulation-0.0.0-py3.10.egg-info
[2.239s] running install_scripts
[2.446s] Installing make_my_model script to /home/hanse/git_ws/final_project/install/ai_manipulation/lib/ai_manipulation
[2.447s] Installing run_my_model script to /home/hanse/git_ws/final_project/install/ai_manipulation/lib/ai_manipulation
[2.447s] Installing shoe_drop_point_gen script to /home/hanse/git_ws/final_project/install/ai_manipulation/lib/ai_manipulation
[2.447s] Installing six_dxl_model script to /home/hanse/git_ws/final_project/install/ai_manipulation/lib/ai_manipulation
[2.447s] Installing six_dxl_run script to /home/hanse/git_ws/final_project/install/ai_manipulation/lib/ai_manipulation
[2.447s] Installing test_seokwon script to /home/hanse/git_ws/final_project/install/ai_manipulation/lib/ai_manipulation
[2.447s] Installing testing script to /home/hanse/git_ws/final_project/install/ai_manipulation/lib/ai_manipulation
[2.448s] writing list of installed files to '/home/hanse/git_ws/final_project/build/ai_manipulation/install.log'
[2.491s] Invoked command in '/home/hanse/git_ws/final_project/src/ai_manipulation' returned '0': CMAKE_PREFIX_PATH=/home/hanse/git_ws/final_project/install/open_manipulator_msgs:/home/hanse/ros2_study/install/my_first_package_msgs:/home/hanse/ros2_study/install/arduino_ros_msgs:/home/hanse/git_ws/final_project/install/open_manipulator:/home/hanse/git_ws/final_project/install/open_manipulator_x_controller:/home/hanse/git_ws/final_project/install/open_manipulator_x_libs:/home/hanse/git_ws/final_project/install/robotis_manipulator:/home/hanse/git_ws/final_project/install/open_manipulator_x_description:/home/hanse/git_ws/final_project/install/dynamixel_workbench:/home/hanse/git_ws/final_project/install/dynamixel_workbench_toolbox:/home/hanse/git_ws/final_project/install/dynamixel_sdk_examples:/home/hanse/git_ws/final_project/install/dynamixel_sdk_custom_interfaces:/home/hanse/git_ws/final_project/install/dynamixel_sdk:/home/hanse/git_ws/final_project/install/cmake_modules LD_LIBRARY_PATH=/home/hanse/git_ws/final_project/install/open_manipulator_msgs/lib:/home/hanse/ros2_study/install/my_first_package_msgs/lib:/home/hanse/ros2_study/install/arduino_ros_msgs/lib:/home/hanse/git_ws/final_project/install/open_manipulator_x_libs/lib:/home/hanse/git_ws/final_project/install/robotis_manipulator/lib:/home/hanse/git_ws/final_project/install/dynamixel_workbench_toolbox/lib:/home/hanse/git_ws/final_project/install/dynamixel_sdk_custom_interfaces/lib:/home/hanse/git_ws/final_project/install/dynamixel_sdk/lib:/usr/lib/x86_64-linux-gnu/gazebo-11/plugins:/opt/ros/humble/opt/rviz_ogre_vendor/lib:/opt/ros/humble/lib/x86_64-linux-gnu:/opt/ros/humble/lib:/usr/local/cuda-11.7/lib64:/usr/local/cuda-11.7/lib64/ PYTHONPATH=/home/hanse/git_ws/final_project/build/ai_manipulation/prefix_override:/home/hanse/git_ws/final_project/install/ai_manipulation/lib/python3.10/site-packages:${PYTHONPATH} /usr/bin/python3 setup.py egg_info --egg-base ../../build/ai_manipulation build --build-base /home/hanse/git_ws/final_project/build/ai_manipulation/build install --record /home/hanse/git_ws/final_project/build/ai_manipulation/install.log --single-version-externally-managed
